v ATLAS
# This file was created by ATLAS version 5.24.1.R on Mon May 11 11:50:07 2020.
#SSF 2.0 generic
##############################################################################
#                    Copyright (c) 1984 - 2017                               #
#                    Silvaco Inc. All rights reserved                        #
#                                                                            #
# This file format and the following Key are copyright Silvaco Inc.          #
# You may not use, this format or key without reproducing this message in    #
# full and obtaining express written permission from Silvaco Inc.            #
#                                                                            #
# To obtain such permission please contact: Silvaco Inc.                     #
#                                           support@silvaco.com              #
#                                                                            #
# KEY=SVC86hn7562asdx                       PROD=345                         #
##############################################################################
y 3 700 711 15
z 51 1e+41 300
f 3 "gate" "source" "drain" 
p 9 2 601 20 3 602 21 4 603 22 
d 1.000000000e+01 1.000000000e+01 0.000000000e+00 0.000000000e+00 0.000000000e+00 -3.969845143e-08 2.000000000e-01 2.000000000e-01 3.969845138e-08 
d 1.000000000e+01 1.000000000e+01 0.000000000e+00 0.000000000e+00 0.000000000e+00 -7.756941111e-08 4.000000000e-01 4.000000000e-01 7.756941111e-08 
d 1.000000000e+01 1.000000000e+01 0.000000000e+00 0.000000000e+00 0.000000000e+00 -1.136592099e-07 6.000000000e-01 6.000000000e-01 1.136592099e-07 
d 1.000000000e+01 1.000000000e+01 0.000000000e+00 0.000000000e+00 0.000000000e+00 -1.480096358e-07 8.000000000e-01 8.000000000e-01 1.480096358e-07 
d 1.000000000e+01 1.000000000e+01 0.000000000e+00 0.000000000e+00 0.000000000e+00 -1.806580152e-07 1.000000000e+00 1.000000000e+00 1.806580152e-07 
d 1.000000000e+01 1.000000000e+01 0.000000000e+00 0.000000000e+00 0.000000000e+00 -2.116372857e-07 1.200000000e+00 1.200000000e+00 2.116372857e-07 
d 1.000000000e+01 1.000000000e+01 0.000000000e+00 0.000000000e+00 0.000000000e+00 -2.409760612e-07 1.400000000e+00 1.400000000e+00 2.409760612e-07 
d 1.000000000e+01 1.000000000e+01 0.000000000e+00 0.000000000e+00 0.000000000e+00 -2.686986963e-07 1.600000000e+00 1.600000000e+00 2.686986963e-07 
d 1.000000000e+01 1.000000000e+01 0.000000000e+00 0.000000000e+00 0.000000000e+00 -2.948253644e-07 1.800000000e+00 1.800000000e+00 2.948253644e-07 
d 1.000000000e+01 1.000000000e+01 0.000000000e+00 0.000000000e+00 0.000000000e+00 -3.193721728e-07 2.000000000e+00 2.000000000e+00 3.193721728e-07 
d 1.000000000e+01 1.000000000e+01 0.000000000e+00 0.000000000e+00 0.000000000e+00 -3.423513617e-07 2.200000000e+00 2.200000000e+00 3.423513617e-07 
d 1.000000000e+01 1.000000000e+01 0.000000000e+00 0.000000000e+00 0.000000000e+00 -3.637716656e-07 2.400000000e+00 2.400000000e+00 3.637716656e-07 
d 1.000000000e+01 1.000000000e+01 0.000000000e+00 0.000000000e+00 0.000000000e+00 -3.836389734e-07 2.600000000e+00 2.600000000e+00 3.836389734e-07 
d 1.000000000e+01 1.000000000e+01 0.000000000e+00 0.000000000e+00 0.000000000e+00 -4.019575174e-07 2.800000000e+00 2.800000000e+00 4.019575174e-07 
d 1.000000000e+01 1.000000000e+01 0.000000000e+00 0.000000000e+00 0.000000000e+00 -4.187319569e-07 3.000000000e+00 3.000000000e+00 4.187319568e-07 
d 1.000000000e+01 1.000000000e+01 0.000000000e+00 0.000000000e+00 0.000000000e+00 -4.339708944e-07 3.200000000e+00 3.200000000e+00 4.339708943e-07 
d 1.000000000e+01 1.000000000e+01 0.000000000e+00 0.000000000e+00 0.000000000e+00 -4.476924463e-07 3.400000000e+00 3.400000000e+00 4.476924460e-07 
d 1.000000000e+01 1.000000000e+01 0.000000000e+00 0.000000000e+00 0.000000000e+00 -4.599321473e-07 3.600000000e+00 3.600000000e+00 4.599321468e-07 
d 1.000000000e+01 1.000000000e+01 0.000000000e+00 0.000000000e+00 0.000000000e+00 -4.707520668e-07 3.800000000e+00 3.800000000e+00 4.707520663e-07 
d 1.000000000e+01 1.000000000e+01 0.000000000e+00 0.000000000e+00 0.000000000e+00 -4.802473472e-07 4.000000000e+00 4.000000000e+00 4.802473469e-07 
d 1.000000000e+01 1.000000000e+01 0.000000000e+00 0.000000000e+00 0.000000000e+00 -4.885445718e-07 4.200000000e+00 4.200000000e+00 4.885445716e-07 
d 1.000000000e+01 1.000000000e+01 0.000000000e+00 0.000000000e+00 0.000000000e+00 -4.957896084e-07 4.400000000e+00 4.400000000e+00 4.957896083e-07 
d 1.000000000e+01 1.000000000e+01 0.000000000e+00 0.000000000e+00 0.000000000e+00 -5.021300551e-07 4.600000000e+00 4.600000000e+00 5.021300550e-07 
d 1.000000000e+01 1.000000000e+01 0.000000000e+00 0.000000000e+00 0.000000000e+00 -5.077007903e-07 4.800000000e+00 4.800000000e+00 5.077007903e-07 
d 1.000000000e+01 1.000000000e+01 0.000000000e+00 0.000000000e+00 0.000000000e+00 -5.126169294e-07 5.000000000e+00 5.000000000e+00 5.126169294e-07 
d 1.000000000e+01 1.000000000e+01 0.000000000e+00 0.000000000e+00 0.000000000e+00 -5.169730376e-07 5.200000000e+00 5.200000000e+00 5.169730376e-07 
d 1.000000000e+01 1.000000000e+01 0.000000000e+00 0.000000000e+00 0.000000000e+00 -5.208455798e-07 5.400000000e+00 5.400000000e+00 5.208455798e-07 
d 1.000000000e+01 1.000000000e+01 0.000000000e+00 0.000000000e+00 0.000000000e+00 -5.242963143e-07 5.600000000e+00 5.600000000e+00 5.242963143e-07 
d 1.000000000e+01 1.000000000e+01 0.000000000e+00 0.000000000e+00 0.000000000e+00 -5.273755066e-07 5.800000000e+00 5.800000000e+00 5.273755066e-07 
d 1.000000000e+01 1.000000000e+01 0.000000000e+00 0.000000000e+00 0.000000000e+00 -5.301245893e-07 6.000000000e+00 6.000000000e+00 5.301245892e-07 
d 1.000000000e+01 1.000000000e+01 0.000000000e+00 0.000000000e+00 0.000000000e+00 -5.325782321e-07 6.200000000e+00 6.200000000e+00 5.325782316e-07 
d 1.000000000e+01 1.000000000e+01 0.000000000e+00 0.000000000e+00 0.000000000e+00 -5.347659029e-07 6.400000000e+00 6.400000000e+00 5.347659009e-07 
d 1.000000000e+01 1.000000000e+01 0.000000000e+00 0.000000000e+00 0.000000000e+00 -5.367130166e-07 6.600000000e+00 6.600000000e+00 5.367130077e-07 
d 1.000000000e+01 1.000000000e+01 0.000000000e+00 0.000000000e+00 0.000000000e+00 -5.384417597e-07 6.800000000e+00 6.800000000e+00 5.384417182e-07 
d 1.000000000e+01 1.000000000e+01 0.000000000e+00 0.000000000e+00 0.000000000e+00 -5.399717021e-07 7.000000000e+00 7.000000000e+00 5.399715074e-07 
d 1.000000000e+01 1.000000000e+01 0.000000000e+00 0.000000000e+00 0.000000000e+00 -5.413204899e-07 7.200000000e+00 7.200000000e+00 5.413197420e-07 
d 1.000000000e+01 1.000000000e+01 0.000000000e+00 0.000000000e+00 0.000000000e+00 -5.425053791e-07 7.400000000e+00 7.400000000e+00 5.425053791e-07 
d 1.000000000e+01 1.000000000e+01 0.000000000e+00 0.000000000e+00 0.000000000e+00 -5.435454833e-07 7.600000000e+00 7.600000000e+00 5.435442962e-07 
d 1.000000000e+01 1.000000000e+01 0.000000000e+00 0.000000000e+00 0.000000000e+00 -5.444607926e-07 7.800000000e+00 7.800000000e+00 5.444607832e-07 
d 1.000000000e+01 1.000000000e+01 0.000000000e+00 0.000000000e+00 0.000000000e+00 -5.452687310e-07 8.000000000e+00 8.000000000e+00 5.452687310e-07 
d 1.000000000e+01 1.000000000e+01 0.000000000e+00 0.000000000e+00 0.000000000e+00 -5.459841470e-07 8.200000000e+00 8.200000000e+00 5.459841470e-07 
d 1.000000000e+01 1.000000000e+01 0.000000000e+00 0.000000000e+00 0.000000000e+00 -5.466204857e-07 8.400000000e+00 8.400000000e+00 5.466202444e-07 
d 1.000000000e+01 1.000000000e+01 0.000000000e+00 0.000000000e+00 0.000000000e+00 -5.471899989e-07 8.600000000e+00 8.600000000e+00 5.471899460e-07 
d 1.000000000e+01 1.000000000e+01 0.000000000e+00 0.000000000e+00 0.000000000e+00 -5.477035378e-07 8.800000000e+00 8.800000000e+00 5.477035114e-07 
d 1.000000000e+01 1.000000000e+01 0.000000000e+00 0.000000000e+00 0.000000000e+00 -5.481703303e-07 9.000000000e+00 9.000000000e+00 5.481703303e-07 
d 1.000000000e+01 1.000000000e+01 0.000000000e+00 0.000000000e+00 0.000000000e+00 -5.485978967e-07 9.200000000e+00 9.200000000e+00 5.485978965e-07 
d 1.000000000e+01 1.000000000e+01 0.000000000e+00 0.000000000e+00 0.000000000e+00 -5.489923305e-07 9.400000000e+00 9.400000000e+00 5.489923299e-07 
d 1.000000000e+01 1.000000000e+01 0.000000000e+00 0.000000000e+00 0.000000000e+00 -5.493587274e-07 9.600000000e+00 9.600000000e+00 5.493587274e-07 
d 1.000000000e+01 1.000000000e+01 0.000000000e+00 0.000000000e+00 0.000000000e+00 -5.497011326e-07 9.800000000e+00 9.800000000e+00 5.497011326e-07 
d 1.000000000e+01 1.000000000e+01 0.000000000e+00 0.000000000e+00 0.000000000e+00 -5.500228733e-07 1.000000000e+01 1.000000000e+01 5.500228733e-07 
d 1.000000000e+01 1.000000000e+01 0.000000000e+00 0.000000000e+00 0.000000000e+00 -5.503268321e-07 1.020000000e+01 1.020000000e+01 5.503268321e-07 
d 1.000000000e+01 1.000000000e+01 0.000000000e+00 0.000000000e+00 0.000000000e+00 -5.506154139e-07 1.040000000e+01 1.040000000e+01 5.506154139e-07 
d 1.000000000e+01 1.000000000e+01 0.000000000e+00 0.000000000e+00 0.000000000e+00 -5.508904625e-07 1.060000000e+01 1.060000000e+01 5.508904625e-07 
d 1.000000000e+01 1.000000000e+01 0.000000000e+00 0.000000000e+00 0.000000000e+00 -5.511533194e-07 1.080000000e+01 1.080000000e+01 5.511533173e-07 
d 1.000000000e+01 1.000000000e+01 0.000000000e+00 0.000000000e+00 0.000000000e+00 -5.514049500e-07 1.100000000e+01 1.100000000e+01 5.514049278e-07 
d 1.000000000e+01 1.000000000e+01 0.000000000e+00 0.000000000e+00 0.000000000e+00 -5.516460471e-07 1.120000000e+01 1.120000000e+01 5.516460162e-07 
d 1.000000000e+01 1.000000000e+01 0.000000000e+00 0.000000000e+00 0.000000000e+00 -5.518771119e-07 1.140000000e+01 1.140000000e+01 5.518770812e-07 
d 1.000000000e+01 1.000000000e+01 0.000000000e+00 0.000000000e+00 0.000000000e+00 -5.520985217e-07 1.160000000e+01 1.160000000e+01 5.520984973e-07 
d 1.000000000e+01 1.000000000e+01 0.000000000e+00 0.000000000e+00 0.000000000e+00 -5.523105856e-07 1.180000000e+01 1.180000000e+01 5.523105705e-07 
d 1.000000000e+01 1.000000000e+01 0.000000000e+00 0.000000000e+00 0.000000000e+00 -5.525135834e-07 1.200000000e+01 1.200000000e+01 5.525135759e-07 
d 1.000000000e+01 1.000000000e+01 0.000000000e+00 0.000000000e+00 0.000000000e+00 -5.527077907e-07 1.220000000e+01 1.220000000e+01 5.527077873e-07 
d 1.000000000e+01 1.000000000e+01 0.000000000e+00 0.000000000e+00 0.000000000e+00 -5.528934929e-07 1.240000000e+01 1.240000000e+01 5.528934913e-07 
d 1.000000000e+01 1.000000000e+01 0.000000000e+00 0.000000000e+00 0.000000000e+00 -5.530709913e-07 1.260000000e+01 1.260000000e+01 5.530709905e-07 
d 1.000000000e+01 1.000000000e+01 0.000000000e+00 0.000000000e+00 0.000000000e+00 -5.532406042e-07 1.280000000e+01 1.280000000e+01 5.532406038e-07 
d 1.000000000e+01 1.000000000e+01 0.000000000e+00 0.000000000e+00 0.000000000e+00 -5.534026654e-07 1.300000000e+01 1.300000000e+01 5.534026652e-07 
d 1.000000000e+01 1.000000000e+01 0.000000000e+00 0.000000000e+00 0.000000000e+00 -5.535575201e-07 1.320000000e+01 1.320000000e+01 5.535575200e-07 
d 1.000000000e+01 1.000000000e+01 0.000000000e+00 0.000000000e+00 0.000000000e+00 -5.537055210e-07 1.340000000e+01 1.340000000e+01 5.537055209e-07 
d 1.000000000e+01 1.000000000e+01 0.000000000e+00 0.000000000e+00 0.000000000e+00 -5.538470234e-07 1.360000000e+01 1.360000000e+01 5.538470234e-07 
d 1.000000000e+01 1.000000000e+01 0.000000000e+00 0.000000000e+00 0.000000000e+00 -5.539823820e-07 1.380000000e+01 1.380000000e+01 5.539823820e-07 
d 1.000000000e+01 1.000000000e+01 0.000000000e+00 0.000000000e+00 0.000000000e+00 -5.541119469e-07 1.400000000e+01 1.400000000e+01 5.541119469e-07 
d 1.000000000e+01 1.000000000e+01 0.000000000e+00 0.000000000e+00 0.000000000e+00 -5.542360611e-07 1.420000000e+01 1.420000000e+01 5.542360611e-07 
d 1.000000000e+01 1.000000000e+01 0.000000000e+00 0.000000000e+00 0.000000000e+00 -5.543550588e-07 1.440000000e+01 1.440000000e+01 5.543550588e-07 
d 1.000000000e+01 1.000000000e+01 0.000000000e+00 0.000000000e+00 0.000000000e+00 -5.544692632e-07 1.460000000e+01 1.460000000e+01 5.544692632e-07 
d 1.000000000e+01 1.000000000e+01 0.000000000e+00 0.000000000e+00 0.000000000e+00 -5.545789859e-07 1.480000000e+01 1.480000000e+01 5.545789859e-07 
d 1.000000000e+01 1.000000000e+01 0.000000000e+00 0.000000000e+00 0.000000000e+00 -5.546845259e-07 1.500000000e+01 1.500000000e+01 5.546845259e-07 
