v ATLAS
# This file was created by ATLAS version 5.24.1.R on Mon May 11 12:02:54 2020.
#SSF 2.0 generic
##############################################################################
#                    Copyright (c) 1984 - 2017                               #
#                    Silvaco Inc. All rights reserved                        #
#                                                                            #
# This file format and the following Key are copyright Silvaco Inc.          #
# You may not use, this format or key without reproducing this message in    #
# full and obtaining express written permission from Silvaco Inc.            #
#                                                                            #
# To obtain such permission please contact: Silvaco Inc.                     #
#                                           support@silvaco.com              #
#                                                                            #
# KEY=SVC86hn7562asdx                       PROD=345                         #
##############################################################################
y 3 700 711 15
z 51 1e+41 300
f 3 "gate" "source" "drain" 
p 9 2 601 20 3 602 21 4 603 22 
d 1.000000000e+01 1.000000000e+01 0.000000000e+00 0.000000000e+00 0.000000000e+00 -1.235666168e-08 2.000000000e-01 2.000000000e-01 1.235666164e-08 
d 1.000000000e+01 1.000000000e+01 0.000000000e+00 0.000000000e+00 0.000000000e+00 -2.372128881e-08 4.000000000e-01 4.000000000e-01 2.372128881e-08 
d 1.000000000e+01 1.000000000e+01 0.000000000e+00 0.000000000e+00 0.000000000e+00 -3.412852717e-08 6.000000000e-01 6.000000000e-01 3.412852716e-08 
d 1.000000000e+01 1.000000000e+01 0.000000000e+00 0.000000000e+00 0.000000000e+00 -4.362437213e-08 8.000000000e-01 8.000000000e-01 4.362437213e-08 
d 1.000000000e+01 1.000000000e+01 0.000000000e+00 0.000000000e+00 0.000000000e+00 -5.226553863e-08 1.000000000e+00 1.000000000e+00 5.226553863e-08 
d 1.000000000e+01 1.000000000e+01 0.000000000e+00 0.000000000e+00 0.000000000e+00 -6.011697382e-08 1.200000000e+00 1.200000000e+00 6.011697382e-08 
d 1.000000000e+01 1.000000000e+01 0.000000000e+00 0.000000000e+00 0.000000000e+00 -6.724798628e-08 1.400000000e+00 1.400000000e+00 6.724798628e-08 
d 1.000000000e+01 1.000000000e+01 0.000000000e+00 0.000000000e+00 0.000000000e+00 -7.372802179e-08 1.600000000e+00 1.600000000e+00 7.372802179e-08 
d 1.000000000e+01 1.000000000e+01 0.000000000e+00 0.000000000e+00 0.000000000e+00 -7.962311298e-08 1.800000000e+00 1.800000000e+00 7.962311298e-08 
d 1.000000000e+01 1.000000000e+01 0.000000000e+00 0.000000000e+00 0.000000000e+00 -8.499355595e-08 2.000000000e+00 2.000000000e+00 8.499355594e-08 
d 1.000000000e+01 1.000000000e+01 0.000000000e+00 0.000000000e+00 0.000000000e+00 -8.989282599e-08 2.200000000e+00 2.200000000e+00 8.989282600e-08 
d 1.000000000e+01 1.000000000e+01 0.000000000e+00 0.000000000e+00 0.000000000e+00 -9.436742960e-08 2.400000000e+00 2.400000000e+00 9.436742960e-08 
d 1.000000000e+01 1.000000000e+01 0.000000000e+00 0.000000000e+00 0.000000000e+00 -9.845732434e-08 2.600000000e+00 2.600000000e+00 9.845732434e-08 
d 1.000000000e+01 1.000000000e+01 0.000000000e+00 0.000000000e+00 0.000000000e+00 -1.021966105e-07 2.800000000e+00 2.800000000e+00 1.021966105e-07 
d 1.000000000e+01 1.000000000e+01 0.000000000e+00 0.000000000e+00 0.000000000e+00 -1.056143035e-07 3.000000000e+00 3.000000000e+00 1.056143035e-07 
d 1.000000000e+01 1.000000000e+01 0.000000000e+00 0.000000000e+00 0.000000000e+00 -1.087350841e-07 3.200000000e+00 3.200000000e+00 1.087350841e-07 
d 1.000000000e+01 1.000000000e+01 0.000000000e+00 0.000000000e+00 0.000000000e+00 -1.115799833e-07 3.400000000e+00 3.400000000e+00 1.115799833e-07 
d 1.000000000e+01 1.000000000e+01 0.000000000e+00 0.000000000e+00 0.000000000e+00 -1.141669937e-07 3.600000000e+00 3.600000000e+00 1.141669937e-07 
d 1.000000000e+01 1.000000000e+01 0.000000000e+00 0.000000000e+00 0.000000000e+00 -1.165116215e-07 3.800000000e+00 3.800000000e+00 1.165116214e-07 
d 1.000000000e+01 1.000000000e+01 0.000000000e+00 0.000000000e+00 0.000000000e+00 -1.186274006e-07 4.000000000e+00 4.000000000e+00 1.186274006e-07 
d 1.000000000e+01 1.000000000e+01 0.000000000e+00 0.000000000e+00 0.000000000e+00 -1.205263969e-07 4.200000000e+00 4.200000000e+00 1.205263968e-07 
d 1.000000000e+01 1.000000000e+01 0.000000000e+00 0.000000000e+00 0.000000000e+00 -1.222197156e-07 4.400000000e+00 4.400000000e+00 1.222197154e-07 
d 1.000000000e+01 1.000000000e+01 0.000000000e+00 0.000000000e+00 0.000000000e+00 -1.237180148e-07 4.600000000e+00 4.600000000e+00 1.237180143e-07 
d 1.000000000e+01 1.000000000e+01 0.000000000e+00 0.000000000e+00 0.000000000e+00 -1.250320048e-07 4.800000000e+00 4.800000000e+00 1.250320038e-07 
d 1.000000000e+01 1.000000000e+01 0.000000000e+00 0.000000000e+00 0.000000000e+00 -1.261729295e-07 5.000000000e+00 5.000000000e+00 1.261729273e-07 
d 1.000000000e+01 1.000000000e+01 0.000000000e+00 0.000000000e+00 0.000000000e+00 -1.271530474e-07 5.200000000e+00 5.200000000e+00 1.271530424e-07 
d 1.000000000e+01 1.000000000e+01 0.000000000e+00 0.000000000e+00 0.000000000e+00 -1.279861119e-07 5.400000000e+00 5.400000000e+00 1.279861008e-07 
d 1.000000000e+01 1.000000000e+01 0.000000000e+00 0.000000000e+00 0.000000000e+00 -1.286877329e-07 5.600000000e+00 5.600000000e+00 1.286877119e-07 
d 1.000000000e+01 1.000000000e+01 0.000000000e+00 0.000000000e+00 0.000000000e+00 -1.292753620e-07 5.800000000e+00 5.800000000e+00 1.292753367e-07 
d 1.000000000e+01 1.000000000e+01 0.000000000e+00 0.000000000e+00 0.000000000e+00 -1.297676305e-07 6.000000000e+00 6.000000000e+00 1.297676164e-07 
d 1.000000000e+01 1.000000000e+01 0.000000000e+00 0.000000000e+00 0.000000000e+00 -1.301829353e-07 6.200000000e+00 6.200000000e+00 1.301829317e-07 
d 1.000000000e+01 1.000000000e+01 0.000000000e+00 0.000000000e+00 0.000000000e+00 -1.305376903e-07 6.400000000e+00 6.400000000e+00 1.305376902e-07 
d 1.000000000e+01 1.000000000e+01 0.000000000e+00 0.000000000e+00 0.000000000e+00 -1.308452336e-07 6.600000000e+00 6.600000000e+00 1.308452291e-07 
d 1.000000000e+01 1.000000000e+01 0.000000000e+00 0.000000000e+00 0.000000000e+00 -1.311157641e-07 6.800000000e+00 6.800000000e+00 1.311157589e-07 
d 1.000000000e+01 1.000000000e+01 0.000000000e+00 0.000000000e+00 0.000000000e+00 -1.313568292e-07 7.000000000e+00 7.000000000e+00 1.313568269e-07 
d 1.000000000e+01 1.000000000e+01 0.000000000e+00 0.000000000e+00 0.000000000e+00 -1.315739414e-07 7.200000000e+00 7.200000000e+00 1.315739413e-07 
d 1.000000000e+01 1.000000000e+01 0.000000000e+00 0.000000000e+00 0.000000000e+00 -1.317711326e-07 7.400000000e+00 7.400000000e+00 1.317711302e-07 
d 1.000000000e+01 1.000000000e+01 0.000000000e+00 0.000000000e+00 0.000000000e+00 -1.319513760e-07 7.600000000e+00 7.600000000e+00 1.319513527e-07 
d 1.000000000e+01 1.000000000e+01 0.000000000e+00 0.000000000e+00 0.000000000e+00 -1.321168741e-07 7.800000000e+00 7.800000000e+00 1.321167723e-07 
d 1.000000000e+01 1.000000000e+01 0.000000000e+00 0.000000000e+00 0.000000000e+00 -1.322692640e-07 8.000000000e+00 8.000000000e+00 1.322690177e-07 
d 1.000000000e+01 1.000000000e+01 0.000000000e+00 0.000000000e+00 0.000000000e+00 -1.324098182e-07 8.200000000e+00 8.200000000e+00 1.324095828e-07 
d 1.000000000e+01 1.000000000e+01 0.000000000e+00 0.000000000e+00 0.000000000e+00 -1.325396858e-07 8.400000000e+00 8.400000000e+00 1.325395848e-07 
d 1.000000000e+01 1.000000000e+01 0.000000000e+00 0.000000000e+00 0.000000000e+00 -1.326600643e-07 8.600000000e+00 8.600000000e+00 1.326600643e-07 
d 1.000000000e+01 1.000000000e+01 0.000000000e+00 0.000000000e+00 0.000000000e+00 -1.327721790e-07 8.800000000e+00 8.800000000e+00 1.327721790e-07 
d 1.000000000e+01 1.000000000e+01 0.000000000e+00 0.000000000e+00 0.000000000e+00 -1.328771706e-07 9.000000000e+00 9.000000000e+00 1.328771560e-07 
d 1.000000000e+01 1.000000000e+01 0.000000000e+00 0.000000000e+00 0.000000000e+00 -1.329759869e-07 9.200000000e+00 9.200000000e+00 1.329758769e-07 
d 1.000000000e+01 1.000000000e+01 0.000000000e+00 0.000000000e+00 0.000000000e+00 -1.330693575e-07 9.400000000e+00 9.400000000e+00 1.330692948e-07 
d 1.000000000e+01 1.000000000e+01 0.000000000e+00 0.000000000e+00 0.000000000e+00 -1.331578253e-07 9.600000000e+00 9.600000000e+00 1.331577965e-07 
d 1.000000000e+01 1.000000000e+01 0.000000000e+00 0.000000000e+00 0.000000000e+00 -1.332417817e-07 9.800000000e+00 9.800000000e+00 1.332414059e-07 
d 1.000000000e+01 1.000000000e+01 0.000000000e+00 0.000000000e+00 0.000000000e+00 -1.333215017e-07 1.000000000e+01 1.000000000e+01 1.333215017e-07 
d 1.000000000e+01 1.000000000e+01 0.000000000e+00 0.000000000e+00 0.000000000e+00 -1.333971912e-07 1.020000000e+01 1.020000000e+01 1.333971912e-07 
d 1.000000000e+01 1.000000000e+01 0.000000000e+00 0.000000000e+00 0.000000000e+00 -1.334690595e-07 1.040000000e+01 1.040000000e+01 1.334690595e-07 
d 1.000000000e+01 1.000000000e+01 0.000000000e+00 0.000000000e+00 0.000000000e+00 -1.335373260e-07 1.060000000e+01 1.060000000e+01 1.335373260e-07 
d 1.000000000e+01 1.000000000e+01 0.000000000e+00 0.000000000e+00 0.000000000e+00 -1.336021749e-07 1.080000000e+01 1.080000000e+01 1.336019121e-07 
d 1.000000000e+01 1.000000000e+01 0.000000000e+00 0.000000000e+00 0.000000000e+00 -1.336637611e-07 1.100000000e+01 1.100000000e+01 1.336637142e-07 
d 1.000000000e+01 1.000000000e+01 0.000000000e+00 0.000000000e+00 0.000000000e+00 -1.337222291e-07 1.120000000e+01 1.120000000e+01 1.337222113e-07 
d 1.000000000e+01 1.000000000e+01 0.000000000e+00 0.000000000e+00 0.000000000e+00 -1.337777233e-07 1.140000000e+01 1.140000000e+01 1.337777155e-07 
d 1.000000000e+01 1.000000000e+01 0.000000000e+00 0.000000000e+00 0.000000000e+00 -1.338303937e-07 1.160000000e+01 1.160000000e+01 1.338303902e-07 
d 1.000000000e+01 1.000000000e+01 0.000000000e+00 0.000000000e+00 0.000000000e+00 -1.338803979e-07 1.180000000e+01 1.180000000e+01 1.338803962e-07 
d 1.000000000e+01 1.000000000e+01 0.000000000e+00 0.000000000e+00 0.000000000e+00 -1.339279015e-07 1.200000000e+01 1.200000000e+01 1.339279006e-07 
d 1.000000000e+01 1.000000000e+01 0.000000000e+00 0.000000000e+00 0.000000000e+00 -1.339730769e-07 1.220000000e+01 1.220000000e+01 1.339730763e-07 
d 1.000000000e+01 1.000000000e+01 0.000000000e+00 0.000000000e+00 0.000000000e+00 -1.340161000e-07 1.240000000e+01 1.240000000e+01 1.340160996e-07 
d 1.000000000e+01 1.000000000e+01 0.000000000e+00 0.000000000e+00 0.000000000e+00 -1.340571474e-07 1.260000000e+01 1.260000000e+01 1.340571471e-07 
d 1.000000000e+01 1.000000000e+01 0.000000000e+00 0.000000000e+00 0.000000000e+00 -1.340963925e-07 1.280000000e+01 1.280000000e+01 1.340963923e-07 
d 1.000000000e+01 1.000000000e+01 0.000000000e+00 0.000000000e+00 0.000000000e+00 -1.341340026e-07 1.300000000e+01 1.300000000e+01 1.341340024e-07 
d 1.000000000e+01 1.000000000e+01 0.000000000e+00 0.000000000e+00 0.000000000e+00 -1.341701355e-07 1.320000000e+01 1.320000000e+01 1.341701354e-07 
d 1.000000000e+01 1.000000000e+01 0.000000000e+00 0.000000000e+00 0.000000000e+00 -1.342049381e-07 1.340000000e+01 1.340000000e+01 1.342049380e-07 
d 1.000000000e+01 1.000000000e+01 0.000000000e+00 0.000000000e+00 0.000000000e+00 -1.342385446e-07 1.360000000e+01 1.360000000e+01 1.342385445e-07 
d 1.000000000e+01 1.000000000e+01 0.000000000e+00 0.000000000e+00 0.000000000e+00 -1.342710764e-07 1.380000000e+01 1.380000000e+01 1.342710764e-07 
d 1.000000000e+01 1.000000000e+01 0.000000000e+00 0.000000000e+00 0.000000000e+00 -1.343026421e-07 1.400000000e+01 1.400000000e+01 1.343026420e-07 
d 1.000000000e+01 1.000000000e+01 0.000000000e+00 0.000000000e+00 0.000000000e+00 -1.343333374e-07 1.420000000e+01 1.420000000e+01 1.343333373e-07 
d 1.000000000e+01 1.000000000e+01 0.000000000e+00 0.000000000e+00 0.000000000e+00 -1.343632466e-07 1.440000000e+01 1.440000000e+01 1.343632465e-07 
d 1.000000000e+01 1.000000000e+01 0.000000000e+00 0.000000000e+00 0.000000000e+00 -1.343924430e-07 1.460000000e+01 1.460000000e+01 1.343924430e-07 
d 1.000000000e+01 1.000000000e+01 0.000000000e+00 0.000000000e+00 0.000000000e+00 -1.344209902e-07 1.480000000e+01 1.480000000e+01 1.344209902e-07 
d 1.000000000e+01 1.000000000e+01 0.000000000e+00 0.000000000e+00 0.000000000e+00 -1.344489428e-07 1.500000000e+01 1.500000000e+01 1.344489427e-07 
