v ATLAS
# This file was created by ATLAS version 5.24.1.R on Mon May 11 12:28:35 2020.
#SSF 2.0 generic
##############################################################################
#                    Copyright (c) 1984 - 2017                               #
#                    Silvaco Inc. All rights reserved                        #
#                                                                            #
# This file format and the following Key are copyright Silvaco Inc.          #
# You may not use, this format or key without reproducing this message in    #
# full and obtaining express written permission from Silvaco Inc.            #
#                                                                            #
# To obtain such permission please contact: Silvaco Inc.                     #
#                                           support@silvaco.com              #
#                                                                            #
# KEY=SVC86hn7562asdx                       PROD=345                         #
##############################################################################
y 3 700 711 15
z 51 1e+41 300
f 3 "gate" "source" "drain" 
p 9 2 601 20 3 602 21 4 603 22 
d 1.000000000e+01 1.000000000e+01 0.000000000e+00 0.000000000e+00 0.000000000e+00 -1.777356944e-09 2.000000000e-01 2.000000000e-01 1.777356903e-09 
d 1.000000000e+01 1.000000000e+01 0.000000000e+00 0.000000000e+00 0.000000000e+00 -3.425339017e-09 4.000000000e-01 4.000000000e-01 3.425339016e-09 
d 1.000000000e+01 1.000000000e+01 0.000000000e+00 0.000000000e+00 0.000000000e+00 -4.946664846e-09 6.000000000e-01 6.000000000e-01 4.946664845e-09 
d 1.000000000e+01 1.000000000e+01 0.000000000e+00 0.000000000e+00 0.000000000e+00 -6.343799507e-09 8.000000000e-01 8.000000000e-01 6.343799504e-09 
d 1.000000000e+01 1.000000000e+01 0.000000000e+00 0.000000000e+00 0.000000000e+00 -7.619010674e-09 1.000000000e+00 1.000000000e+00 7.619010668e-09 
d 1.000000000e+01 1.000000000e+01 0.000000000e+00 0.000000000e+00 0.000000000e+00 -8.774442407e-09 1.200000000e+00 1.200000000e+00 8.774442398e-09 
d 1.000000000e+01 1.000000000e+01 0.000000000e+00 0.000000000e+00 0.000000000e+00 -9.812218364e-09 1.400000000e+00 1.400000000e+00 9.812218341e-09 
d 1.000000000e+01 1.000000000e+01 0.000000000e+00 0.000000000e+00 0.000000000e+00 -1.073459256e-08 1.600000000e+00 1.600000000e+00 1.073459251e-08 
d 1.000000000e+01 1.000000000e+01 0.000000000e+00 0.000000000e+00 0.000000000e+00 -1.154417451e-08 1.800000000e+00 1.800000000e+00 1.154417439e-08 
d 1.000000000e+01 1.000000000e+01 0.000000000e+00 0.000000000e+00 0.000000000e+00 -1.224426407e-08 2.000000000e+00 2.000000000e+00 1.224426380e-08 
d 1.000000000e+01 1.000000000e+01 0.000000000e+00 0.000000000e+00 0.000000000e+00 -1.283932853e-08 2.200000000e+00 2.200000000e+00 1.283932790e-08 
d 1.000000000e+01 1.000000000e+01 0.000000000e+00 0.000000000e+00 0.000000000e+00 -1.333560765e-08 2.400000000e+00 2.400000000e+00 1.333560620e-08 
d 1.000000000e+01 1.000000000e+01 0.000000000e+00 0.000000000e+00 0.000000000e+00 -1.374168574e-08 2.600000000e+00 2.600000000e+00 1.374168267e-08 
d 1.000000000e+01 1.000000000e+01 0.000000000e+00 0.000000000e+00 0.000000000e+00 -1.406863326e-08 2.800000000e+00 2.800000000e+00 1.406862795e-08 
d 1.000000000e+01 1.000000000e+01 0.000000000e+00 0.000000000e+00 0.000000000e+00 -1.432930879e-08 3.000000000e+00 3.000000000e+00 1.432930354e-08 
d 1.000000000e+01 1.000000000e+01 0.000000000e+00 0.000000000e+00 0.000000000e+00 -1.453703705e-08 3.200000000e+00 3.200000000e+00 1.453703630e-08 
d 1.000000000e+01 1.000000000e+01 0.000000000e+00 0.000000000e+00 0.000000000e+00 -1.470433897e-08 3.400000000e+00 3.400000000e+00 1.470433754e-08 
d 1.000000000e+01 1.000000000e+01 0.000000000e+00 0.000000000e+00 0.000000000e+00 -1.484175055e-08 3.600000000e+00 3.600000000e+00 1.484174728e-08 
d 1.000000000e+01 1.000000000e+01 0.000000000e+00 0.000000000e+00 0.000000000e+00 -1.495704177e-08 3.800000000e+00 3.800000000e+00 1.495703969e-08 
d 1.000000000e+01 1.000000000e+01 0.000000000e+00 0.000000000e+00 0.000000000e+00 -1.505551963e-08 4.000000000e+00 4.000000000e+00 1.505551846e-08 
d 1.000000000e+01 1.000000000e+01 0.000000000e+00 0.000000000e+00 0.000000000e+00 -1.514083541e-08 4.200000000e+00 4.200000000e+00 1.514083472e-08 
d 1.000000000e+01 1.000000000e+01 0.000000000e+00 0.000000000e+00 0.000000000e+00 -1.521560293e-08 4.400000000e+00 4.400000000e+00 1.521560252e-08 
d 1.000000000e+01 1.000000000e+01 0.000000000e+00 0.000000000e+00 0.000000000e+00 -1.528175862e-08 4.600000000e+00 4.600000000e+00 1.528175839e-08 
d 1.000000000e+01 1.000000000e+01 0.000000000e+00 0.000000000e+00 0.000000000e+00 -1.534077251e-08 4.800000000e+00 4.800000000e+00 1.534077238e-08 
d 1.000000000e+01 1.000000000e+01 0.000000000e+00 0.000000000e+00 0.000000000e+00 -1.539378155e-08 5.000000000e+00 5.000000000e+00 1.539378147e-08 
d 1.000000000e+01 1.000000000e+01 0.000000000e+00 0.000000000e+00 0.000000000e+00 -1.544167904e-08 5.200000000e+00 5.200000000e+00 1.544167901e-08 
d 1.000000000e+01 1.000000000e+01 0.000000000e+00 0.000000000e+00 0.000000000e+00 -1.548517668e-08 5.400000000e+00 5.400000000e+00 1.548517667e-08 
d 1.000000000e+01 1.000000000e+01 0.000000000e+00 0.000000000e+00 0.000000000e+00 -1.552484851e-08 5.600000000e+00 5.600000000e+00 1.552484852e-08 
d 1.000000000e+01 1.000000000e+01 0.000000000e+00 0.000000000e+00 0.000000000e+00 -1.556116261e-08 5.800000000e+00 5.800000000e+00 1.556116256e-08 
d 1.000000000e+01 1.000000000e+01 0.000000000e+00 0.000000000e+00 0.000000000e+00 -1.559450412e-08 6.000000000e+00 6.000000000e+00 1.559450378e-08 
d 1.000000000e+01 1.000000000e+01 0.000000000e+00 0.000000000e+00 0.000000000e+00 -1.562519233e-08 6.200000000e+00 6.200000000e+00 1.562519068e-08 
d 1.000000000e+01 1.000000000e+01 0.000000000e+00 0.000000000e+00 0.000000000e+00 -1.565349320e-08 6.400000000e+00 6.400000000e+00 1.565348630e-08 
d 1.000000000e+01 1.000000000e+01 0.000000000e+00 0.000000000e+00 0.000000000e+00 -1.567962889e-08 6.600000000e+00 6.600000000e+00 1.567960229e-08 
d 1.000000000e+01 1.000000000e+01 0.000000000e+00 0.000000000e+00 0.000000000e+00 -1.570378561e-08 6.800000000e+00 6.800000000e+00 1.570369546e-08 
d 1.000000000e+01 1.000000000e+01 0.000000000e+00 0.000000000e+00 0.000000000e+00 -1.572612275e-08 7.000000000e+00 7.000000000e+00 1.572588619e-08 
d 1.000000000e+01 1.000000000e+01 0.000000000e+00 0.000000000e+00 0.000000000e+00 -1.574678664e-08 7.200000000e+00 7.200000000e+00 1.574639004e-08 
d 1.000000000e+01 1.000000000e+01 0.000000000e+00 0.000000000e+00 0.000000000e+00 -1.576592466e-08 7.400000000e+00 7.400000000e+00 1.576564900e-08 
d 1.000000000e+01 1.000000000e+01 0.000000000e+00 0.000000000e+00 0.000000000e+00 -1.578368255e-08 7.600000000e+00 7.600000000e+00 1.578367493e-08 
d 1.000000000e+01 1.000000000e+01 0.000000000e+00 0.000000000e+00 0.000000000e+00 -1.580019181e-08 7.800000000e+00 7.800000000e+00 1.579942770e-08 
d 1.000000000e+01 1.000000000e+01 0.000000000e+00 0.000000000e+00 0.000000000e+00 -1.581557168e-08 8.000000000e+00 8.000000000e+00 1.581441188e-08 
d 1.000000000e+01 1.000000000e+01 0.000000000e+00 0.000000000e+00 0.000000000e+00 -1.582993545e-08 8.200000000e+00 8.200000000e+00 1.582939200e-08 
d 1.000000000e+01 1.000000000e+01 0.000000000e+00 0.000000000e+00 0.000000000e+00 -1.584338735e-08 8.400000000e+00 8.400000000e+00 1.584326462e-08 
d 1.000000000e+01 1.000000000e+01 0.000000000e+00 0.000000000e+00 0.000000000e+00 -1.585601809e-08 8.600000000e+00 8.600000000e+00 1.585599800e-08 
d 1.000000000e+01 1.000000000e+01 0.000000000e+00 0.000000000e+00 0.000000000e+00 -1.586790584e-08 8.800000000e+00 8.800000000e+00 1.586790211e-08 
d 1.000000000e+01 1.000000000e+01 0.000000000e+00 0.000000000e+00 0.000000000e+00 -1.587911951e-08 9.000000000e+00 9.000000000e+00 1.587911850e-08 
d 1.000000000e+01 1.000000000e+01 0.000000000e+00 0.000000000e+00 0.000000000e+00 -1.588972137e-08 9.200000000e+00 9.200000000e+00 1.588971989e-08 
d 1.000000000e+01 1.000000000e+01 0.000000000e+00 0.000000000e+00 0.000000000e+00 -1.589976824e-08 9.400000000e+00 9.400000000e+00 1.589975195e-08 
d 1.000000000e+01 1.000000000e+01 0.000000000e+00 0.000000000e+00 0.000000000e+00 -1.590931179e-08 9.600000000e+00 9.600000000e+00 1.590920040e-08 
d 1.000000000e+01 1.000000000e+01 0.000000000e+00 0.000000000e+00 0.000000000e+00 -1.591839897e-08 9.800000000e+00 9.800000000e+00 1.591810162e-08 
d 1.000000000e+01 1.000000000e+01 0.000000000e+00 0.000000000e+00 0.000000000e+00 -1.592707347e-08 1.000000000e+01 1.000000000e+01 1.592686957e-08 
d 1.000000000e+01 1.000000000e+01 0.000000000e+00 0.000000000e+00 0.000000000e+00 -1.593537670e-08 1.020000000e+01 1.020000000e+01 1.593537355e-08 
d 1.000000000e+01 1.000000000e+01 0.000000000e+00 0.000000000e+00 0.000000000e+00 -1.594334468e-08 1.040000000e+01 1.040000000e+01 1.594334468e-08 
d 1.000000000e+01 1.000000000e+01 0.000000000e+00 0.000000000e+00 0.000000000e+00 -1.595100695e-08 1.060000000e+01 1.060000000e+01 1.595100695e-08 
d 1.000000000e+01 1.000000000e+01 0.000000000e+00 0.000000000e+00 0.000000000e+00 -1.595838870e-08 1.080000000e+01 1.080000000e+01 1.595778975e-08 
d 1.000000000e+01 1.000000000e+01 0.000000000e+00 0.000000000e+00 0.000000000e+00 -1.596551251e-08 1.100000000e+01 1.100000000e+01 1.596509187e-08 
d 1.000000000e+01 1.000000000e+01 0.000000000e+00 0.000000000e+00 0.000000000e+00 -1.597239912e-08 1.120000000e+01 1.120000000e+01 1.597218340e-08 
d 1.000000000e+01 1.000000000e+01 0.000000000e+00 0.000000000e+00 0.000000000e+00 -1.597906712e-08 1.140000000e+01 1.140000000e+01 1.597901632e-08 
d 1.000000000e+01 1.000000000e+01 0.000000000e+00 0.000000000e+00 0.000000000e+00 -1.598553241e-08 1.160000000e+01 1.160000000e+01 1.598552395e-08 
d 1.000000000e+01 1.000000000e+01 0.000000000e+00 0.000000000e+00 0.000000000e+00 -1.599180836e-08 1.180000000e+01 1.180000000e+01 1.599180659e-08 
d 1.000000000e+01 1.000000000e+01 0.000000000e+00 0.000000000e+00 0.000000000e+00 -1.599790628e-08 1.200000000e+01 1.200000000e+01 1.599790567e-08 
d 1.000000000e+01 1.000000000e+01 0.000000000e+00 0.000000000e+00 0.000000000e+00 -1.600383582e-08 1.220000000e+01 1.220000000e+01 1.600383548e-08 
d 1.000000000e+01 1.000000000e+01 0.000000000e+00 0.000000000e+00 0.000000000e+00 -1.600960524e-08 1.240000000e+01 1.240000000e+01 1.600960499e-08 
d 1.000000000e+01 1.000000000e+01 0.000000000e+00 0.000000000e+00 0.000000000e+00 -1.601522168e-08 1.260000000e+01 1.260000000e+01 1.601522148e-08 
d 1.000000000e+01 1.000000000e+01 0.000000000e+00 0.000000000e+00 0.000000000e+00 -1.602069133e-08 1.280000000e+01 1.280000000e+01 1.602069116e-08 
d 1.000000000e+01 1.000000000e+01 0.000000000e+00 0.000000000e+00 0.000000000e+00 -1.602601963e-08 1.300000000e+01 1.300000000e+01 1.602601949e-08 
d 1.000000000e+01 1.000000000e+01 0.000000000e+00 0.000000000e+00 0.000000000e+00 -1.603121142e-08 1.320000000e+01 1.320000000e+01 1.603121130e-08 
d 1.000000000e+01 1.000000000e+01 0.000000000e+00 0.000000000e+00 0.000000000e+00 -1.603627105e-08 1.340000000e+01 1.340000000e+01 1.603627095e-08 
d 1.000000000e+01 1.000000000e+01 0.000000000e+00 0.000000000e+00 0.000000000e+00 -1.604120250e-08 1.360000000e+01 1.360000000e+01 1.604120241e-08 
d 1.000000000e+01 1.000000000e+01 0.000000000e+00 0.000000000e+00 0.000000000e+00 -1.604600945e-08 1.380000000e+01 1.380000000e+01 1.604600937e-08 
d 1.000000000e+01 1.000000000e+01 0.000000000e+00 0.000000000e+00 0.000000000e+00 -1.605069538e-08 1.400000000e+01 1.400000000e+01 1.605069532e-08 
d 1.000000000e+01 1.000000000e+01 0.000000000e+00 0.000000000e+00 0.000000000e+00 -1.605526363e-08 1.420000000e+01 1.420000000e+01 1.605526358e-08 
d 1.000000000e+01 1.000000000e+01 0.000000000e+00 0.000000000e+00 0.000000000e+00 -1.605971739e-08 1.440000000e+01 1.440000000e+01 1.605971735e-08 
d 1.000000000e+01 1.000000000e+01 0.000000000e+00 0.000000000e+00 0.000000000e+00 -1.606405978e-08 1.460000000e+01 1.460000000e+01 1.606405975e-08 
d 1.000000000e+01 1.000000000e+01 0.000000000e+00 0.000000000e+00 0.000000000e+00 -1.606829389e-08 1.480000000e+01 1.480000000e+01 1.606829387e-08 
d 1.000000000e+01 1.000000000e+01 0.000000000e+00 0.000000000e+00 0.000000000e+00 -1.607242275e-08 1.500000000e+01 1.500000000e+01 1.607242274e-08 
