v ATLAS
# This file was created by ATLAS version 5.24.1.R on Mon May 11 12:22:31 2020.
#SSF 2.0 generic
##############################################################################
#                    Copyright (c) 1984 - 2017                               #
#                    Silvaco Inc. All rights reserved                        #
#                                                                            #
# This file format and the following Key are copyright Silvaco Inc.          #
# You may not use, this format or key without reproducing this message in    #
# full and obtaining express written permission from Silvaco Inc.            #
#                                                                            #
# To obtain such permission please contact: Silvaco Inc.                     #
#                                           support@silvaco.com              #
#                                                                            #
# KEY=SVC86hn7562asdx                       PROD=345                         #
##############################################################################
y 3 700 711 15
z 51 1e+41 300
f 3 "gate" "source" "drain" 
p 9 2 601 20 3 602 21 4 603 22 
d 2.000000000e-01 2.000000000e-01 0.000000000e+00 0.000000000e+00 0.000000000e+00 -1.801623100e-15 1.000000000e+01 1.000000000e+01 1.803467754e-15 
d 4.000000000e-01 4.000000000e-01 0.000000000e+00 0.000000000e+00 0.000000000e+00 -2.122588874e-15 1.000000000e+01 1.000000000e+01 2.120732833e-15 
d 6.000000000e-01 6.000000000e-01 0.000000000e+00 0.000000000e+00 0.000000000e+00 -2.770262969e-15 1.000000000e+01 1.000000000e+01 2.765772453e-15 
d 8.000000000e-01 8.000000000e-01 0.000000000e+00 0.000000000e+00 0.000000000e+00 -4.020560228e-15 1.000000000e+01 1.000000000e+01 4.017775609e-15 
d 1.000000000e+00 1.000000000e+00 0.000000000e+00 0.000000000e+00 0.000000000e+00 -6.486894539e-15 1.000000000e+01 1.000000000e+01 6.340832666e-15 
d 1.200000000e+00 1.200000000e+00 0.000000000e+00 0.000000000e+00 0.000000000e+00 -1.199359954e-14 1.000000000e+01 1.000000000e+01 1.198949806e-14 
d 1.400000000e+00 1.400000000e+00 0.000000000e+00 0.000000000e+00 0.000000000e+00 -2.621344866e-14 1.000000000e+01 1.000000000e+01 2.621096092e-14 
d 1.600000000e+00 1.600000000e+00 0.000000000e+00 0.000000000e+00 0.000000000e+00 -5.925132019e-14 1.000000000e+01 1.000000000e+01 5.925370337e-14 
d 1.800000000e+00 1.800000000e+00 0.000000000e+00 0.000000000e+00 0.000000000e+00 -1.209753018e-13 1.000000000e+01 1.000000000e+01 1.209737333e-13 
d 2.000000000e+00 2.000000000e+00 0.000000000e+00 0.000000000e+00 0.000000000e+00 -2.215298693e-13 1.000000000e+01 1.000000000e+01 2.215303689e-13 
d 2.200000000e+00 2.200000000e+00 0.000000000e+00 0.000000000e+00 0.000000000e+00 -3.743592845e-13 1.000000000e+01 1.000000000e+01 3.743564633e-13 
d 2.400000000e+00 2.400000000e+00 0.000000000e+00 0.000000000e+00 0.000000000e+00 -5.995364556e-13 1.000000000e+01 1.000000000e+01 5.995337041e-13 
d 2.600000000e+00 2.600000000e+00 0.000000000e+00 0.000000000e+00 0.000000000e+00 -9.295182296e-13 1.000000000e+01 1.000000000e+01 9.295174889e-13 
d 2.800000000e+00 2.800000000e+00 0.000000000e+00 0.000000000e+00 0.000000000e+00 -1.421122341e-12 1.000000000e+01 1.000000000e+01 1.421120998e-12 
d 3.000000000e+00 3.000000000e+00 0.000000000e+00 0.000000000e+00 0.000000000e+00 -2.181345390e-12 1.000000000e+01 1.000000000e+01 2.181345013e-12 
d 3.200000000e+00 3.200000000e+00 0.000000000e+00 0.000000000e+00 0.000000000e+00 -3.418435752e-12 1.000000000e+01 1.000000000e+01 3.418435683e-12 
d 3.400000000e+00 3.400000000e+00 0.000000000e+00 0.000000000e+00 0.000000000e+00 -5.500673318e-12 1.000000000e+01 1.000000000e+01 5.500634955e-12 
d 3.600000000e+00 3.600000000e+00 0.000000000e+00 0.000000000e+00 0.000000000e+00 -8.923153587e-12 1.000000000e+01 1.000000000e+01 8.923152383e-12 
d 3.800000000e+00 3.800000000e+00 0.000000000e+00 0.000000000e+00 0.000000000e+00 -1.417469218e-11 1.000000000e+01 1.000000000e+01 1.417469106e-11 
d 4.000000000e+00 4.000000000e+00 0.000000000e+00 0.000000000e+00 0.000000000e+00 -2.168245166e-11 1.000000000e+01 1.000000000e+01 2.168244565e-11 
d 4.200000000e+00 4.200000000e+00 0.000000000e+00 0.000000000e+00 0.000000000e+00 -3.184719585e-11 1.000000000e+01 1.000000000e+01 3.184658528e-11 
d 4.400000000e+00 4.400000000e+00 0.000000000e+00 0.000000000e+00 0.000000000e+00 -4.508756764e-11 1.000000000e+01 1.000000000e+01 4.508756694e-11 
d 4.600000000e+00 4.600000000e+00 0.000000000e+00 0.000000000e+00 0.000000000e+00 -6.187388653e-11 1.000000000e+01 1.000000000e+01 6.187388512e-11 
d 4.800000000e+00 4.800000000e+00 0.000000000e+00 0.000000000e+00 0.000000000e+00 -8.275821167e-11 1.000000000e+01 1.000000000e+01 8.275821084e-11 
d 5.000000000e+00 5.000000000e+00 0.000000000e+00 0.000000000e+00 0.000000000e+00 -1.084075174e-10 1.000000000e+01 1.000000000e+01 1.084074360e-10 
d 5.200000000e+00 5.200000000e+00 0.000000000e+00 0.000000000e+00 0.000000000e+00 -1.396453052e-10 1.000000000e+01 1.000000000e+01 1.396452806e-10 
d 5.400000000e+00 5.400000000e+00 0.000000000e+00 0.000000000e+00 0.000000000e+00 -1.775074160e-10 1.000000000e+01 1.000000000e+01 1.775074093e-10 
d 5.600000000e+00 5.600000000e+00 0.000000000e+00 0.000000000e+00 0.000000000e+00 -2.233198742e-10 1.000000000e+01 1.000000000e+01 2.233198714e-10 
d 5.800000000e+00 5.800000000e+00 0.000000000e+00 0.000000000e+00 0.000000000e+00 -2.788102958e-10 1.000000000e+01 1.000000000e+01 2.788102952e-10 
d 6.000000000e+00 6.000000000e+00 0.000000000e+00 0.000000000e+00 0.000000000e+00 -3.462696640e-10 1.000000000e+01 1.000000000e+01 3.462696650e-10 
d 6.200000000e+00 6.200000000e+00 0.000000000e+00 0.000000000e+00 0.000000000e+00 -4.287879097e-10 1.000000000e+01 1.000000000e+01 4.287879102e-10 
d 6.400000000e+00 6.400000000e+00 0.000000000e+00 0.000000000e+00 0.000000000e+00 -5.305911851e-10 1.000000000e+01 1.000000000e+01 5.305911859e-10 
d 6.600000000e+00 6.600000000e+00 0.000000000e+00 0.000000000e+00 0.000000000e+00 -6.574987142e-10 1.000000000e+01 1.000000000e+01 6.574987127e-10 
d 6.800000000e+00 6.800000000e+00 0.000000000e+00 0.000000000e+00 0.000000000e+00 -8.174603185e-10 1.000000000e+01 1.000000000e+01 8.174603189e-10 
d 7.000000000e+00 7.000000000e+00 0.000000000e+00 0.000000000e+00 0.000000000e+00 -1.020981546e-09 1.000000000e+01 1.000000000e+01 1.020981548e-09 
d 7.200000000e+00 7.200000000e+00 0.000000000e+00 0.000000000e+00 0.000000000e+00 -1.281010206e-09 1.000000000e+01 1.000000000e+01 1.281010204e-09 
d 7.400000000e+00 7.400000000e+00 0.000000000e+00 0.000000000e+00 0.000000000e+00 -1.611844968e-09 1.000000000e+01 1.000000000e+01 1.611844967e-09 
d 7.600000000e+00 7.600000000e+00 0.000000000e+00 0.000000000e+00 0.000000000e+00 -2.027255873e-09 1.000000000e+01 1.000000000e+01 2.027255875e-09 
d 7.800000000e+00 7.800000000e+00 0.000000000e+00 0.000000000e+00 0.000000000e+00 -2.538818413e-09 1.000000000e+01 1.000000000e+01 2.538818414e-09 
d 8.000000000e+00 8.000000000e+00 0.000000000e+00 0.000000000e+00 0.000000000e+00 -3.155284182e-09 1.000000000e+01 1.000000000e+01 3.155284183e-09 
d 8.200000000e+00 8.200000000e+00 0.000000000e+00 0.000000000e+00 0.000000000e+00 -3.882881000e-09 1.000000000e+01 1.000000000e+01 3.882881002e-09 
d 8.400000000e+00 8.400000000e+00 0.000000000e+00 0.000000000e+00 0.000000000e+00 -4.725982157e-09 1.000000000e+01 1.000000000e+01 4.725982157e-09 
d 8.600000000e+00 8.600000000e+00 0.000000000e+00 0.000000000e+00 0.000000000e+00 -5.687754211e-09 1.000000000e+01 1.000000000e+01 5.687754208e-09 
d 8.800000000e+00 8.800000000e+00 0.000000000e+00 0.000000000e+00 0.000000000e+00 -6.770654919e-09 1.000000000e+01 1.000000000e+01 6.770654922e-09 
d 9.000000000e+00 9.000000000e+00 0.000000000e+00 0.000000000e+00 0.000000000e+00 -7.976780998e-09 1.000000000e+01 1.000000000e+01 7.976780999e-09 
d 9.200000000e+00 9.200000000e+00 0.000000000e+00 0.000000000e+00 0.000000000e+00 -9.308099068e-09 1.000000000e+01 1.000000000e+01 9.307901598e-09 
d 9.400000000e+00 9.400000000e+00 0.000000000e+00 0.000000000e+00 0.000000000e+00 -1.076659436e-08 1.000000000e+01 1.000000000e+01 1.076657198e-08 
d 9.600000000e+00 9.600000000e+00 0.000000000e+00 0.000000000e+00 0.000000000e+00 -1.235436622e-08 1.000000000e+01 1.000000000e+01 1.235435566e-08 
d 9.800000000e+00 9.800000000e+00 0.000000000e+00 0.000000000e+00 0.000000000e+00 -1.407369200e-08 1.000000000e+01 1.000000000e+01 1.407362074e-08 
d 1.000000000e+01 1.000000000e+01 0.000000000e+00 0.000000000e+00 0.000000000e+00 -1.592707347e-08 1.000000000e+01 1.000000000e+01 1.592703241e-08 
d 1.020000000e+01 1.020000000e+01 0.000000000e+00 0.000000000e+00 0.000000000e+00 -1.791727551e-08 1.000000000e+01 1.000000000e+01 1.791727200e-08 
d 1.040000000e+01 1.040000000e+01 0.000000000e+00 0.000000000e+00 0.000000000e+00 -2.004736762e-08 1.000000000e+01 1.000000000e+01 2.004702069e-08 
d 1.060000000e+01 1.060000000e+01 0.000000000e+00 0.000000000e+00 0.000000000e+00 -2.232077230e-08 1.000000000e+01 1.000000000e+01 2.232039310e-08 
d 1.080000000e+01 1.080000000e+01 0.000000000e+00 0.000000000e+00 0.000000000e+00 -2.474131483e-08 1.000000000e+01 1.000000000e+01 2.474124019e-08 
d 1.100000000e+01 1.100000000e+01 0.000000000e+00 0.000000000e+00 0.000000000e+00 -2.731327536e-08 1.000000000e+01 1.000000000e+01 2.731326822e-08 
d 1.120000000e+01 1.120000000e+01 0.000000000e+00 0.000000000e+00 0.000000000e+00 -3.004144376e-08 1.000000000e+01 1.000000000e+01 3.004144302e-08 
d 1.140000000e+01 1.140000000e+01 0.000000000e+00 0.000000000e+00 0.000000000e+00 -3.293117552e-08 1.000000000e+01 1.000000000e+01 3.293117509e-08 
d 1.160000000e+01 1.160000000e+01 0.000000000e+00 0.000000000e+00 0.000000000e+00 -3.598844841e-08 1.000000000e+01 1.000000000e+01 3.598844802e-08 
d 1.180000000e+01 1.180000000e+01 0.000000000e+00 0.000000000e+00 0.000000000e+00 -3.921992035e-08 1.000000000e+01 1.000000000e+01 3.921992011e-08 
d 1.200000000e+01 1.200000000e+01 0.000000000e+00 0.000000000e+00 0.000000000e+00 -4.263298927e-08 1.000000000e+01 1.000000000e+01 4.263298905e-08 
d 1.220000000e+01 1.220000000e+01 0.000000000e+00 0.000000000e+00 0.000000000e+00 -4.623585497e-08 1.000000000e+01 1.000000000e+01 4.623585473e-08 
d 1.240000000e+01 1.240000000e+01 0.000000000e+00 0.000000000e+00 0.000000000e+00 -5.003758343e-08 1.000000000e+01 1.000000000e+01 5.003758296e-08 
d 1.260000000e+01 1.260000000e+01 0.000000000e+00 0.000000000e+00 0.000000000e+00 -5.404817794e-08 1.000000000e+01 1.000000000e+01 5.404817605e-08 
d 1.280000000e+01 1.280000000e+01 0.000000000e+00 0.000000000e+00 0.000000000e+00 -5.827866941e-08 1.000000000e+01 1.000000000e+01 5.827866670e-08 
d 1.300000000e+01 1.300000000e+01 0.000000000e+00 0.000000000e+00 0.000000000e+00 -6.274123568e-08 1.000000000e+01 1.000000000e+01 6.274121897e-08 
d 1.320000000e+01 1.320000000e+01 0.000000000e+00 0.000000000e+00 0.000000000e+00 -6.744933896e-08 1.000000000e+01 1.000000000e+01 6.744925835e-08 
d 1.340000000e+01 1.340000000e+01 0.000000000e+00 0.000000000e+00 0.000000000e+00 -7.241784730e-08 1.000000000e+01 1.000000000e+01 7.241770011e-08 
d 1.360000000e+01 1.360000000e+01 0.000000000e+00 0.000000000e+00 0.000000000e+00 -7.766311049e-08 1.000000000e+01 1.000000000e+01 7.766298832e-08 
d 1.380000000e+01 1.380000000e+01 0.000000000e+00 0.000000000e+00 0.000000000e+00 -8.320299018e-08 1.000000000e+01 1.000000000e+01 8.320292853e-08 
d 1.400000000e+01 1.400000000e+01 0.000000000e+00 0.000000000e+00 0.000000000e+00 -8.905684919e-08 1.000000000e+01 1.000000000e+01 8.905682579e-08 
d 1.420000000e+01 1.420000000e+01 0.000000000e+00 0.000000000e+00 0.000000000e+00 -9.524548818e-08 1.000000000e+01 1.000000000e+01 9.524548058e-08 
d 1.440000000e+01 1.440000000e+01 0.000000000e+00 0.000000000e+00 0.000000000e+00 -1.017910058e-07 1.000000000e+01 1.000000000e+01 1.017910035e-07 
d 1.460000000e+01 1.460000000e+01 0.000000000e+00 0.000000000e+00 0.000000000e+00 -1.087165581e-07 1.000000000e+01 1.000000000e+01 1.087165575e-07 
d 1.480000000e+01 1.480000000e+01 0.000000000e+00 0.000000000e+00 0.000000000e+00 -1.160459997e-07 1.000000000e+01 1.000000000e+01 1.160459995e-07 
d 1.500000000e+01 1.500000000e+01 0.000000000e+00 0.000000000e+00 0.000000000e+00 -1.238034007e-07 1.000000000e+01 1.000000000e+01 1.238034007e-07 
d 1.520000000e+01 1.520000000e+01 0.000000000e+00 0.000000000e+00 0.000000000e+00 -1.320124532e-07 1.000000000e+01 1.000000000e+01 1.320124532e-07 
d 1.540000000e+01 1.540000000e+01 0.000000000e+00 0.000000000e+00 0.000000000e+00 -1.406958020e-07 1.000000000e+01 1.000000000e+01 1.406958020e-07 
d 1.560000000e+01 1.560000000e+01 0.000000000e+00 0.000000000e+00 0.000000000e+00 -1.498743533e-07 1.000000000e+01 1.000000000e+01 1.498743533e-07 
d 1.580000000e+01 1.580000000e+01 0.000000000e+00 0.000000000e+00 0.000000000e+00 -1.595666260e-07 1.000000000e+01 1.000000000e+01 1.595666260e-07 
d 1.600000000e+01 1.600000000e+01 0.000000000e+00 0.000000000e+00 0.000000000e+00 -1.697882073e-07 1.000000000e+01 1.000000000e+01 1.697882073e-07 
d 1.620000000e+01 1.620000000e+01 0.000000000e+00 0.000000000e+00 0.000000000e+00 -1.805513739e-07 1.000000000e+01 1.000000000e+01 1.805513738e-07 
d 1.640000000e+01 1.640000000e+01 0.000000000e+00 0.000000000e+00 0.000000000e+00 -1.918649311e-07 1.000000000e+01 1.000000000e+01 1.918649311e-07 
d 1.660000000e+01 1.660000000e+01 0.000000000e+00 0.000000000e+00 0.000000000e+00 -2.037343092e-07 1.000000000e+01 1.000000000e+01 2.037343092e-07 
d 1.680000000e+01 1.680000000e+01 0.000000000e+00 0.000000000e+00 0.000000000e+00 -2.161619132e-07 1.000000000e+01 1.000000000e+01 2.161619132e-07 
d 1.700000000e+01 1.700000000e+01 0.000000000e+00 0.000000000e+00 0.000000000e+00 -2.291476778e-07 1.000000000e+01 1.000000000e+01 2.291476777e-07 
d 1.720000000e+01 1.720000000e+01 0.000000000e+00 0.000000000e+00 0.000000000e+00 -2.426897345e-07 1.000000000e+01 1.000000000e+01 2.426897342e-07 
d 1.740000000e+01 1.740000000e+01 0.000000000e+00 0.000000000e+00 0.000000000e+00 -2.567850807e-07 1.000000000e+01 1.000000000e+01 2.567850799e-07 
d 1.760000000e+01 1.760000000e+01 0.000000000e+00 0.000000000e+00 0.000000000e+00 -2.714301349e-07 1.000000000e+01 1.000000000e+01 2.714301336e-07 
d 1.780000000e+01 1.780000000e+01 0.000000000e+00 0.000000000e+00 0.000000000e+00 -2.866211152e-07 1.000000000e+01 1.000000000e+01 2.866211138e-07 
d 1.800000000e+01 1.800000000e+01 0.000000000e+00 0.000000000e+00 0.000000000e+00 -3.023542502e-07 1.000000000e+01 1.000000000e+01 3.023542492e-07 
d 1.820000000e+01 1.820000000e+01 0.000000000e+00 0.000000000e+00 0.000000000e+00 -3.186258770e-07 1.000000000e+01 1.000000000e+01 3.186258764e-07 
d 1.840000000e+01 1.840000000e+01 0.000000000e+00 0.000000000e+00 0.000000000e+00 -3.354324748e-07 1.000000000e+01 1.000000000e+01 3.354324745e-07 
d 1.860000000e+01 1.860000000e+01 0.000000000e+00 0.000000000e+00 0.000000000e+00 -3.527706672e-07 1.000000000e+01 1.000000000e+01 3.527706671e-07 
d 1.880000000e+01 1.880000000e+01 0.000000000e+00 0.000000000e+00 0.000000000e+00 -3.706372103e-07 1.000000000e+01 1.000000000e+01 3.706372102e-07 
d 1.900000000e+01 1.900000000e+01 0.000000000e+00 0.000000000e+00 0.000000000e+00 -3.890289742e-07 1.000000000e+01 1.000000000e+01 3.890289742e-07 
d 1.920000000e+01 1.920000000e+01 0.000000000e+00 0.000000000e+00 0.000000000e+00 -4.079429226e-07 1.000000000e+01 1.000000000e+01 4.079429226e-07 
d 1.940000000e+01 1.940000000e+01 0.000000000e+00 0.000000000e+00 0.000000000e+00 -4.273760903e-07 1.000000000e+01 1.000000000e+01 4.273760903e-07 
d 1.960000000e+01 1.960000000e+01 0.000000000e+00 0.000000000e+00 0.000000000e+00 -4.473255601e-07 1.000000000e+01 1.000000000e+01 4.473255601e-07 
d 1.980000000e+01 1.980000000e+01 0.000000000e+00 0.000000000e+00 0.000000000e+00 -4.677884389e-07 1.000000000e+01 1.000000000e+01 4.677884385e-07 
d 2.000000000e+01 2.000000000e+01 0.000000000e+00 0.000000000e+00 0.000000000e+00 -4.887618290e-07 1.000000000e+01 1.000000000e+01 4.887618286e-07 
