v ATLAS
# This file was created by ATLAS version 5.24.1.R on Mon May 11 12:35:23 2020.
#SSF 2.0 generic
##############################################################################
#                    Copyright (c) 1984 - 2017                               #
#                    Silvaco Inc. All rights reserved                        #
#                                                                            #
# This file format and the following Key are copyright Silvaco Inc.          #
# You may not use, this format or key without reproducing this message in    #
# full and obtaining express written permission from Silvaco Inc.            #
#                                                                            #
# To obtain such permission please contact: Silvaco Inc.                     #
#                                           support@silvaco.com              #
#                                                                            #
# KEY=SVC86hn7562asdx                       PROD=345                         #
##############################################################################
y 3 700 711 15
z 51 1e+41 300
f 3 "gate" "source" "drain" 
p 9 2 601 20 3 602 21 4 603 22 
d 2.000000000e-01 2.000000000e-01 0.000000000e+00 0.000000000e+00 0.000000000e+00 -1.750691562e-15 1.000000000e+01 1.000000000e+01 1.746625982e-15 
d 4.000000000e-01 4.000000000e-01 0.000000000e+00 0.000000000e+00 0.000000000e+00 -1.923581134e-15 1.000000000e+01 1.000000000e+01 1.926267833e-15 
d 6.000000000e-01 6.000000000e-01 0.000000000e+00 0.000000000e+00 0.000000000e+00 -2.243589487e-15 1.000000000e+01 1.000000000e+01 2.245474153e-15 
d 8.000000000e-01 8.000000000e-01 0.000000000e+00 0.000000000e+00 0.000000000e+00 -2.825791661e-15 1.000000000e+01 1.000000000e+01 2.827093327e-15 
d 1.000000000e+00 1.000000000e+00 0.000000000e+00 0.000000000e+00 0.000000000e+00 -3.848545635e-15 1.000000000e+01 1.000000000e+01 3.850119195e-15 
d 1.200000000e+00 1.200000000e+00 0.000000000e+00 0.000000000e+00 0.000000000e+00 -5.633549951e-15 1.000000000e+01 1.000000000e+01 5.632837683e-15 
d 1.400000000e+00 1.400000000e+00 0.000000000e+00 0.000000000e+00 0.000000000e+00 -8.914514544e-15 1.000000000e+01 1.000000000e+01 8.909713770e-15 
d 1.600000000e+00 1.600000000e+00 0.000000000e+00 0.000000000e+00 0.000000000e+00 -1.572148612e-14 1.000000000e+01 1.000000000e+01 1.570499088e-14 
d 1.800000000e+00 1.800000000e+00 0.000000000e+00 0.000000000e+00 0.000000000e+00 -3.113673241e-14 1.000000000e+01 1.000000000e+01 3.112705667e-14 
d 2.000000000e+00 2.000000000e+00 0.000000000e+00 0.000000000e+00 0.000000000e+00 -6.273064572e-14 1.000000000e+01 1.000000000e+01 6.272887605e-14 
d 2.200000000e+00 2.200000000e+00 0.000000000e+00 0.000000000e+00 0.000000000e+00 -1.175291232e-13 1.000000000e+01 1.000000000e+01 1.175304436e-13 
d 2.400000000e+00 2.400000000e+00 0.000000000e+00 0.000000000e+00 0.000000000e+00 -2.024087146e-13 1.000000000e+01 1.000000000e+01 2.024073861e-13 
d 2.600000000e+00 2.600000000e+00 0.000000000e+00 0.000000000e+00 0.000000000e+00 -3.256971923e-13 1.000000000e+01 1.000000000e+01 3.256938572e-13 
d 2.800000000e+00 2.800000000e+00 0.000000000e+00 0.000000000e+00 0.000000000e+00 -4.986186157e-13 1.000000000e+01 1.000000000e+01 4.986192933e-13 
d 3.000000000e+00 3.000000000e+00 0.000000000e+00 0.000000000e+00 0.000000000e+00 -7.373041431e-13 1.000000000e+01 1.000000000e+01 7.373028332e-13 
d 3.200000000e+00 3.200000000e+00 0.000000000e+00 0.000000000e+00 0.000000000e+00 -1.066297717e-12 1.000000000e+01 1.000000000e+01 1.066143080e-12 
d 3.400000000e+00 3.400000000e+00 0.000000000e+00 0.000000000e+00 0.000000000e+00 -1.525017877e-12 1.000000000e+01 1.000000000e+01 1.525017683e-12 
d 3.600000000e+00 3.600000000e+00 0.000000000e+00 0.000000000e+00 0.000000000e+00 -2.180251058e-12 1.000000000e+01 1.000000000e+01 2.180251713e-12 
d 3.800000000e+00 3.800000000e+00 0.000000000e+00 0.000000000e+00 0.000000000e+00 -3.149483235e-12 1.000000000e+01 1.000000000e+01 3.149378327e-12 
d 4.000000000e+00 4.000000000e+00 0.000000000e+00 0.000000000e+00 0.000000000e+00 -4.635237397e-12 1.000000000e+01 1.000000000e+01 4.635236956e-12 
d 4.200000000e+00 4.200000000e+00 0.000000000e+00 0.000000000e+00 0.000000000e+00 -6.942927869e-12 1.000000000e+01 1.000000000e+01 6.942926687e-12 
d 4.400000000e+00 4.400000000e+00 0.000000000e+00 0.000000000e+00 0.000000000e+00 -1.043505095e-11 1.000000000e+01 1.000000000e+01 1.043505054e-11 
d 4.600000000e+00 4.600000000e+00 0.000000000e+00 0.000000000e+00 0.000000000e+00 -1.545631803e-11 1.000000000e+01 1.000000000e+01 1.545631546e-11 
d 4.800000000e+00 4.800000000e+00 0.000000000e+00 0.000000000e+00 0.000000000e+00 -2.231011239e-11 1.000000000e+01 1.000000000e+01 2.231011187e-11 
d 5.000000000e+00 5.000000000e+00 0.000000000e+00 0.000000000e+00 0.000000000e+00 -3.127756755e-11 1.000000000e+01 1.000000000e+01 3.127757033e-11 
d 5.200000000e+00 5.200000000e+00 0.000000000e+00 0.000000000e+00 0.000000000e+00 -4.264179521e-11 1.000000000e+01 1.000000000e+01 4.264179602e-11 
d 5.400000000e+00 5.400000000e+00 0.000000000e+00 0.000000000e+00 0.000000000e+00 -5.670664245e-11 1.000000000e+01 1.000000000e+01 5.670664431e-11 
d 5.600000000e+00 5.600000000e+00 0.000000000e+00 0.000000000e+00 0.000000000e+00 -7.381199485e-11 1.000000000e+01 1.000000000e+01 7.381199192e-11 
d 5.800000000e+00 5.800000000e+00 0.000000000e+00 0.000000000e+00 0.000000000e+00 -9.434857367e-11 1.000000000e+01 1.000000000e+01 9.434857581e-11 
d 6.000000000e+00 6.000000000e+00 0.000000000e+00 0.000000000e+00 0.000000000e+00 -1.187743090e-10 1.000000000e+01 1.000000000e+01 1.187743090e-10 
d 6.200000000e+00 6.200000000e+00 0.000000000e+00 0.000000000e+00 0.000000000e+00 -1.476340349e-10 1.000000000e+01 1.000000000e+01 1.476340348e-10 
d 6.400000000e+00 6.400000000e+00 0.000000000e+00 0.000000000e+00 0.000000000e+00 -1.815844597e-10 1.000000000e+01 1.000000000e+01 1.815844605e-10 
d 6.600000000e+00 6.600000000e+00 0.000000000e+00 0.000000000e+00 0.000000000e+00 -2.214269002e-10 1.000000000e+01 1.000000000e+01 2.214269006e-10 
d 6.800000000e+00 6.800000000e+00 0.000000000e+00 0.000000000e+00 0.000000000e+00 -2.681511576e-10 1.000000000e+01 1.000000000e+01 2.681511570e-10 
d 7.000000000e+00 7.000000000e+00 0.000000000e+00 0.000000000e+00 0.000000000e+00 -3.229951647e-10 1.000000000e+01 1.000000000e+01 3.229951673e-10 
d 7.200000000e+00 7.200000000e+00 0.000000000e+00 0.000000000e+00 0.000000000e+00 -3.875267837e-10 1.000000000e+01 1.000000000e+01 3.875267846e-10 
d 7.400000000e+00 7.400000000e+00 0.000000000e+00 0.000000000e+00 0.000000000e+00 -4.637561658e-10 1.000000000e+01 1.000000000e+01 4.637561677e-10 
d 7.600000000e+00 7.600000000e+00 0.000000000e+00 0.000000000e+00 0.000000000e+00 -5.542887231e-10 1.000000000e+01 1.000000000e+01 5.542887206e-10 
d 7.800000000e+00 7.800000000e+00 0.000000000e+00 0.000000000e+00 0.000000000e+00 -6.625276917e-10 1.000000000e+01 1.000000000e+01 6.625276935e-10 
d 8.000000000e+00 8.000000000e+00 0.000000000e+00 0.000000000e+00 0.000000000e+00 -7.929259703e-10 1.000000000e+01 1.000000000e+01 7.929259679e-10 
d 8.200000000e+00 8.200000000e+00 0.000000000e+00 0.000000000e+00 0.000000000e+00 -9.512587801e-10 1.000000000e+01 1.000000000e+01 9.512587785e-10 
d 8.400000000e+00 8.400000000e+00 0.000000000e+00 0.000000000e+00 0.000000000e+00 -1.144830129e-09 1.000000000e+01 1.000000000e+01 1.144830129e-09 
d 8.600000000e+00 8.600000000e+00 0.000000000e+00 0.000000000e+00 0.000000000e+00 -1.382448930e-09 1.000000000e+01 1.000000000e+01 1.382448934e-09 
d 8.800000000e+00 8.800000000e+00 0.000000000e+00 0.000000000e+00 0.000000000e+00 -1.673994504e-09 1.000000000e+01 1.000000000e+01 1.673994500e-09 
d 9.000000000e+00 9.000000000e+00 0.000000000e+00 0.000000000e+00 0.000000000e+00 -2.029557029e-09 1.000000000e+01 1.000000000e+01 2.029557032e-09 
d 9.200000000e+00 9.200000000e+00 0.000000000e+00 0.000000000e+00 0.000000000e+00 -2.458443162e-09 1.000000000e+01 1.000000000e+01 2.458443164e-09 
d 9.400000000e+00 9.400000000e+00 0.000000000e+00 0.000000000e+00 0.000000000e+00 -2.968468116e-09 1.000000000e+01 1.000000000e+01 2.968468115e-09 
d 9.600000000e+00 9.600000000e+00 0.000000000e+00 0.000000000e+00 0.000000000e+00 -3.565736832e-09 1.000000000e+01 1.000000000e+01 3.565736834e-09 
d 9.800000000e+00 9.800000000e+00 0.000000000e+00 0.000000000e+00 0.000000000e+00 -4.254810941e-09 1.000000000e+01 1.000000000e+01 4.254810939e-09 
d 1.000000000e+01 1.000000000e+01 0.000000000e+00 0.000000000e+00 0.000000000e+00 -5.039046033e-09 1.000000000e+01 1.000000000e+01 5.039046034e-09 
d 1.020000000e+01 1.020000000e+01 0.000000000e+00 0.000000000e+00 0.000000000e+00 -5.920940039e-09 1.000000000e+01 1.000000000e+01 5.920940038e-09 
d 1.040000000e+01 1.040000000e+01 0.000000000e+00 0.000000000e+00 0.000000000e+00 -6.902421738e-09 1.000000000e+01 1.000000000e+01 6.902421740e-09 
d 1.060000000e+01 1.060000000e+01 0.000000000e+00 0.000000000e+00 0.000000000e+00 -7.985065566e-09 1.000000000e+01 1.000000000e+01 7.985065564e-09 
d 1.080000000e+01 1.080000000e+01 0.000000000e+00 0.000000000e+00 0.000000000e+00 -9.170241929e-09 1.000000000e+01 1.000000000e+01 9.170165975e-09 
d 1.100000000e+01 1.100000000e+01 0.000000000e+00 0.000000000e+00 0.000000000e+00 -1.045921925e-08 1.000000000e+01 1.000000000e+01 1.045920068e-08 
d 1.120000000e+01 1.120000000e+01 0.000000000e+00 0.000000000e+00 0.000000000e+00 -1.185323522e-08 1.000000000e+01 1.000000000e+01 1.185323287e-08 
d 1.140000000e+01 1.140000000e+01 0.000000000e+00 0.000000000e+00 0.000000000e+00 -1.335355056e-08 1.000000000e+01 1.000000000e+01 1.335355033e-08 
d 1.160000000e+01 1.160000000e+01 0.000000000e+00 0.000000000e+00 0.000000000e+00 -1.496149349e-08 1.000000000e+01 1.000000000e+01 1.496149345e-08 
d 1.180000000e+01 1.180000000e+01 0.000000000e+00 0.000000000e+00 0.000000000e+00 -1.667849869e-08 1.000000000e+01 1.000000000e+01 1.667849869e-08 
d 1.200000000e+01 1.200000000e+01 0.000000000e+00 0.000000000e+00 0.000000000e+00 -1.850614143e-08 1.000000000e+01 1.000000000e+01 1.850614131e-08 
d 1.220000000e+01 1.220000000e+01 0.000000000e+00 0.000000000e+00 0.000000000e+00 -2.044616652e-08 1.000000000e+01 1.000000000e+01 2.044616613e-08 
d 1.240000000e+01 1.240000000e+01 0.000000000e+00 0.000000000e+00 0.000000000e+00 -2.250051185e-08 1.000000000e+01 1.000000000e+01 2.250051122e-08 
d 1.260000000e+01 1.260000000e+01 0.000000000e+00 0.000000000e+00 0.000000000e+00 -2.467132660e-08 1.000000000e+01 1.000000000e+01 2.467132598e-08 
d 1.280000000e+01 1.280000000e+01 0.000000000e+00 0.000000000e+00 0.000000000e+00 -2.696098512e-08 1.000000000e+01 1.000000000e+01 2.696098488e-08 
d 1.300000000e+01 1.300000000e+01 0.000000000e+00 0.000000000e+00 0.000000000e+00 -2.937209742e-08 1.000000000e+01 1.000000000e+01 2.937209739e-08 
d 1.320000000e+01 1.320000000e+01 0.000000000e+00 0.000000000e+00 0.000000000e+00 -3.190751927e-08 1.000000000e+01 1.000000000e+01 3.190751831e-08 
d 1.340000000e+01 1.340000000e+01 0.000000000e+00 0.000000000e+00 0.000000000e+00 -3.457036733e-08 1.000000000e+01 1.000000000e+01 3.457036624e-08 
d 1.360000000e+01 1.360000000e+01 0.000000000e+00 0.000000000e+00 0.000000000e+00 -3.736404523e-08 1.000000000e+01 1.000000000e+01 3.736404059e-08 
d 1.380000000e+01 1.380000000e+01 0.000000000e+00 0.000000000e+00 0.000000000e+00 -4.029228175e-08 1.000000000e+01 1.000000000e+01 4.029224660e-08 
d 1.400000000e+01 1.400000000e+01 0.000000000e+00 0.000000000e+00 0.000000000e+00 -4.335917196e-08 1.000000000e+01 1.000000000e+01 4.335909646e-08 
d 1.420000000e+01 1.420000000e+01 0.000000000e+00 0.000000000e+00 0.000000000e+00 -4.656920964e-08 1.000000000e+01 1.000000000e+01 4.656913703e-08 
d 1.440000000e+01 1.440000000e+01 0.000000000e+00 0.000000000e+00 0.000000000e+00 -4.992731063e-08 1.000000000e+01 1.000000000e+01 4.992726858e-08 
d 1.460000000e+01 1.460000000e+01 0.000000000e+00 0.000000000e+00 0.000000000e+00 -5.343883594e-08 1.000000000e+01 1.000000000e+01 5.343881787e-08 
d 1.480000000e+01 1.480000000e+01 0.000000000e+00 0.000000000e+00 0.000000000e+00 -5.710961943e-08 1.000000000e+01 1.000000000e+01 5.710961285e-08 
d 1.500000000e+01 1.500000000e+01 0.000000000e+00 0.000000000e+00 0.000000000e+00 -6.094600043e-08 1.000000000e+01 1.000000000e+01 6.094599824e-08 
d 1.520000000e+01 1.520000000e+01 0.000000000e+00 0.000000000e+00 0.000000000e+00 -6.495485948e-08 1.000000000e+01 1.000000000e+01 6.495485879e-08 
d 1.540000000e+01 1.540000000e+01 0.000000000e+00 0.000000000e+00 0.000000000e+00 -6.914365528e-08 1.000000000e+01 1.000000000e+01 6.914365506e-08 
d 1.560000000e+01 1.560000000e+01 0.000000000e+00 0.000000000e+00 0.000000000e+00 -7.352046115e-08 1.000000000e+01 1.000000000e+01 7.352046109e-08 
d 1.580000000e+01 1.580000000e+01 0.000000000e+00 0.000000000e+00 0.000000000e+00 -7.809399896e-08 1.000000000e+01 1.000000000e+01 7.809399895e-08 
d 1.600000000e+01 1.600000000e+01 0.000000000e+00 0.000000000e+00 0.000000000e+00 -8.287366783e-08 1.000000000e+01 1.000000000e+01 8.287366782e-08 
d 1.620000000e+01 1.620000000e+01 0.000000000e+00 0.000000000e+00 0.000000000e+00 -8.786956437e-08 1.000000000e+01 1.000000000e+01 8.786956437e-08 
d 1.640000000e+01 1.640000000e+01 0.000000000e+00 0.000000000e+00 0.000000000e+00 -9.309248999e-08 1.000000000e+01 1.000000000e+01 9.309248999e-08 
d 1.660000000e+01 1.660000000e+01 0.000000000e+00 0.000000000e+00 0.000000000e+00 -9.855393996e-08 1.000000000e+01 1.000000000e+01 9.855393996e-08 
d 1.680000000e+01 1.680000000e+01 0.000000000e+00 0.000000000e+00 0.000000000e+00 -1.042660679e-07 1.000000000e+01 1.000000000e+01 1.042660679e-07 
d 1.700000000e+01 1.700000000e+01 0.000000000e+00 0.000000000e+00 0.000000000e+00 -1.102416187e-07 1.000000000e+01 1.000000000e+01 1.102416187e-07 
d 1.720000000e+01 1.720000000e+01 0.000000000e+00 0.000000000e+00 0.000000000e+00 -1.164938241e-07 1.000000000e+01 1.000000000e+01 1.164938241e-07 
d 1.740000000e+01 1.740000000e+01 0.000000000e+00 0.000000000e+00 0.000000000e+00 -1.230362552e-07 1.000000000e+01 1.000000000e+01 1.230362552e-07 
d 1.760000000e+01 1.760000000e+01 0.000000000e+00 0.000000000e+00 0.000000000e+00 -1.298826324e-07 1.000000000e+01 1.000000000e+01 1.298826324e-07 
d 1.780000000e+01 1.780000000e+01 0.000000000e+00 0.000000000e+00 0.000000000e+00 -1.370466007e-07 1.000000000e+01 1.000000000e+01 1.370466007e-07 
d 1.800000000e+01 1.800000000e+01 0.000000000e+00 0.000000000e+00 0.000000000e+00 -1.445414905e-07 1.000000000e+01 1.000000000e+01 1.445414905e-07 
d 1.820000000e+01 1.820000000e+01 0.000000000e+00 0.000000000e+00 0.000000000e+00 -1.523800951e-07 1.000000000e+01 1.000000000e+01 1.523800951e-07 
d 1.840000000e+01 1.840000000e+01 0.000000000e+00 0.000000000e+00 0.000000000e+00 -1.605744980e-07 1.000000000e+01 1.000000000e+01 1.605744980e-07 
d 1.860000000e+01 1.860000000e+01 0.000000000e+00 0.000000000e+00 0.000000000e+00 -1.691359710e-07 1.000000000e+01 1.000000000e+01 1.691359710e-07 
d 1.880000000e+01 1.880000000e+01 0.000000000e+00 0.000000000e+00 0.000000000e+00 -1.780749345e-07 1.000000000e+01 1.000000000e+01 1.780749343e-07 
d 1.900000000e+01 1.900000000e+01 0.000000000e+00 0.000000000e+00 0.000000000e+00 -1.874009481e-07 1.000000000e+01 1.000000000e+01 1.874009478e-07 
d 1.920000000e+01 1.920000000e+01 0.000000000e+00 0.000000000e+00 0.000000000e+00 -1.971226961e-07 1.000000000e+01 1.000000000e+01 1.971226957e-07 
d 1.940000000e+01 1.940000000e+01 0.000000000e+00 0.000000000e+00 0.000000000e+00 -2.072479509e-07 1.000000000e+01 1.000000000e+01 2.072479505e-07 
d 1.960000000e+01 1.960000000e+01 0.000000000e+00 0.000000000e+00 0.000000000e+00 -2.177835249e-07 1.000000000e+01 1.000000000e+01 2.177835246e-07 
d 1.980000000e+01 1.980000000e+01 0.000000000e+00 0.000000000e+00 0.000000000e+00 -2.287352292e-07 1.000000000e+01 1.000000000e+01 2.287352290e-07 
d 2.000000000e+01 2.000000000e+01 0.000000000e+00 0.000000000e+00 0.000000000e+00 -2.401078557e-07 1.000000000e+01 1.000000000e+01 2.401078555e-07 
