v ATLAS
# This file was created by ATLAS version 5.24.1.R on Mon May 11 11:42:31 2020.
#SSF 2.0 generic
##############################################################################
#                    Copyright (c) 1984 - 2017                               #
#                    Silvaco Inc. All rights reserved                        #
#                                                                            #
# This file format and the following Key are copyright Silvaco Inc.          #
# You may not use, this format or key without reproducing this message in    #
# full and obtaining express written permission from Silvaco Inc.            #
#                                                                            #
# To obtain such permission please contact: Silvaco Inc.                     #
#                                           support@silvaco.com              #
#                                                                            #
# KEY=SVC86hn7562asdx                       PROD=345                         #
##############################################################################
y 3 700 711 15
z 51 1e+41 300
f 3 "gate" "source" "drain" 
p 9 2 601 20 3 602 21 4 603 22 
d 2.000000000e-01 2.000000000e-01 0.000000000e+00 0.000000000e+00 0.000000000e+00 -1.161754798e-14 1.000000000e+01 1.000000000e+01 1.161802562e-14 
d 3.000000000e-01 3.000000000e-01 0.000000000e+00 0.000000000e+00 0.000000000e+00 -2.699746149e-14 1.000000000e+01 1.000000000e+01 2.699459341e-14 
d 3.500000000e-01 3.500000000e-01 0.000000000e+00 0.000000000e+00 0.000000000e+00 -4.018228884e-14 1.000000000e+01 1.000000000e+01 4.018442492e-14 
d 4.000000000e-01 4.000000000e-01 0.000000000e+00 0.000000000e+00 0.000000000e+00 -5.809442651e-14 1.000000000e+01 1.000000000e+01 5.809563908e-14 
d 4.500000000e-01 4.500000000e-01 0.000000000e+00 0.000000000e+00 0.000000000e+00 -8.163621078e-14 1.000000000e+01 1.000000000e+01 8.163809009e-14 
d 5.000000000e-01 5.000000000e-01 0.000000000e+00 0.000000000e+00 0.000000000e+00 -1.118580139e-13 1.000000000e+01 1.000000000e+01 1.118593923e-13 
d 5.500000000e-01 5.500000000e-01 0.000000000e+00 0.000000000e+00 0.000000000e+00 -1.501113254e-13 1.000000000e+01 1.000000000e+01 1.501118566e-13 
d 6.000000000e-01 6.000000000e-01 0.000000000e+00 0.000000000e+00 0.000000000e+00 -1.980570327e-13 1.000000000e+01 1.000000000e+01 1.980555078e-13 
d 8.000000000e-01 8.000000000e-01 0.000000000e+00 0.000000000e+00 0.000000000e+00 -5.442180475e-13 1.000000000e+01 1.000000000e+01 5.416221698e-13 
d 9.000000000e-01 9.000000000e-01 0.000000000e+00 0.000000000e+00 0.000000000e+00 -8.902376490e-13 1.000000000e+01 1.000000000e+01 8.902865064e-13 
d 9.500000000e-01 9.500000000e-01 0.000000000e+00 0.000000000e+00 0.000000000e+00 -1.147150096e-12 1.000000000e+01 1.000000000e+01 1.147101172e-12 
d 1.000000000e+00 1.000000000e+00 0.000000000e+00 0.000000000e+00 0.000000000e+00 -1.490212418e-12 1.000000000e+01 1.000000000e+01 1.490212353e-12 
d 1.200000000e+00 1.200000000e+00 0.000000000e+00 0.000000000e+00 0.000000000e+00 -4.456488452e-12 1.000000000e+01 1.000000000e+01 4.456487892e-12 
d 1.400000000e+00 1.400000000e+00 0.000000000e+00 0.000000000e+00 0.000000000e+00 -1.189565512e-11 1.000000000e+01 1.000000000e+01 1.189565650e-11 
d 1.600000000e+00 1.600000000e+00 0.000000000e+00 0.000000000e+00 0.000000000e+00 -2.624096563e-11 1.000000000e+01 1.000000000e+01 2.624092832e-11 
d 1.800000000e+00 1.800000000e+00 0.000000000e+00 0.000000000e+00 0.000000000e+00 -5.049304259e-11 1.000000000e+01 1.000000000e+01 5.049304379e-11 
d 2.000000000e+00 2.000000000e+00 0.000000000e+00 0.000000000e+00 0.000000000e+00 -8.935365835e-11 1.000000000e+01 1.000000000e+01 8.935365850e-11 
d 2.200000000e+00 2.200000000e+00 0.000000000e+00 0.000000000e+00 0.000000000e+00 -1.511722553e-10 1.000000000e+01 1.000000000e+01 1.511722554e-10 
d 2.400000000e+00 2.400000000e+00 0.000000000e+00 0.000000000e+00 0.000000000e+00 -2.523588879e-10 1.000000000e+01 1.000000000e+01 2.523587755e-10 
d 2.600000000e+00 2.600000000e+00 0.000000000e+00 0.000000000e+00 0.000000000e+00 -4.270134613e-10 1.000000000e+01 1.000000000e+01 4.270134612e-10 
d 2.800000000e+00 2.800000000e+00 0.000000000e+00 0.000000000e+00 0.000000000e+00 -7.376181255e-10 1.000000000e+01 1.000000000e+01 7.376181268e-10 
d 3.000000000e+00 3.000000000e+00 0.000000000e+00 0.000000000e+00 0.000000000e+00 -1.258755552e-09 1.000000000e+01 1.000000000e+01 1.258755552e-09 
d 3.200000000e+00 3.200000000e+00 0.000000000e+00 0.000000000e+00 0.000000000e+00 -2.041465440e-09 1.000000000e+01 1.000000000e+01 2.041465377e-09 
d 3.400000000e+00 3.400000000e+00 0.000000000e+00 0.000000000e+00 0.000000000e+00 -3.111554381e-09 1.000000000e+01 1.000000000e+01 3.111554337e-09 
d 3.600000000e+00 3.600000000e+00 0.000000000e+00 0.000000000e+00 0.000000000e+00 -4.484672631e-09 1.000000000e+01 1.000000000e+01 4.484672625e-09 
d 3.800000000e+00 3.800000000e+00 0.000000000e+00 0.000000000e+00 0.000000000e+00 -6.175146987e-09 1.000000000e+01 1.000000000e+01 6.175146987e-09 
d 4.000000000e+00 4.000000000e+00 0.000000000e+00 0.000000000e+00 0.000000000e+00 -8.199836244e-09 1.000000000e+01 1.000000000e+01 8.199836244e-09 
d 4.200000000e+00 4.200000000e+00 0.000000000e+00 0.000000000e+00 0.000000000e+00 -1.058022582e-08 1.000000000e+01 1.000000000e+01 1.058022582e-08 
d 4.400000000e+00 4.400000000e+00 0.000000000e+00 0.000000000e+00 0.000000000e+00 -1.334410624e-08 1.000000000e+01 1.000000000e+01 1.334407662e-08 
d 4.600000000e+00 4.600000000e+00 0.000000000e+00 0.000000000e+00 0.000000000e+00 -1.652737182e-08 1.000000000e+01 1.000000000e+01 1.652736384e-08 
d 4.800000000e+00 4.800000000e+00 0.000000000e+00 0.000000000e+00 0.000000000e+00 -2.017621773e-08 1.000000000e+01 1.000000000e+01 2.017621572e-08 
d 5.000000000e+00 5.000000000e+00 0.000000000e+00 0.000000000e+00 0.000000000e+00 -2.434991418e-08 1.000000000e+01 1.000000000e+01 2.434991376e-08 
d 5.200000000e+00 5.200000000e+00 0.000000000e+00 0.000000000e+00 0.000000000e+00 -2.912418892e-08 1.000000000e+01 1.000000000e+01 2.912418886e-08 
d 5.400000000e+00 5.400000000e+00 0.000000000e+00 0.000000000e+00 0.000000000e+00 -3.459488550e-08 1.000000000e+01 1.000000000e+01 3.459488550e-08 
d 5.600000000e+00 5.600000000e+00 0.000000000e+00 0.000000000e+00 0.000000000e+00 -4.088074709e-08 1.000000000e+01 1.000000000e+01 4.088074709e-08 
d 5.800000000e+00 5.800000000e+00 0.000000000e+00 0.000000000e+00 0.000000000e+00 -4.812282339e-08 1.000000000e+01 1.000000000e+01 4.812282338e-08 
d 6.000000000e+00 6.000000000e+00 0.000000000e+00 0.000000000e+00 0.000000000e+00 -5.647697379e-08 1.000000000e+01 1.000000000e+01 5.647697376e-08 
d 6.200000000e+00 6.200000000e+00 0.000000000e+00 0.000000000e+00 0.000000000e+00 -6.609780349e-08 1.000000000e+01 1.000000000e+01 6.609780340e-08 
d 6.400000000e+00 6.400000000e+00 0.000000000e+00 0.000000000e+00 0.000000000e+00 -7.711868038e-08 1.000000000e+01 1.000000000e+01 7.711868015e-08 
d 6.600000000e+00 6.600000000e+00 0.000000000e+00 0.000000000e+00 0.000000000e+00 -8.963776067e-08 1.000000000e+01 1.000000000e+01 8.963776032e-08 
d 6.800000000e+00 6.800000000e+00 0.000000000e+00 0.000000000e+00 0.000000000e+00 -1.037161881e-07 1.000000000e+01 1.000000000e+01 1.037161877e-07 
d 7.000000000e+00 7.000000000e+00 0.000000000e+00 0.000000000e+00 0.000000000e+00 -1.193856808e-07 1.000000000e+01 1.000000000e+01 1.193856805e-07 
d 7.200000000e+00 7.200000000e+00 0.000000000e+00 0.000000000e+00 0.000000000e+00 -1.366589269e-07 1.000000000e+01 1.000000000e+01 1.366589267e-07 
d 7.400000000e+00 7.400000000e+00 0.000000000e+00 0.000000000e+00 0.000000000e+00 -1.555384936e-07 1.000000000e+01 1.000000000e+01 1.555384936e-07 
d 7.600000000e+00 7.600000000e+00 0.000000000e+00 0.000000000e+00 0.000000000e+00 -1.760230875e-07 1.000000000e+01 1.000000000e+01 1.760230882e-07 
d 7.800000000e+00 7.800000000e+00 0.000000000e+00 0.000000000e+00 0.000000000e+00 -1.981115089e-07 1.000000000e+01 1.000000000e+01 1.981115103e-07 
d 8.000000000e+00 8.000000000e+00 0.000000000e+00 0.000000000e+00 0.000000000e+00 -2.218049252e-07 1.000000000e+01 1.000000000e+01 2.218049252e-07 
d 8.200000000e+00 8.200000000e+00 0.000000000e+00 0.000000000e+00 0.000000000e+00 -2.471080093e-07 1.000000000e+01 1.000000000e+01 2.471080006e-07 
d 8.400000000e+00 8.400000000e+00 0.000000000e+00 0.000000000e+00 0.000000000e+00 -2.740292709e-07 1.000000000e+01 1.000000000e+01 2.740292629e-07 
d 8.600000000e+00 8.600000000e+00 0.000000000e+00 0.000000000e+00 0.000000000e+00 -3.025811899e-07 1.000000000e+01 1.000000000e+01 3.025811816e-07 
d 8.800000000e+00 8.800000000e+00 0.000000000e+00 0.000000000e+00 0.000000000e+00 -3.327801521e-07 1.000000000e+01 1.000000000e+01 3.327801406e-07 
d 9.000000000e+00 9.000000000e+00 0.000000000e+00 0.000000000e+00 0.000000000e+00 -3.646466099e-07 1.000000000e+01 1.000000000e+01 3.646465978e-07 
d 9.200000000e+00 9.200000000e+00 0.000000000e+00 0.000000000e+00 0.000000000e+00 -3.982053737e-07 1.000000000e+01 1.000000000e+01 3.982053626e-07 
d 9.400000000e+00 9.400000000e+00 0.000000000e+00 0.000000000e+00 0.000000000e+00 -4.334859053e-07 1.000000000e+01 1.000000000e+01 4.334859034e-07 
d 9.600000000e+00 9.600000000e+00 0.000000000e+00 0.000000000e+00 0.000000000e+00 -4.705224351e-07 1.000000000e+01 1.000000000e+01 4.705224915e-07 
d 9.800000000e+00 9.800000000e+00 0.000000000e+00 0.000000000e+00 0.000000000e+00 -5.093537742e-07 1.000000000e+01 1.000000000e+01 5.093537742e-07 
d 1.000000000e+01 1.000000000e+01 0.000000000e+00 0.000000000e+00 0.000000000e+00 -5.500228733e-07 1.000000000e+01 1.000000000e+01 5.500228733e-07 
d 1.020000000e+01 1.020000000e+01 0.000000000e+00 0.000000000e+00 0.000000000e+00 -5.925761695e-07 1.000000000e+01 1.000000000e+01 5.925761695e-07 
d 1.040000000e+01 1.040000000e+01 0.000000000e+00 0.000000000e+00 0.000000000e+00 -6.370630748e-07 1.000000000e+01 1.000000000e+01 6.370630748e-07 
d 1.060000000e+01 1.060000000e+01 0.000000000e+00 0.000000000e+00 0.000000000e+00 -6.835353766e-07 1.000000000e+01 1.000000000e+01 6.835353766e-07 
d 1.080000000e+01 1.080000000e+01 0.000000000e+00 0.000000000e+00 0.000000000e+00 -7.320464378e-07 1.000000000e+01 1.000000000e+01 7.320464378e-07 
d 1.100000000e+01 1.100000000e+01 0.000000000e+00 0.000000000e+00 0.000000000e+00 -7.826509186e-07 1.000000000e+01 1.000000000e+01 7.826509185e-07 
d 1.120000000e+01 1.120000000e+01 0.000000000e+00 0.000000000e+00 0.000000000e+00 -8.354060813e-07 1.000000000e+01 1.000000000e+01 8.354060811e-07 
d 1.140000000e+01 1.140000000e+01 0.000000000e+00 0.000000000e+00 0.000000000e+00 -8.903734720e-07 1.000000000e+01 1.000000000e+01 8.903731269e-07 
d 1.160000000e+01 1.160000000e+01 0.000000000e+00 0.000000000e+00 0.000000000e+00 -9.476206687e-07 1.000000000e+01 1.000000000e+01 9.476206504e-07 
d 1.180000000e+01 1.180000000e+01 0.000000000e+00 0.000000000e+00 0.000000000e+00 -1.007222551e-06 1.000000000e+01 1.000000000e+01 1.007222546e-06 
d 1.200000000e+01 1.200000000e+01 0.000000000e+00 0.000000000e+00 0.000000000e+00 -1.069261077e-06 1.000000000e+01 1.000000000e+01 1.069261073e-06 
d 1.220000000e+01 1.220000000e+01 0.000000000e+00 0.000000000e+00 0.000000000e+00 -1.133823293e-06 1.000000000e+01 1.000000000e+01 1.133823279e-06 
d 1.240000000e+01 1.240000000e+01 0.000000000e+00 0.000000000e+00 0.000000000e+00 -1.200997583e-06 1.000000000e+01 1.000000000e+01 1.200997571e-06 
d 1.260000000e+01 1.260000000e+01 0.000000000e+00 0.000000000e+00 0.000000000e+00 -1.270870813e-06 1.000000000e+01 1.000000000e+01 1.270870734e-06 
d 1.280000000e+01 1.280000000e+01 0.000000000e+00 0.000000000e+00 0.000000000e+00 -1.343531824e-06 1.000000000e+01 1.000000000e+01 1.343530274e-06 
d 1.300000000e+01 1.300000000e+01 0.000000000e+00 0.000000000e+00 0.000000000e+00 -1.419078000e-06 1.000000000e+01 1.000000000e+01 1.419078000e-06 
d 1.320000000e+01 1.320000000e+01 0.000000000e+00 0.000000000e+00 0.000000000e+00 -1.497614750e-06 1.000000000e+01 1.000000000e+01 1.497614750e-06 
d 1.340000000e+01 1.340000000e+01 0.000000000e+00 0.000000000e+00 0.000000000e+00 -1.579250581e-06 1.000000000e+01 1.000000000e+01 1.579250225e-06 
d 1.360000000e+01 1.360000000e+01 0.000000000e+00 0.000000000e+00 0.000000000e+00 -1.664093784e-06 1.000000000e+01 1.000000000e+01 1.664093699e-06 
d 1.380000000e+01 1.380000000e+01 0.000000000e+00 0.000000000e+00 0.000000000e+00 -1.752250739e-06 1.000000000e+01 1.000000000e+01 1.752250716e-06 
d 1.400000000e+01 1.400000000e+01 0.000000000e+00 0.000000000e+00 0.000000000e+00 -1.843824507e-06 1.000000000e+01 1.000000000e+01 1.843824498e-06 
d 1.420000000e+01 1.420000000e+01 0.000000000e+00 0.000000000e+00 0.000000000e+00 -1.938913352e-06 1.000000000e+01 1.000000000e+01 1.938913347e-06 
d 1.440000000e+01 1.440000000e+01 0.000000000e+00 0.000000000e+00 0.000000000e+00 -2.037609000e-06 1.000000000e+01 1.000000000e+01 2.037608996e-06 
d 1.460000000e+01 1.460000000e+01 0.000000000e+00 0.000000000e+00 0.000000000e+00 -2.139994607e-06 1.000000000e+01 1.000000000e+01 2.139994604e-06 
d 1.480000000e+01 1.480000000e+01 0.000000000e+00 0.000000000e+00 0.000000000e+00 -2.246142486e-06 1.000000000e+01 1.000000000e+01 2.246142483e-06 
d 1.500000000e+01 1.500000000e+01 0.000000000e+00 0.000000000e+00 0.000000000e+00 -2.356111740e-06 1.000000000e+01 1.000000000e+01 2.356111737e-06 
d 1.520000000e+01 1.520000000e+01 0.000000000e+00 0.000000000e+00 0.000000000e+00 -2.469946189e-06 1.000000000e+01 1.000000000e+01 2.469946187e-06 
d 1.540000000e+01 1.540000000e+01 0.000000000e+00 0.000000000e+00 0.000000000e+00 -2.587673436e-06 1.000000000e+01 1.000000000e+01 2.587673433e-06 
d 1.560000000e+01 1.560000000e+01 0.000000000e+00 0.000000000e+00 0.000000000e+00 -2.709306585e-06 1.000000000e+01 1.000000000e+01 2.709306583e-06 
d 1.580000000e+01 1.580000000e+01 0.000000000e+00 0.000000000e+00 0.000000000e+00 -2.834850051e-06 1.000000000e+01 1.000000000e+01 2.834850049e-06 
d 1.600000000e+01 1.600000000e+01 0.000000000e+00 0.000000000e+00 0.000000000e+00 -2.964308951e-06 1.000000000e+01 1.000000000e+01 2.964308949e-06 
d 1.620000000e+01 1.620000000e+01 0.000000000e+00 0.000000000e+00 0.000000000e+00 -3.097699262e-06 1.000000000e+01 1.000000000e+01 3.097699259e-06 
d 1.640000000e+01 1.640000000e+01 0.000000000e+00 0.000000000e+00 0.000000000e+00 -3.235055293e-06 1.000000000e+01 1.000000000e+01 3.235055290e-06 
d 1.660000000e+01 1.660000000e+01 0.000000000e+00 0.000000000e+00 0.000000000e+00 -3.376432351e-06 1.000000000e+01 1.000000000e+01 3.376432348e-06 
d 1.680000000e+01 1.680000000e+01 0.000000000e+00 0.000000000e+00 0.000000000e+00 -3.521904641e-06 1.000000000e+01 1.000000000e+01 3.521904639e-06 
d 1.700000000e+01 1.700000000e+01 0.000000000e+00 0.000000000e+00 0.000000000e+00 -3.671560371e-06 1.000000000e+01 1.000000000e+01 3.671560369e-06 
d 1.720000000e+01 1.720000000e+01 0.000000000e+00 0.000000000e+00 0.000000000e+00 -3.825496372e-06 1.000000000e+01 1.000000000e+01 3.825496371e-06 
d 1.740000000e+01 1.740000000e+01 0.000000000e+00 0.000000000e+00 0.000000000e+00 -3.983813624e-06 1.000000000e+01 1.000000000e+01 3.983813623e-06 
d 1.760000000e+01 1.760000000e+01 0.000000000e+00 0.000000000e+00 0.000000000e+00 -4.146614024e-06 1.000000000e+01 1.000000000e+01 4.146614022e-06 
d 1.780000000e+01 1.780000000e+01 0.000000000e+00 0.000000000e+00 0.000000000e+00 -4.313998256e-06 1.000000000e+01 1.000000000e+01 4.313998255e-06 
d 1.800000000e+01 1.800000000e+01 0.000000000e+00 0.000000000e+00 0.000000000e+00 -4.486064463e-06 1.000000000e+01 1.000000000e+01 4.486064462e-06 
d 1.820000000e+01 1.820000000e+01 0.000000000e+00 0.000000000e+00 0.000000000e+00 -4.662907453e-06 1.000000000e+01 1.000000000e+01 4.662907452e-06 
d 1.840000000e+01 1.840000000e+01 0.000000000e+00 0.000000000e+00 0.000000000e+00 -4.844618244e-06 1.000000000e+01 1.000000000e+01 4.844618243e-06 
d 1.860000000e+01 1.860000000e+01 0.000000000e+00 0.000000000e+00 0.000000000e+00 -5.031283826e-06 1.000000000e+01 1.000000000e+01 5.031283825e-06 
d 1.880000000e+01 1.880000000e+01 0.000000000e+00 0.000000000e+00 0.000000000e+00 -5.222987040e-06 1.000000000e+01 1.000000000e+01 5.222987039e-06 
d 1.900000000e+01 1.900000000e+01 0.000000000e+00 0.000000000e+00 0.000000000e+00 -5.419806530e-06 1.000000000e+01 1.000000000e+01 5.419806529e-06 
d 1.920000000e+01 1.920000000e+01 0.000000000e+00 0.000000000e+00 0.000000000e+00 -5.621816728e-06 1.000000000e+01 1.000000000e+01 5.621816728e-06 
d 1.940000000e+01 1.940000000e+01 0.000000000e+00 0.000000000e+00 0.000000000e+00 -5.829087857e-06 1.000000000e+01 1.000000000e+01 5.829087857e-06 
d 1.960000000e+01 1.960000000e+01 0.000000000e+00 0.000000000e+00 0.000000000e+00 -6.041685934e-06 1.000000000e+01 1.000000000e+01 6.041685933e-06 
d 1.980000000e+01 1.980000000e+01 0.000000000e+00 0.000000000e+00 0.000000000e+00 -6.259672772e-06 1.000000000e+01 1.000000000e+01 6.259672771e-06 
d 2.000000000e+01 2.000000000e+01 0.000000000e+00 0.000000000e+00 0.000000000e+00 -6.483105976e-06 1.000000000e+01 1.000000000e+01 6.483105976e-06 
