v ATLAS
# This file was created by ATLAS version 5.24.1.R on Mon May 11 12:09:52 2020.
#SSF 2.0 generic
##############################################################################
#                    Copyright (c) 1984 - 2017                               #
#                    Silvaco Inc. All rights reserved                        #
#                                                                            #
# This file format and the following Key are copyright Silvaco Inc.          #
# You may not use, this format or key without reproducing this message in    #
# full and obtaining express written permission from Silvaco Inc.            #
#                                                                            #
# To obtain such permission please contact: Silvaco Inc.                     #
#                                           support@silvaco.com              #
#                                                                            #
# KEY=SVC86hn7562asdx                       PROD=345                         #
##############################################################################
y 3 700 711 15
z 51 1e+41 300
f 3 "gate" "source" "drain" 
p 9 2 601 20 3 602 21 4 603 22 
d 2.000000000e-01 2.000000000e-01 0.000000000e+00 0.000000000e+00 0.000000000e+00 -1.998983128e-15 1.000000000e+01 1.000000000e+01 2.000185075e-15 
d 4.000000000e-01 4.000000000e-01 0.000000000e+00 0.000000000e+00 0.000000000e+00 -2.751580653e-15 1.000000000e+01 1.000000000e+01 2.750895835e-15 
d 6.000000000e-01 6.000000000e-01 0.000000000e+00 0.000000000e+00 0.000000000e+00 -4.436723600e-15 1.000000000e+01 1.000000000e+01 4.440488166e-15 
d 8.000000000e-01 8.000000000e-01 0.000000000e+00 0.000000000e+00 0.000000000e+00 -8.590869667e-15 1.000000000e+01 1.000000000e+01 8.594996301e-15 
d 1.000000000e+00 1.000000000e+00 0.000000000e+00 0.000000000e+00 0.000000000e+00 -2.131188145e-14 1.000000000e+01 1.000000000e+01 2.130971715e-14 
d 1.200000000e+00 1.200000000e+00 0.000000000e+00 0.000000000e+00 0.000000000e+00 -5.654304020e-14 1.000000000e+01 1.000000000e+01 5.653142664e-14 
d 1.400000000e+00 1.400000000e+00 0.000000000e+00 0.000000000e+00 0.000000000e+00 -1.292370693e-13 1.000000000e+01 1.000000000e+01 1.292381936e-13 
d 1.600000000e+00 1.600000000e+00 0.000000000e+00 0.000000000e+00 0.000000000e+00 -2.561920207e-13 1.000000000e+01 1.000000000e+01 2.561906301e-13 
d 1.800000000e+00 1.800000000e+00 0.000000000e+00 0.000000000e+00 0.000000000e+00 -4.630407689e-13 1.000000000e+01 1.000000000e+01 4.630437025e-13 
d 2.000000000e+00 2.000000000e+00 0.000000000e+00 0.000000000e+00 0.000000000e+00 -7.949088488e-13 1.000000000e+01 1.000000000e+01 7.949065215e-13 
d 2.200000000e+00 2.200000000e+00 0.000000000e+00 0.000000000e+00 0.000000000e+00 -1.341156896e-12 1.000000000e+01 1.000000000e+01 1.341156925e-12 
d 2.400000000e+00 2.400000000e+00 0.000000000e+00 0.000000000e+00 0.000000000e+00 -2.298153181e-12 1.000000000e+01 1.000000000e+01 2.298044822e-12 
d 2.600000000e+00 2.600000000e+00 0.000000000e+00 0.000000000e+00 0.000000000e+00 -4.091727874e-12 1.000000000e+01 1.000000000e+01 4.091507357e-12 
d 2.800000000e+00 2.800000000e+00 0.000000000e+00 0.000000000e+00 0.000000000e+00 -7.418310647e-12 1.000000000e+01 1.000000000e+01 7.418309387e-12 
d 3.000000000e+00 3.000000000e+00 0.000000000e+00 0.000000000e+00 0.000000000e+00 -1.302058704e-11 1.000000000e+01 1.000000000e+01 1.302051378e-11 
d 3.200000000e+00 3.200000000e+00 0.000000000e+00 0.000000000e+00 0.000000000e+00 -2.154748472e-11 1.000000000e+01 1.000000000e+01 2.154615809e-11 
d 3.400000000e+00 3.400000000e+00 0.000000000e+00 0.000000000e+00 0.000000000e+00 -3.362611950e-11 1.000000000e+01 1.000000000e+01 3.362611903e-11 
d 3.600000000e+00 3.600000000e+00 0.000000000e+00 0.000000000e+00 0.000000000e+00 -4.995322942e-11 1.000000000e+01 1.000000000e+01 4.995323132e-11 
d 3.800000000e+00 3.800000000e+00 0.000000000e+00 0.000000000e+00 0.000000000e+00 -7.136845899e-11 1.000000000e+01 1.000000000e+01 7.136845984e-11 
d 4.000000000e+00 4.000000000e+00 0.000000000e+00 0.000000000e+00 0.000000000e+00 -9.893246632e-11 1.000000000e+01 1.000000000e+01 9.893243772e-11 
d 4.200000000e+00 4.200000000e+00 0.000000000e+00 0.000000000e+00 0.000000000e+00 -1.340307094e-10 1.000000000e+01 1.000000000e+01 1.340307086e-10 
d 4.400000000e+00 4.400000000e+00 0.000000000e+00 0.000000000e+00 0.000000000e+00 -1.785255192e-10 1.000000000e+01 1.000000000e+01 1.785254666e-10 
d 4.600000000e+00 4.600000000e+00 0.000000000e+00 0.000000000e+00 0.000000000e+00 -2.349898635e-10 1.000000000e+01 1.000000000e+01 2.349898582e-10 
d 4.800000000e+00 4.800000000e+00 0.000000000e+00 0.000000000e+00 0.000000000e+00 -3.070763810e-10 1.000000000e+01 1.000000000e+01 3.070763807e-10 
d 5.000000000e+00 5.000000000e+00 0.000000000e+00 0.000000000e+00 0.000000000e+00 -4.001022984e-10 1.000000000e+01 1.000000000e+01 4.001022981e-10 
d 5.200000000e+00 5.200000000e+00 0.000000000e+00 0.000000000e+00 0.000000000e+00 -5.219413317e-10 1.000000000e+01 1.000000000e+01 5.219413333e-10 
d 5.400000000e+00 5.400000000e+00 0.000000000e+00 0.000000000e+00 0.000000000e+00 -6.842078748e-10 1.000000000e+01 1.000000000e+01 6.842078758e-10 
d 5.600000000e+00 5.600000000e+00 0.000000000e+00 0.000000000e+00 0.000000000e+00 -9.032585999e-10 1.000000000e+01 1.000000000e+01 9.032585994e-10 
d 5.800000000e+00 5.800000000e+00 0.000000000e+00 0.000000000e+00 0.000000000e+00 -1.199696492e-09 1.000000000e+01 1.000000000e+01 1.199696493e-09 
d 6.000000000e+00 6.000000000e+00 0.000000000e+00 0.000000000e+00 0.000000000e+00 -1.595243593e-09 1.000000000e+01 1.000000000e+01 1.595243593e-09 
d 6.200000000e+00 6.200000000e+00 0.000000000e+00 0.000000000e+00 0.000000000e+00 -2.108558747e-09 1.000000000e+01 1.000000000e+01 2.108558748e-09 
d 6.400000000e+00 6.400000000e+00 0.000000000e+00 0.000000000e+00 0.000000000e+00 -2.753164160e-09 1.000000000e+01 1.000000000e+01 2.753164161e-09 
d 6.600000000e+00 6.600000000e+00 0.000000000e+00 0.000000000e+00 0.000000000e+00 -3.538010470e-09 1.000000000e+01 1.000000000e+01 3.538010469e-09 
d 6.800000000e+00 6.800000000e+00 0.000000000e+00 0.000000000e+00 0.000000000e+00 -4.469013914e-09 1.000000000e+01 1.000000000e+01 4.469013913e-09 
d 7.000000000e+00 7.000000000e+00 0.000000000e+00 0.000000000e+00 0.000000000e+00 -5.550392611e-09 1.000000000e+01 1.000000000e+01 5.550392612e-09 
d 7.200000000e+00 7.200000000e+00 0.000000000e+00 0.000000000e+00 0.000000000e+00 -6.785564098e-09 1.000000000e+01 1.000000000e+01 6.785564099e-09 
d 7.400000000e+00 7.400000000e+00 0.000000000e+00 0.000000000e+00 0.000000000e+00 -8.177710186e-09 1.000000000e+01 1.000000000e+01 8.177710186e-09 
d 7.600000000e+00 7.600000000e+00 0.000000000e+00 0.000000000e+00 0.000000000e+00 -9.730132544e-09 1.000000000e+01 1.000000000e+01 9.730129718e-09 
d 7.800000000e+00 7.800000000e+00 0.000000000e+00 0.000000000e+00 0.000000000e+00 -1.144647945e-08 1.000000000e+01 1.000000000e+01 1.144647860e-08 
d 8.000000000e+00 8.000000000e+00 0.000000000e+00 0.000000000e+00 0.000000000e+00 -1.333089446e-08 1.000000000e+01 1.000000000e+01 1.333089429e-08 
d 8.200000000e+00 8.200000000e+00 0.000000000e+00 0.000000000e+00 0.000000000e+00 -1.538812165e-08 1.000000000e+01 1.000000000e+01 1.538812189e-08 
d 8.400000000e+00 8.400000000e+00 0.000000000e+00 0.000000000e+00 0.000000000e+00 -1.762359103e-08 1.000000000e+01 1.000000000e+01 1.762359181e-08 
d 8.600000000e+00 8.600000000e+00 0.000000000e+00 0.000000000e+00 0.000000000e+00 -2.004349956e-08 1.000000000e+01 1.000000000e+01 2.004350081e-08 
d 8.800000000e+00 8.800000000e+00 0.000000000e+00 0.000000000e+00 0.000000000e+00 -2.265489828e-08 1.000000000e+01 1.000000000e+01 2.265489984e-08 
d 9.000000000e+00 9.000000000e+00 0.000000000e+00 0.000000000e+00 0.000000000e+00 -2.546579325e-08 1.000000000e+01 1.000000000e+01 2.546579401e-08 
d 9.200000000e+00 9.200000000e+00 0.000000000e+00 0.000000000e+00 0.000000000e+00 -2.848526635e-08 1.000000000e+01 1.000000000e+01 2.848525685e-08 
d 9.400000000e+00 9.400000000e+00 0.000000000e+00 0.000000000e+00 0.000000000e+00 -3.172362093e-08 1.000000000e+01 1.000000000e+01 3.172351940e-08 
d 9.600000000e+00 9.600000000e+00 0.000000000e+00 0.000000000e+00 0.000000000e+00 -3.519255528e-08 1.000000000e+01 1.000000000e+01 3.519255527e-08 
d 9.800000000e+00 9.800000000e+00 0.000000000e+00 0.000000000e+00 0.000000000e+00 -3.890536331e-08 1.000000000e+01 1.000000000e+01 3.890536331e-08 
d 1.000000000e+01 1.000000000e+01 0.000000000e+00 0.000000000e+00 0.000000000e+00 -4.287715728e-08 1.000000000e+01 1.000000000e+01 4.287712984e-08 
d 1.020000000e+01 1.020000000e+01 0.000000000e+00 0.000000000e+00 0.000000000e+00 -4.712511343e-08 1.000000000e+01 1.000000000e+01 4.712511342e-08 
d 1.040000000e+01 1.040000000e+01 0.000000000e+00 0.000000000e+00 0.000000000e+00 -5.166874181e-08 1.000000000e+01 1.000000000e+01 5.166874180e-08 
d 1.060000000e+01 1.060000000e+01 0.000000000e+00 0.000000000e+00 0.000000000e+00 -5.653014463e-08 1.000000000e+01 1.000000000e+01 5.653014463e-08 
d 1.080000000e+01 1.080000000e+01 0.000000000e+00 0.000000000e+00 0.000000000e+00 -6.173424404e-08 1.000000000e+01 1.000000000e+01 6.173421251e-08 
d 1.100000000e+01 1.100000000e+01 0.000000000e+00 0.000000000e+00 0.000000000e+00 -6.730895814e-08 1.000000000e+01 1.000000000e+01 6.730895709e-08 
d 1.120000000e+01 1.120000000e+01 0.000000000e+00 0.000000000e+00 0.000000000e+00 -7.328527347e-08 1.000000000e+01 1.000000000e+01 7.328527326e-08 
d 1.140000000e+01 1.140000000e+01 0.000000000e+00 0.000000000e+00 0.000000000e+00 -7.969714653e-08 1.000000000e+01 1.000000000e+01 7.969714515e-08 
d 1.160000000e+01 1.160000000e+01 0.000000000e+00 0.000000000e+00 0.000000000e+00 -8.658115855e-08 1.000000000e+01 1.000000000e+01 8.658115476e-08 
d 1.180000000e+01 1.180000000e+01 0.000000000e+00 0.000000000e+00 0.000000000e+00 -9.397585818e-08 1.000000000e+01 1.000000000e+01 9.397585610e-08 
d 1.200000000e+01 1.200000000e+01 0.000000000e+00 0.000000000e+00 0.000000000e+00 -1.019207714e-07 1.000000000e+01 1.000000000e+01 1.019207722e-07 
d 1.220000000e+01 1.220000000e+01 0.000000000e+00 0.000000000e+00 0.000000000e+00 -1.104551423e-07 1.000000000e+01 1.000000000e+01 1.104551266e-07 
d 1.240000000e+01 1.240000000e+01 0.000000000e+00 0.000000000e+00 0.000000000e+00 -1.196165277e-07 1.000000000e+01 1.000000000e+01 1.196164291e-07 
d 1.260000000e+01 1.260000000e+01 0.000000000e+00 0.000000000e+00 0.000000000e+00 -1.294393945e-07 1.000000000e+01 1.000000000e+01 1.294392587e-07 
d 1.280000000e+01 1.280000000e+01 0.000000000e+00 0.000000000e+00 0.000000000e+00 -1.399539122e-07 1.000000000e+01 1.000000000e+01 1.399537819e-07 
d 1.300000000e+01 1.300000000e+01 0.000000000e+00 0.000000000e+00 0.000000000e+00 -1.511851240e-07 1.000000000e+01 1.000000000e+01 1.511850420e-07 
d 1.320000000e+01 1.320000000e+01 0.000000000e+00 0.000000000e+00 0.000000000e+00 -1.631525962e-07 1.000000000e+01 1.000000000e+01 1.631525603e-07 
d 1.340000000e+01 1.340000000e+01 0.000000000e+00 0.000000000e+00 0.000000000e+00 -1.758705281e-07 1.000000000e+01 1.000000000e+01 1.758705161e-07 
d 1.360000000e+01 1.360000000e+01 0.000000000e+00 0.000000000e+00 0.000000000e+00 -1.893482113e-07 1.000000000e+01 1.000000000e+01 1.893482080e-07 
d 1.380000000e+01 1.380000000e+01 0.000000000e+00 0.000000000e+00 0.000000000e+00 -2.035906807e-07 1.000000000e+01 1.000000000e+01 2.035906800e-07 
d 1.400000000e+01 1.400000000e+01 0.000000000e+00 0.000000000e+00 0.000000000e+00 -2.185993964e-07 1.000000000e+01 1.000000000e+01 2.185993963e-07 
d 1.420000000e+01 1.420000000e+01 0.000000000e+00 0.000000000e+00 0.000000000e+00 -2.343728308e-07 1.000000000e+01 1.000000000e+01 2.343728308e-07 
d 1.440000000e+01 1.440000000e+01 0.000000000e+00 0.000000000e+00 0.000000000e+00 -2.509069078e-07 1.000000000e+01 1.000000000e+01 2.509069077e-07 
d 1.460000000e+01 1.460000000e+01 0.000000000e+00 0.000000000e+00 0.000000000e+00 -2.681953489e-07 1.000000000e+01 1.000000000e+01 2.681953489e-07 
d 1.480000000e+01 1.480000000e+01 0.000000000e+00 0.000000000e+00 0.000000000e+00 -2.862300594e-07 1.000000000e+01 1.000000000e+01 2.862300593e-07 
d 1.500000000e+01 1.500000000e+01 0.000000000e+00 0.000000000e+00 0.000000000e+00 -3.050016576e-07 1.000000000e+01 1.000000000e+01 3.050016575e-07 
d 1.520000000e+01 1.520000000e+01 0.000000000e+00 0.000000000e+00 0.000000000e+00 -3.245001260e-07 1.000000000e+01 1.000000000e+01 3.245001260e-07 
d 1.540000000e+01 1.540000000e+01 0.000000000e+00 0.000000000e+00 0.000000000e+00 -3.447154438e-07 1.000000000e+01 1.000000000e+01 3.447154438e-07 
d 1.560000000e+01 1.560000000e+01 0.000000000e+00 0.000000000e+00 0.000000000e+00 -3.656381150e-07 1.000000000e+01 1.000000000e+01 3.656381141e-07 
d 1.580000000e+01 1.580000000e+01 0.000000000e+00 0.000000000e+00 0.000000000e+00 -3.872596302e-07 1.000000000e+01 1.000000000e+01 3.872596255e-07 
d 1.600000000e+01 1.600000000e+01 0.000000000e+00 0.000000000e+00 0.000000000e+00 -4.095728445e-07 1.000000000e+01 1.000000000e+01 4.095728355e-07 
d 1.620000000e+01 1.620000000e+01 0.000000000e+00 0.000000000e+00 0.000000000e+00 -4.325721360e-07 1.000000000e+01 1.000000000e+01 4.325721265e-07 
d 1.640000000e+01 1.640000000e+01 0.000000000e+00 0.000000000e+00 0.000000000e+00 -4.562533044e-07 1.000000000e+01 1.000000000e+01 4.562532978e-07 
d 1.660000000e+01 1.660000000e+01 0.000000000e+00 0.000000000e+00 0.000000000e+00 -4.806133430e-07 1.000000000e+01 1.000000000e+01 4.806133392e-07 
d 1.680000000e+01 1.680000000e+01 0.000000000e+00 0.000000000e+00 0.000000000e+00 -5.056502017e-07 1.000000000e+01 1.000000000e+01 5.056501996e-07 
d 1.700000000e+01 1.700000000e+01 0.000000000e+00 0.000000000e+00 0.000000000e+00 -5.313625843e-07 1.000000000e+01 1.000000000e+01 5.313625830e-07 
d 1.720000000e+01 1.720000000e+01 0.000000000e+00 0.000000000e+00 0.000000000e+00 -5.577497812e-07 1.000000000e+01 1.000000000e+01 5.577497804e-07 
d 1.740000000e+01 1.740000000e+01 0.000000000e+00 0.000000000e+00 0.000000000e+00 -5.848115300e-07 1.000000000e+01 1.000000000e+01 5.848115294e-07 
d 1.760000000e+01 1.760000000e+01 0.000000000e+00 0.000000000e+00 0.000000000e+00 -6.125478953e-07 1.000000000e+01 1.000000000e+01 6.125478947e-07 
d 1.780000000e+01 1.780000000e+01 0.000000000e+00 0.000000000e+00 0.000000000e+00 -6.409591604e-07 1.000000000e+01 1.000000000e+01 6.409591598e-07 
d 1.800000000e+01 1.800000000e+01 0.000000000e+00 0.000000000e+00 0.000000000e+00 -6.700457268e-07 1.000000000e+01 1.000000000e+01 6.700457263e-07 
d 1.820000000e+01 1.820000000e+01 0.000000000e+00 0.000000000e+00 0.000000000e+00 -6.998080163e-07 1.000000000e+01 1.000000000e+01 6.998080158e-07 
d 1.840000000e+01 1.840000000e+01 0.000000000e+00 0.000000000e+00 0.000000000e+00 -7.302463716e-07 1.000000000e+01 1.000000000e+01 7.302463711e-07 
d 1.860000000e+01 1.860000000e+01 0.000000000e+00 0.000000000e+00 0.000000000e+00 -7.613609532e-07 1.000000000e+01 1.000000000e+01 7.613609527e-07 
d 1.880000000e+01 1.880000000e+01 0.000000000e+00 0.000000000e+00 0.000000000e+00 -7.931516290e-07 1.000000000e+01 1.000000000e+01 7.931516286e-07 
d 1.900000000e+01 1.900000000e+01 0.000000000e+00 0.000000000e+00 0.000000000e+00 -8.256178540e-07 1.000000000e+01 1.000000000e+01 8.256178536e-07 
d 1.920000000e+01 1.920000000e+01 0.000000000e+00 0.000000000e+00 0.000000000e+00 -8.587585376e-07 1.000000000e+01 1.000000000e+01 8.587585371e-07 
d 1.940000000e+01 1.940000000e+01 0.000000000e+00 0.000000000e+00 0.000000000e+00 -8.925718965e-07 1.000000000e+01 1.000000000e+01 8.925718960e-07 
d 1.960000000e+01 1.960000000e+01 0.000000000e+00 0.000000000e+00 0.000000000e+00 -9.270552921e-07 1.000000000e+01 1.000000000e+01 9.270552916e-07 
d 1.980000000e+01 1.980000000e+01 0.000000000e+00 0.000000000e+00 0.000000000e+00 -9.622050518e-07 1.000000000e+01 1.000000000e+01 9.622050513e-07 
d 2.000000000e+01 2.000000000e+01 0.000000000e+00 0.000000000e+00 0.000000000e+00 -9.980162758e-07 1.000000000e+01 1.000000000e+01 9.980162753e-07 
