v ATLAS
# This file was created by ATLAS version 5.24.1.R on Thu Apr 30 12:55:27 2020.
#SSF 2.0 generic
##############################################################################
#                    Copyright (c) 1984 - 2017                               #
#                    Silvaco Inc. All rights reserved                        #
#                                                                            #
# This file format and the following Key are copyright Silvaco Inc.          #
# You may not use, this format or key without reproducing this message in    #
# full and obtaining express written permission from Silvaco Inc.            #
#                                                                            #
# To obtain such permission please contact: Silvaco Inc.                     #
#                                           support@silvaco.com              #
#                                                                            #
# KEY=SVC86hn7562asdx                       PROD=345                         #
##############################################################################
y 3 700 711 15
z 40 1e+41 300
f 3 "gate" "source" "drain" 
p 9 2 601 20 3 602 21 4 603 22 
d 2.000000000e-01 2.000000000e-01 0.000000000e+00 0.000000000e+00 0.000000000e+00 -8.302438218e-10 1.000000000e-01 1.000000000e-01 8.302438174e-10 
d 4.000000000e-01 4.000000000e-01 0.000000000e+00 0.000000000e+00 0.000000000e+00 -1.702078281e-09 1.000000000e-01 1.000000000e-01 1.702078278e-09 
d 6.000000000e-01 6.000000000e-01 0.000000000e+00 0.000000000e+00 0.000000000e+00 -3.243117513e-09 1.000000000e-01 1.000000000e-01 3.243117498e-09 
d 8.000000000e-01 8.000000000e-01 0.000000000e+00 0.000000000e+00 0.000000000e+00 -5.584687721e-09 1.000000000e-01 1.000000000e-01 5.584687730e-09 
d 1.000000000e+00 1.000000000e+00 0.000000000e+00 0.000000000e+00 0.000000000e+00 -8.525791222e-09 1.000000000e-01 1.000000000e-01 8.525791211e-09 
d 1.200000000e+00 1.200000000e+00 0.000000000e+00 0.000000000e+00 0.000000000e+00 -1.179479318e-08 1.000000000e-01 1.000000000e-01 1.179479316e-08 
d 1.400000000e+00 1.400000000e+00 0.000000000e+00 0.000000000e+00 0.000000000e+00 -1.523385320e-08 1.000000000e-01 1.000000000e-01 1.523385322e-08 
d 1.600000000e+00 1.600000000e+00 0.000000000e+00 0.000000000e+00 0.000000000e+00 -1.877722093e-08 1.000000000e-01 1.000000000e-01 1.877722048e-08 
d 1.800000000e+00 1.800000000e+00 0.000000000e+00 0.000000000e+00 0.000000000e+00 -2.240521906e-08 1.000000000e-01 1.000000000e-01 2.240521880e-08 
d 2.000000000e+00 2.000000000e+00 0.000000000e+00 0.000000000e+00 0.000000000e+00 -2.611885275e-08 1.000000000e-01 1.000000000e-01 2.611885252e-08 
d 2.200000000e+00 2.200000000e+00 0.000000000e+00 0.000000000e+00 0.000000000e+00 -2.992795648e-08 1.000000000e-01 1.000000000e-01 2.992795637e-08 
d 2.400000000e+00 2.400000000e+00 0.000000000e+00 0.000000000e+00 0.000000000e+00 -3.384562683e-08 1.000000000e-01 1.000000000e-01 3.384562680e-08 
d 2.600000000e+00 2.600000000e+00 0.000000000e+00 0.000000000e+00 0.000000000e+00 -3.788544574e-08 1.000000000e-01 1.000000000e-01 3.788544569e-08 
d 2.800000000e+00 2.800000000e+00 0.000000000e+00 0.000000000e+00 0.000000000e+00 -4.205998608e-08 1.000000000e-01 1.000000000e-01 4.205998607e-08 
d 3.000000000e+00 3.000000000e+00 0.000000000e+00 0.000000000e+00 0.000000000e+00 -4.637995555e-08 1.000000000e-01 1.000000000e-01 4.637995552e-08 
d 3.200000000e+00 3.200000000e+00 0.000000000e+00 0.000000000e+00 0.000000000e+00 -5.085370941e-08 1.000000000e-01 1.000000000e-01 5.085370940e-08 
d 3.400000000e+00 3.400000000e+00 0.000000000e+00 0.000000000e+00 0.000000000e+00 -5.548702499e-08 1.000000000e-01 1.000000000e-01 5.548702503e-08 
d 3.600000000e+00 3.600000000e+00 0.000000000e+00 0.000000000e+00 0.000000000e+00 -6.028309089e-08 1.000000000e-01 1.000000000e-01 6.028309089e-08 
d 3.800000000e+00 3.800000000e+00 0.000000000e+00 0.000000000e+00 0.000000000e+00 -6.524842842e-08 1.000000000e-01 1.000000000e-01 6.524267410e-08 
d 4.000000000e+00 4.000000000e+00 0.000000000e+00 0.000000000e+00 0.000000000e+00 -7.036844473e-08 1.000000000e-01 1.000000000e-01 7.036446024e-08 
d 4.200000000e+00 4.200000000e+00 0.000000000e+00 0.000000000e+00 0.000000000e+00 -7.564819883e-08 1.000000000e-01 1.000000000e-01 7.564543496e-08 
d 4.400000000e+00 4.400000000e+00 0.000000000e+00 0.000000000e+00 0.000000000e+00 -8.108329080e-08 1.000000000e-01 1.000000000e-01 8.108136872e-08 
d 4.600000000e+00 4.600000000e+00 0.000000000e+00 0.000000000e+00 0.000000000e+00 -8.666860827e-08 1.000000000e-01 1.000000000e-01 8.666726656e-08 
d 4.800000000e+00 4.800000000e+00 0.000000000e+00 0.000000000e+00 0.000000000e+00 -9.239872187e-08 1.000000000e-01 1.000000000e-01 9.239778023e-08 
d 5.000000000e+00 5.000000000e+00 0.000000000e+00 0.000000000e+00 0.000000000e+00 -9.826821768e-08 1.000000000e-01 1.000000000e-01 9.826755190e-08 
d 5.200000000e+00 5.200000000e+00 0.000000000e+00 0.000000000e+00 0.000000000e+00 -1.042719547e-07 1.000000000e-01 1.000000000e-01 1.042714795e-07 
d 5.400000000e+00 5.400000000e+00 0.000000000e+00 0.000000000e+00 0.000000000e+00 -1.104052476e-07 1.000000000e-01 1.000000000e-01 1.104049043e-07 
d 5.600000000e+00 5.600000000e+00 0.000000000e+00 0.000000000e+00 0.000000000e+00 -1.166639828e-07 1.000000000e-01 1.000000000e-01 1.166637314e-07 
d 5.800000000e+00 5.800000000e+00 0.000000000e+00 0.000000000e+00 0.000000000e+00 -1.230446802e-07 1.000000000e-01 1.000000000e-01 1.230444931e-07 
d 6.000000000e+00 6.000000000e+00 0.000000000e+00 0.000000000e+00 0.000000000e+00 -1.295445133e-07 1.000000000e-01 1.000000000e-01 1.295443716e-07 
d 6.200000000e+00 6.200000000e+00 0.000000000e+00 0.000000000e+00 0.000000000e+00 -1.361612998e-07 1.000000000e-01 1.000000000e-01 1.361611905e-07 
d 6.400000000e+00 6.400000000e+00 0.000000000e+00 0.000000000e+00 0.000000000e+00 -1.428934735e-07 1.000000000e-01 1.000000000e-01 1.428933875e-07 
d 6.600000000e+00 6.600000000e+00 0.000000000e+00 0.000000000e+00 0.000000000e+00 -1.497400440e-07 1.000000000e-01 1.000000000e-01 1.497399749e-07 
d 6.800000000e+00 6.800000000e+00 0.000000000e+00 0.000000000e+00 0.000000000e+00 -1.567005513e-07 1.000000000e-01 1.000000000e-01 1.567004946e-07 
d 7.000000000e+00 7.000000000e+00 0.000000000e+00 0.000000000e+00 0.000000000e+00 -1.637750188e-07 1.000000000e-01 1.000000000e-01 1.637749715e-07 
d 7.200000000e+00 7.200000000e+00 0.000000000e+00 0.000000000e+00 0.000000000e+00 -1.709639073e-07 1.000000000e-01 1.000000000e-01 1.709638670e-07 
d 7.400000000e+00 7.400000000e+00 0.000000000e+00 0.000000000e+00 0.000000000e+00 -1.782680714e-07 1.000000000e-01 1.000000000e-01 1.782680364e-07 
d 7.600000000e+00 7.600000000e+00 0.000000000e+00 0.000000000e+00 0.000000000e+00 -1.856887195e-07 1.000000000e-01 1.000000000e-01 1.856886887e-07 
d 7.800000000e+00 7.800000000e+00 0.000000000e+00 0.000000000e+00 0.000000000e+00 -1.932273781e-07 1.000000000e-01 1.000000000e-01 1.932273504e-07 
d 8.000000000e+00 8.000000000e+00 0.000000000e+00 0.000000000e+00 0.000000000e+00 -2.008858589e-07 1.000000000e-01 1.000000000e-01 2.008858337e-07 
d 8.200000000e+00 8.200000000e+00 0.000000000e+00 0.000000000e+00 0.000000000e+00 -2.086662307e-07 1.000000000e-01 1.000000000e-01 2.086662075e-07 
d 8.400000000e+00 8.400000000e+00 0.000000000e+00 0.000000000e+00 0.000000000e+00 -2.165707937e-07 1.000000000e-01 1.000000000e-01 2.165707721e-07 
d 8.600000000e+00 8.600000000e+00 0.000000000e+00 0.000000000e+00 0.000000000e+00 -2.246020578e-07 1.000000000e-01 1.000000000e-01 2.246020375e-07 
d 8.800000000e+00 8.800000000e+00 0.000000000e+00 0.000000000e+00 0.000000000e+00 -2.327627226e-07 1.000000000e-01 1.000000000e-01 2.327627034e-07 
d 9.000000000e+00 9.000000000e+00 0.000000000e+00 0.000000000e+00 0.000000000e+00 -2.410556603e-07 1.000000000e-01 1.000000000e-01 2.410556420e-07 
d 9.200000000e+00 9.200000000e+00 0.000000000e+00 0.000000000e+00 0.000000000e+00 -2.494839005e-07 1.000000000e-01 1.000000000e-01 2.494838830e-07 
d 9.400000000e+00 9.400000000e+00 0.000000000e+00 0.000000000e+00 0.000000000e+00 -2.580506168e-07 1.000000000e-01 1.000000000e-01 2.580505999e-07 
d 9.600000000e+00 9.600000000e+00 0.000000000e+00 0.000000000e+00 0.000000000e+00 -2.667591142e-07 1.000000000e-01 1.000000000e-01 2.667590979e-07 
d 9.800000000e+00 9.800000000e+00 0.000000000e+00 0.000000000e+00 0.000000000e+00 -2.756128188e-07 1.000000000e-01 1.000000000e-01 2.756128030e-07 
d 1.000000000e+01 1.000000000e+01 0.000000000e+00 0.000000000e+00 0.000000000e+00 -2.846152671e-07 1.000000000e-01 1.000000000e-01 2.846152516e-07 
d 1.020000000e+01 1.020000000e+01 0.000000000e+00 0.000000000e+00 0.000000000e+00 -2.937700973e-07 1.000000000e-01 1.000000000e-01 2.937700822e-07 
d 1.040000000e+01 1.040000000e+01 0.000000000e+00 0.000000000e+00 0.000000000e+00 -3.030810406e-07 1.000000000e-01 1.000000000e-01 3.030810259e-07 
d 1.060000000e+01 1.060000000e+01 0.000000000e+00 0.000000000e+00 0.000000000e+00 -3.125519131e-07 1.000000000e-01 1.000000000e-01 3.125518986e-07 
d 1.080000000e+01 1.080000000e+01 0.000000000e+00 0.000000000e+00 0.000000000e+00 -3.221866080e-07 1.000000000e-01 1.000000000e-01 3.221865939e-07 
d 1.100000000e+01 1.100000000e+01 0.000000000e+00 0.000000000e+00 0.000000000e+00 -3.319890883e-07 1.000000000e-01 1.000000000e-01 3.319890744e-07 
d 1.120000000e+01 1.120000000e+01 0.000000000e+00 0.000000000e+00 0.000000000e+00 -3.419633795e-07 1.000000000e-01 1.000000000e-01 3.419633659e-07 
d 1.140000000e+01 1.140000000e+01 0.000000000e+00 0.000000000e+00 0.000000000e+00 -3.521135624e-07 1.000000000e-01 1.000000000e-01 3.521135490e-07 
d 1.160000000e+01 1.160000000e+01 0.000000000e+00 0.000000000e+00 0.000000000e+00 -3.624437661e-07 1.000000000e-01 1.000000000e-01 3.624437530e-07 
d 1.180000000e+01 1.180000000e+01 0.000000000e+00 0.000000000e+00 0.000000000e+00 -3.729581612e-07 1.000000000e-01 1.000000000e-01 3.729581483e-07 
d 1.200000000e+01 1.200000000e+01 0.000000000e+00 0.000000000e+00 0.000000000e+00 -3.836609522e-07 1.000000000e-01 1.000000000e-01 3.836609395e-07 
d 1.220000000e+01 1.220000000e+01 0.000000000e+00 0.000000000e+00 0.000000000e+00 -3.945563708e-07 1.000000000e-01 1.000000000e-01 3.945563584e-07 
d 1.240000000e+01 1.240000000e+01 0.000000000e+00 0.000000000e+00 0.000000000e+00 -4.056486688e-07 1.000000000e-01 1.000000000e-01 4.056486567e-07 
d 1.260000000e+01 1.260000000e+01 0.000000000e+00 0.000000000e+00 0.000000000e+00 -4.169421105e-07 1.000000000e-01 1.000000000e-01 4.169420985e-07 
d 1.280000000e+01 1.280000000e+01 0.000000000e+00 0.000000000e+00 0.000000000e+00 -4.284409655e-07 1.000000000e-01 1.000000000e-01 4.284409538e-07 
d 1.300000000e+01 1.300000000e+01 0.000000000e+00 0.000000000e+00 0.000000000e+00 -4.401495015e-07 1.000000000e-01 1.000000000e-01 4.401494900e-07 
d 1.320000000e+01 1.320000000e+01 0.000000000e+00 0.000000000e+00 0.000000000e+00 -4.520719764e-07 1.000000000e-01 1.000000000e-01 4.520719652e-07 
d 1.340000000e+01 1.340000000e+01 0.000000000e+00 0.000000000e+00 0.000000000e+00 -4.642126310e-07 1.000000000e-01 1.000000000e-01 4.642126200e-07 
d 1.360000000e+01 1.360000000e+01 0.000000000e+00 0.000000000e+00 0.000000000e+00 -4.765756814e-07 1.000000000e-01 1.000000000e-01 4.765756707e-07 
d 1.380000000e+01 1.380000000e+01 0.000000000e+00 0.000000000e+00 0.000000000e+00 -4.891653111e-07 1.000000000e-01 1.000000000e-01 4.891653006e-07 
d 1.400000000e+01 1.400000000e+01 0.000000000e+00 0.000000000e+00 0.000000000e+00 -5.019856634e-07 1.000000000e-01 1.000000000e-01 5.019856532e-07 
d 1.420000000e+01 1.420000000e+01 0.000000000e+00 0.000000000e+00 0.000000000e+00 -5.150408338e-07 1.000000000e-01 1.000000000e-01 5.150408238e-07 
d 1.440000000e+01 1.440000000e+01 0.000000000e+00 0.000000000e+00 0.000000000e+00 -5.283348621e-07 1.000000000e-01 1.000000000e-01 5.283348524e-07 
d 1.460000000e+01 1.460000000e+01 0.000000000e+00 0.000000000e+00 0.000000000e+00 -5.418717254e-07 1.000000000e-01 1.000000000e-01 5.418717159e-07 
d 1.480000000e+01 1.480000000e+01 0.000000000e+00 0.000000000e+00 0.000000000e+00 -5.556553298e-07 1.000000000e-01 1.000000000e-01 5.556553206e-07 
d 1.500000000e+01 1.500000000e+01 0.000000000e+00 0.000000000e+00 0.000000000e+00 -5.696895037e-07 1.000000000e-01 1.000000000e-01 5.696894947e-07 
d 1.520000000e+01 1.520000000e+01 0.000000000e+00 0.000000000e+00 0.000000000e+00 -5.839779902e-07 1.000000000e-01 1.000000000e-01 5.839779815e-07 
d 1.540000000e+01 1.540000000e+01 0.000000000e+00 0.000000000e+00 0.000000000e+00 -5.985244404e-07 1.000000000e-01 1.000000000e-01 5.985244320e-07 
d 1.560000000e+01 1.560000000e+01 0.000000000e+00 0.000000000e+00 0.000000000e+00 -6.133324064e-07 1.000000000e-01 1.000000000e-01 6.133323982e-07 
d 1.580000000e+01 1.580000000e+01 0.000000000e+00 0.000000000e+00 0.000000000e+00 -6.284053347e-07 1.000000000e-01 1.000000000e-01 6.284053268e-07 
d 1.600000000e+01 1.600000000e+01 0.000000000e+00 0.000000000e+00 0.000000000e+00 -6.437465603e-07 1.000000000e-01 1.000000000e-01 6.437465526e-07 
d 1.620000000e+01 1.620000000e+01 0.000000000e+00 0.000000000e+00 0.000000000e+00 -6.593593005e-07 1.000000000e-01 1.000000000e-01 6.593592931e-07 
d 1.640000000e+01 1.640000000e+01 0.000000000e+00 0.000000000e+00 0.000000000e+00 -6.752466495e-07 1.000000000e-01 1.000000000e-01 6.752466424e-07 
d 1.660000000e+01 1.660000000e+01 0.000000000e+00 0.000000000e+00 0.000000000e+00 -6.914115731e-07 1.000000000e-01 1.000000000e-01 6.914115661e-07 
d 1.680000000e+01 1.680000000e+01 0.000000000e+00 0.000000000e+00 0.000000000e+00 -7.078569037e-07 1.000000000e-01 1.000000000e-01 7.078568971e-07 
d 1.700000000e+01 1.700000000e+01 0.000000000e+00 0.000000000e+00 0.000000000e+00 -7.245853366e-07 1.000000000e-01 1.000000000e-01 7.245853301e-07 
d 1.720000000e+01 1.720000000e+01 0.000000000e+00 0.000000000e+00 0.000000000e+00 -7.415994251e-07 1.000000000e-01 1.000000000e-01 7.415994189e-07 
d 1.740000000e+01 1.740000000e+01 0.000000000e+00 0.000000000e+00 0.000000000e+00 -7.589015777e-07 1.000000000e-01 1.000000000e-01 7.589015717e-07 
d 1.760000000e+01 1.760000000e+01 0.000000000e+00 0.000000000e+00 0.000000000e+00 -7.764940549e-07 1.000000000e-01 1.000000000e-01 7.764940491e-07 
d 1.780000000e+01 1.780000000e+01 0.000000000e+00 0.000000000e+00 0.000000000e+00 -7.943789661e-07 1.000000000e-01 1.000000000e-01 7.943789606e-07 
d 1.800000000e+01 1.800000000e+01 0.000000000e+00 0.000000000e+00 0.000000000e+00 -8.125582683e-07 1.000000000e-01 1.000000000e-01 8.125582630e-07 
d 1.820000000e+01 1.820000000e+01 0.000000000e+00 0.000000000e+00 0.000000000e+00 -8.310337637e-07 1.000000000e-01 1.000000000e-01 8.310337586e-07 
d 1.840000000e+01 1.840000000e+01 0.000000000e+00 0.000000000e+00 0.000000000e+00 -8.498070988e-07 1.000000000e-01 1.000000000e-01 8.498070939e-07 
d 1.860000000e+01 1.860000000e+01 0.000000000e+00 0.000000000e+00 0.000000000e+00 -8.688797638e-07 1.000000000e-01 1.000000000e-01 8.688797590e-07 
d 1.880000000e+01 1.880000000e+01 0.000000000e+00 0.000000000e+00 0.000000000e+00 -8.882530917e-07 1.000000000e-01 1.000000000e-01 8.882530872e-07 
d 1.900000000e+01 1.900000000e+01 0.000000000e+00 0.000000000e+00 0.000000000e+00 -9.079282593e-07 1.000000000e-01 1.000000000e-01 9.079282549e-07 
d 1.920000000e+01 1.920000000e+01 0.000000000e+00 0.000000000e+00 0.000000000e+00 -9.279062869e-07 1.000000000e-01 1.000000000e-01 9.279062827e-07 
d 1.940000000e+01 1.940000000e+01 0.000000000e+00 0.000000000e+00 0.000000000e+00 -9.481880398e-07 1.000000000e-01 1.000000000e-01 9.481880358e-07 
d 1.960000000e+01 1.960000000e+01 0.000000000e+00 0.000000000e+00 0.000000000e+00 -9.687742295e-07 1.000000000e-01 1.000000000e-01 9.687742257e-07 
d 1.980000000e+01 1.980000000e+01 0.000000000e+00 0.000000000e+00 0.000000000e+00 -9.896654154e-07 1.000000000e-01 1.000000000e-01 9.896654117e-07 
d 2.000000000e+01 2.000000000e+01 0.000000000e+00 0.000000000e+00 0.000000000e+00 -1.010862007e-06 1.000000000e-01 1.000000000e-01 1.010862003e-06 
