v ATLAS
# This file was created by ATLAS version 5.24.1.R on Thu Apr 30 12:06:08 2020.
#SSF 2.0 generic
##############################################################################
#                    Copyright (c) 1984 - 2017                               #
#                    Silvaco Inc. All rights reserved                        #
#                                                                            #
# This file format and the following Key are copyright Silvaco Inc.          #
# You may not use, this format or key without reproducing this message in    #
# full and obtaining express written permission from Silvaco Inc.            #
#                                                                            #
# To obtain such permission please contact: Silvaco Inc.                     #
#                                           support@silvaco.com              #
#                                                                            #
# KEY=SVC86hn7562asdx                       PROD=345                         #
##############################################################################
y 3 700 711 15
z 40 1e+41 300
f 3 "gate" "source" "drain" 
p 9 2 601 20 3 602 21 4 603 22 
d 2.000000000e-01 2.000000000e-01 0.000000000e+00 0.000000000e+00 0.000000000e+00 -1.183463558e-08 1.000000000e-01 1.000000000e-01 1.183446815e-08 
d 4.000000000e-01 4.000000000e-01 0.000000000e+00 0.000000000e+00 0.000000000e+00 -1.637343284e-08 1.000000000e-01 1.000000000e-01 1.637343286e-08 
d 6.000000000e-01 6.000000000e-01 0.000000000e+00 0.000000000e+00 0.000000000e+00 -2.111720037e-08 1.000000000e-01 1.000000000e-01 2.111720031e-08 
d 8.000000000e-01 8.000000000e-01 0.000000000e+00 0.000000000e+00 0.000000000e+00 -2.602139915e-08 1.000000000e-01 1.000000000e-01 2.602139910e-08 
d 1.000000000e+00 1.000000000e+00 0.000000000e+00 0.000000000e+00 0.000000000e+00 -3.106959367e-08 1.000000000e-01 1.000000000e-01 3.106959367e-08 
d 1.200000000e+00 1.200000000e+00 0.000000000e+00 0.000000000e+00 0.000000000e+00 -3.625637222e-08 1.000000000e-01 1.000000000e-01 3.625637223e-08 
d 1.400000000e+00 1.400000000e+00 0.000000000e+00 0.000000000e+00 0.000000000e+00 -4.159027704e-08 1.000000000e-01 1.000000000e-01 4.157982923e-08 
d 1.600000000e+00 1.600000000e+00 0.000000000e+00 0.000000000e+00 0.000000000e+00 -4.704386712e-08 1.000000000e-01 1.000000000e-01 4.703831337e-08 
d 1.800000000e+00 1.800000000e+00 0.000000000e+00 0.000000000e+00 0.000000000e+00 -5.263239241e-08 1.000000000e-01 1.000000000e-01 5.262936713e-08 
d 2.000000000e+00 2.000000000e+00 0.000000000e+00 0.000000000e+00 0.000000000e+00 -5.835121191e-08 1.000000000e-01 1.000000000e-01 5.834951571e-08 
d 2.200000000e+00 2.200000000e+00 0.000000000e+00 0.000000000e+00 0.000000000e+00 -6.419558025e-08 1.000000000e-01 1.000000000e-01 6.419459898e-08 
d 2.400000000e+00 2.400000000e+00 0.000000000e+00 0.000000000e+00 0.000000000e+00 -7.016079175e-08 1.000000000e-01 1.000000000e-01 7.016020996e-08 
d 2.600000000e+00 2.600000000e+00 0.000000000e+00 0.000000000e+00 0.000000000e+00 -7.624243800e-08 1.000000000e-01 1.000000000e-01 7.624208260e-08 
d 2.800000000e+00 2.800000000e+00 0.000000000e+00 0.000000000e+00 0.000000000e+00 -8.243660205e-08 1.000000000e-01 1.000000000e-01 8.243637766e-08 
d 3.000000000e+00 3.000000000e+00 0.000000000e+00 0.000000000e+00 0.000000000e+00 -8.874000738e-08 1.000000000e-01 1.000000000e-01 8.873986048e-08 
d 3.200000000e+00 3.200000000e+00 0.000000000e+00 0.000000000e+00 0.000000000e+00 -9.515008779e-08 1.000000000e-01 1.000000000e-01 9.514998785e-08 
d 3.400000000e+00 3.400000000e+00 0.000000000e+00 0.000000000e+00 0.000000000e+00 -1.016649987e-07 1.000000000e-01 1.000000000e-01 1.016649280e-07 
d 3.600000000e+00 3.600000000e+00 0.000000000e+00 0.000000000e+00 0.000000000e+00 -1.082835896e-07 1.000000000e-01 1.000000000e-01 1.082835375e-07 
d 3.800000000e+00 3.800000000e+00 0.000000000e+00 0.000000000e+00 0.000000000e+00 -1.150053529e-07 1.000000000e-01 1.000000000e-01 1.150053128e-07 
d 4.000000000e+00 4.000000000e+00 0.000000000e+00 0.000000000e+00 0.000000000e+00 -1.218303633e-07 1.000000000e-01 1.000000000e-01 1.218303314e-07 
d 4.200000000e+00 4.200000000e+00 0.000000000e+00 0.000000000e+00 0.000000000e+00 -1.287592151e-07 1.000000000e-01 1.000000000e-01 1.287591887e-07 
d 4.400000000e+00 4.400000000e+00 0.000000000e+00 0.000000000e+00 0.000000000e+00 -1.357929609e-07 1.000000000e-01 1.000000000e-01 1.357929383e-07 
d 4.600000000e+00 4.600000000e+00 0.000000000e+00 0.000000000e+00 0.000000000e+00 -1.429330563e-07 1.000000000e-01 1.000000000e-01 1.429330364e-07 
d 4.800000000e+00 4.800000000e+00 0.000000000e+00 0.000000000e+00 0.000000000e+00 -1.501813111e-07 1.000000000e-01 1.000000000e-01 1.501812932e-07 
d 5.000000000e+00 5.000000000e+00 0.000000000e+00 0.000000000e+00 0.000000000e+00 -1.575398461e-07 1.000000000e-01 1.000000000e-01 1.575398295e-07 
d 5.200000000e+00 5.200000000e+00 0.000000000e+00 0.000000000e+00 0.000000000e+00 -1.650110562e-07 1.000000000e-01 1.000000000e-01 1.650110407e-07 
d 5.400000000e+00 5.400000000e+00 0.000000000e+00 0.000000000e+00 0.000000000e+00 -1.725975796e-07 1.000000000e-01 1.000000000e-01 1.725975649e-07 
d 5.600000000e+00 5.600000000e+00 0.000000000e+00 0.000000000e+00 0.000000000e+00 -1.803022705e-07 1.000000000e-01 1.000000000e-01 1.803022563e-07 
d 5.800000000e+00 5.800000000e+00 0.000000000e+00 0.000000000e+00 0.000000000e+00 -1.881281770e-07 1.000000000e-01 1.000000000e-01 1.881281632e-07 
d 6.000000000e+00 6.000000000e+00 0.000000000e+00 0.000000000e+00 0.000000000e+00 -1.960785216e-07 1.000000000e-01 1.000000000e-01 1.960785082e-07 
d 6.200000000e+00 6.200000000e+00 0.000000000e+00 0.000000000e+00 0.000000000e+00 -2.041566853e-07 1.000000000e-01 1.000000000e-01 2.041566722e-07 
d 6.400000000e+00 6.400000000e+00 0.000000000e+00 0.000000000e+00 0.000000000e+00 -2.123661931e-07 1.000000000e-01 1.000000000e-01 2.123661801e-07 
d 6.600000000e+00 6.600000000e+00 0.000000000e+00 0.000000000e+00 0.000000000e+00 -2.207107015e-07 1.000000000e-01 1.000000000e-01 2.207106888e-07 
d 6.800000000e+00 6.800000000e+00 0.000000000e+00 0.000000000e+00 0.000000000e+00 -2.291939888e-07 1.000000000e-01 1.000000000e-01 2.291939761e-07 
d 7.000000000e+00 7.000000000e+00 0.000000000e+00 0.000000000e+00 0.000000000e+00 -2.378199440e-07 1.000000000e-01 1.000000000e-01 2.378199315e-07 
d 7.200000000e+00 7.200000000e+00 0.000000000e+00 0.000000000e+00 0.000000000e+00 -2.465925595e-07 1.000000000e-01 1.000000000e-01 2.465925470e-07 
d 7.400000000e+00 7.400000000e+00 0.000000000e+00 0.000000000e+00 0.000000000e+00 -2.555159218e-07 1.000000000e-01 1.000000000e-01 2.555159095e-07 
d 7.600000000e+00 7.600000000e+00 0.000000000e+00 0.000000000e+00 0.000000000e+00 -2.645942050e-07 1.000000000e-01 1.000000000e-01 2.645941927e-07 
d 7.800000000e+00 7.800000000e+00 0.000000000e+00 0.000000000e+00 0.000000000e+00 -2.738316628e-07 1.000000000e-01 1.000000000e-01 2.738316506e-07 
d 8.000000000e+00 8.000000000e+00 0.000000000e+00 0.000000000e+00 0.000000000e+00 -2.832326215e-07 1.000000000e-01 1.000000000e-01 2.832326094e-07 
d 8.200000000e+00 8.200000000e+00 0.000000000e+00 0.000000000e+00 0.000000000e+00 -2.928014737e-07 1.000000000e-01 1.000000000e-01 2.928014617e-07 
d 8.400000000e+00 8.400000000e+00 0.000000000e+00 0.000000000e+00 0.000000000e+00 -3.025426705e-07 1.000000000e-01 1.000000000e-01 3.025426586e-07 
d 8.600000000e+00 8.600000000e+00 0.000000000e+00 0.000000000e+00 0.000000000e+00 -3.124607151e-07 1.000000000e-01 1.000000000e-01 3.124607033e-07 
d 8.800000000e+00 8.800000000e+00 0.000000000e+00 0.000000000e+00 0.000000000e+00 -3.225601556e-07 1.000000000e-01 1.000000000e-01 3.225601440e-07 
d 9.000000000e+00 9.000000000e+00 0.000000000e+00 0.000000000e+00 0.000000000e+00 -3.328455776e-07 1.000000000e-01 1.000000000e-01 3.328455661e-07 
d 9.200000000e+00 9.200000000e+00 0.000000000e+00 0.000000000e+00 0.000000000e+00 -3.433215969e-07 1.000000000e-01 1.000000000e-01 3.433215856e-07 
d 9.400000000e+00 9.400000000e+00 0.000000000e+00 0.000000000e+00 0.000000000e+00 -3.539928520e-07 1.000000000e-01 1.000000000e-01 3.539928409e-07 
d 9.600000000e+00 9.600000000e+00 0.000000000e+00 0.000000000e+00 0.000000000e+00 -3.648639960e-07 1.000000000e-01 1.000000000e-01 3.648639851e-07 
d 9.800000000e+00 9.800000000e+00 0.000000000e+00 0.000000000e+00 0.000000000e+00 -3.759396890e-07 1.000000000e-01 1.000000000e-01 3.759396782e-07 
d 1.000000000e+01 1.000000000e+01 0.000000000e+00 0.000000000e+00 0.000000000e+00 -3.872245895e-07 1.000000000e-01 1.000000000e-01 3.872245789e-07 
d 1.020000000e+01 1.020000000e+01 0.000000000e+00 0.000000000e+00 0.000000000e+00 -3.987233463e-07 1.000000000e-01 1.000000000e-01 3.987233360e-07 
d 1.040000000e+01 1.040000000e+01 0.000000000e+00 0.000000000e+00 0.000000000e+00 -4.104405900e-07 1.000000000e-01 1.000000000e-01 4.104405799e-07 
d 1.060000000e+01 1.060000000e+01 0.000000000e+00 0.000000000e+00 0.000000000e+00 -4.223809241e-07 1.000000000e-01 1.000000000e-01 4.223809141e-07 
d 1.080000000e+01 1.080000000e+01 0.000000000e+00 0.000000000e+00 0.000000000e+00 -4.345489162e-07 1.000000000e-01 1.000000000e-01 4.345489065e-07 
d 1.100000000e+01 1.100000000e+01 0.000000000e+00 0.000000000e+00 0.000000000e+00 -4.469490896e-07 1.000000000e-01 1.000000000e-01 4.469490802e-07 
d 1.120000000e+01 1.120000000e+01 0.000000000e+00 0.000000000e+00 0.000000000e+00 -4.595859141e-07 1.000000000e-01 1.000000000e-01 4.595859048e-07 
d 1.140000000e+01 1.140000000e+01 0.000000000e+00 0.000000000e+00 0.000000000e+00 -4.724637968e-07 1.000000000e-01 1.000000000e-01 4.724637878e-07 
d 1.160000000e+01 1.160000000e+01 0.000000000e+00 0.000000000e+00 0.000000000e+00 -4.855870742e-07 1.000000000e-01 1.000000000e-01 4.855870654e-07 
d 1.180000000e+01 1.180000000e+01 0.000000000e+00 0.000000000e+00 0.000000000e+00 -4.989600027e-07 1.000000000e-01 1.000000000e-01 4.989599942e-07 
d 1.200000000e+01 1.200000000e+01 0.000000000e+00 0.000000000e+00 0.000000000e+00 -5.125867505e-07 1.000000000e-01 1.000000000e-01 5.125867422e-07 
d 1.220000000e+01 1.220000000e+01 0.000000000e+00 0.000000000e+00 0.000000000e+00 -5.264713890e-07 1.000000000e-01 1.000000000e-01 5.264713810e-07 
d 1.240000000e+01 1.240000000e+01 0.000000000e+00 0.000000000e+00 0.000000000e+00 -5.406178850e-07 1.000000000e-01 1.000000000e-01 5.406178772e-07 
d 1.260000000e+01 1.260000000e+01 0.000000000e+00 0.000000000e+00 0.000000000e+00 -5.550300926e-07 1.000000000e-01 1.000000000e-01 5.550300851e-07 
d 1.280000000e+01 1.280000000e+01 0.000000000e+00 0.000000000e+00 0.000000000e+00 -5.697117460e-07 1.000000000e-01 1.000000000e-01 5.697117387e-07 
d 1.300000000e+01 1.300000000e+01 0.000000000e+00 0.000000000e+00 0.000000000e+00 -5.846664522e-07 1.000000000e-01 1.000000000e-01 5.846664451e-07 
d 1.320000000e+01 1.320000000e+01 0.000000000e+00 0.000000000e+00 0.000000000e+00 -5.998976843e-07 1.000000000e-01 1.000000000e-01 5.998976775e-07 
d 1.340000000e+01 1.340000000e+01 0.000000000e+00 0.000000000e+00 0.000000000e+00 -6.154087757e-07 1.000000000e-01 1.000000000e-01 6.154087692e-07 
d 1.360000000e+01 1.360000000e+01 0.000000000e+00 0.000000000e+00 0.000000000e+00 -6.312029138e-07 1.000000000e-01 1.000000000e-01 6.312029076e-07 
d 1.380000000e+01 1.380000000e+01 0.000000000e+00 0.000000000e+00 0.000000000e+00 -6.472831353e-07 1.000000000e-01 1.000000000e-01 6.472831293e-07 
d 1.400000000e+01 1.400000000e+01 0.000000000e+00 0.000000000e+00 0.000000000e+00 -6.636523209e-07 1.000000000e-01 1.000000000e-01 6.636523150e-07 
d 1.420000000e+01 1.420000000e+01 0.000000000e+00 0.000000000e+00 0.000000000e+00 -6.803131916e-07 1.000000000e-01 1.000000000e-01 6.803131860e-07 
d 1.440000000e+01 1.440000000e+01 0.000000000e+00 0.000000000e+00 0.000000000e+00 -6.972683052e-07 1.000000000e-01 1.000000000e-01 6.972682999e-07 
d 1.460000000e+01 1.460000000e+01 0.000000000e+00 0.000000000e+00 0.000000000e+00 -7.145200529e-07 1.000000000e-01 1.000000000e-01 7.145200478e-07 
d 1.480000000e+01 1.480000000e+01 0.000000000e+00 0.000000000e+00 0.000000000e+00 -7.320706570e-07 1.000000000e-01 1.000000000e-01 7.320706521e-07 
d 1.500000000e+01 1.500000000e+01 0.000000000e+00 0.000000000e+00 0.000000000e+00 -7.499221692e-07 1.000000000e-01 1.000000000e-01 7.499221645e-07 
d 1.520000000e+01 1.520000000e+01 0.000000000e+00 0.000000000e+00 0.000000000e+00 -7.680764689e-07 1.000000000e-01 1.000000000e-01 7.680764644e-07 
d 1.540000000e+01 1.540000000e+01 0.000000000e+00 0.000000000e+00 0.000000000e+00 -7.865352630e-07 1.000000000e-01 1.000000000e-01 7.865352587e-07 
d 1.560000000e+01 1.560000000e+01 0.000000000e+00 0.000000000e+00 0.000000000e+00 -8.053000852e-07 1.000000000e-01 1.000000000e-01 8.053000810e-07 
d 1.580000000e+01 1.580000000e+01 0.000000000e+00 0.000000000e+00 0.000000000e+00 -8.243722963e-07 1.000000000e-01 1.000000000e-01 8.243722924e-07 
d 1.600000000e+01 1.600000000e+01 0.000000000e+00 0.000000000e+00 0.000000000e+00 -8.437530856e-07 1.000000000e-01 1.000000000e-01 8.437530818e-07 
d 1.620000000e+01 1.620000000e+01 0.000000000e+00 0.000000000e+00 0.000000000e+00 -8.634434713e-07 1.000000000e-01 1.000000000e-01 8.634434677e-07 
d 1.640000000e+01 1.640000000e+01 0.000000000e+00 0.000000000e+00 0.000000000e+00 -8.834443030e-07 1.000000000e-01 1.000000000e-01 8.834442995e-07 
d 1.660000000e+01 1.660000000e+01 0.000000000e+00 0.000000000e+00 0.000000000e+00 -9.037562633e-07 1.000000000e-01 1.000000000e-01 9.037562600e-07 
d 1.680000000e+01 1.680000000e+01 0.000000000e+00 0.000000000e+00 0.000000000e+00 -9.243798709e-07 1.000000000e-01 1.000000000e-01 9.243798677e-07 
d 1.700000000e+01 1.700000000e+01 0.000000000e+00 0.000000000e+00 0.000000000e+00 -9.453154828e-07 1.000000000e-01 1.000000000e-01 9.453154798e-07 
d 1.720000000e+01 1.720000000e+01 0.000000000e+00 0.000000000e+00 0.000000000e+00 -9.665632984e-07 1.000000000e-01 1.000000000e-01 9.665632955e-07 
d 1.740000000e+01 1.740000000e+01 0.000000000e+00 0.000000000e+00 0.000000000e+00 -9.881233622e-07 1.000000000e-01 1.000000000e-01 9.881233595e-07 
d 1.760000000e+01 1.760000000e+01 0.000000000e+00 0.000000000e+00 0.000000000e+00 -1.009995568e-06 1.000000000e-01 1.000000000e-01 1.009995566e-06 
d 1.780000000e+01 1.780000000e+01 0.000000000e+00 0.000000000e+00 0.000000000e+00 -1.032179664e-06 1.000000000e-01 1.000000000e-01 1.032179662e-06 
d 1.800000000e+01 1.800000000e+01 0.000000000e+00 0.000000000e+00 0.000000000e+00 -1.054675255e-06 1.000000000e-01 1.000000000e-01 1.054675252e-06 
d 1.820000000e+01 1.820000000e+01 0.000000000e+00 0.000000000e+00 0.000000000e+00 -1.077481807e-06 1.000000000e-01 1.000000000e-01 1.077481805e-06 
d 1.840000000e+01 1.840000000e+01 0.000000000e+00 0.000000000e+00 0.000000000e+00 -1.100598655e-06 1.000000000e-01 1.000000000e-01 1.100598653e-06 
d 1.860000000e+01 1.860000000e+01 0.000000000e+00 0.000000000e+00 0.000000000e+00 -1.124025004e-06 1.000000000e-01 1.000000000e-01 1.124025002e-06 
d 1.880000000e+01 1.880000000e+01 0.000000000e+00 0.000000000e+00 0.000000000e+00 -1.147759936e-06 1.000000000e-01 1.000000000e-01 1.147759934e-06 
d 1.900000000e+01 1.900000000e+01 0.000000000e+00 0.000000000e+00 0.000000000e+00 -1.171802413e-06 1.000000000e-01 1.000000000e-01 1.171802411e-06 
d 1.920000000e+01 1.920000000e+01 0.000000000e+00 0.000000000e+00 0.000000000e+00 -1.196151284e-06 1.000000000e-01 1.000000000e-01 1.196151282e-06 
d 1.940000000e+01 1.940000000e+01 0.000000000e+00 0.000000000e+00 0.000000000e+00 -1.220805289e-06 1.000000000e-01 1.000000000e-01 1.220805287e-06 
d 1.960000000e+01 1.960000000e+01 0.000000000e+00 0.000000000e+00 0.000000000e+00 -1.245763064e-06 1.000000000e-01 1.000000000e-01 1.245763062e-06 
d 1.980000000e+01 1.980000000e+01 0.000000000e+00 0.000000000e+00 0.000000000e+00 -1.271023146e-06 1.000000000e-01 1.000000000e-01 1.271023144e-06 
d 2.000000000e+01 2.000000000e+01 0.000000000e+00 0.000000000e+00 0.000000000e+00 -1.296583979e-06 1.000000000e-01 1.000000000e-01 1.296583977e-06 
