v ATLAS
# This file was created by ATLAS version 5.24.1.R on Wed Apr 15 15:02:46 2020.
#SSF 2.0 generic
##############################################################################
#                    Copyright (c) 1984 - 2017                               #
#                    Silvaco Inc. All rights reserved                        #
#                                                                            #
# This file format and the following Key are copyright Silvaco Inc.          #
# You may not use, this format or key without reproducing this message in    #
# full and obtaining express written permission from Silvaco Inc.            #
#                                                                            #
# To obtain such permission please contact: Silvaco Inc.                     #
#                                           support@silvaco.com              #
#                                                                            #
# KEY=SVC86hn7562asdx                       PROD=345                         #
##############################################################################
y 3 700 711 15
z 40 1e+41 300
f 3 "gate" "source" "drain" 
p 9 2 601 20 3 602 21 4 603 22 
d 0.000000000e+00 0.000000000e+00 0.000000000e+00 0.000000000e+00 0.000000000e+00 -6.397651056e-12 1.000000000e-01 1.000000000e-01 6.397637044e-12 
d -1.000000000e-01 -1.000000000e-01 0.000000000e+00 0.000000000e+00 0.000000000e+00 -3.734606559e-12 1.000000000e-01 1.000000000e-01 3.734606123e-12 
d -2.000000000e-01 -2.000000000e-01 0.000000000e+00 0.000000000e+00 0.000000000e+00 -2.053482653e-12 1.000000000e-01 1.000000000e-01 2.053515907e-12 
d -3.000000000e-01 -3.000000000e-01 0.000000000e+00 0.000000000e+00 0.000000000e+00 -9.661028484e-13 1.000000000e-01 1.000000000e-01 9.661255806e-13 
d -4.000000000e-01 -4.000000000e-01 0.000000000e+00 0.000000000e+00 0.000000000e+00 -3.449001732e-13 1.000000000e-01 1.000000000e-01 3.448902023e-13 
d -5.000000000e-01 -5.000000000e-01 0.000000000e+00 0.000000000e+00 0.000000000e+00 -1.078788950e-13 1.000000000e-01 1.000000000e-01 1.078902201e-13 
d -6.000000000e-01 -6.000000000e-01 0.000000000e+00 0.000000000e+00 0.000000000e+00 -3.934074349e-14 1.000000000e-01 1.000000000e-01 3.933931574e-14 
d -7.000000000e-01 -7.000000000e-01 0.000000000e+00 0.000000000e+00 0.000000000e+00 -1.463045208e-14 1.000000000e-01 1.000000000e-01 1.462435540e-14 
d -8.000000000e-01 -8.000000000e-01 0.000000000e+00 0.000000000e+00 0.000000000e+00 -4.045824213e-15 1.000000000e-01 1.000000000e-01 4.039232167e-15 
d -9.000000000e-01 -9.000000000e-01 0.000000000e+00 0.000000000e+00 0.000000000e+00 -7.146345830e-16 1.000000000e-01 1.000000000e-01 7.132554247e-16 
d -1.000000000e+00 -1.000000000e+00 0.000000000e+00 0.000000000e+00 0.000000000e+00 -1.527537811e-16 1.000000000e-01 1.000000000e-01 1.406574241e-16 
d -1.100000000e+00 -1.100000000e+00 0.000000000e+00 0.000000000e+00 0.000000000e+00 -6.471975512e-18 1.000000000e-01 1.000000000e-01 2.999982395e-17 
d -1.200000000e+00 -1.200000000e+00 0.000000000e+00 0.000000000e+00 0.000000000e+00 1.172491543e-17 1.000000000e-01 1.000000000e-01 9.261354921e-18 
d -1.300000000e+00 -1.300000000e+00 0.000000000e+00 0.000000000e+00 0.000000000e+00 -2.865647763e-18 1.000000000e-01 1.000000000e-01 1.081506655e-17 
d -1.400000000e+00 -1.400000000e+00 0.000000000e+00 0.000000000e+00 0.000000000e+00 -7.313697067e-18 1.000000000e-01 1.000000000e-01 -8.903155135e-18 
d -1.500000000e+00 -1.500000000e+00 0.000000000e+00 0.000000000e+00 0.000000000e+00 2.225831388e-18 1.000000000e-01 1.000000000e-01 1.589898255e-18 
d -1.600000000e+00 -1.600000000e+00 0.000000000e+00 0.000000000e+00 0.000000000e+00 -1.589887760e-18 1.000000000e-01 1.000000000e-01 7.949437234e-18 
d -1.700000000e+00 -1.700000000e+00 0.000000000e+00 0.000000000e+00 0.000000000e+00 1.685280610e-17 1.000000000e-01 1.000000000e-01 2.861797276e-18 
d -1.800000000e+00 -1.800000000e+00 0.000000000e+00 0.000000000e+00 0.000000000e+00 -6.359549479e-19 1.000000000e-01 1.000000000e-01 1.017527916e-17 
d -1.900000000e+00 -1.900000000e+00 0.000000000e+00 0.000000000e+00 0.000000000e+00 6.359549475e-18 1.000000000e-01 1.000000000e-01 -1.144718906e-17 
d -2.000000000e+00 -2.000000000e+00 0.000000000e+00 0.000000000e+00 0.000000000e+00 1.717078358e-17 1.000000000e-01 1.000000000e-01 1.271909895e-18 
d -2.100000000e+00 -2.100000000e+00 0.000000000e+00 0.000000000e+00 0.000000000e+00 -1.526291874e-17 1.000000000e-01 1.000000000e-01 1.526291874e-17 
d -2.200000000e+00 -2.200000000e+00 0.000000000e+00 0.000000000e+00 0.000000000e+00 1.081123411e-17 1.000000000e-01 1.000000000e-01 3.179774738e-18 
d -2.300000000e+00 -2.300000000e+00 0.000000000e+00 0.000000000e+00 0.000000000e+00 5.087639580e-18 1.000000000e-01 1.000000000e-01 1.271909895e-17 
d -2.400000000e+00 -2.400000000e+00 0.000000000e+00 0.000000000e+00 0.000000000e+00 -8.267414318e-18 1.000000000e-01 1.000000000e-01 1.271909895e-18 
d -2.500000000e+00 -2.500000000e+00 0.000000000e+00 0.000000000e+00 0.000000000e+00 -6.359549475e-19 1.000000000e-01 1.000000000e-01 -7.631459371e-18 
d -2.600000000e+00 -2.600000000e+00 0.000000000e+00 0.000000000e+00 0.000000000e+00 7.313481897e-18 1.000000000e-01 1.000000000e-01 -9.539324213e-19 
d -2.700000000e+00 -2.700000000e+00 0.000000000e+00 0.000000000e+00 0.000000000e+00 9.539324213e-18 1.000000000e-01 1.000000000e-01 -5.723594528e-18 
d -2.800000000e+00 -2.800000000e+00 0.000000000e+00 0.000000000e+00 0.000000000e+00 -1.097022285e-16 1.000000000e-01 1.000000000e-01 -1.103381834e-16 
d -2.900000000e+00 -2.900000000e+00 0.000000000e+00 0.000000000e+00 0.000000000e+00 -1.879246870e-16 1.000000000e-01 1.000000000e-01 -1.796572727e-16 
d -2.950000000e+00 -2.950000000e+00 0.000000000e+00 0.000000000e+00 0.000000000e+00 -6.652088751e-16 1.000000000e-01 1.000000000e-01 -6.604392130e-16 
d -3.000000000e+00 -3.000000000e+00 0.000000000e+00 0.000000000e+00 0.000000000e+00 -5.411976604e-16 1.000000000e-01 1.000000000e-01 -5.170313724e-16 
d -3.100000000e+00 -3.100000000e+00 0.000000000e+00 0.000000000e+00 0.000000000e+00 -6.553515734e-16 1.000000000e-01 1.000000000e-01 -6.604392130e-16 
d -3.200000000e+00 -3.200000000e+00 0.000000000e+00 0.000000000e+00 0.000000000e+00 -2.836359066e-16 1.000000000e-01 1.000000000e-01 -3.033505100e-16 
d -3.300000000e+00 -3.300000000e+00 0.000000000e+00 0.000000000e+00 0.000000000e+00 -1.437258181e-16 1.000000000e-01 1.000000000e-01 -1.427718857e-16 
d -3.400000000e+00 -3.400000000e+00 0.000000000e+00 0.000000000e+00 0.000000000e+00 -3.911122927e-16 1.000000000e-01 1.000000000e-01 -4.006516170e-16 
d -3.500000000e+00 -3.500000000e+00 0.000000000e+00 0.000000000e+00 0.000000000e+00 -3.704437569e-16 1.000000000e-01 1.000000000e-01 -3.650381399e-16 
d -3.600000000e+00 -3.600000000e+00 0.000000000e+00 0.000000000e+00 0.000000000e+00 -5.501010296e-17 1.000000000e-01 1.000000000e-01 -4.706066612e-17 
d -3.700000000e+00 -3.700000000e+00 0.000000000e+00 0.000000000e+00 0.000000000e+00 -2.416628801e-17 1.000000000e-01 1.000000000e-01 -1.303707642e-17 
d -3.800000000e+00 -3.800000000e+00 0.000000000e+00 0.000000000e+00 0.000000000e+00 -9.253144487e-17 1.000000000e-01 1.000000000e-01 -1.119280708e-16 
d -3.900000000e+00 -3.900000000e+00 0.000000000e+00 0.000000000e+00 0.000000000e+00 -1.338685165e-16 1.000000000e-01 1.000000000e-01 -1.256011021e-16 
d -4.000000000e+00 -4.000000000e+00 0.000000000e+00 0.000000000e+00 0.000000000e+00 -6.232358486e-17 1.000000000e-01 1.000000000e-01 -7.790448107e-17 
d -4.100000000e+00 -4.100000000e+00 0.000000000e+00 0.000000000e+00 0.000000000e+00 -4.604313820e-16 1.000000000e-01 1.000000000e-01 -4.639291342e-16 
d -4.200000000e+00 -4.200000000e+00 0.000000000e+00 0.000000000e+00 0.000000000e+00 -7.472470634e-17 1.000000000e-01 1.000000000e-01 -6.359549475e-17 
d -4.300000000e+00 -4.300000000e+00 0.000000000e+00 0.000000000e+00 0.000000000e+00 -2.413449026e-16 1.000000000e-01 1.000000000e-01 -2.451606323e-16 
d -4.400000000e+00 -4.400000000e+00 0.000000000e+00 0.000000000e+00 0.000000000e+00 -3.752134191e-17 1.000000000e-01 1.000000000e-01 -2.512022043e-17 
d -4.500000000e+00 -4.500000000e+00 0.000000000e+00 0.000000000e+00 0.000000000e+00 -7.752290811e-16 1.000000000e-01 1.000000000e-01 -7.879481800e-16 
d -4.600000000e+00 -4.600000000e+00 0.000000000e+00 0.000000000e+00 0.000000000e+00 -3.275167980e-17 1.000000000e-01 1.000000000e-01 -4.483482380e-17 
d -4.700000000e+00 -4.700000000e+00 0.000000000e+00 0.000000000e+00 0.000000000e+00 -1.672561512e-16 1.000000000e-01 1.000000000e-01 -1.551730072e-16 
d -4.800000000e+00 -4.800000000e+00 0.000000000e+00 0.000000000e+00 0.000000000e+00 -1.669381737e-16 1.000000000e-01 1.000000000e-01 -1.675741287e-16 
d -4.900000000e+00 -4.900000000e+00 0.000000000e+00 0.000000000e+00 0.000000000e+00 -8.871571518e-17 1.000000000e-01 1.000000000e-01 -7.949436844e-17 
d -5.000000000e+00 -5.000000000e+00 0.000000000e+00 0.000000000e+00 0.000000000e+00 -2.270359163e-16 1.000000000e-01 1.000000000e-01 -2.219482767e-16 
