v ATLAS
# This file was created by ATLAS version 5.24.1.R on Thu Apr 30 11:24:52 2020.
#SSF 2.0 generic
##############################################################################
#                    Copyright (c) 1984 - 2017                               #
#                    Silvaco Inc. All rights reserved                        #
#                                                                            #
# This file format and the following Key are copyright Silvaco Inc.          #
# You may not use, this format or key without reproducing this message in    #
# full and obtaining express written permission from Silvaco Inc.            #
#                                                                            #
# To obtain such permission please contact: Silvaco Inc.                     #
#                                           support@silvaco.com              #
#                                                                            #
# KEY=SVC86hn7562asdx                       PROD=345                         #
##############################################################################
y 3 700 711 15
z 40 1e+41 300
f 3 "gate" "source" "drain" 
p 9 2 601 20 3 602 21 4 603 22 
d 0.000000000e+00 0.000000000e+00 0.000000000e+00 0.000000000e+00 0.000000000e+00 -1.107431285e-08 1.000000000e-01 1.000000000e-01 1.107431288e-08 
d -1.000000000e-01 -1.000000000e-01 0.000000000e+00 0.000000000e+00 0.000000000e+00 -8.832973940e-09 1.000000000e-01 1.000000000e-01 8.832973909e-09 
d -2.000000000e-01 -2.000000000e-01 0.000000000e+00 0.000000000e+00 0.000000000e+00 -6.718486142e-09 1.000000000e-01 1.000000000e-01 6.718486153e-09 
d -3.000000000e-01 -3.000000000e-01 0.000000000e+00 0.000000000e+00 0.000000000e+00 -4.779761068e-09 1.000000000e-01 1.000000000e-01 4.779761054e-09 
d -4.000000000e-01 -4.000000000e-01 0.000000000e+00 0.000000000e+00 0.000000000e+00 -3.089100819e-09 1.000000000e-01 1.000000000e-01 3.089100804e-09 
d -5.000000000e-01 -5.000000000e-01 0.000000000e+00 0.000000000e+00 0.000000000e+00 -1.738139468e-09 1.000000000e-01 1.000000000e-01 1.738139466e-09 
d -6.000000000e-01 -6.000000000e-01 0.000000000e+00 0.000000000e+00 0.000000000e+00 -7.992000266e-10 1.000000000e-01 1.000000000e-01 7.992000355e-10 
d -7.000000000e-01 -7.000000000e-01 0.000000000e+00 0.000000000e+00 0.000000000e+00 -2.619281274e-10 1.000000000e-01 1.000000000e-01 2.619281411e-10 
d -8.000000000e-01 -8.000000000e-01 0.000000000e+00 0.000000000e+00 0.000000000e+00 -4.400329234e-11 1.000000000e-01 1.000000000e-01 4.400329560e-11 
d -9.000000000e-01 -9.000000000e-01 0.000000000e+00 0.000000000e+00 0.000000000e+00 -3.584935788e-12 1.000000000e-01 1.000000000e-01 3.584971765e-12 
d -1.000000000e+00 -1.000000000e+00 0.000000000e+00 0.000000000e+00 0.000000000e+00 -1.714878782e-13 1.000000000e-01 1.000000000e-01 1.715313852e-13 
d -1.100000000e+00 -1.100000000e+00 0.000000000e+00 0.000000000e+00 0.000000000e+00 -6.185968744e-15 1.000000000e-01 1.000000000e-01 6.187280374e-15 
d -1.200000000e+00 -1.200000000e+00 0.000000000e+00 0.000000000e+00 0.000000000e+00 -1.840488468e-16 1.000000000e-01 1.000000000e-01 1.627343355e-16 
d -1.300000000e+00 -1.300000000e+00 0.000000000e+00 0.000000000e+00 0.000000000e+00 -4.851486897e-18 1.000000000e-01 1.000000000e-01 3.696707203e-17 
d -1.400000000e+00 -1.400000000e+00 0.000000000e+00 0.000000000e+00 0.000000000e+00 -4.453657380e-18 1.000000000e-01 1.000000000e-01 9.859273104e-18 
d -1.500000000e+00 -1.500000000e+00 0.000000000e+00 0.000000000e+00 0.000000000e+00 4.451640019e-18 1.000000000e-01 1.000000000e-01 -4.769617492e-18 
d -1.600000000e+00 -1.600000000e+00 0.000000000e+00 0.000000000e+00 0.000000000e+00 -8.267415298e-18 1.000000000e-01 1.000000000e-01 1.335505488e-17 
d -1.700000000e+00 -1.700000000e+00 0.000000000e+00 0.000000000e+00 0.000000000e+00 5.087639559e-18 1.000000000e-01 1.000000000e-01 -1.049325661e-17 
d -1.800000000e+00 -1.800000000e+00 0.000000000e+00 0.000000000e+00 0.000000000e+00 -1.081123411e-17 1.000000000e-01 1.000000000e-01 6.041572002e-18 
d -1.900000000e+00 -1.900000000e+00 0.000000000e+00 0.000000000e+00 0.000000000e+00 -1.589887369e-18 1.000000000e-01 1.000000000e-01 -1.335505390e-17 
d -2.000000000e+00 -2.000000000e+00 0.000000000e+00 0.000000000e+00 0.000000000e+00 -2.225842316e-18 1.000000000e-01 1.000000000e-01 2.861797264e-18 
d -2.100000000e+00 -2.100000000e+00 0.000000000e+00 0.000000000e+00 0.000000000e+00 1.844269348e-17 1.000000000e-01 1.000000000e-01 -1.907864843e-18 
d -2.200000000e+00 -2.200000000e+00 0.000000000e+00 0.000000000e+00 0.000000000e+00 1.144718906e-17 1.000000000e-01 1.000000000e-01 9.539324213e-19 
d -2.300000000e+00 -2.300000000e+00 0.000000000e+00 0.000000000e+00 0.000000000e+00 5.087639580e-18 1.000000000e-01 1.000000000e-01 -4.451684633e-18 
d -2.400000000e+00 -2.400000000e+00 0.000000000e+00 0.000000000e+00 0.000000000e+00 -3.179774738e-19 1.000000000e-01 1.000000000e-01 -3.497752212e-18 
d -2.500000000e+00 -2.500000000e+00 0.000000000e+00 0.000000000e+00 0.000000000e+00 -6.359549475e-19 1.000000000e-01 1.000000000e-01 7.631459371e-18 
d -2.600000000e+00 -2.600000000e+00 0.000000000e+00 0.000000000e+00 0.000000000e+00 -5.723594528e-18 1.000000000e-01 1.000000000e-01 4.769662107e-18 
d -2.700000000e+00 -2.700000000e+00 0.000000000e+00 0.000000000e+00 0.000000000e+00 1.589887369e-18 1.000000000e-01 1.000000000e-01 -1.271909895e-17 
d -2.800000000e+00 -2.800000000e+00 0.000000000e+00 0.000000000e+00 0.000000000e+00 -1.399100885e-17 1.000000000e-01 1.000000000e-01 -3.434156717e-17 
d -2.900000000e+00 -2.900000000e+00 0.000000000e+00 0.000000000e+00 0.000000000e+00 -5.322942911e-16 1.000000000e-01 1.000000000e-01 -5.246628317e-16 
d -2.950000000e+00 -2.950000000e+00 0.000000000e+00 0.000000000e+00 0.000000000e+00 -9.221346739e-17 1.000000000e-01 1.000000000e-01 -8.172021076e-17 
d -3.000000000e+00 -3.000000000e+00 0.000000000e+00 0.000000000e+00 0.000000000e+00 -1.641081742e-15 1.000000000e-01 1.000000000e-01 -1.593385121e-15 
d -3.100000000e+00 -3.100000000e+00 0.000000000e+00 0.000000000e+00 0.000000000e+00 -1.389243583e-15 1.000000000e-01 1.000000000e-01 -1.362215498e-15 
d -3.200000000e+00 -3.200000000e+00 0.000000000e+00 0.000000000e+00 0.000000000e+00 -6.760201092e-16 1.000000000e-01 1.000000000e-01 -6.556695509e-16 
d -3.300000000e+00 -3.300000000e+00 0.000000000e+00 0.000000000e+00 0.000000000e+00 -8.785717600e-16 1.000000000e-01 1.000000000e-01 -8.588571567e-16 
d -3.400000000e+00 -3.400000000e+00 0.000000000e+00 0.000000000e+00 0.000000000e+00 -1.036606565e-15 1.000000000e-01 1.000000000e-01 -1.030882970e-15 
d -3.500000000e+00 -3.500000000e+00 0.000000000e+00 0.000000000e+00 0.000000000e+00 -2.639213032e-16 1.000000000e-01 1.000000000e-01 -2.639213032e-16 
d -3.600000000e+00 -3.600000000e+00 0.000000000e+00 0.000000000e+00 0.000000000e+00 -2.159067047e-16 1.000000000e-01 1.000000000e-01 -2.143168173e-16 
d -3.700000000e+00 -3.700000000e+00 0.000000000e+00 0.000000000e+00 0.000000000e+00 -4.451684633e-16 1.000000000e-01 1.000000000e-01 -4.225920626e-16 
d -3.750000000e+00 -3.750000000e+00 0.000000000e+00 0.000000000e+00 0.000000000e+00 -6.782459516e-16 1.000000000e-01 1.000000000e-01 -6.540796636e-16 
d -3.800000000e+00 -3.800000000e+00 0.000000000e+00 0.000000000e+00 0.000000000e+00 -1.376524484e-15 1.000000000e-01 1.000000000e-01 -1.343454827e-15 
d -3.900000000e+00 -3.900000000e+00 0.000000000e+00 0.000000000e+00 0.000000000e+00 -1.441391889e-15 1.000000000e-01 1.000000000e-01 -1.388925605e-15 
d -4.000000000e+00 -4.000000000e+00 0.000000000e+00 0.000000000e+00 0.000000000e+00 -1.251559337e-15 1.000000000e-01 1.000000000e-01 -1.236932373e-15 
d -4.100000000e+00 -4.100000000e+00 0.000000000e+00 0.000000000e+00 0.000000000e+00 -7.179931358e-16 1.000000000e-01 1.000000000e-01 -7.001863973e-16 
d -4.200000000e+00 -4.200000000e+00 0.000000000e+00 0.000000000e+00 0.000000000e+00 -5.128976652e-16 1.000000000e-01 1.000000000e-01 -4.830077827e-16 
d -4.300000000e+00 -4.300000000e+00 0.000000000e+00 0.000000000e+00 0.000000000e+00 -8.957425436e-16 1.000000000e-01 1.000000000e-01 -8.569492918e-16 
d -4.400000000e+00 -4.400000000e+00 0.000000000e+00 0.000000000e+00 0.000000000e+00 -5.920740562e-16 1.000000000e-01 1.000000000e-01 -5.583684439e-16 
d -4.500000000e+00 -4.500000000e+00 0.000000000e+00 0.000000000e+00 0.000000000e+00 -2.362572630e-16 1.000000000e-01 1.000000000e-01 -2.451606323e-16 
d -4.600000000e+00 -4.600000000e+00 0.000000000e+00 0.000000000e+00 0.000000000e+00 -3.370561222e-16 1.000000000e-01 1.000000000e-01 -3.332403925e-16 
d -4.700000000e+00 -4.700000000e+00 0.000000000e+00 0.000000000e+00 0.000000000e+00 -2.209943443e-16 1.000000000e-01 1.000000000e-01 -2.556538889e-16 
d -4.800000000e+00 -4.800000000e+00 0.000000000e+00 0.000000000e+00 0.000000000e+00 -1.758415430e-16 1.000000000e-01 1.000000000e-01 -1.663022188e-16 
d -4.900000000e+00 -4.900000000e+00 0.000000000e+00 0.000000000e+00 0.000000000e+00 -2.187685020e-16 1.000000000e-01 1.000000000e-01 -2.146347948e-16 
d -5.000000000e+00 -5.000000000e+00 0.000000000e+00 0.000000000e+00 0.000000000e+00 -1.255375066e-15 1.000000000e-01 1.000000000e-01 -1.216581815e-15 
