v ATLAS
# This file was created by ATLAS version 5.24.1.R on Thu Apr 30 16:07:53 2020.
#SSF 2.0 generic
##############################################################################
#                    Copyright (c) 1984 - 2017                               #
#                    Silvaco Inc. All rights reserved                        #
#                                                                            #
# This file format and the following Key are copyright Silvaco Inc.          #
# You may not use, this format or key without reproducing this message in    #
# full and obtaining express written permission from Silvaco Inc.            #
#                                                                            #
# To obtain such permission please contact: Silvaco Inc.                     #
#                                           support@silvaco.com              #
#                                                                            #
# KEY=SVC86hn7562asdx                       PROD=345                         #
##############################################################################
y 3 700 711 15
z 40 1e+41 300
f 3 "gate" "source" "drain" 
p 9 2 601 20 3 602 21 4 603 22 
d 0.000000000e+00 0.000000000e+00 0.000000000e+00 0.000000000e+00 0.000000000e+00 -2.569954211e-09 1.000000000e-01 1.000000000e-01 2.569954222e-09 
d -1.000000000e-01 -1.000000000e-01 0.000000000e+00 0.000000000e+00 0.000000000e+00 -1.703143518e-09 1.000000000e-01 1.000000000e-01 1.703143516e-09 
d -2.000000000e-01 -2.000000000e-01 0.000000000e+00 0.000000000e+00 0.000000000e+00 -1.061242520e-09 1.000000000e-01 1.000000000e-01 1.061242546e-09 
d -3.000000000e-01 -3.000000000e-01 0.000000000e+00 0.000000000e+00 0.000000000e+00 -6.116805688e-10 1.000000000e-01 1.000000000e-01 6.116805647e-10 
d -4.000000000e-01 -4.000000000e-01 0.000000000e+00 0.000000000e+00 0.000000000e+00 -3.085498504e-10 1.000000000e-01 1.000000000e-01 3.085498686e-10 
d -5.000000000e-01 -5.000000000e-01 0.000000000e+00 0.000000000e+00 0.000000000e+00 -1.182434480e-10 1.000000000e-01 1.000000000e-01 1.182434552e-10 
d -6.000000000e-01 -6.000000000e-01 0.000000000e+00 0.000000000e+00 0.000000000e+00 -2.933799463e-11 1.000000000e-01 1.000000000e-01 2.933798813e-11 
d -7.000000000e-01 -7.000000000e-01 0.000000000e+00 0.000000000e+00 0.000000000e+00 -6.399139080e-12 1.000000000e-01 1.000000000e-01 6.399117898e-12 
d -8.000000000e-01 -8.000000000e-01 0.000000000e+00 0.000000000e+00 0.000000000e+00 -1.269192658e-12 1.000000000e-01 1.000000000e-01 1.269213319e-12 
d -9.000000000e-01 -9.000000000e-01 0.000000000e+00 0.000000000e+00 0.000000000e+00 -1.363213185e-13 1.000000000e-01 1.000000000e-01 1.363118172e-13 
d -1.000000000e+00 -1.000000000e+00 0.000000000e+00 0.000000000e+00 0.000000000e+00 -1.369532364e-14 1.000000000e-01 1.000000000e-01 1.368758539e-14 
d -1.100000000e+00 -1.100000000e+00 0.000000000e+00 0.000000000e+00 0.000000000e+00 -9.226882534e-16 1.000000000e-01 1.000000000e-01 8.977747022e-16 
d -1.200000000e+00 -1.200000000e+00 0.000000000e+00 0.000000000e+00 0.000000000e+00 -5.876085399e-17 1.000000000e-01 1.000000000e-01 4.730968576e-17 
d -1.300000000e+00 -1.300000000e+00 0.000000000e+00 0.000000000e+00 0.000000000e+00 6.961497894e-18 1.000000000e-01 1.000000000e-01 1.625073581e-17 
d -1.400000000e+00 -1.400000000e+00 0.000000000e+00 0.000000000e+00 0.000000000e+00 8.584239094e-18 1.000000000e-01 1.000000000e-01 3.498902142e-18 
d -1.500000000e+00 -1.500000000e+00 0.000000000e+00 0.000000000e+00 0.000000000e+00 2.225810241e-18 1.000000000e-01 1.000000000e-01 1.049328866e-17 
d -1.600000000e+00 -1.600000000e+00 0.000000000e+00 0.000000000e+00 0.000000000e+00 2.353033226e-17 1.000000000e-01 1.000000000e-01 1.335505470e-17 
d -1.700000000e+00 -1.700000000e+00 0.000000000e+00 0.000000000e+00 0.000000000e+00 -1.589887388e-18 1.000000000e-01 1.000000000e-01 6.041572021e-18 
d -1.800000000e+00 -1.800000000e+00 0.000000000e+00 0.000000000e+00 0.000000000e+00 6.995504423e-18 1.000000000e-01 1.000000000e-01 -1.939662590e-17 
d -1.900000000e+00 -1.900000000e+00 0.000000000e+00 0.000000000e+00 0.000000000e+00 -3.497752212e-18 1.000000000e-01 1.000000000e-01 -5.405617054e-18 
d -2.000000000e+00 -2.000000000e+00 0.000000000e+00 0.000000000e+00 0.000000000e+00 9.857301687e-18 1.000000000e-01 1.000000000e-01 5.723594528e-18 
d -2.100000000e+00 -2.100000000e+00 0.000000000e+00 0.000000000e+00 0.000000000e+00 6.359549475e-19 1.000000000e-01 1.000000000e-01 9.539324213e-19 
d -2.200000000e+00 -2.200000000e+00 0.000000000e+00 0.000000000e+00 0.000000000e+00 -2.321235559e-17 1.000000000e-01 1.000000000e-01 -5.087639580e-18 
d -2.300000000e+00 -2.300000000e+00 0.000000000e+00 0.000000000e+00 0.000000000e+00 -2.543819790e-18 1.000000000e-01 1.000000000e-01 -6.041572002e-18 
d -2.400000000e+00 -2.400000000e+00 0.000000000e+00 0.000000000e+00 0.000000000e+00 2.162246822e-17 1.000000000e-01 1.000000000e-01 5.087639580e-18 
d -2.500000000e+00 -2.500000000e+00 0.000000000e+00 0.000000000e+00 0.000000000e+00 2.861797264e-18 1.000000000e-01 1.000000000e-01 8.267414318e-18 
d -2.600000000e+00 -2.600000000e+00 0.000000000e+00 0.000000000e+00 0.000000000e+00 -7.313481897e-18 1.000000000e-01 1.000000000e-01 -7.631459371e-18 
d -2.700000000e+00 -2.700000000e+00 0.000000000e+00 0.000000000e+00 0.000000000e+00 -1.049325663e-17 1.000000000e-01 1.000000000e-01 -1.335505390e-17 
d -2.800000000e+00 -2.800000000e+00 0.000000000e+00 0.000000000e+00 0.000000000e+00 9.539324213e-19 1.000000000e-01 1.000000000e-01 -1.589887369e-18 
d -2.900000000e+00 -2.900000000e+00 0.000000000e+00 0.000000000e+00 0.000000000e+00 -5.949358534e-16 1.000000000e-01 1.000000000e-01 -6.032032678e-16 
d -2.950000000e+00 -2.950000000e+00 0.000000000e+00 0.000000000e+00 0.000000000e+00 -8.178380625e-16 1.000000000e-01 1.000000000e-01 -8.137043554e-16 
d -2.975000000e+00 -2.975000000e+00 0.000000000e+00 0.000000000e+00 0.000000000e+00 -3.179774738e-19 1.000000000e-01 1.000000000e-01 -8.267414318e-18 
d -3.000000000e+00 -3.000000000e+00 0.000000000e+00 0.000000000e+00 0.000000000e+00 -1.090026780e-15 1.000000000e-01 1.000000000e-01 -1.066814425e-15 
d -3.100000000e+00 -3.100000000e+00 0.000000000e+00 0.000000000e+00 0.000000000e+00 -1.194959346e-15 1.000000000e-01 1.000000000e-01 -1.144718906e-15 
d -3.200000000e+00 -3.200000000e+00 0.000000000e+00 0.000000000e+00 0.000000000e+00 -1.316108764e-15 1.000000000e-01 1.000000000e-01 -1.294804273e-15 
d -3.300000000e+00 -3.300000000e+00 0.000000000e+00 0.000000000e+00 0.000000000e+00 -1.598472761e-15 1.000000000e-01 1.000000000e-01 -1.591477256e-15 
d -3.400000000e+00 -3.400000000e+00 0.000000000e+00 0.000000000e+00 0.000000000e+00 -1.028339150e-15 1.000000000e-01 1.000000000e-01 -1.006080727e-15 
d -3.500000000e+00 -3.500000000e+00 0.000000000e+00 0.000000000e+00 0.000000000e+00 -3.306965727e-16 1.000000000e-01 1.000000000e-01 -3.249729782e-16 
d -3.600000000e+00 -3.600000000e+00 0.000000000e+00 0.000000000e+00 0.000000000e+00 -1.876067095e-16 1.000000000e-01 1.000000000e-01 -2.235381641e-16 
d -3.700000000e+00 -3.700000000e+00 0.000000000e+00 0.000000000e+00 0.000000000e+00 -3.567707256e-16 1.000000000e-01 1.000000000e-01 -3.748954416e-16 
d -3.800000000e+00 -3.800000000e+00 0.000000000e+00 0.000000000e+00 0.000000000e+00 -7.844504278e-16 1.000000000e-01 1.000000000e-01 -7.876302025e-16 
d -3.900000000e+00 -3.900000000e+00 0.000000000e+00 0.000000000e+00 0.000000000e+00 -2.114550201e-16 1.000000000e-01 1.000000000e-01 -2.117729975e-16 
d -4.000000000e+00 -4.000000000e+00 0.000000000e+00 0.000000000e+00 0.000000000e+00 -8.966964760e-17 1.000000000e-01 1.000000000e-01 -1.062044762e-16 
d -4.100000000e+00 -4.100000000e+00 0.000000000e+00 0.000000000e+00 0.000000000e+00 -1.513572775e-16 1.000000000e-01 1.000000000e-01 -1.596246918e-16 
d -4.200000000e+00 -4.200000000e+00 0.000000000e+00 0.000000000e+00 0.000000000e+00 -1.427718857e-16 1.000000000e-01 1.000000000e-01 -1.484954803e-16 
d -4.300000000e+00 -4.300000000e+00 0.000000000e+00 0.000000000e+00 0.000000000e+00 -3.043044424e-16 1.000000000e-01 1.000000000e-01 -3.068482622e-16 
d -4.400000000e+00 -4.400000000e+00 0.000000000e+00 0.000000000e+00 0.000000000e+00 -9.889099434e-17 1.000000000e-01 1.000000000e-01 -9.412133224e-17 
d -4.500000000e+00 -4.500000000e+00 0.000000000e+00 0.000000000e+00 0.000000000e+00 -2.890415237e-16 1.000000000e-01 1.000000000e-01 -2.731426500e-16 
d -4.600000000e+00 -4.600000000e+00 0.000000000e+00 0.000000000e+00 0.000000000e+00 -4.435785759e-16 1.000000000e-01 1.000000000e-01 -4.203662203e-16 
d -4.700000000e+00 -4.700000000e+00 0.000000000e+00 0.000000000e+00 0.000000000e+00 -2.512022043e-16 1.000000000e-01 1.000000000e-01 -2.324415333e-16 
d -4.800000000e+00 -4.800000000e+00 0.000000000e+00 0.000000000e+00 0.000000000e+00 -9.889099434e-17 1.000000000e-01 1.000000000e-01 -8.680785034e-17 
d -4.900000000e+00 -4.900000000e+00 0.000000000e+00 0.000000000e+00 0.000000000e+00 -1.023887466e-15 1.000000000e-01 1.000000000e-01 -1.016256006e-15 
d -5.000000000e+00 -5.000000000e+00 0.000000000e+00 0.000000000e+00 0.000000000e+00 -3.443696041e-16 1.000000000e-01 1.000000000e-01 -3.294246628e-16 
