v ATLAS
# This file was created by ATLAS version 5.24.1.R on Thu Apr 30 15:59:07 2020.
#SSF 2.0 generic
##############################################################################
#                    Copyright (c) 1984 - 2017                               #
#                    Silvaco Inc. All rights reserved                        #
#                                                                            #
# This file format and the following Key are copyright Silvaco Inc.          #
# You may not use, this format or key without reproducing this message in    #
# full and obtaining express written permission from Silvaco Inc.            #
#                                                                            #
# To obtain such permission please contact: Silvaco Inc.                     #
#                                           support@silvaco.com              #
#                                                                            #
# KEY=SVC86hn7562asdx                       PROD=345                         #
##############################################################################
y 3 700 711 15
z 40 1e+41 300
f 3 "gate" "source" "drain" 
p 9 2 601 20 3 602 21 4 603 22 
d 2.000000000e-01 2.000000000e-01 0.000000000e+00 0.000000000e+00 0.000000000e+00 -9.090015913e-09 1.000000000e-01 1.000000000e-01 9.090015917e-09 
d 4.000000000e-01 4.000000000e-01 0.000000000e+00 0.000000000e+00 0.000000000e+00 -1.625933573e-08 1.000000000e-01 1.000000000e-01 1.625933571e-08 
d 6.000000000e-01 6.000000000e-01 0.000000000e+00 0.000000000e+00 0.000000000e+00 -2.452925900e-08 1.000000000e-01 1.000000000e-01 2.452925899e-08 
d 8.000000000e-01 8.000000000e-01 0.000000000e+00 0.000000000e+00 0.000000000e+00 -3.353189794e-08 1.000000000e-01 1.000000000e-01 3.353189792e-08 
d 1.000000000e+00 1.000000000e+00 0.000000000e+00 0.000000000e+00 0.000000000e+00 -4.316150534e-08 1.000000000e-01 1.000000000e-01 4.316150536e-08 
d 1.200000000e+00 1.200000000e+00 0.000000000e+00 0.000000000e+00 0.000000000e+00 -5.340774928e-08 1.000000000e-01 1.000000000e-01 5.340774926e-08 
d 1.400000000e+00 1.400000000e+00 0.000000000e+00 0.000000000e+00 0.000000000e+00 -6.428706960e-08 1.000000000e-01 1.000000000e-01 6.428706960e-08 
d 1.600000000e+00 1.600000000e+00 0.000000000e+00 0.000000000e+00 0.000000000e+00 -7.581388762e-08 1.000000000e-01 1.000000000e-01 7.581388761e-08 
d 1.800000000e+00 1.800000000e+00 0.000000000e+00 0.000000000e+00 0.000000000e+00 -8.798906558e-08 1.000000000e-01 1.000000000e-01 8.798906559e-08 
d 2.000000000e+00 2.000000000e+00 0.000000000e+00 0.000000000e+00 0.000000000e+00 -1.007974344e-07 1.000000000e-01 1.000000000e-01 1.007974344e-07 
d 2.200000000e+00 2.200000000e+00 0.000000000e+00 0.000000000e+00 0.000000000e+00 -1.142104577e-07 1.000000000e-01 1.000000000e-01 1.142104577e-07 
d 2.400000000e+00 2.400000000e+00 0.000000000e+00 0.000000000e+00 0.000000000e+00 -1.281912690e-07 1.000000000e-01 1.000000000e-01 1.281912691e-07 
d 2.600000000e+00 2.600000000e+00 0.000000000e+00 0.000000000e+00 0.000000000e+00 -1.427000072e-07 1.000000000e-01 1.000000000e-01 1.426999590e-07 
d 2.800000000e+00 2.800000000e+00 0.000000000e+00 0.000000000e+00 0.000000000e+00 -1.576980317e-07 1.000000000e-01 1.000000000e-01 1.576979869e-07 
d 3.000000000e+00 3.000000000e+00 0.000000000e+00 0.000000000e+00 0.000000000e+00 -1.731508700e-07 1.000000000e-01 1.000000000e-01 1.731508302e-07 
d 3.200000000e+00 3.200000000e+00 0.000000000e+00 0.000000000e+00 0.000000000e+00 -1.890295500e-07 1.000000000e-01 1.000000000e-01 1.890295165e-07 
d 3.400000000e+00 3.400000000e+00 0.000000000e+00 0.000000000e+00 0.000000000e+00 -2.053109993e-07 1.000000000e-01 1.000000000e-01 2.053109727e-07 
d 3.600000000e+00 3.600000000e+00 0.000000000e+00 0.000000000e+00 0.000000000e+00 -2.219777759e-07 1.000000000e-01 1.000000000e-01 2.219777557e-07 
d 3.800000000e+00 3.800000000e+00 0.000000000e+00 0.000000000e+00 0.000000000e+00 -2.390174658e-07 1.000000000e-01 1.000000000e-01 2.390174512e-07 
d 4.000000000e+00 4.000000000e+00 0.000000000e+00 0.000000000e+00 0.000000000e+00 -2.564219615e-07 1.000000000e-01 1.000000000e-01 2.564219511e-07 
d 4.200000000e+00 4.200000000e+00 0.000000000e+00 0.000000000e+00 0.000000000e+00 -2.741867416e-07 1.000000000e-01 1.000000000e-01 2.741867345e-07 
d 4.400000000e+00 4.400000000e+00 0.000000000e+00 0.000000000e+00 0.000000000e+00 -2.923102162e-07 1.000000000e-01 1.000000000e-01 2.923102113e-07 
d 4.600000000e+00 4.600000000e+00 0.000000000e+00 0.000000000e+00 0.000000000e+00 -3.107931572e-07 1.000000000e-01 1.000000000e-01 3.107931539e-07 
d 4.800000000e+00 4.800000000e+00 0.000000000e+00 0.000000000e+00 0.000000000e+00 -3.296382192e-07 1.000000000e-01 1.000000000e-01 3.296382170e-07 
d 5.000000000e+00 5.000000000e+00 0.000000000e+00 0.000000000e+00 0.000000000e+00 -3.488495391e-07 1.000000000e-01 1.000000000e-01 3.488495376e-07 
d 5.200000000e+00 5.200000000e+00 0.000000000e+00 0.000000000e+00 0.000000000e+00 -3.684324064e-07 1.000000000e-01 1.000000000e-01 3.684324053e-07 
d 5.400000000e+00 5.400000000e+00 0.000000000e+00 0.000000000e+00 0.000000000e+00 -3.883929892e-07 1.000000000e-01 1.000000000e-01 3.883929884e-07 
d 5.600000000e+00 5.600000000e+00 0.000000000e+00 0.000000000e+00 0.000000000e+00 -4.087381078e-07 1.000000000e-01 1.000000000e-01 4.087381073e-07 
d 5.800000000e+00 5.800000000e+00 0.000000000e+00 0.000000000e+00 0.000000000e+00 -4.294750439e-07 1.000000000e-01 1.000000000e-01 4.294750436e-07 
d 6.000000000e+00 6.000000000e+00 0.000000000e+00 0.000000000e+00 0.000000000e+00 -4.506113796e-07 1.000000000e-01 1.000000000e-01 4.506113794e-07 
d 6.200000000e+00 6.200000000e+00 0.000000000e+00 0.000000000e+00 0.000000000e+00 -4.721548594e-07 1.000000000e-01 1.000000000e-01 4.721548593e-07 
d 6.400000000e+00 6.400000000e+00 0.000000000e+00 0.000000000e+00 0.000000000e+00 -4.941132714e-07 1.000000000e-01 1.000000000e-01 4.941132713e-07 
d 6.600000000e+00 6.600000000e+00 0.000000000e+00 0.000000000e+00 0.000000000e+00 -5.164943425e-07 1.000000000e-01 1.000000000e-01 5.164943425e-07 
d 6.800000000e+00 6.800000000e+00 0.000000000e+00 0.000000000e+00 0.000000000e+00 -5.393056476e-07 1.000000000e-01 1.000000000e-01 5.393056475e-07 
d 7.000000000e+00 7.000000000e+00 0.000000000e+00 0.000000000e+00 0.000000000e+00 -5.625545272e-07 1.000000000e-01 1.000000000e-01 5.625545271e-07 
d 7.200000000e+00 7.200000000e+00 0.000000000e+00 0.000000000e+00 0.000000000e+00 -5.862480162e-07 1.000000000e-01 1.000000000e-01 5.862480161e-07 
d 7.400000000e+00 7.400000000e+00 0.000000000e+00 0.000000000e+00 0.000000000e+00 -6.103927792e-07 1.000000000e-01 1.000000000e-01 6.103927790e-07 
d 7.600000000e+00 7.600000000e+00 0.000000000e+00 0.000000000e+00 0.000000000e+00 -6.349950535e-07 1.000000000e-01 1.000000000e-01 6.349950533e-07 
d 7.800000000e+00 7.800000000e+00 0.000000000e+00 0.000000000e+00 0.000000000e+00 -6.600605999e-07 1.000000000e-01 1.000000000e-01 6.600605996e-07 
d 8.000000000e+00 8.000000000e+00 0.000000000e+00 0.000000000e+00 0.000000000e+00 -6.855946586e-07 1.000000000e-01 1.000000000e-01 6.855946583e-07 
d 8.200000000e+00 8.200000000e+00 0.000000000e+00 0.000000000e+00 0.000000000e+00 -7.116019128e-07 1.000000000e-01 1.000000000e-01 7.116019124e-07 
d 8.400000000e+00 8.400000000e+00 0.000000000e+00 0.000000000e+00 0.000000000e+00 -7.380864582e-07 1.000000000e-01 1.000000000e-01 7.380864577e-07 
d 8.600000000e+00 8.600000000e+00 0.000000000e+00 0.000000000e+00 0.000000000e+00 -7.650517782e-07 1.000000000e-01 1.000000000e-01 7.650517776e-07 
d 8.800000000e+00 8.800000000e+00 0.000000000e+00 0.000000000e+00 0.000000000e+00 -7.925007257e-07 1.000000000e-01 1.000000000e-01 7.925007251e-07 
d 9.000000000e+00 9.000000000e+00 0.000000000e+00 0.000000000e+00 0.000000000e+00 -8.204355108e-07 1.000000000e-01 1.000000000e-01 8.204355101e-07 
d 9.200000000e+00 9.200000000e+00 0.000000000e+00 0.000000000e+00 0.000000000e+00 -8.488576937e-07 1.000000000e-01 1.000000000e-01 8.488576930e-07 
d 9.400000000e+00 9.400000000e+00 0.000000000e+00 0.000000000e+00 0.000000000e+00 -8.777681839e-07 1.000000000e-01 1.000000000e-01 8.777681831e-07 
d 9.600000000e+00 9.600000000e+00 0.000000000e+00 0.000000000e+00 0.000000000e+00 -9.071672439e-07 1.000000000e-01 1.000000000e-01 9.071672431e-07 
d 9.800000000e+00 9.800000000e+00 0.000000000e+00 0.000000000e+00 0.000000000e+00 -9.370544981e-07 1.000000000e-01 1.000000000e-01 9.370544972e-07 
d 1.000000000e+01 1.000000000e+01 0.000000000e+00 0.000000000e+00 0.000000000e+00 -9.674289467e-07 1.000000000e-01 1.000000000e-01 9.674289457e-07 
d 1.020000000e+01 1.020000000e+01 0.000000000e+00 0.000000000e+00 0.000000000e+00 -9.982889829e-07 1.000000000e-01 1.000000000e-01 9.982889819e-07 
d 1.040000000e+01 1.040000000e+01 0.000000000e+00 0.000000000e+00 0.000000000e+00 -1.029632415e-06 1.000000000e-01 1.000000000e-01 1.029632414e-06 
d 1.060000000e+01 1.060000000e+01 0.000000000e+00 0.000000000e+00 0.000000000e+00 -1.061456489e-06 1.000000000e-01 1.000000000e-01 1.061456488e-06 
d 1.080000000e+01 1.080000000e+01 0.000000000e+00 0.000000000e+00 0.000000000e+00 -1.093757920e-06 1.000000000e-01 1.000000000e-01 1.093757919e-06 
d 1.100000000e+01 1.100000000e+01 0.000000000e+00 0.000000000e+00 0.000000000e+00 -1.126532918e-06 1.000000000e-01 1.000000000e-01 1.126532917e-06 
d 1.120000000e+01 1.120000000e+01 0.000000000e+00 0.000000000e+00 0.000000000e+00 -1.159777221e-06 1.000000000e-01 1.000000000e-01 1.159777220e-06 
d 1.140000000e+01 1.140000000e+01 0.000000000e+00 0.000000000e+00 0.000000000e+00 -1.193486130e-06 1.000000000e-01 1.000000000e-01 1.193486129e-06 
d 1.160000000e+01 1.160000000e+01 0.000000000e+00 0.000000000e+00 0.000000000e+00 -1.227654538e-06 1.000000000e-01 1.000000000e-01 1.227654537e-06 
d 1.180000000e+01 1.180000000e+01 0.000000000e+00 0.000000000e+00 0.000000000e+00 -1.262276970e-06 1.000000000e-01 1.000000000e-01 1.262276969e-06 
d 1.200000000e+01 1.200000000e+01 0.000000000e+00 0.000000000e+00 0.000000000e+00 -1.297347614e-06 1.000000000e-01 1.000000000e-01 1.297347613e-06 
d 1.220000000e+01 1.220000000e+01 0.000000000e+00 0.000000000e+00 0.000000000e+00 -1.332860357e-06 1.000000000e-01 1.000000000e-01 1.332860356e-06 
d 1.240000000e+01 1.240000000e+01 0.000000000e+00 0.000000000e+00 0.000000000e+00 -1.368808817e-06 1.000000000e-01 1.000000000e-01 1.368808816e-06 
d 1.260000000e+01 1.260000000e+01 0.000000000e+00 0.000000000e+00 0.000000000e+00 -1.405186378e-06 1.000000000e-01 1.000000000e-01 1.405186377e-06 
d 1.280000000e+01 1.280000000e+01 0.000000000e+00 0.000000000e+00 0.000000000e+00 -1.441986221e-06 1.000000000e-01 1.000000000e-01 1.441986220e-06 
d 1.300000000e+01 1.300000000e+01 0.000000000e+00 0.000000000e+00 0.000000000e+00 -1.479201357e-06 1.000000000e-01 1.000000000e-01 1.479201356e-06 
d 1.320000000e+01 1.320000000e+01 0.000000000e+00 0.000000000e+00 0.000000000e+00 -1.516824650e-06 1.000000000e-01 1.000000000e-01 1.516824649e-06 
d 1.340000000e+01 1.340000000e+01 0.000000000e+00 0.000000000e+00 0.000000000e+00 -1.554848854e-06 1.000000000e-01 1.000000000e-01 1.554848853e-06 
d 1.360000000e+01 1.360000000e+01 0.000000000e+00 0.000000000e+00 0.000000000e+00 -1.593266632e-06 1.000000000e-01 1.000000000e-01 1.593266631e-06 
d 1.380000000e+01 1.380000000e+01 0.000000000e+00 0.000000000e+00 0.000000000e+00 -1.632070583e-06 1.000000000e-01 1.000000000e-01 1.632070582e-06 
d 1.400000000e+01 1.400000000e+01 0.000000000e+00 0.000000000e+00 0.000000000e+00 -1.671253265e-06 1.000000000e-01 1.000000000e-01 1.671253264e-06 
d 1.420000000e+01 1.420000000e+01 0.000000000e+00 0.000000000e+00 0.000000000e+00 -1.710807217e-06 1.000000000e-01 1.000000000e-01 1.710807216e-06 
d 1.440000000e+01 1.440000000e+01 0.000000000e+00 0.000000000e+00 0.000000000e+00 -1.750724978e-06 1.000000000e-01 1.000000000e-01 1.750724977e-06 
d 1.460000000e+01 1.460000000e+01 0.000000000e+00 0.000000000e+00 0.000000000e+00 -1.790999103e-06 1.000000000e-01 1.000000000e-01 1.790999102e-06 
d 1.480000000e+01 1.480000000e+01 0.000000000e+00 0.000000000e+00 0.000000000e+00 -1.831622183e-06 1.000000000e-01 1.000000000e-01 1.831622182e-06 
d 1.500000000e+01 1.500000000e+01 0.000000000e+00 0.000000000e+00 0.000000000e+00 -1.872586854e-06 1.000000000e-01 1.000000000e-01 1.872586853e-06 
d 1.520000000e+01 1.520000000e+01 0.000000000e+00 0.000000000e+00 0.000000000e+00 -1.913885818e-06 1.000000000e-01 1.000000000e-01 1.913885817e-06 
d 1.540000000e+01 1.540000000e+01 0.000000000e+00 0.000000000e+00 0.000000000e+00 -1.955511847e-06 1.000000000e-01 1.000000000e-01 1.955511846e-06 
d 1.560000000e+01 1.560000000e+01 0.000000000e+00 0.000000000e+00 0.000000000e+00 -1.997457799e-06 1.000000000e-01 1.000000000e-01 1.997457798e-06 
d 1.580000000e+01 1.580000000e+01 0.000000000e+00 0.000000000e+00 0.000000000e+00 -2.039716623e-06 1.000000000e-01 1.000000000e-01 2.039716622e-06 
d 1.600000000e+01 1.600000000e+01 0.000000000e+00 0.000000000e+00 0.000000000e+00 -2.082281370e-06 1.000000000e-01 1.000000000e-01 2.082281369e-06 
d 1.620000000e+01 1.620000000e+01 0.000000000e+00 0.000000000e+00 0.000000000e+00 -2.125145199e-06 1.000000000e-01 1.000000000e-01 2.125145199e-06 
d 1.640000000e+01 1.640000000e+01 0.000000000e+00 0.000000000e+00 0.000000000e+00 -2.168301383e-06 1.000000000e-01 1.000000000e-01 2.168301382e-06 
d 1.660000000e+01 1.660000000e+01 0.000000000e+00 0.000000000e+00 0.000000000e+00 -2.211743311e-06 1.000000000e-01 1.000000000e-01 2.211743310e-06 
d 1.680000000e+01 1.680000000e+01 0.000000000e+00 0.000000000e+00 0.000000000e+00 -2.255464496e-06 1.000000000e-01 1.000000000e-01 2.255464496e-06 
d 1.700000000e+01 1.700000000e+01 0.000000000e+00 0.000000000e+00 0.000000000e+00 -2.299458578e-06 1.000000000e-01 1.000000000e-01 2.299458578e-06 
d 1.720000000e+01 1.720000000e+01 0.000000000e+00 0.000000000e+00 0.000000000e+00 -2.343719324e-06 1.000000000e-01 1.000000000e-01 2.343719323e-06 
d 1.740000000e+01 1.740000000e+01 0.000000000e+00 0.000000000e+00 0.000000000e+00 -2.388240628e-06 1.000000000e-01 1.000000000e-01 2.388240628e-06 
d 1.760000000e+01 1.760000000e+01 0.000000000e+00 0.000000000e+00 0.000000000e+00 -2.433016521e-06 1.000000000e-01 1.000000000e-01 2.433016520e-06 
d 1.780000000e+01 1.780000000e+01 0.000000000e+00 0.000000000e+00 0.000000000e+00 -2.478041160e-06 1.000000000e-01 1.000000000e-01 2.478041160e-06 
d 1.800000000e+01 1.800000000e+01 0.000000000e+00 0.000000000e+00 0.000000000e+00 -2.523308839e-06 1.000000000e-01 1.000000000e-01 2.523308839e-06 
d 1.820000000e+01 1.820000000e+01 0.000000000e+00 0.000000000e+00 0.000000000e+00 -2.568813981e-06 1.000000000e-01 1.000000000e-01 2.568813980e-06 
d 1.840000000e+01 1.840000000e+01 0.000000000e+00 0.000000000e+00 0.000000000e+00 -2.614551140e-06 1.000000000e-01 1.000000000e-01 2.614551140e-06 
d 1.860000000e+01 1.860000000e+01 0.000000000e+00 0.000000000e+00 0.000000000e+00 -2.660515004e-06 1.000000000e-01 1.000000000e-01 2.660515003e-06 
d 1.880000000e+01 1.880000000e+01 0.000000000e+00 0.000000000e+00 0.000000000e+00 -2.706700386e-06 1.000000000e-01 1.000000000e-01 2.706700385e-06 
d 1.900000000e+01 1.900000000e+01 0.000000000e+00 0.000000000e+00 0.000000000e+00 -2.753102229e-06 1.000000000e-01 1.000000000e-01 2.753102228e-06 
d 1.920000000e+01 1.920000000e+01 0.000000000e+00 0.000000000e+00 0.000000000e+00 -2.799715602e-06 1.000000000e-01 1.000000000e-01 2.799715601e-06 
d 1.940000000e+01 1.940000000e+01 0.000000000e+00 0.000000000e+00 0.000000000e+00 -2.846535698e-06 1.000000000e-01 1.000000000e-01 2.846535697e-06 
d 1.960000000e+01 1.960000000e+01 0.000000000e+00 0.000000000e+00 0.000000000e+00 -2.893557833e-06 1.000000000e-01 1.000000000e-01 2.893557832e-06 
d 1.980000000e+01 1.980000000e+01 0.000000000e+00 0.000000000e+00 0.000000000e+00 -2.940777442e-06 1.000000000e-01 1.000000000e-01 2.940777442e-06 
d 2.000000000e+01 2.000000000e+01 0.000000000e+00 0.000000000e+00 0.000000000e+00 -2.988190080e-06 1.000000000e-01 1.000000000e-01 2.988190079e-06 
