v ATLAS
# This file was created by ATLAS version 5.24.1.R on Wed Apr 15 20:49:13 2020.
#SSF 2.0 generic
##############################################################################
#                    Copyright (c) 1984 - 2017                               #
#                    Silvaco Inc. All rights reserved                        #
#                                                                            #
# This file format and the following Key are copyright Silvaco Inc.          #
# You may not use, this format or key without reproducing this message in    #
# full and obtaining express written permission from Silvaco Inc.            #
#                                                                            #
# To obtain such permission please contact: Silvaco Inc.                     #
#                                           support@silvaco.com              #
#                                                                            #
# KEY=SVC86hn7562asdx                       PROD=345                         #
##############################################################################
y 3 700 711 15
z 40 1e+41 300
f 3 "gate" "source" "drain" 
p 9 2 601 20 3 602 21 4 603 22 
d 2.000000000e-01 2.000000000e-01 0.000000000e+00 0.000000000e+00 0.000000000e+00 -4.937915178e-09 1.000000000e-01 1.000000000e-01 4.937915188e-09 
d 4.000000000e-01 4.000000000e-01 0.000000000e+00 0.000000000e+00 0.000000000e+00 -7.884202200e-09 1.000000000e-01 1.000000000e-01 7.884202215e-09 
d 6.000000000e-01 6.000000000e-01 0.000000000e+00 0.000000000e+00 0.000000000e+00 -1.113216717e-08 1.000000000e-01 1.000000000e-01 1.113216718e-08 
d 8.000000000e-01 8.000000000e-01 0.000000000e+00 0.000000000e+00 0.000000000e+00 -1.454220961e-08 1.000000000e-01 1.000000000e-01 1.454220961e-08 
d 1.000000000e+00 1.000000000e+00 0.000000000e+00 0.000000000e+00 0.000000000e+00 -1.805707752e-08 1.000000000e-01 1.000000000e-01 1.805707743e-08 
d 1.200000000e+00 1.200000000e+00 0.000000000e+00 0.000000000e+00 0.000000000e+00 -2.165718621e-08 1.000000000e-01 1.000000000e-01 2.165718614e-08 
d 1.400000000e+00 1.400000000e+00 0.000000000e+00 0.000000000e+00 0.000000000e+00 -2.533934609e-08 1.000000000e-01 1.000000000e-01 2.533934602e-08 
d 1.600000000e+00 1.600000000e+00 0.000000000e+00 0.000000000e+00 0.000000000e+00 -2.910700690e-08 1.000000000e-01 1.000000000e-01 2.910700684e-08 
d 1.800000000e+00 1.800000000e+00 0.000000000e+00 0.000000000e+00 0.000000000e+00 -3.296561820e-08 1.000000000e-01 1.000000000e-01 3.296561816e-08 
d 2.000000000e+00 2.000000000e+00 0.000000000e+00 0.000000000e+00 0.000000000e+00 -3.692038213e-08 1.000000000e-01 1.000000000e-01 3.692038214e-08 
d 2.200000000e+00 2.200000000e+00 0.000000000e+00 0.000000000e+00 0.000000000e+00 -4.099598197e-08 1.000000000e-01 1.000000000e-01 4.097481962e-08 
d 2.400000000e+00 2.400000000e+00 0.000000000e+00 0.000000000e+00 0.000000000e+00 -4.514575078e-08 1.000000000e-01 1.000000000e-01 4.513223789e-08 
d 2.600000000e+00 2.600000000e+00 0.000000000e+00 0.000000000e+00 0.000000000e+00 -4.940123484e-08 1.000000000e-01 1.000000000e-01 4.939256097e-08 
d 2.800000000e+00 2.800000000e+00 0.000000000e+00 0.000000000e+00 0.000000000e+00 -5.376073446e-08 1.000000000e-01 1.000000000e-01 5.375512763e-08 
d 3.000000000e+00 3.000000000e+00 0.000000000e+00 0.000000000e+00 0.000000000e+00 -5.822182117e-08 1.000000000e-01 1.000000000e-01 5.821818210e-08 
d 3.200000000e+00 3.200000000e+00 0.000000000e+00 0.000000000e+00 0.000000000e+00 -6.278162397e-08 1.000000000e-01 1.000000000e-01 6.277924777e-08 
d 3.400000000e+00 3.400000000e+00 0.000000000e+00 0.000000000e+00 0.000000000e+00 -6.743702715e-08 1.000000000e-01 1.000000000e-01 6.743546255e-08 
d 3.600000000e+00 3.600000000e+00 0.000000000e+00 0.000000000e+00 0.000000000e+00 -7.218489736e-08 1.000000000e-01 1.000000000e-01 7.218385589e-08 
d 3.800000000e+00 3.800000000e+00 0.000000000e+00 0.000000000e+00 0.000000000e+00 -7.702226241e-08 1.000000000e-01 1.000000000e-01 7.702155966e-08 
d 4.000000000e+00 4.000000000e+00 0.000000000e+00 0.000000000e+00 0.000000000e+00 -8.194643822e-08 1.000000000e-01 1.000000000e-01 8.194595624e-08 
d 4.200000000e+00 4.200000000e+00 0.000000000e+00 0.000000000e+00 0.000000000e+00 -8.695510879e-08 1.000000000e-01 1.000000000e-01 8.695477206e-08 
d 4.400000000e+00 4.400000000e+00 0.000000000e+00 0.000000000e+00 0.000000000e+00 -9.204636831e-08 1.000000000e-01 1.000000000e-01 9.204612808e-08 
d 4.600000000e+00 4.600000000e+00 0.000000000e+00 0.000000000e+00 0.000000000e+00 -9.721873409e-08 1.000000000e-01 1.000000000e-01 9.721855879e-08 
d 4.800000000e+00 4.800000000e+00 0.000000000e+00 0.000000000e+00 0.000000000e+00 -1.024711397e-07 1.000000000e-01 1.000000000e-01 1.024710087e-07 
d 5.000000000e+00 5.000000000e+00 0.000000000e+00 0.000000000e+00 0.000000000e+00 -1.078029154e-07 1.000000000e-01 1.000000000e-01 1.078028151e-07 
d 5.200000000e+00 5.200000000e+00 0.000000000e+00 0.000000000e+00 0.000000000e+00 -1.132137614e-07 1.000000000e-01 1.000000000e-01 1.132136826e-07 
d 5.400000000e+00 5.400000000e+00 0.000000000e+00 0.000000000e+00 0.000000000e+00 -1.187037176e-07 1.000000000e-01 1.000000000e-01 1.187036542e-07 
d 5.600000000e+00 5.600000000e+00 0.000000000e+00 0.000000000e+00 0.000000000e+00 -1.242731326e-07 1.000000000e-01 1.000000000e-01 1.242730805e-07 
d 5.800000000e+00 5.800000000e+00 0.000000000e+00 0.000000000e+00 0.000000000e+00 -1.299226345e-07 1.000000000e-01 1.000000000e-01 1.299225906e-07 
d 6.000000000e+00 6.000000000e+00 0.000000000e+00 0.000000000e+00 0.000000000e+00 -1.356531022e-07 1.000000000e-01 1.000000000e-01 1.356530645e-07 
d 6.200000000e+00 6.200000000e+00 0.000000000e+00 0.000000000e+00 0.000000000e+00 -1.414656413e-07 1.000000000e-01 1.000000000e-01 1.414656082e-07 
d 6.400000000e+00 6.400000000e+00 0.000000000e+00 0.000000000e+00 0.000000000e+00 -1.473615605e-07 1.000000000e-01 1.000000000e-01 1.473615310e-07 
d 6.600000000e+00 6.600000000e+00 0.000000000e+00 0.000000000e+00 0.000000000e+00 -1.533423525e-07 1.000000000e-01 1.000000000e-01 1.533423258e-07 
d 6.800000000e+00 6.800000000e+00 0.000000000e+00 0.000000000e+00 0.000000000e+00 -1.594096759e-07 1.000000000e-01 1.000000000e-01 1.594096514e-07 
d 7.000000000e+00 7.000000000e+00 0.000000000e+00 0.000000000e+00 0.000000000e+00 -1.655653405e-07 1.000000000e-01 1.000000000e-01 1.655653178e-07 
d 7.200000000e+00 7.200000000e+00 0.000000000e+00 0.000000000e+00 0.000000000e+00 -1.718112937e-07 1.000000000e-01 1.000000000e-01 1.718112725e-07 
d 7.400000000e+00 7.400000000e+00 0.000000000e+00 0.000000000e+00 0.000000000e+00 -1.781496095e-07 1.000000000e-01 1.000000000e-01 1.781495895e-07 
d 7.600000000e+00 7.600000000e+00 0.000000000e+00 0.000000000e+00 0.000000000e+00 -1.845824779e-07 1.000000000e-01 1.000000000e-01 1.845824589e-07 
d 7.800000000e+00 7.800000000e+00 0.000000000e+00 0.000000000e+00 0.000000000e+00 -1.911121971e-07 1.000000000e-01 1.000000000e-01 1.911121789e-07 
d 8.000000000e+00 8.000000000e+00 0.000000000e+00 0.000000000e+00 0.000000000e+00 -1.977411653e-07 1.000000000e-01 1.000000000e-01 1.977411478e-07 
d 8.200000000e+00 8.200000000e+00 0.000000000e+00 0.000000000e+00 0.000000000e+00 -2.044718743e-07 1.000000000e-01 1.000000000e-01 2.044718575e-07 
d 8.400000000e+00 8.400000000e+00 0.000000000e+00 0.000000000e+00 0.000000000e+00 -2.113069037e-07 1.000000000e-01 1.000000000e-01 2.113068874e-07 
d 8.600000000e+00 8.600000000e+00 0.000000000e+00 0.000000000e+00 0.000000000e+00 -2.182489158e-07 1.000000000e-01 1.000000000e-01 2.182488999e-07 
d 8.800000000e+00 8.800000000e+00 0.000000000e+00 0.000000000e+00 0.000000000e+00 -2.253006502e-07 1.000000000e-01 1.000000000e-01 2.253006348e-07 
d 9.000000000e+00 9.000000000e+00 0.000000000e+00 0.000000000e+00 0.000000000e+00 -2.324649205e-07 1.000000000e-01 1.000000000e-01 2.324649055e-07 
d 9.200000000e+00 9.200000000e+00 0.000000000e+00 0.000000000e+00 0.000000000e+00 -2.397446094e-07 1.000000000e-01 1.000000000e-01 2.397445947e-07 
d 9.400000000e+00 9.400000000e+00 0.000000000e+00 0.000000000e+00 0.000000000e+00 -2.471426654e-07 1.000000000e-01 1.000000000e-01 2.471426511e-07 
d 9.600000000e+00 9.600000000e+00 0.000000000e+00 0.000000000e+00 0.000000000e+00 -2.546620991e-07 1.000000000e-01 1.000000000e-01 2.546620851e-07 
d 9.800000000e+00 9.800000000e+00 0.000000000e+00 0.000000000e+00 0.000000000e+00 -2.623059796e-07 1.000000000e-01 1.000000000e-01 2.623059658e-07 
d 1.000000000e+01 1.000000000e+01 0.000000000e+00 0.000000000e+00 0.000000000e+00 -2.700774311e-07 1.000000000e-01 1.000000000e-01 2.700774177e-07 
d 1.020000000e+01 1.020000000e+01 0.000000000e+00 0.000000000e+00 0.000000000e+00 -2.779796298e-07 1.000000000e-01 1.000000000e-01 2.779796165e-07 
d 1.040000000e+01 1.040000000e+01 0.000000000e+00 0.000000000e+00 0.000000000e+00 -2.860157999e-07 1.000000000e-01 1.000000000e-01 2.860157870e-07 
d 1.060000000e+01 1.060000000e+01 0.000000000e+00 0.000000000e+00 0.000000000e+00 -2.941892108e-07 1.000000000e-01 1.000000000e-01 2.941891981e-07 
d 1.080000000e+01 1.080000000e+01 0.000000000e+00 0.000000000e+00 0.000000000e+00 -3.025031733e-07 1.000000000e-01 1.000000000e-01 3.025031608e-07 
d 1.100000000e+01 1.100000000e+01 0.000000000e+00 0.000000000e+00 0.000000000e+00 -3.109610357e-07 1.000000000e-01 1.000000000e-01 3.109610235e-07 
d 1.120000000e+01 1.120000000e+01 0.000000000e+00 0.000000000e+00 0.000000000e+00 -3.195661807e-07 1.000000000e-01 1.000000000e-01 3.195661688e-07 
d 1.140000000e+01 1.140000000e+01 0.000000000e+00 0.000000000e+00 0.000000000e+00 -3.283220214e-07 1.000000000e-01 1.000000000e-01 3.283220097e-07 
d 1.160000000e+01 1.160000000e+01 0.000000000e+00 0.000000000e+00 0.000000000e+00 -3.372319968e-07 1.000000000e-01 1.000000000e-01 3.372319854e-07 
d 1.180000000e+01 1.180000000e+01 0.000000000e+00 0.000000000e+00 0.000000000e+00 -3.462995687e-07 1.000000000e-01 1.000000000e-01 3.462995575e-07 
d 1.200000000e+01 1.200000000e+01 0.000000000e+00 0.000000000e+00 0.000000000e+00 -3.555282168e-07 1.000000000e-01 1.000000000e-01 3.555282059e-07 
d 1.220000000e+01 1.220000000e+01 0.000000000e+00 0.000000000e+00 0.000000000e+00 -3.649214348e-07 1.000000000e-01 1.000000000e-01 3.649214241e-07 
d 1.240000000e+01 1.240000000e+01 0.000000000e+00 0.000000000e+00 0.000000000e+00 -3.744827257e-07 1.000000000e-01 1.000000000e-01 3.744827152e-07 
d 1.260000000e+01 1.260000000e+01 0.000000000e+00 0.000000000e+00 0.000000000e+00 -3.842155973e-07 1.000000000e-01 1.000000000e-01 3.842155870e-07 
d 1.280000000e+01 1.280000000e+01 0.000000000e+00 0.000000000e+00 0.000000000e+00 -3.941235576e-07 1.000000000e-01 1.000000000e-01 3.941235477e-07 
d 1.300000000e+01 1.300000000e+01 0.000000000e+00 0.000000000e+00 0.000000000e+00 -4.042101104e-07 1.000000000e-01 1.000000000e-01 4.042101006e-07 
d 1.320000000e+01 1.320000000e+01 0.000000000e+00 0.000000000e+00 0.000000000e+00 -4.144787495e-07 1.000000000e-01 1.000000000e-01 4.144787401e-07 
d 1.340000000e+01 1.340000000e+01 0.000000000e+00 0.000000000e+00 0.000000000e+00 -4.249329550e-07 1.000000000e-01 1.000000000e-01 4.249329458e-07 
d 1.360000000e+01 1.360000000e+01 0.000000000e+00 0.000000000e+00 0.000000000e+00 -4.355761871e-07 1.000000000e-01 1.000000000e-01 4.355761782e-07 
d 1.380000000e+01 1.380000000e+01 0.000000000e+00 0.000000000e+00 0.000000000e+00 -4.464118823e-07 1.000000000e-01 1.000000000e-01 4.464118735e-07 
d 1.400000000e+01 1.400000000e+01 0.000000000e+00 0.000000000e+00 0.000000000e+00 -4.574434471e-07 1.000000000e-01 1.000000000e-01 4.574434386e-07 
d 1.420000000e+01 1.420000000e+01 0.000000000e+00 0.000000000e+00 0.000000000e+00 -4.686742541e-07 1.000000000e-01 1.000000000e-01 4.686742459e-07 
d 1.440000000e+01 1.440000000e+01 0.000000000e+00 0.000000000e+00 0.000000000e+00 -4.801076364e-07 1.000000000e-01 1.000000000e-01 4.801076284e-07 
d 1.460000000e+01 1.460000000e+01 0.000000000e+00 0.000000000e+00 0.000000000e+00 -4.917468825e-07 1.000000000e-01 1.000000000e-01 4.917468748e-07 
d 1.480000000e+01 1.480000000e+01 0.000000000e+00 0.000000000e+00 0.000000000e+00 -5.035952319e-07 1.000000000e-01 1.000000000e-01 5.035952244e-07 
d 1.500000000e+01 1.500000000e+01 0.000000000e+00 0.000000000e+00 0.000000000e+00 -5.156558697e-07 1.000000000e-01 1.000000000e-01 5.156558624e-07 
d 1.520000000e+01 1.520000000e+01 0.000000000e+00 0.000000000e+00 0.000000000e+00 -5.279319222e-07 1.000000000e-01 1.000000000e-01 5.279319152e-07 
d 1.540000000e+01 1.540000000e+01 0.000000000e+00 0.000000000e+00 0.000000000e+00 -5.404264523e-07 1.000000000e-01 1.000000000e-01 5.404264455e-07 
d 1.560000000e+01 1.560000000e+01 0.000000000e+00 0.000000000e+00 0.000000000e+00 -5.531424549e-07 1.000000000e-01 1.000000000e-01 5.531424483e-07 
d 1.580000000e+01 1.580000000e+01 0.000000000e+00 0.000000000e+00 0.000000000e+00 -5.660828526e-07 1.000000000e-01 1.000000000e-01 5.660828463e-07 
d 1.600000000e+01 1.600000000e+01 0.000000000e+00 0.000000000e+00 0.000000000e+00 -5.792504919e-07 1.000000000e-01 1.000000000e-01 5.792504858e-07 
d 1.620000000e+01 1.620000000e+01 0.000000000e+00 0.000000000e+00 0.000000000e+00 -5.926481388e-07 1.000000000e-01 1.000000000e-01 5.926481329e-07 
d 1.640000000e+01 1.640000000e+01 0.000000000e+00 0.000000000e+00 0.000000000e+00 -6.062784753e-07 1.000000000e-01 1.000000000e-01 6.062784696e-07 
d 1.660000000e+01 1.660000000e+01 0.000000000e+00 0.000000000e+00 0.000000000e+00 -6.201440962e-07 1.000000000e-01 1.000000000e-01 6.201440906e-07 
d 1.680000000e+01 1.680000000e+01 0.000000000e+00 0.000000000e+00 0.000000000e+00 -6.342475053e-07 1.000000000e-01 1.000000000e-01 6.342475000e-07 
d 1.700000000e+01 1.700000000e+01 0.000000000e+00 0.000000000e+00 0.000000000e+00 -6.485911132e-07 1.000000000e-01 1.000000000e-01 6.485911080e-07 
d 1.720000000e+01 1.720000000e+01 0.000000000e+00 0.000000000e+00 0.000000000e+00 -6.631772337e-07 1.000000000e-01 1.000000000e-01 6.631772288e-07 
d 1.740000000e+01 1.740000000e+01 0.000000000e+00 0.000000000e+00 0.000000000e+00 -6.780080822e-07 1.000000000e-01 1.000000000e-01 6.780080775e-07 
d 1.760000000e+01 1.760000000e+01 0.000000000e+00 0.000000000e+00 0.000000000e+00 -6.930857729e-07 1.000000000e-01 1.000000000e-01 6.930857684e-07 
d 1.780000000e+01 1.780000000e+01 0.000000000e+00 0.000000000e+00 0.000000000e+00 -7.084123171e-07 1.000000000e-01 1.000000000e-01 7.084123127e-07 
d 1.800000000e+01 1.800000000e+01 0.000000000e+00 0.000000000e+00 0.000000000e+00 -7.239896216e-07 1.000000000e-01 1.000000000e-01 7.239896175e-07 
d 1.820000000e+01 1.820000000e+01 0.000000000e+00 0.000000000e+00 0.000000000e+00 -7.398194876e-07 1.000000000e-01 1.000000000e-01 7.398194836e-07 
d 1.840000000e+01 1.840000000e+01 0.000000000e+00 0.000000000e+00 0.000000000e+00 -7.559036091e-07 1.000000000e-01 1.000000000e-01 7.559036053e-07 
d 1.860000000e+01 1.860000000e+01 0.000000000e+00 0.000000000e+00 0.000000000e+00 -7.722435724e-07 1.000000000e-01 1.000000000e-01 7.722435688e-07 
d 1.880000000e+01 1.880000000e+01 0.000000000e+00 0.000000000e+00 0.000000000e+00 -7.888408558e-07 1.000000000e-01 1.000000000e-01 7.888408522e-07 
d 1.900000000e+01 1.900000000e+01 0.000000000e+00 0.000000000e+00 0.000000000e+00 -8.056968286e-07 1.000000000e-01 1.000000000e-01 8.056968251e-07 
d 1.920000000e+01 1.920000000e+01 0.000000000e+00 0.000000000e+00 0.000000000e+00 -8.228127518e-07 1.000000000e-01 1.000000000e-01 8.228127485e-07 
d 1.940000000e+01 1.940000000e+01 0.000000000e+00 0.000000000e+00 0.000000000e+00 -8.401897781e-07 1.000000000e-01 1.000000000e-01 8.401897749e-07 
d 1.960000000e+01 1.960000000e+01 0.000000000e+00 0.000000000e+00 0.000000000e+00 -8.578289519e-07 1.000000000e-01 1.000000000e-01 8.578289489e-07 
d 1.980000000e+01 1.980000000e+01 0.000000000e+00 0.000000000e+00 0.000000000e+00 -8.757312105e-07 1.000000000e-01 1.000000000e-01 8.757312077e-07 
d 2.000000000e+01 2.000000000e+01 0.000000000e+00 0.000000000e+00 0.000000000e+00 -8.938973849e-07 1.000000000e-01 1.000000000e-01 8.938973821e-07 
