v ATLAS
# This file was created by ATLAS version 5.24.1.R on Thu Apr 30 15:01:01 2020.
#SSF 2.0 generic
##############################################################################
#                    Copyright (c) 1984 - 2017                               #
#                    Silvaco Inc. All rights reserved                        #
#                                                                            #
# This file format and the following Key are copyright Silvaco Inc.          #
# You may not use, this format or key without reproducing this message in    #
# full and obtaining express written permission from Silvaco Inc.            #
#                                                                            #
# To obtain such permission please contact: Silvaco Inc.                     #
#                                           support@silvaco.com              #
#                                                                            #
# KEY=SVC86hn7562asdx                       PROD=345                         #
##############################################################################
y 3 700 711 15
z 40 1e+41 300
f 3 "gate" "source" "drain" 
p 9 2 601 20 3 602 21 4 603 22 
d 2.000000000e-01 2.000000000e-01 0.000000000e+00 0.000000000e+00 0.000000000e+00 -1.420043565e-08 1.000000000e-01 1.000000000e-01 1.420043587e-08 
d 4.000000000e-01 4.000000000e-01 0.000000000e+00 0.000000000e+00 0.000000000e+00 -2.934609378e-08 1.000000000e-01 1.000000000e-01 2.934609732e-08 
d 6.000000000e-01 6.000000000e-01 0.000000000e+00 0.000000000e+00 0.000000000e+00 -4.923199312e-08 1.000000000e-01 1.000000000e-01 4.923199358e-08 
d 8.000000000e-01 8.000000000e-01 0.000000000e+00 0.000000000e+00 0.000000000e+00 -7.352374621e-08 1.000000000e-01 1.000000000e-01 7.352374649e-08 
d 1.000000000e+00 1.000000000e+00 0.000000000e+00 0.000000000e+00 0.000000000e+00 -1.023410199e-07 1.000000000e-01 1.000000000e-01 1.023410203e-07 
d 1.200000000e+00 1.200000000e+00 0.000000000e+00 0.000000000e+00 0.000000000e+00 -1.357919887e-07 1.000000000e-01 1.000000000e-01 1.357919888e-07 
d 1.400000000e+00 1.400000000e+00 0.000000000e+00 0.000000000e+00 0.000000000e+00 -1.737322652e-07 1.000000000e-01 1.000000000e-01 1.737322652e-07 
d 1.600000000e+00 1.600000000e+00 0.000000000e+00 0.000000000e+00 0.000000000e+00 -2.157196563e-07 1.000000000e-01 1.000000000e-01 2.157196563e-07 
d 1.800000000e+00 1.800000000e+00 0.000000000e+00 0.000000000e+00 0.000000000e+00 -2.611169002e-07 1.000000000e-01 1.000000000e-01 2.611169002e-07 
d 2.000000000e+00 2.000000000e+00 0.000000000e+00 0.000000000e+00 0.000000000e+00 -3.092397297e-07 1.000000000e-01 1.000000000e-01 3.092397297e-07 
d 2.200000000e+00 2.200000000e+00 0.000000000e+00 0.000000000e+00 0.000000000e+00 -3.594640412e-07 1.000000000e-01 1.000000000e-01 3.594640412e-07 
d 2.400000000e+00 2.400000000e+00 0.000000000e+00 0.000000000e+00 0.000000000e+00 -4.112720884e-07 1.000000000e-01 1.000000000e-01 4.112720380e-07 
d 2.600000000e+00 2.600000000e+00 0.000000000e+00 0.000000000e+00 0.000000000e+00 -4.642577724e-07 1.000000000e-01 1.000000000e-01 4.642576526e-07 
d 2.800000000e+00 2.800000000e+00 0.000000000e+00 0.000000000e+00 0.000000000e+00 -5.181145703e-07 1.000000000e-01 1.000000000e-01 5.181145703e-07 
d 3.000000000e+00 3.000000000e+00 0.000000000e+00 0.000000000e+00 0.000000000e+00 -5.726180329e-07 1.000000000e-01 1.000000000e-01 5.726180329e-07 
d 3.200000000e+00 3.200000000e+00 0.000000000e+00 0.000000000e+00 0.000000000e+00 -6.276073652e-07 1.000000000e-01 1.000000000e-01 6.276070569e-07 
d 3.400000000e+00 3.400000000e+00 0.000000000e+00 0.000000000e+00 0.000000000e+00 -6.829692037e-07 1.000000000e-01 1.000000000e-01 6.829689389e-07 
d 3.600000000e+00 3.600000000e+00 0.000000000e+00 0.000000000e+00 0.000000000e+00 -7.386255005e-07 1.000000000e-01 1.000000000e-01 7.386253016e-07 
d 3.800000000e+00 3.800000000e+00 0.000000000e+00 0.000000000e+00 0.000000000e+00 -7.945228136e-07 1.000000000e-01 1.000000000e-01 7.945226771e-07 
d 4.000000000e+00 4.000000000e+00 0.000000000e+00 0.000000000e+00 0.000000000e+00 -8.506250612e-07 1.000000000e-01 1.000000000e-01 8.506249726e-07 
d 4.200000000e+00 4.200000000e+00 0.000000000e+00 0.000000000e+00 0.000000000e+00 -9.069081860e-07 1.000000000e-01 1.000000000e-01 9.069081304e-07 
d 4.400000000e+00 4.400000000e+00 0.000000000e+00 0.000000000e+00 0.000000000e+00 -9.633563611e-07 1.000000000e-01 1.000000000e-01 9.633563268e-07 
d 4.600000000e+00 4.600000000e+00 0.000000000e+00 0.000000000e+00 0.000000000e+00 -1.019959312e-06 1.000000000e-01 1.000000000e-01 1.019959291e-06 
d 4.800000000e+00 4.800000000e+00 0.000000000e+00 0.000000000e+00 0.000000000e+00 -1.076710431e-06 1.000000000e-01 1.000000000e-01 1.076710418e-06 
d 5.000000000e+00 5.000000000e+00 0.000000000e+00 0.000000000e+00 0.000000000e+00 -1.133605461e-06 1.000000000e-01 1.000000000e-01 1.133605453e-06 
d 5.200000000e+00 5.200000000e+00 0.000000000e+00 0.000000000e+00 0.000000000e+00 -1.190641575e-06 1.000000000e-01 1.000000000e-01 1.190641570e-06 
d 5.400000000e+00 5.400000000e+00 0.000000000e+00 0.000000000e+00 0.000000000e+00 -1.247816748e-06 1.000000000e-01 1.000000000e-01 1.247816745e-06 
d 5.600000000e+00 5.600000000e+00 0.000000000e+00 0.000000000e+00 0.000000000e+00 -1.305129324e-06 1.000000000e-01 1.000000000e-01 1.305129322e-06 
d 5.800000000e+00 5.800000000e+00 0.000000000e+00 0.000000000e+00 0.000000000e+00 -1.362577736e-06 1.000000000e-01 1.000000000e-01 1.362577735e-06 
d 6.000000000e+00 6.000000000e+00 0.000000000e+00 0.000000000e+00 0.000000000e+00 -1.420160327e-06 1.000000000e-01 1.000000000e-01 1.420160327e-06 
d 6.200000000e+00 6.200000000e+00 0.000000000e+00 0.000000000e+00 0.000000000e+00 -1.477875242e-06 1.000000000e-01 1.000000000e-01 1.477875242e-06 
d 6.400000000e+00 6.400000000e+00 0.000000000e+00 0.000000000e+00 0.000000000e+00 -1.535720374e-06 1.000000000e-01 1.000000000e-01 1.535720373e-06 
d 6.600000000e+00 6.600000000e+00 0.000000000e+00 0.000000000e+00 0.000000000e+00 -1.593693344e-06 1.000000000e-01 1.000000000e-01 1.593693344e-06 
d 6.800000000e+00 6.800000000e+00 0.000000000e+00 0.000000000e+00 0.000000000e+00 -1.651791509e-06 1.000000000e-01 1.000000000e-01 1.651791508e-06 
d 7.000000000e+00 7.000000000e+00 0.000000000e+00 0.000000000e+00 0.000000000e+00 -1.710011975e-06 1.000000000e-01 1.000000000e-01 1.710011975e-06 
d 7.200000000e+00 7.200000000e+00 0.000000000e+00 0.000000000e+00 0.000000000e+00 -1.768351635e-06 1.000000000e-01 1.000000000e-01 1.768351635e-06 
d 7.400000000e+00 7.400000000e+00 0.000000000e+00 0.000000000e+00 0.000000000e+00 -1.826807197e-06 1.000000000e-01 1.000000000e-01 1.826807197e-06 
d 7.600000000e+00 7.600000000e+00 0.000000000e+00 0.000000000e+00 0.000000000e+00 -1.885375220e-06 1.000000000e-01 1.000000000e-01 1.885375220e-06 
d 7.800000000e+00 7.800000000e+00 0.000000000e+00 0.000000000e+00 0.000000000e+00 -1.944052155e-06 1.000000000e-01 1.000000000e-01 1.944052155e-06 
d 8.000000000e+00 8.000000000e+00 0.000000000e+00 0.000000000e+00 0.000000000e+00 -2.002834373e-06 1.000000000e-01 1.000000000e-01 2.002834373e-06 
d 8.200000000e+00 8.200000000e+00 0.000000000e+00 0.000000000e+00 0.000000000e+00 -2.061718201e-06 1.000000000e-01 1.000000000e-01 2.061718201e-06 
d 8.400000000e+00 8.400000000e+00 0.000000000e+00 0.000000000e+00 0.000000000e+00 -2.120699949e-06 1.000000000e-01 1.000000000e-01 2.120699949e-06 
d 8.600000000e+00 8.600000000e+00 0.000000000e+00 0.000000000e+00 0.000000000e+00 -2.179775933e-06 1.000000000e-01 1.000000000e-01 2.179775933e-06 
d 8.800000000e+00 8.800000000e+00 0.000000000e+00 0.000000000e+00 0.000000000e+00 -2.238942502e-06 1.000000000e-01 1.000000000e-01 2.238942502e-06 
d 9.000000000e+00 9.000000000e+00 0.000000000e+00 0.000000000e+00 0.000000000e+00 -2.298196052e-06 1.000000000e-01 1.000000000e-01 2.298196052e-06 
d 9.200000000e+00 9.200000000e+00 0.000000000e+00 0.000000000e+00 0.000000000e+00 -2.357533045e-06 1.000000000e-01 1.000000000e-01 2.357533045e-06 
d 9.400000000e+00 9.400000000e+00 0.000000000e+00 0.000000000e+00 0.000000000e+00 -2.416950018e-06 1.000000000e-01 1.000000000e-01 2.416950018e-06 
d 9.600000000e+00 9.600000000e+00 0.000000000e+00 0.000000000e+00 0.000000000e+00 -2.476443597e-06 1.000000000e-01 1.000000000e-01 2.476443597e-06 
d 9.800000000e+00 9.800000000e+00 0.000000000e+00 0.000000000e+00 0.000000000e+00 -2.536010506e-06 1.000000000e-01 1.000000000e-01 2.536010506e-06 
d 1.000000000e+01 1.000000000e+01 0.000000000e+00 0.000000000e+00 0.000000000e+00 -2.595647567e-06 1.000000000e-01 1.000000000e-01 2.595647567e-06 
d 1.020000000e+01 1.020000000e+01 0.000000000e+00 0.000000000e+00 0.000000000e+00 -2.655351710e-06 1.000000000e-01 1.000000000e-01 2.655351710e-06 
d 1.040000000e+01 1.040000000e+01 0.000000000e+00 0.000000000e+00 0.000000000e+00 -2.715119974e-06 1.000000000e-01 1.000000000e-01 2.715119974e-06 
d 1.060000000e+01 1.060000000e+01 0.000000000e+00 0.000000000e+00 0.000000000e+00 -2.774949508e-06 1.000000000e-01 1.000000000e-01 2.774949508e-06 
d 1.080000000e+01 1.080000000e+01 0.000000000e+00 0.000000000e+00 0.000000000e+00 -2.834837572e-06 1.000000000e-01 1.000000000e-01 2.834837572e-06 
d 1.100000000e+01 1.100000000e+01 0.000000000e+00 0.000000000e+00 0.000000000e+00 -2.894781535e-06 1.000000000e-01 1.000000000e-01 2.894781535e-06 
d 1.120000000e+01 1.120000000e+01 0.000000000e+00 0.000000000e+00 0.000000000e+00 -2.954778877e-06 1.000000000e-01 1.000000000e-01 2.954778877e-06 
d 1.140000000e+01 1.140000000e+01 0.000000000e+00 0.000000000e+00 0.000000000e+00 -3.014827184e-06 1.000000000e-01 1.000000000e-01 3.014827183e-06 
d 1.160000000e+01 1.160000000e+01 0.000000000e+00 0.000000000e+00 0.000000000e+00 -3.074924146e-06 1.000000000e-01 1.000000000e-01 3.074924146e-06 
d 1.180000000e+01 1.180000000e+01 0.000000000e+00 0.000000000e+00 0.000000000e+00 -3.135067556e-06 1.000000000e-01 1.000000000e-01 3.135067556e-06 
d 1.200000000e+01 1.200000000e+01 0.000000000e+00 0.000000000e+00 0.000000000e+00 -3.195255308e-06 1.000000000e-01 1.000000000e-01 3.195255308e-06 
d 1.220000000e+01 1.220000000e+01 0.000000000e+00 0.000000000e+00 0.000000000e+00 -3.255485387e-06 1.000000000e-01 1.000000000e-01 3.255485387e-06 
d 1.240000000e+01 1.240000000e+01 0.000000000e+00 0.000000000e+00 0.000000000e+00 -3.315755874e-06 1.000000000e-01 1.000000000e-01 3.315755874e-06 
d 1.260000000e+01 1.260000000e+01 0.000000000e+00 0.000000000e+00 0.000000000e+00 -3.376064938e-06 1.000000000e-01 1.000000000e-01 3.376064938e-06 
d 1.280000000e+01 1.280000000e+01 0.000000000e+00 0.000000000e+00 0.000000000e+00 -3.436410834e-06 1.000000000e-01 1.000000000e-01 3.436410834e-06 
d 1.300000000e+01 1.300000000e+01 0.000000000e+00 0.000000000e+00 0.000000000e+00 -3.496791898e-06 1.000000000e-01 1.000000000e-01 3.496791898e-06 
d 1.320000000e+01 1.320000000e+01 0.000000000e+00 0.000000000e+00 0.000000000e+00 -3.557206545e-06 1.000000000e-01 1.000000000e-01 3.557206545e-06 
d 1.340000000e+01 1.340000000e+01 0.000000000e+00 0.000000000e+00 0.000000000e+00 -3.617653263e-06 1.000000000e-01 1.000000000e-01 3.617653263e-06 
d 1.360000000e+01 1.360000000e+01 0.000000000e+00 0.000000000e+00 0.000000000e+00 -3.678130615e-06 1.000000000e-01 1.000000000e-01 3.678130615e-06 
d 1.380000000e+01 1.380000000e+01 0.000000000e+00 0.000000000e+00 0.000000000e+00 -3.738637230e-06 1.000000000e-01 1.000000000e-01 3.738637230e-06 
d 1.400000000e+01 1.400000000e+01 0.000000000e+00 0.000000000e+00 0.000000000e+00 -3.799171802e-06 1.000000000e-01 1.000000000e-01 3.799171802e-06 
d 1.420000000e+01 1.420000000e+01 0.000000000e+00 0.000000000e+00 0.000000000e+00 -3.859733087e-06 1.000000000e-01 1.000000000e-01 3.859733087e-06 
d 1.440000000e+01 1.440000000e+01 0.000000000e+00 0.000000000e+00 0.000000000e+00 -3.920319902e-06 1.000000000e-01 1.000000000e-01 3.920319902e-06 
d 1.460000000e+01 1.460000000e+01 0.000000000e+00 0.000000000e+00 0.000000000e+00 -3.980931118e-06 1.000000000e-01 1.000000000e-01 3.980931118e-06 
d 1.480000000e+01 1.480000000e+01 0.000000000e+00 0.000000000e+00 0.000000000e+00 -4.041565659e-06 1.000000000e-01 1.000000000e-01 4.041565659e-06 
d 1.500000000e+01 1.500000000e+01 0.000000000e+00 0.000000000e+00 0.000000000e+00 -4.102222502e-06 1.000000000e-01 1.000000000e-01 4.102222502e-06 
d 1.520000000e+01 1.520000000e+01 0.000000000e+00 0.000000000e+00 0.000000000e+00 -4.162900668e-06 1.000000000e-01 1.000000000e-01 4.162900668e-06 
d 1.540000000e+01 1.540000000e+01 0.000000000e+00 0.000000000e+00 0.000000000e+00 -4.223599229e-06 1.000000000e-01 1.000000000e-01 4.223599229e-06 
d 1.560000000e+01 1.560000000e+01 0.000000000e+00 0.000000000e+00 0.000000000e+00 -4.284317297e-06 1.000000000e-01 1.000000000e-01 4.284317297e-06 
d 1.580000000e+01 1.580000000e+01 0.000000000e+00 0.000000000e+00 0.000000000e+00 -4.345054025e-06 1.000000000e-01 1.000000000e-01 4.345054025e-06 
d 1.600000000e+01 1.600000000e+01 0.000000000e+00 0.000000000e+00 0.000000000e+00 -4.405808608e-06 1.000000000e-01 1.000000000e-01 4.405808608e-06 
d 1.620000000e+01 1.620000000e+01 0.000000000e+00 0.000000000e+00 0.000000000e+00 -4.466580275e-06 1.000000000e-01 1.000000000e-01 4.466580275e-06 
d 1.640000000e+01 1.640000000e+01 0.000000000e+00 0.000000000e+00 0.000000000e+00 -4.527368291e-06 1.000000000e-01 1.000000000e-01 4.527368291e-06 
d 1.660000000e+01 1.660000000e+01 0.000000000e+00 0.000000000e+00 0.000000000e+00 -4.588171957e-06 1.000000000e-01 1.000000000e-01 4.588171957e-06 
d 1.680000000e+01 1.680000000e+01 0.000000000e+00 0.000000000e+00 0.000000000e+00 -4.648990603e-06 1.000000000e-01 1.000000000e-01 4.648990603e-06 
d 1.700000000e+01 1.700000000e+01 0.000000000e+00 0.000000000e+00 0.000000000e+00 -4.709823589e-06 1.000000000e-01 1.000000000e-01 4.709823589e-06 
d 1.720000000e+01 1.720000000e+01 0.000000000e+00 0.000000000e+00 0.000000000e+00 -4.770670307e-06 1.000000000e-01 1.000000000e-01 4.770670307e-06 
d 1.740000000e+01 1.740000000e+01 0.000000000e+00 0.000000000e+00 0.000000000e+00 -4.831530172e-06 1.000000000e-01 1.000000000e-01 4.831530172e-06 
d 1.760000000e+01 1.760000000e+01 0.000000000e+00 0.000000000e+00 0.000000000e+00 -4.892402628e-06 1.000000000e-01 1.000000000e-01 4.892402628e-06 
d 1.780000000e+01 1.780000000e+01 0.000000000e+00 0.000000000e+00 0.000000000e+00 -4.953287143e-06 1.000000000e-01 1.000000000e-01 4.953287143e-06 
d 1.800000000e+01 1.800000000e+01 0.000000000e+00 0.000000000e+00 0.000000000e+00 -5.014183206e-06 1.000000000e-01 1.000000000e-01 5.014183206e-06 
d 1.820000000e+01 1.820000000e+01 0.000000000e+00 0.000000000e+00 0.000000000e+00 -5.075090331e-06 1.000000000e-01 1.000000000e-01 5.075090331e-06 
d 1.840000000e+01 1.840000000e+01 0.000000000e+00 0.000000000e+00 0.000000000e+00 -5.136008052e-06 1.000000000e-01 1.000000000e-01 5.136008052e-06 
d 1.860000000e+01 1.860000000e+01 0.000000000e+00 0.000000000e+00 0.000000000e+00 -5.196935924e-06 1.000000000e-01 1.000000000e-01 5.196935924e-06 
d 1.880000000e+01 1.880000000e+01 0.000000000e+00 0.000000000e+00 0.000000000e+00 -5.257873518e-06 1.000000000e-01 1.000000000e-01 5.257873518e-06 
d 1.900000000e+01 1.900000000e+01 0.000000000e+00 0.000000000e+00 0.000000000e+00 -5.318820428e-06 1.000000000e-01 1.000000000e-01 5.318820428e-06 
d 1.920000000e+01 1.920000000e+01 0.000000000e+00 0.000000000e+00 0.000000000e+00 -5.379776260e-06 1.000000000e-01 1.000000000e-01 5.379776260e-06 
d 1.940000000e+01 1.940000000e+01 0.000000000e+00 0.000000000e+00 0.000000000e+00 -5.440740640e-06 1.000000000e-01 1.000000000e-01 5.440740640e-06 
d 1.960000000e+01 1.960000000e+01 0.000000000e+00 0.000000000e+00 0.000000000e+00 -5.501713209e-06 1.000000000e-01 1.000000000e-01 5.501713209e-06 
d 1.980000000e+01 1.980000000e+01 0.000000000e+00 0.000000000e+00 0.000000000e+00 -5.562693623e-06 1.000000000e-01 1.000000000e-01 5.562693623e-06 
d 2.000000000e+01 2.000000000e+01 0.000000000e+00 0.000000000e+00 0.000000000e+00 -5.623681550e-06 1.000000000e-01 1.000000000e-01 5.623681550e-06 
