v ATLAS
# This file was created by ATLAS version 5.24.1.R on Wed Apr 15 20:10:26 2020.
#SSF 2.0 generic
##############################################################################
#                    Copyright (c) 1984 - 2017                               #
#                    Silvaco Inc. All rights reserved                        #
#                                                                            #
# This file format and the following Key are copyright Silvaco Inc.          #
# You may not use, this format or key without reproducing this message in    #
# full and obtaining express written permission from Silvaco Inc.            #
#                                                                            #
# To obtain such permission please contact: Silvaco Inc.                     #
#                                           support@silvaco.com              #
#                                                                            #
# KEY=SVC86hn7562asdx                       PROD=345                         #
##############################################################################
y 3 700 711 15
z 40 1e+41 300
f 3 "gate" "source" "drain" 
p 9 2 601 20 3 602 21 4 603 22 
d 2.000000000e-01 2.000000000e-01 0.000000000e+00 0.000000000e+00 0.000000000e+00 -6.966964716e-09 1.000000000e-01 1.000000000e-01 6.966964718e-09 
d 4.000000000e-01 4.000000000e-01 0.000000000e+00 0.000000000e+00 0.000000000e+00 -1.178133395e-08 1.000000000e-01 1.000000000e-01 1.178133394e-08 
d 6.000000000e-01 6.000000000e-01 0.000000000e+00 0.000000000e+00 0.000000000e+00 -1.718116831e-08 1.000000000e-01 1.000000000e-01 1.718116829e-08 
d 8.000000000e-01 8.000000000e-01 0.000000000e+00 0.000000000e+00 0.000000000e+00 -2.292366280e-08 1.000000000e-01 1.000000000e-01 2.292366203e-08 
d 1.000000000e+00 1.000000000e+00 0.000000000e+00 0.000000000e+00 0.000000000e+00 -2.892633169e-08 1.000000000e-01 1.000000000e-01 2.892633158e-08 
d 1.200000000e+00 1.200000000e+00 0.000000000e+00 0.000000000e+00 0.000000000e+00 -3.517097017e-08 1.000000000e-01 1.000000000e-01 3.517097015e-08 
d 1.400000000e+00 1.400000000e+00 0.000000000e+00 0.000000000e+00 0.000000000e+00 -4.166284229e-08 1.000000000e-01 1.000000000e-01 4.166284229e-08 
d 1.600000000e+00 1.600000000e+00 0.000000000e+00 0.000000000e+00 0.000000000e+00 -4.841328094e-08 1.000000000e-01 1.000000000e-01 4.841328095e-08 
d 1.800000000e+00 1.800000000e+00 0.000000000e+00 0.000000000e+00 0.000000000e+00 -5.543199254e-08 1.000000000e-01 1.000000000e-01 5.543199254e-08 
d 2.000000000e+00 2.000000000e+00 0.000000000e+00 0.000000000e+00 0.000000000e+00 -6.272390724e-08 1.000000000e-01 1.000000000e-01 6.272390728e-08 
d 2.200000000e+00 2.200000000e+00 0.000000000e+00 0.000000000e+00 0.000000000e+00 -7.028845392e-08 1.000000000e-01 1.000000000e-01 7.028845391e-08 
d 2.400000000e+00 2.400000000e+00 0.000000000e+00 0.000000000e+00 0.000000000e+00 -7.812019186e-08 1.000000000e-01 1.000000000e-01 7.812019185e-08 
d 2.600000000e+00 2.600000000e+00 0.000000000e+00 0.000000000e+00 0.000000000e+00 -8.621025441e-08 1.000000000e-01 1.000000000e-01 8.621009996e-08 
d 2.800000000e+00 2.800000000e+00 0.000000000e+00 0.000000000e+00 0.000000000e+00 -9.454723327e-08 1.000000000e-01 1.000000000e-01 9.454714795e-08 
d 3.000000000e+00 3.000000000e+00 0.000000000e+00 0.000000000e+00 0.000000000e+00 -1.031195946e-07 1.000000000e-01 1.000000000e-01 1.031195433e-07 
d 3.200000000e+00 3.200000000e+00 0.000000000e+00 0.000000000e+00 0.000000000e+00 -1.119159169e-07 1.000000000e-01 1.000000000e-01 1.119158836e-07 
d 3.400000000e+00 3.400000000e+00 0.000000000e+00 0.000000000e+00 0.000000000e+00 -1.209258822e-07 1.000000000e-01 1.000000000e-01 1.209258591e-07 
d 3.600000000e+00 3.600000000e+00 0.000000000e+00 0.000000000e+00 0.000000000e+00 -1.301406874e-07 1.000000000e-01 1.000000000e-01 1.301406706e-07 
d 3.800000000e+00 3.800000000e+00 0.000000000e+00 0.000000000e+00 0.000000000e+00 -1.395532192e-07 1.000000000e-01 1.000000000e-01 1.395532063e-07 
d 4.000000000e+00 4.000000000e+00 0.000000000e+00 0.000000000e+00 0.000000000e+00 -1.491580646e-07 1.000000000e-01 1.000000000e-01 1.491580544e-07 
d 4.200000000e+00 4.200000000e+00 0.000000000e+00 0.000000000e+00 0.000000000e+00 -1.589514221e-07 1.000000000e-01 1.000000000e-01 1.589514136e-07 
d 4.400000000e+00 4.400000000e+00 0.000000000e+00 0.000000000e+00 0.000000000e+00 -1.689309585e-07 1.000000000e-01 1.000000000e-01 1.689309513e-07 
d 4.600000000e+00 4.600000000e+00 0.000000000e+00 0.000000000e+00 0.000000000e+00 -1.790956460e-07 1.000000000e-01 1.000000000e-01 1.790956396e-07 
d 4.800000000e+00 4.800000000e+00 0.000000000e+00 0.000000000e+00 0.000000000e+00 -1.894455979e-07 1.000000000e-01 1.000000000e-01 1.894455919e-07 
d 5.000000000e+00 5.000000000e+00 0.000000000e+00 0.000000000e+00 0.000000000e+00 -1.999819142e-07 1.000000000e-01 1.000000000e-01 1.999819086e-07 
d 5.200000000e+00 5.200000000e+00 0.000000000e+00 0.000000000e+00 0.000000000e+00 -2.107065440e-07 1.000000000e-01 1.000000000e-01 2.107065386e-07 
d 5.400000000e+00 5.400000000e+00 0.000000000e+00 0.000000000e+00 0.000000000e+00 -2.216221634e-07 1.000000000e-01 1.000000000e-01 2.216221581e-07 
d 5.600000000e+00 5.600000000e+00 0.000000000e+00 0.000000000e+00 0.000000000e+00 -2.327320712e-07 1.000000000e-01 1.000000000e-01 2.327320659e-07 
d 5.800000000e+00 5.800000000e+00 0.000000000e+00 0.000000000e+00 0.000000000e+00 -2.440400989e-07 1.000000000e-01 1.000000000e-01 2.440400935e-07 
d 6.000000000e+00 6.000000000e+00 0.000000000e+00 0.000000000e+00 0.000000000e+00 -2.555505343e-07 1.000000000e-01 1.000000000e-01 2.555505289e-07 
d 6.200000000e+00 6.200000000e+00 0.000000000e+00 0.000000000e+00 0.000000000e+00 -2.672680565e-07 1.000000000e-01 1.000000000e-01 2.672680510e-07 
d 6.400000000e+00 6.400000000e+00 0.000000000e+00 0.000000000e+00 0.000000000e+00 -2.791976795e-07 1.000000000e-01 1.000000000e-01 2.791976738e-07 
d 6.600000000e+00 6.600000000e+00 0.000000000e+00 0.000000000e+00 0.000000000e+00 -2.913447044e-07 1.000000000e-01 1.000000000e-01 2.913446985e-07 
d 6.800000000e+00 6.800000000e+00 0.000000000e+00 0.000000000e+00 0.000000000e+00 -3.037146766e-07 1.000000000e-01 1.000000000e-01 3.037146706e-07 
d 7.000000000e+00 7.000000000e+00 0.000000000e+00 0.000000000e+00 0.000000000e+00 -3.163133494e-07 1.000000000e-01 1.000000000e-01 3.163133433e-07 
d 7.200000000e+00 7.200000000e+00 0.000000000e+00 0.000000000e+00 0.000000000e+00 -3.291466502e-07 1.000000000e-01 1.000000000e-01 3.291466438e-07 
d 7.400000000e+00 7.400000000e+00 0.000000000e+00 0.000000000e+00 0.000000000e+00 -3.422206502e-07 1.000000000e-01 1.000000000e-01 3.422206438e-07 
d 7.600000000e+00 7.600000000e+00 0.000000000e+00 0.000000000e+00 0.000000000e+00 -3.555415373e-07 1.000000000e-01 1.000000000e-01 3.555415307e-07 
d 7.800000000e+00 7.800000000e+00 0.000000000e+00 0.000000000e+00 0.000000000e+00 -3.691155894e-07 1.000000000e-01 1.000000000e-01 3.691155827e-07 
d 8.000000000e+00 8.000000000e+00 0.000000000e+00 0.000000000e+00 0.000000000e+00 -3.829491503e-07 1.000000000e-01 1.000000000e-01 3.829491434e-07 
d 8.200000000e+00 8.200000000e+00 0.000000000e+00 0.000000000e+00 0.000000000e+00 -3.970486058e-07 1.000000000e-01 1.000000000e-01 3.970485988e-07 
d 8.400000000e+00 8.400000000e+00 0.000000000e+00 0.000000000e+00 0.000000000e+00 -4.114203616e-07 1.000000000e-01 1.000000000e-01 4.114203546e-07 
d 8.600000000e+00 8.600000000e+00 0.000000000e+00 0.000000000e+00 0.000000000e+00 -4.260708208e-07 1.000000000e-01 1.000000000e-01 4.260708137e-07 
d 8.800000000e+00 8.800000000e+00 0.000000000e+00 0.000000000e+00 0.000000000e+00 -4.410063623e-07 1.000000000e-01 1.000000000e-01 4.410063551e-07 
d 9.000000000e+00 9.000000000e+00 0.000000000e+00 0.000000000e+00 0.000000000e+00 -4.562333200e-07 1.000000000e-01 1.000000000e-01 4.562333128e-07 
d 9.200000000e+00 9.200000000e+00 0.000000000e+00 0.000000000e+00 0.000000000e+00 -4.717579617e-07 1.000000000e-01 1.000000000e-01 4.717579545e-07 
d 9.400000000e+00 9.400000000e+00 0.000000000e+00 0.000000000e+00 0.000000000e+00 -4.875864686e-07 1.000000000e-01 1.000000000e-01 4.875864614e-07 
d 9.600000000e+00 9.600000000e+00 0.000000000e+00 0.000000000e+00 0.000000000e+00 -5.037249156e-07 1.000000000e-01 1.000000000e-01 5.037249084e-07 
d 9.800000000e+00 9.800000000e+00 0.000000000e+00 0.000000000e+00 0.000000000e+00 -5.201792512e-07 1.000000000e-01 1.000000000e-01 5.201792441e-07 
d 1.000000000e+01 1.000000000e+01 0.000000000e+00 0.000000000e+00 0.000000000e+00 -5.369552788e-07 1.000000000e-01 1.000000000e-01 5.369552717e-07 
d 1.020000000e+01 1.020000000e+01 0.000000000e+00 0.000000000e+00 0.000000000e+00 -5.540586376e-07 1.000000000e-01 1.000000000e-01 5.540586306e-07 
d 1.040000000e+01 1.040000000e+01 0.000000000e+00 0.000000000e+00 0.000000000e+00 -5.714947854e-07 1.000000000e-01 1.000000000e-01 5.714947784e-07 
d 1.060000000e+01 1.060000000e+01 0.000000000e+00 0.000000000e+00 0.000000000e+00 -5.892689806e-07 1.000000000e-01 1.000000000e-01 5.892689738e-07 
d 1.080000000e+01 1.080000000e+01 0.000000000e+00 0.000000000e+00 0.000000000e+00 -6.073862667e-07 1.000000000e-01 1.000000000e-01 6.073862600e-07 
d 1.100000000e+01 1.100000000e+01 0.000000000e+00 0.000000000e+00 0.000000000e+00 -6.258514562e-07 1.000000000e-01 1.000000000e-01 6.258514496e-07 
d 1.120000000e+01 1.120000000e+01 0.000000000e+00 0.000000000e+00 0.000000000e+00 -6.446691170e-07 1.000000000e-01 1.000000000e-01 6.446691106e-07 
d 1.140000000e+01 1.140000000e+01 0.000000000e+00 0.000000000e+00 0.000000000e+00 -6.638435587e-07 1.000000000e-01 1.000000000e-01 6.638435524e-07 
d 1.160000000e+01 1.160000000e+01 0.000000000e+00 0.000000000e+00 0.000000000e+00 -6.833788209e-07 1.000000000e-01 1.000000000e-01 6.833788147e-07 
d 1.180000000e+01 1.180000000e+01 0.000000000e+00 0.000000000e+00 0.000000000e+00 -7.032786625e-07 1.000000000e-01 1.000000000e-01 7.032786565e-07 
d 1.200000000e+01 1.200000000e+01 0.000000000e+00 0.000000000e+00 0.000000000e+00 -7.235465524e-07 1.000000000e-01 1.000000000e-01 7.235465466e-07 
d 1.220000000e+01 1.220000000e+01 0.000000000e+00 0.000000000e+00 0.000000000e+00 -7.441856617e-07 1.000000000e-01 1.000000000e-01 7.441856561e-07 
d 1.240000000e+01 1.240000000e+01 0.000000000e+00 0.000000000e+00 0.000000000e+00 -7.651988573e-07 1.000000000e-01 1.000000000e-01 7.651988518e-07 
d 1.260000000e+01 1.260000000e+01 0.000000000e+00 0.000000000e+00 0.000000000e+00 -7.865886965e-07 1.000000000e-01 1.000000000e-01 7.865886913e-07 
d 1.280000000e+01 1.280000000e+01 0.000000000e+00 0.000000000e+00 0.000000000e+00 -8.083574243e-07 1.000000000e-01 1.000000000e-01 8.083574192e-07 
d 1.300000000e+01 1.300000000e+01 0.000000000e+00 0.000000000e+00 0.000000000e+00 -8.305069704e-07 1.000000000e-01 1.000000000e-01 8.305069654e-07 
d 1.320000000e+01 1.320000000e+01 0.000000000e+00 0.000000000e+00 0.000000000e+00 -8.530389492e-07 1.000000000e-01 1.000000000e-01 8.530389445e-07 
d 1.340000000e+01 1.340000000e+01 0.000000000e+00 0.000000000e+00 0.000000000e+00 -8.759546606e-07 1.000000000e-01 1.000000000e-01 8.759546561e-07 
d 1.360000000e+01 1.360000000e+01 0.000000000e+00 0.000000000e+00 0.000000000e+00 -8.992550916e-07 1.000000000e-01 1.000000000e-01 8.992550872e-07 
d 1.380000000e+01 1.380000000e+01 0.000000000e+00 0.000000000e+00 0.000000000e+00 -9.229409202e-07 1.000000000e-01 1.000000000e-01 9.229409159e-07 
d 1.400000000e+01 1.400000000e+01 0.000000000e+00 0.000000000e+00 0.000000000e+00 -9.470125197e-07 1.000000000e-01 1.000000000e-01 9.470125156e-07 
d 1.420000000e+01 1.420000000e+01 0.000000000e+00 0.000000000e+00 0.000000000e+00 -9.714699645e-07 1.000000000e-01 1.000000000e-01 9.714699606e-07 
d 1.440000000e+01 1.440000000e+01 0.000000000e+00 0.000000000e+00 0.000000000e+00 -9.963130372e-07 1.000000000e-01 1.000000000e-01 9.963130334e-07 
d 1.460000000e+01 1.460000000e+01 0.000000000e+00 0.000000000e+00 0.000000000e+00 -1.021541236e-06 1.000000000e-01 1.000000000e-01 1.021541232e-06 
d 1.480000000e+01 1.480000000e+01 0.000000000e+00 0.000000000e+00 0.000000000e+00 -1.047153782e-06 1.000000000e-01 1.000000000e-01 1.047153779e-06 
d 1.500000000e+01 1.500000000e+01 0.000000000e+00 0.000000000e+00 0.000000000e+00 -1.073149633e-06 1.000000000e-01 1.000000000e-01 1.073149630e-06 
d 1.520000000e+01 1.520000000e+01 0.000000000e+00 0.000000000e+00 0.000000000e+00 -1.099527487e-06 1.000000000e-01 1.000000000e-01 1.099527484e-06 
d 1.540000000e+01 1.540000000e+01 0.000000000e+00 0.000000000e+00 0.000000000e+00 -1.126285798e-06 1.000000000e-01 1.000000000e-01 1.126285795e-06 
d 1.560000000e+01 1.560000000e+01 0.000000000e+00 0.000000000e+00 0.000000000e+00 -1.153422786e-06 1.000000000e-01 1.000000000e-01 1.153422783e-06 
d 1.580000000e+01 1.580000000e+01 0.000000000e+00 0.000000000e+00 0.000000000e+00 -1.180936444e-06 1.000000000e-01 1.000000000e-01 1.180936441e-06 
d 1.600000000e+01 1.600000000e+01 0.000000000e+00 0.000000000e+00 0.000000000e+00 -1.208824557e-06 1.000000000e-01 1.000000000e-01 1.208824554e-06 
d 1.620000000e+01 1.620000000e+01 0.000000000e+00 0.000000000e+00 0.000000000e+00 -1.237084708e-06 1.000000000e-01 1.000000000e-01 1.237084705e-06 
d 1.640000000e+01 1.640000000e+01 0.000000000e+00 0.000000000e+00 0.000000000e+00 -1.265714292e-06 1.000000000e-01 1.000000000e-01 1.265714290e-06 
d 1.660000000e+01 1.660000000e+01 0.000000000e+00 0.000000000e+00 0.000000000e+00 -1.294710529e-06 1.000000000e-01 1.000000000e-01 1.294710527e-06 
d 1.680000000e+01 1.680000000e+01 0.000000000e+00 0.000000000e+00 0.000000000e+00 -1.324070475e-06 1.000000000e-01 1.000000000e-01 1.324070473e-06 
d 1.700000000e+01 1.700000000e+01 0.000000000e+00 0.000000000e+00 0.000000000e+00 -1.353791032e-06 1.000000000e-01 1.000000000e-01 1.353791030e-06 
d 1.720000000e+01 1.720000000e+01 0.000000000e+00 0.000000000e+00 0.000000000e+00 -1.383868963e-06 1.000000000e-01 1.000000000e-01 1.383868961e-06 
d 1.740000000e+01 1.740000000e+01 0.000000000e+00 0.000000000e+00 0.000000000e+00 -1.414300901e-06 1.000000000e-01 1.000000000e-01 1.414300899e-06 
d 1.760000000e+01 1.760000000e+01 0.000000000e+00 0.000000000e+00 0.000000000e+00 -1.445083362e-06 1.000000000e-01 1.000000000e-01 1.445083360e-06 
d 1.780000000e+01 1.780000000e+01 0.000000000e+00 0.000000000e+00 0.000000000e+00 -1.476212754e-06 1.000000000e-01 1.000000000e-01 1.476212752e-06 
d 1.800000000e+01 1.800000000e+01 0.000000000e+00 0.000000000e+00 0.000000000e+00 -1.507685389e-06 1.000000000e-01 1.000000000e-01 1.507685388e-06 
d 1.820000000e+01 1.820000000e+01 0.000000000e+00 0.000000000e+00 0.000000000e+00 -1.539497494e-06 1.000000000e-01 1.000000000e-01 1.539497492e-06 
d 1.840000000e+01 1.840000000e+01 0.000000000e+00 0.000000000e+00 0.000000000e+00 -1.571645217e-06 1.000000000e-01 1.000000000e-01 1.571645215e-06 
d 1.860000000e+01 1.860000000e+01 0.000000000e+00 0.000000000e+00 0.000000000e+00 -1.604124642e-06 1.000000000e-01 1.000000000e-01 1.604124640e-06 
d 1.880000000e+01 1.880000000e+01 0.000000000e+00 0.000000000e+00 0.000000000e+00 -1.636931793e-06 1.000000000e-01 1.000000000e-01 1.636931791e-06 
d 1.900000000e+01 1.900000000e+01 0.000000000e+00 0.000000000e+00 0.000000000e+00 -1.670062646e-06 1.000000000e-01 1.000000000e-01 1.670062644e-06 
d 1.920000000e+01 1.920000000e+01 0.000000000e+00 0.000000000e+00 0.000000000e+00 -1.703513136e-06 1.000000000e-01 1.000000000e-01 1.703513134e-06 
d 1.940000000e+01 1.940000000e+01 0.000000000e+00 0.000000000e+00 0.000000000e+00 -1.737279164e-06 1.000000000e-01 1.000000000e-01 1.737279163e-06 
d 1.960000000e+01 1.960000000e+01 0.000000000e+00 0.000000000e+00 0.000000000e+00 -1.771356607e-06 1.000000000e-01 1.000000000e-01 1.771356606e-06 
d 1.980000000e+01 1.980000000e+01 0.000000000e+00 0.000000000e+00 0.000000000e+00 -1.805741321e-06 1.000000000e-01 1.000000000e-01 1.805741320e-06 
d 2.000000000e+01 2.000000000e+01 0.000000000e+00 0.000000000e+00 0.000000000e+00 -1.840429151e-06 1.000000000e-01 1.000000000e-01 1.840429149e-06 
