v ATLAS
# This file was created by ATLAS version 5.24.1.R on Thu Apr 30 14:32:02 2020.
#SSF 2.0 generic
##############################################################################
#                    Copyright (c) 1984 - 2017                               #
#                    Silvaco Inc. All rights reserved                        #
#                                                                            #
# This file format and the following Key are copyright Silvaco Inc.          #
# You may not use, this format or key without reproducing this message in    #
# full and obtaining express written permission from Silvaco Inc.            #
#                                                                            #
# To obtain such permission please contact: Silvaco Inc.                     #
#                                           support@silvaco.com              #
#                                                                            #
# KEY=SVC86hn7562asdx                       PROD=345                         #
##############################################################################
y 3 700 711 15
z 40 1e+41 300
f 3 "gate" "source" "drain" 
p 9 2 601 20 3 602 21 4 603 22 
d 0.000000000e+00 0.000000000e+00 0.000000000e+00 0.000000000e+00 0.000000000e+00 -4.979637277e-09 1.000000000e-01 1.000000000e-01 4.979637291e-09 
d -1.000000000e-01 -1.000000000e-01 0.000000000e+00 0.000000000e+00 0.000000000e+00 -2.683606973e-09 1.000000000e-01 1.000000000e-01 2.683606990e-09 
d -2.000000000e-01 -2.000000000e-01 0.000000000e+00 0.000000000e+00 0.000000000e+00 -1.421757432e-09 1.000000000e-01 1.000000000e-01 1.421757429e-09 
d -3.000000000e-01 -3.000000000e-01 0.000000000e+00 0.000000000e+00 0.000000000e+00 -7.346251566e-10 1.000000000e-01 1.000000000e-01 7.346251499e-10 
d -4.000000000e-01 -4.000000000e-01 0.000000000e+00 0.000000000e+00 0.000000000e+00 -3.453410620e-10 1.000000000e-01 1.000000000e-01 3.453410858e-10 
d -5.000000000e-01 -5.000000000e-01 0.000000000e+00 0.000000000e+00 0.000000000e+00 -1.258833475e-10 1.000000000e-01 1.000000000e-01 1.258833628e-10 
d -6.000000000e-01 -6.000000000e-01 0.000000000e+00 0.000000000e+00 0.000000000e+00 -2.999038705e-11 1.000000000e-01 1.000000000e-01 2.999039883e-11 
d -7.000000000e-01 -7.000000000e-01 0.000000000e+00 0.000000000e+00 0.000000000e+00 -6.428259979e-12 1.000000000e-01 1.000000000e-01 6.428244897e-12 
d -8.000000000e-01 -8.000000000e-01 0.000000000e+00 0.000000000e+00 0.000000000e+00 -1.270792066e-12 1.000000000e-01 1.000000000e-01 1.270774899e-12 
d -9.000000000e-01 -9.000000000e-01 0.000000000e+00 0.000000000e+00 0.000000000e+00 -1.363779037e-13 1.000000000e-01 1.000000000e-01 1.363502667e-13 
d -1.000000000e+00 -1.000000000e+00 0.000000000e+00 0.000000000e+00 0.000000000e+00 -1.369081315e-14 1.000000000e-01 1.000000000e-01 1.368868642e-14 
d -1.100000000e+00 -1.100000000e+00 0.000000000e+00 0.000000000e+00 0.000000000e+00 -9.219341195e-16 1.000000000e-01 1.000000000e-01 9.008641560e-16 
d -1.200000000e+00 -1.200000000e+00 0.000000000e+00 0.000000000e+00 0.000000000e+00 -5.017053877e-17 1.000000000e-01 1.000000000e-01 4.730579853e-17 
d -1.300000000e+00 -1.300000000e+00 0.000000000e+00 0.000000000e+00 0.000000000e+00 8.233557440e-18 1.000000000e-01 1.000000000e-01 -1.904488268e-17 
d -1.400000000e+00 -1.400000000e+00 0.000000000e+00 0.000000000e+00 0.000000000e+00 -4.134855806e-18 1.000000000e-01 1.000000000e-01 3.180921384e-18 
d -1.500000000e+00 -1.500000000e+00 0.000000000e+00 0.000000000e+00 0.000000000e+00 -1.685283809e-17 1.000000000e-01 1.000000000e-01 -3.815697734e-18 
d -1.600000000e+00 -1.600000000e+00 0.000000000e+00 0.000000000e+00 0.000000000e+00 3.179773942e-18 1.000000000e-01 1.000000000e-01 -1.907864047e-18 
d -1.700000000e+00 -1.700000000e+00 0.000000000e+00 0.000000000e+00 0.000000000e+00 -4.451684652e-18 1.000000000e-01 1.000000000e-01 -9.539324025e-19 
d -1.800000000e+00 -1.800000000e+00 0.000000000e+00 0.000000000e+00 0.000000000e+00 -7.313481897e-18 1.000000000e-01 1.000000000e-01 1.907864843e-17 
d -1.900000000e+00 -1.900000000e+00 0.000000000e+00 0.000000000e+00 0.000000000e+00 -1.208314400e-17 1.000000000e-01 1.000000000e-01 -1.081123411e-17 
d -2.000000000e+00 -2.000000000e+00 0.000000000e+00 0.000000000e+00 0.000000000e+00 -1.271909895e-17 1.000000000e-01 1.000000000e-01 -2.861797264e-18 
d -2.100000000e+00 -2.100000000e+00 0.000000000e+00 0.000000000e+00 0.000000000e+00 6.995504423e-18 1.000000000e-01 1.000000000e-01 -6.677526949e-18 
d -2.200000000e+00 -2.200000000e+00 0.000000000e+00 0.000000000e+00 0.000000000e+00 1.112921158e-17 1.000000000e-01 1.000000000e-01 1.240112148e-17 
d -2.300000000e+00 -2.300000000e+00 0.000000000e+00 0.000000000e+00 0.000000000e+00 8.585391792e-18 1.000000000e-01 1.000000000e-01 6.359549475e-19 
d -2.400000000e+00 -2.400000000e+00 0.000000000e+00 0.000000000e+00 0.000000000e+00 1.144718906e-17 1.000000000e-01 1.000000000e-01 6.359549475e-18 
d -2.500000000e+00 -2.500000000e+00 0.000000000e+00 0.000000000e+00 0.000000000e+00 -1.081123411e-17 1.000000000e-01 1.000000000e-01 4.769662107e-18 
d -2.600000000e+00 -2.600000000e+00 0.000000000e+00 0.000000000e+00 0.000000000e+00 1.558089621e-17 1.000000000e-01 1.000000000e-01 5.723594528e-18 
d -2.700000000e+00 -2.700000000e+00 0.000000000e+00 0.000000000e+00 0.000000000e+00 -1.612145792e-16 1.000000000e-01 1.000000000e-01 -1.262370571e-16 
d -2.725000000e+00 -2.725000000e+00 0.000000000e+00 0.000000000e+00 0.000000000e+00 -2.887235462e-16 1.000000000e-01 1.000000000e-01 -2.801381544e-16 
d -2.750000000e+00 -2.750000000e+00 0.000000000e+00 0.000000000e+00 0.000000000e+00 -1.573988495e-16 1.000000000e-01 1.000000000e-01 -1.589887369e-16 
d -2.762500000e+00 -2.762500000e+00 0.000000000e+00 0.000000000e+00 0.000000000e+00 -1.589887369e-17 1.000000000e-01 1.000000000e-01 -1.812471601e-17 
d -2.775000000e+00 -2.775000000e+00 0.000000000e+00 0.000000000e+00 0.000000000e+00 -2.686909653e-16 1.000000000e-01 1.000000000e-01 -2.756864698e-16 
d -2.781250000e+00 -2.781250000e+00 0.000000000e+00 0.000000000e+00 0.000000000e+00 -2.448426548e-16 1.000000000e-01 1.000000000e-01 -2.159067047e-16 
d -2.787500000e+00 -2.787500000e+00 0.000000000e+00 0.000000000e+00 0.000000000e+00 -2.798201769e-16 1.000000000e-01 1.000000000e-01 -2.677370329e-16 
d -2.800000000e+00 -2.800000000e+00 0.000000000e+00 0.000000000e+00 0.000000000e+00 -2.070033354e-16 1.000000000e-01 1.000000000e-01 -2.012797409e-16 
d -2.900000000e+00 -2.900000000e+00 0.000000000e+00 0.000000000e+00 0.000000000e+00 -3.599505003e-16 1.000000000e-01 1.000000000e-01 -3.119359018e-16 
d -3.000000000e+00 -3.000000000e+00 0.000000000e+00 0.000000000e+00 0.000000000e+00 -4.782381206e-16 1.000000000e-01 1.000000000e-01 -4.327673418e-16 
d -3.100000000e+00 -3.100000000e+00 0.000000000e+00 0.000000000e+00 0.000000000e+00 -3.812549911e-16 1.000000000e-01 1.000000000e-01 -3.713976894e-16 
d -3.200000000e+00 -3.200000000e+00 0.000000000e+00 0.000000000e+00 0.000000000e+00 -3.504111761e-16 1.000000000e-01 1.000000000e-01 -3.268808430e-16 
d -3.300000000e+00 -3.300000000e+00 0.000000000e+00 0.000000000e+00 0.000000000e+00 -4.483482380e-16 1.000000000e-01 1.000000000e-01 -4.343572292e-16 
d -3.400000000e+00 -3.400000000e+00 0.000000000e+00 0.000000000e+00 0.000000000e+00 -2.368932180e-16 1.000000000e-01 1.000000000e-01 -2.295797361e-16 
d -3.500000000e+00 -3.500000000e+00 0.000000000e+00 0.000000000e+00 0.000000000e+00 -2.861797264e-16 1.000000000e-01 1.000000000e-01 -2.543819790e-16 
d -3.600000000e+00 -3.600000000e+00 0.000000000e+00 0.000000000e+00 0.000000000e+00 -3.866606081e-16 1.000000000e-01 1.000000000e-01 -3.408718519e-16 
d -3.700000000e+00 -3.700000000e+00 0.000000000e+00 0.000000000e+00 0.000000000e+00 -2.626493933e-16 1.000000000e-01 1.000000000e-01 -2.416628801e-16 
d -3.800000000e+00 -3.800000000e+00 0.000000000e+00 0.000000000e+00 0.000000000e+00 -2.868156813e-16 1.000000000e-01 1.000000000e-01 -2.496123169e-16 
d -3.900000000e+00 -3.900000000e+00 0.000000000e+00 0.000000000e+00 0.000000000e+00 -2.795021994e-16 1.000000000e-01 1.000000000e-01 -2.721887176e-16 
d -4.000000000e+00 -4.000000000e+00 0.000000000e+00 0.000000000e+00 0.000000000e+00 -3.208392710e-16 1.000000000e-01 1.000000000e-01 -2.868156813e-16 
d -4.050000000e+00 -4.050000000e+00 0.000000000e+00 0.000000000e+00 0.000000000e+00 -1.675741287e-16 1.000000000e-01 1.000000000e-01 -1.624864891e-16 
d -4.100000000e+00 -4.100000000e+00 0.000000000e+00 0.000000000e+00 0.000000000e+00 -3.656740948e-16 1.000000000e-01 1.000000000e-01 -3.186134287e-16 
d -4.200000000e+00 -4.200000000e+00 0.000000000e+00 0.000000000e+00 0.000000000e+00 -3.348302799e-16 1.000000000e-01 1.000000000e-01 -3.055763523e-16 
d -4.300000000e+00 -4.300000000e+00 0.000000000e+00 0.000000000e+00 0.000000000e+00 -1.100202059e-16 1.000000000e-01 1.000000000e-01 -1.138359356e-16 
d -4.400000000e+00 -4.400000000e+00 0.000000000e+00 0.000000000e+00 0.000000000e+00 -2.693269203e-16 1.000000000e-01 1.000000000e-01 -2.683729879e-16 
d -4.500000000e+00 -4.500000000e+00 0.000000000e+00 0.000000000e+00 0.000000000e+00 -1.748876106e-16 1.000000000e-01 1.000000000e-01 -1.666201963e-16 
d -4.600000000e+00 -4.600000000e+00 0.000000000e+00 0.000000000e+00 0.000000000e+00 -2.623314159e-16 1.000000000e-01 1.000000000e-01 -2.645572582e-16 
d -4.700000000e+00 -4.700000000e+00 0.000000000e+00 0.000000000e+00 0.000000000e+00 -2.938111858e-16 1.000000000e-01 1.000000000e-01 -2.842718616e-16 
d -4.800000000e+00 -4.800000000e+00 0.000000000e+00 0.000000000e+00 0.000000000e+00 -2.419808575e-16 1.000000000e-01 1.000000000e-01 -2.512022043e-16 
d -4.850000000e+00 -4.850000000e+00 0.000000000e+00 0.000000000e+00 0.000000000e+00 -2.295797361e-16 1.000000000e-01 1.000000000e-01 -2.283078262e-16 
d -4.900000000e+00 -4.900000000e+00 0.000000000e+00 0.000000000e+00 0.000000000e+00 -2.238561415e-16 1.000000000e-01 1.000000000e-01 -2.238561415e-16 
d -5.000000000e+00 -5.000000000e+00 0.000000000e+00 0.000000000e+00 0.000000000e+00 -2.435707449e-16 1.000000000e-01 1.000000000e-01 -2.235381641e-16 
