v ATLAS
# This file was created by ATLAS version 5.24.1.R on Wed Apr 29 01:15:01 2020.
#SSF 2.0 generic
##############################################################################
#                    Copyright (c) 1984 - 2017                               #
#                    Silvaco Inc. All rights reserved                        #
#                                                                            #
# This file format and the following Key are copyright Silvaco Inc.          #
# You may not use, this format or key without reproducing this message in    #
# full and obtaining express written permission from Silvaco Inc.            #
#                                                                            #
# To obtain such permission please contact: Silvaco Inc.                     #
#                                           support@silvaco.com              #
#                                                                            #
# KEY=SVC86hn7562asdx                       PROD=345                         #
##############################################################################
y 3 700 711 15
z 40 1e+41 300
f 3 "gate" "source" "drain" 
p 9 2 601 20 3 602 21 4 603 22 
d 0.000000000e+00 0.000000000e+00 0.000000000e+00 0.000000000e+00 0.000000000e+00 -9.333037656e-11 1.000000000e-01 1.000000000e-01 9.333035478e-11 
d -1.000000000e-01 -1.000000000e-01 0.000000000e+00 0.000000000e+00 0.000000000e+00 -1.935087867e-11 1.000000000e-01 1.000000000e-01 1.935087200e-11 
d -2.000000000e-01 -2.000000000e-01 0.000000000e+00 0.000000000e+00 0.000000000e+00 -3.752598144e-12 1.000000000e-01 1.000000000e-01 3.752606499e-12 
d -3.000000000e-01 -3.000000000e-01 0.000000000e+00 0.000000000e+00 0.000000000e+00 -7.152298898e-13 1.000000000e-01 1.000000000e-01 7.152348920e-13 
d -4.000000000e-01 -4.000000000e-01 0.000000000e+00 0.000000000e+00 0.000000000e+00 -7.497192877e-14 1.000000000e-01 1.000000000e-01 7.497347031e-14 
d -5.000000000e-01 -5.000000000e-01 0.000000000e+00 0.000000000e+00 0.000000000e+00 -7.528884055e-15 1.000000000e-01 1.000000000e-01 7.516487219e-15 
d -6.000000000e-01 -6.000000000e-01 0.000000000e+00 0.000000000e+00 0.000000000e+00 -5.010217538e-16 1.000000000e-01 1.000000000e-01 5.092462877e-16 
d -7.000000000e-01 -7.000000000e-01 0.000000000e+00 0.000000000e+00 0.000000000e+00 -1.787798276e-17 1.000000000e-01 1.000000000e-01 3.059554437e-17 
d -8.000000000e-01 -8.000000000e-01 0.000000000e+00 0.000000000e+00 0.000000000e+00 -6.056346629e-18 1.000000000e-01 1.000000000e-01 4.466412596e-18 
d -9.000000000e-01 -9.000000000e-01 0.000000000e+00 0.000000000e+00 0.000000000e+00 -2.448476331e-17 1.000000000e-01 1.000000000e-01 -1.208264721e-17 
d -1.000000000e+00 -1.000000000e+00 0.000000000e+00 0.000000000e+00 0.000000000e+00 -5.087653426e-18 1.000000000e-01 1.000000000e-01 -1.526290491e-17 
d -1.100000000e+00 -1.100000000e+00 0.000000000e+00 0.000000000e+00 0.000000000e+00 -1.367303172e-17 1.000000000e-01 1.000000000e-01 -1.271909552e-18 
d -1.200000000e+00 -1.200000000e+00 0.000000000e+00 0.000000000e+00 0.000000000e+00 3.497752203e-18 1.000000000e-01 1.000000000e-01 2.225842317e-17 
d -1.300000000e+00 -1.300000000e+00 0.000000000e+00 0.000000000e+00 0.000000000e+00 -1.303707642e-17 1.000000000e-01 1.000000000e-01 -9.539324213e-18 
d -1.400000000e+00 -1.400000000e+00 0.000000000e+00 0.000000000e+00 0.000000000e+00 1.399100885e-17 1.000000000e-01 1.000000000e-01 -3.497752212e-18 
d -1.500000000e+00 -1.500000000e+00 0.000000000e+00 0.000000000e+00 0.000000000e+00 8.267414318e-18 1.000000000e-01 1.000000000e-01 3.815729685e-18 
d -1.600000000e+00 -1.600000000e+00 0.000000000e+00 0.000000000e+00 0.000000000e+00 -2.225842316e-18 1.000000000e-01 1.000000000e-01 -9.539324213e-19 
d -1.700000000e+00 -1.700000000e+00 0.000000000e+00 0.000000000e+00 0.000000000e+00 -3.497752212e-18 1.000000000e-01 1.000000000e-01 4.451684633e-18 
d -1.800000000e+00 -1.800000000e+00 0.000000000e+00 0.000000000e+00 0.000000000e+00 6.359549475e-18 1.000000000e-01 1.000000000e-01 5.723594528e-18 
d -1.900000000e+00 -1.900000000e+00 0.000000000e+00 0.000000000e+00 0.000000000e+00 -5.405617054e-18 1.000000000e-01 1.000000000e-01 -1.176516653e-17 
d -2.000000000e+00 -2.000000000e+00 0.000000000e+00 0.000000000e+00 0.000000000e+00 5.405617054e-18 1.000000000e-01 1.000000000e-01 -6.359549475e-19 
d -2.100000000e+00 -2.100000000e+00 0.000000000e+00 0.000000000e+00 0.000000000e+00 5.723594528e-18 1.000000000e-01 1.000000000e-01 2.861797264e-18 
d -2.200000000e+00 -2.200000000e+00 0.000000000e+00 0.000000000e+00 0.000000000e+00 5.405617054e-18 1.000000000e-01 1.000000000e-01 6.041572002e-18 
d -2.300000000e+00 -2.300000000e+00 0.000000000e+00 0.000000000e+00 0.000000000e+00 -6.041572002e-17 1.000000000e-01 1.000000000e-01 -8.299212066e-17 
d -2.350000000e+00 -2.350000000e+00 0.000000000e+00 0.000000000e+00 0.000000000e+00 -4.190943104e-16 1.000000000e-01 1.000000000e-01 -4.244999275e-16 
d -2.400000000e+00 -2.400000000e+00 0.000000000e+00 0.000000000e+00 0.000000000e+00 -4.947729492e-16 1.000000000e-01 1.000000000e-01 -4.769662107e-16 
d -2.450000000e+00 -2.450000000e+00 0.000000000e+00 0.000000000e+00 0.000000000e+00 -8.579032242e-16 1.000000000e-01 1.000000000e-01 -8.299212066e-16 
d -2.475000000e+00 -2.475000000e+00 0.000000000e+00 0.000000000e+00 0.000000000e+00 -6.550335960e-16 1.000000000e-01 1.000000000e-01 -6.038392227e-16 
d -2.500000000e+00 -2.500000000e+00 0.000000000e+00 0.000000000e+00 0.000000000e+00 -1.807065983e-15 1.000000000e-01 1.000000000e-01 -1.747286218e-15 
d -2.600000000e+00 -2.600000000e+00 0.000000000e+00 0.000000000e+00 0.000000000e+00 -1.289080679e-15 1.000000000e-01 1.000000000e-01 -1.241384058e-15 
d -2.700000000e+00 -2.700000000e+00 0.000000000e+00 0.000000000e+00 0.000000000e+00 -1.663022188e-15 1.000000000e-01 1.000000000e-01 -1.647759269e-15 
d -2.800000000e+00 -2.800000000e+00 0.000000000e+00 0.000000000e+00 0.000000000e+00 -4.353111616e-16 1.000000000e-01 1.000000000e-01 -4.047853241e-16 
d -2.900000000e+00 -2.900000000e+00 0.000000000e+00 0.000000000e+00 0.000000000e+00 -1.615325567e-16 1.000000000e-01 1.000000000e-01 -1.462696379e-16 
d -3.000000000e+00 -3.000000000e+00 0.000000000e+00 0.000000000e+00 0.000000000e+00 -3.879325180e-17 1.000000000e-01 1.000000000e-01 -2.671010780e-17 
d -3.100000000e+00 -3.100000000e+00 0.000000000e+00 0.000000000e+00 0.000000000e+00 -7.631459371e-17 1.000000000e-01 1.000000000e-01 -6.295953981e-17 
d -3.200000000e+00 -3.200000000e+00 0.000000000e+00 0.000000000e+00 0.000000000e+00 -2.575617538e-16 1.000000000e-01 1.000000000e-01 -2.562898439e-16 
d -3.300000000e+00 -3.300000000e+00 0.000000000e+00 0.000000000e+00 0.000000000e+00 -9.221346739e-17 1.000000000e-01 1.000000000e-01 -9.571121961e-17 
d -3.400000000e+00 -3.400000000e+00 0.000000000e+00 0.000000000e+00 0.000000000e+00 -2.368932180e-16 1.000000000e-01 1.000000000e-01 -2.588336637e-16 
d -3.500000000e+00 -3.500000000e+00 0.000000000e+00 0.000000000e+00 0.000000000e+00 -2.054134481e-16 1.000000000e-01 1.000000000e-01 -2.035055832e-16 
d -3.600000000e+00 -3.600000000e+00 0.000000000e+00 0.000000000e+00 0.000000000e+00 -8.712582781e-17 1.000000000e-01 1.000000000e-01 -7.981234592e-17 
d -3.700000000e+00 -3.700000000e+00 0.000000000e+00 0.000000000e+00 0.000000000e+00 -3.338763475e-17 1.000000000e-01 1.000000000e-01 -1.399100885e-17 
d -3.800000000e+00 -3.800000000e+00 0.000000000e+00 0.000000000e+00 0.000000000e+00 -4.483482380e-17 1.000000000e-01 1.000000000e-01 -3.879325180e-17 
d -3.900000000e+00 -3.900000000e+00 0.000000000e+00 0.000000000e+00 0.000000000e+00 -1.173336878e-16 1.000000000e-01 1.000000000e-01 -1.119280708e-16 
d -4.000000000e+00 -4.000000000e+00 0.000000000e+00 0.000000000e+00 0.000000000e+00 -6.842875236e-16 1.000000000e-01 1.000000000e-01 -6.709324697e-16 
d -4.100000000e+00 -4.100000000e+00 0.000000000e+00 0.000000000e+00 0.000000000e+00 -8.521796297e-17 1.000000000e-01 1.000000000e-01 -8.108425581e-17 
d -4.200000000e+00 -4.200000000e+00 0.000000000e+00 0.000000000e+00 0.000000000e+00 -4.133707159e-17 1.000000000e-01 1.000000000e-01 -2.130449074e-17 
d -4.300000000e+00 -4.300000000e+00 0.000000000e+00 0.000000000e+00 0.000000000e+00 -3.923842026e-16 1.000000000e-01 1.000000000e-01 -3.809370136e-16 
d -4.400000000e+00 -4.400000000e+00 0.000000000e+00 0.000000000e+00 0.000000000e+00 -1.993718761e-16 1.000000000e-01 1.000000000e-01 -2.305336685e-16 
d -4.500000000e+00 -4.500000000e+00 0.000000000e+00 0.000000000e+00 0.000000000e+00 -9.583841060e-16 1.000000000e-01 1.000000000e-01 -9.370796152e-16 
d -4.600000000e+00 -4.600000000e+00 0.000000000e+00 0.000000000e+00 0.000000000e+00 -6.232358486e-17 1.000000000e-01 1.000000000e-01 -7.249886402e-17 
d -4.700000000e+00 -4.700000000e+00 0.000000000e+00 0.000000000e+00 0.000000000e+00 -1.469055929e-16 1.000000000e-01 1.000000000e-01 -1.516752550e-16 
d -4.800000000e+00 -4.800000000e+00 0.000000000e+00 0.000000000e+00 0.000000000e+00 -5.825347320e-16 1.000000000e-01 1.000000000e-01 -5.532808044e-16 
d -4.900000000e+00 -4.900000000e+00 0.000000000e+00 0.000000000e+00 0.000000000e+00 -9.062358003e-17 1.000000000e-01 1.000000000e-01 -1.011168367e-16 
d -5.000000000e+00 -5.000000000e+00 0.000000000e+00 0.000000000e+00 0.000000000e+00 -1.545370523e-16 1.000000000e-01 1.000000000e-01 -1.539010973e-16 
