v ATLAS
# This file was created by ATLAS version 5.24.1.R on Wed Apr 29 01:30:40 2020.
#SSF 2.0 generic
##############################################################################
#                    Copyright (c) 1984 - 2017                               #
#                    Silvaco Inc. All rights reserved                        #
#                                                                            #
# This file format and the following Key are copyright Silvaco Inc.          #
# You may not use, this format or key without reproducing this message in    #
# full and obtaining express written permission from Silvaco Inc.            #
#                                                                            #
# To obtain such permission please contact: Silvaco Inc.                     #
#                                           support@silvaco.com              #
#                                                                            #
# KEY=SVC86hn7562asdx                       PROD=345                         #
##############################################################################
y 3 700 711 15
z 40 1e+41 300
f 3 "gate" "source" "drain" 
p 9 2 601 20 3 602 21 4 603 22 
d 2.000000000e-01 2.000000000e-01 0.000000000e+00 0.000000000e+00 0.000000000e+00 -6.199752991e-10 1.000000000e-01 1.000000000e-01 6.199752925e-10 
d 4.000000000e-01 4.000000000e-01 0.000000000e+00 0.000000000e+00 0.000000000e+00 -2.330082185e-09 1.000000000e-01 1.000000000e-01 2.330082166e-09 
d 6.000000000e-01 6.000000000e-01 0.000000000e+00 0.000000000e+00 0.000000000e+00 -5.688173302e-09 1.000000000e-01 1.000000000e-01 5.688173293e-09 
d 8.000000000e-01 8.000000000e-01 0.000000000e+00 0.000000000e+00 0.000000000e+00 -9.809363707e-09 1.000000000e-01 1.000000000e-01 9.809363680e-09 
d 1.000000000e+00 1.000000000e+00 0.000000000e+00 0.000000000e+00 0.000000000e+00 -1.418990765e-08 1.000000000e-01 1.000000000e-01 1.418990752e-08 
d 1.200000000e+00 1.200000000e+00 0.000000000e+00 0.000000000e+00 0.000000000e+00 -1.870471049e-08 1.000000000e-01 1.000000000e-01 1.870471034e-08 
d 1.400000000e+00 1.400000000e+00 0.000000000e+00 0.000000000e+00 0.000000000e+00 -2.333149357e-08 1.000000000e-01 1.000000000e-01 2.333149339e-08 
d 1.600000000e+00 1.600000000e+00 0.000000000e+00 0.000000000e+00 0.000000000e+00 -2.807499691e-08 1.000000000e-01 1.000000000e-01 2.807499674e-08 
d 1.800000000e+00 1.800000000e+00 0.000000000e+00 0.000000000e+00 0.000000000e+00 -3.294588682e-08 1.000000000e-01 1.000000000e-01 3.294588671e-08 
d 2.000000000e+00 2.000000000e+00 0.000000000e+00 0.000000000e+00 0.000000000e+00 -3.795393585e-08 1.000000000e-01 1.000000000e-01 3.795393583e-08 
d 2.200000000e+00 2.200000000e+00 0.000000000e+00 0.000000000e+00 0.000000000e+00 -4.310579959e-08 1.000000000e-01 1.000000000e-01 4.310579958e-08 
d 2.400000000e+00 2.400000000e+00 0.000000000e+00 0.000000000e+00 0.000000000e+00 -4.840459288e-08 1.000000000e-01 1.000000000e-01 4.840459289e-08 
d 2.600000000e+00 2.600000000e+00 0.000000000e+00 0.000000000e+00 0.000000000e+00 -5.386329935e-08 1.000000000e-01 1.000000000e-01 5.385022052e-08 
d 2.800000000e+00 2.800000000e+00 0.000000000e+00 0.000000000e+00 0.000000000e+00 -5.944773546e-08 1.000000000e-01 1.000000000e-01 5.944031262e-08 
d 3.000000000e+00 3.000000000e+00 0.000000000e+00 0.000000000e+00 0.000000000e+00 -6.517491959e-08 1.000000000e-01 1.000000000e-01 6.517062795e-08 
d 3.200000000e+00 3.200000000e+00 0.000000000e+00 0.000000000e+00 0.000000000e+00 -7.103871181e-08 1.000000000e-01 1.000000000e-01 7.103617950e-08 
d 3.400000000e+00 3.400000000e+00 0.000000000e+00 0.000000000e+00 0.000000000e+00 -7.703323095e-08 1.000000000e-01 1.000000000e-01 7.703170301e-08 
d 3.600000000e+00 3.600000000e+00 0.000000000e+00 0.000000000e+00 0.000000000e+00 -8.315307174e-08 1.000000000e-01 1.000000000e-01 8.315212684e-08 
d 3.800000000e+00 3.800000000e+00 0.000000000e+00 0.000000000e+00 0.000000000e+00 -8.939347962e-08 1.000000000e-01 1.000000000e-01 8.939287937e-08 
d 4.000000000e+00 4.000000000e+00 0.000000000e+00 0.000000000e+00 0.000000000e+00 -9.575045804e-08 1.000000000e-01 1.000000000e-01 9.575006554e-08 
d 4.200000000e+00 4.200000000e+00 0.000000000e+00 0.000000000e+00 0.000000000e+00 -1.022208109e-07 1.000000000e-01 1.000000000e-01 1.022205462e-07 
d 4.400000000e+00 4.400000000e+00 0.000000000e+00 0.000000000e+00 0.000000000e+00 -1.088021353e-07 1.000000000e-01 1.000000000e-01 1.088019509e-07 
d 4.600000000e+00 4.600000000e+00 0.000000000e+00 0.000000000e+00 0.000000000e+00 -1.154927814e-07 1.000000000e-01 1.000000000e-01 1.154926487e-07 
d 4.800000000e+00 4.800000000e+00 0.000000000e+00 0.000000000e+00 0.000000000e+00 -1.222917937e-07 1.000000000e-01 1.000000000e-01 1.222916950e-07 
d 5.000000000e+00 5.000000000e+00 0.000000000e+00 0.000000000e+00 0.000000000e+00 -1.291988441e-07 1.000000000e-01 1.000000000e-01 1.291987682e-07 
d 5.200000000e+00 5.200000000e+00 0.000000000e+00 0.000000000e+00 0.000000000e+00 -1.362141638e-07 1.000000000e-01 1.000000000e-01 1.362141035e-07 
d 5.400000000e+00 5.400000000e+00 0.000000000e+00 0.000000000e+00 0.000000000e+00 -1.433384785e-07 1.000000000e-01 1.000000000e-01 1.433384292e-07 
d 5.600000000e+00 5.600000000e+00 0.000000000e+00 0.000000000e+00 0.000000000e+00 -1.505729491e-07 1.000000000e-01 1.000000000e-01 1.505729078e-07 
d 5.800000000e+00 5.800000000e+00 0.000000000e+00 0.000000000e+00 0.000000000e+00 -1.579191193e-07 1.000000000e-01 1.000000000e-01 1.579190837e-07 
d 6.000000000e+00 6.000000000e+00 0.000000000e+00 0.000000000e+00 0.000000000e+00 -1.653788684e-07 1.000000000e-01 1.000000000e-01 1.653788370e-07 
d 6.200000000e+00 6.200000000e+00 0.000000000e+00 0.000000000e+00 0.000000000e+00 -1.729543722e-07 1.000000000e-01 1.000000000e-01 1.729543440e-07 
d 6.400000000e+00 6.400000000e+00 0.000000000e+00 0.000000000e+00 0.000000000e+00 -1.806480683e-07 1.000000000e-01 1.000000000e-01 1.806480426e-07 
d 6.600000000e+00 6.600000000e+00 0.000000000e+00 0.000000000e+00 0.000000000e+00 -1.884626268e-07 1.000000000e-01 1.000000000e-01 1.884626031e-07 
d 6.800000000e+00 6.800000000e+00 0.000000000e+00 0.000000000e+00 0.000000000e+00 -1.964009252e-07 1.000000000e-01 1.000000000e-01 1.964009030e-07 
d 7.000000000e+00 7.000000000e+00 0.000000000e+00 0.000000000e+00 0.000000000e+00 -2.044660272e-07 1.000000000e-01 1.000000000e-01 2.044660062e-07 
d 7.200000000e+00 7.200000000e+00 0.000000000e+00 0.000000000e+00 0.000000000e+00 -2.126611640e-07 1.000000000e-01 1.000000000e-01 2.126611439e-07 
d 7.400000000e+00 7.400000000e+00 0.000000000e+00 0.000000000e+00 0.000000000e+00 -2.209897186e-07 1.000000000e-01 1.000000000e-01 2.209896994e-07 
d 7.600000000e+00 7.600000000e+00 0.000000000e+00 0.000000000e+00 0.000000000e+00 -2.294552123e-07 1.000000000e-01 1.000000000e-01 2.294551938e-07 
d 7.800000000e+00 7.800000000e+00 0.000000000e+00 0.000000000e+00 0.000000000e+00 -2.380612922e-07 1.000000000e-01 1.000000000e-01 2.380612741e-07 
d 8.000000000e+00 8.000000000e+00 0.000000000e+00 0.000000000e+00 0.000000000e+00 -2.468117202e-07 1.000000000e-01 1.000000000e-01 2.468117027e-07 
d 8.200000000e+00 8.200000000e+00 0.000000000e+00 0.000000000e+00 0.000000000e+00 -2.557103640e-07 1.000000000e-01 1.000000000e-01 2.557103469e-07 
d 8.400000000e+00 8.400000000e+00 0.000000000e+00 0.000000000e+00 0.000000000e+00 -2.647611874e-07 1.000000000e-01 1.000000000e-01 2.647611707e-07 
d 8.600000000e+00 8.600000000e+00 0.000000000e+00 0.000000000e+00 0.000000000e+00 -2.739682425e-07 1.000000000e-01 1.000000000e-01 2.739682261e-07 
d 8.800000000e+00 8.800000000e+00 0.000000000e+00 0.000000000e+00 0.000000000e+00 -2.833356615e-07 1.000000000e-01 1.000000000e-01 2.833356455e-07 
d 9.000000000e+00 9.000000000e+00 0.000000000e+00 0.000000000e+00 0.000000000e+00 -2.928676497e-07 1.000000000e-01 1.000000000e-01 2.928676339e-07 
d 9.200000000e+00 9.200000000e+00 0.000000000e+00 0.000000000e+00 0.000000000e+00 -3.025684773e-07 1.000000000e-01 1.000000000e-01 3.025684619e-07 
d 9.400000000e+00 9.400000000e+00 0.000000000e+00 0.000000000e+00 0.000000000e+00 -3.124424731e-07 1.000000000e-01 1.000000000e-01 3.124424579e-07 
d 9.600000000e+00 9.600000000e+00 0.000000000e+00 0.000000000e+00 0.000000000e+00 -3.224940167e-07 1.000000000e-01 1.000000000e-01 3.224940018e-07 
d 9.800000000e+00 9.800000000e+00 0.000000000e+00 0.000000000e+00 0.000000000e+00 -3.327275317e-07 1.000000000e-01 1.000000000e-01 3.327275171e-07 
d 1.000000000e+01 1.000000000e+01 0.000000000e+00 0.000000000e+00 0.000000000e+00 -3.431474780e-07 1.000000000e-01 1.000000000e-01 3.431474636e-07 
d 1.020000000e+01 1.020000000e+01 0.000000000e+00 0.000000000e+00 0.000000000e+00 -3.537583448e-07 1.000000000e-01 1.000000000e-01 3.537583308e-07 
d 1.040000000e+01 1.040000000e+01 0.000000000e+00 0.000000000e+00 0.000000000e+00 -3.645646432e-07 1.000000000e-01 1.000000000e-01 3.645646295e-07 
d 1.060000000e+01 1.060000000e+01 0.000000000e+00 0.000000000e+00 0.000000000e+00 -3.755708981e-07 1.000000000e-01 1.000000000e-01 3.755708846e-07 
d 1.080000000e+01 1.080000000e+01 0.000000000e+00 0.000000000e+00 0.000000000e+00 -3.867816408e-07 1.000000000e-01 1.000000000e-01 3.867816276e-07 
d 1.100000000e+01 1.100000000e+01 0.000000000e+00 0.000000000e+00 0.000000000e+00 -3.982014009e-07 1.000000000e-01 1.000000000e-01 3.982013880e-07 
d 1.120000000e+01 1.120000000e+01 0.000000000e+00 0.000000000e+00 0.000000000e+00 -4.098346983e-07 1.000000000e-01 1.000000000e-01 4.098346857e-07 
d 1.140000000e+01 1.140000000e+01 0.000000000e+00 0.000000000e+00 0.000000000e+00 -4.216860353e-07 1.000000000e-01 1.000000000e-01 4.216860229e-07 
d 1.160000000e+01 1.160000000e+01 0.000000000e+00 0.000000000e+00 0.000000000e+00 -4.337598876e-07 1.000000000e-01 1.000000000e-01 4.337598756e-07 
d 1.180000000e+01 1.180000000e+01 0.000000000e+00 0.000000000e+00 0.000000000e+00 -4.460606968e-07 1.000000000e-01 1.000000000e-01 4.460606851e-07 
d 1.200000000e+01 1.200000000e+01 0.000000000e+00 0.000000000e+00 0.000000000e+00 -4.585928614e-07 1.000000000e-01 1.000000000e-01 4.585928500e-07 
d 1.220000000e+01 1.220000000e+01 0.000000000e+00 0.000000000e+00 0.000000000e+00 -4.713607287e-07 1.000000000e-01 1.000000000e-01 4.713607176e-07 
d 1.240000000e+01 1.240000000e+01 0.000000000e+00 0.000000000e+00 0.000000000e+00 -4.843685862e-07 1.000000000e-01 1.000000000e-01 4.843685754e-07 
d 1.260000000e+01 1.260000000e+01 0.000000000e+00 0.000000000e+00 0.000000000e+00 -4.976206535e-07 1.000000000e-01 1.000000000e-01 4.976206430e-07 
d 1.280000000e+01 1.280000000e+01 0.000000000e+00 0.000000000e+00 0.000000000e+00 -5.111210737e-07 1.000000000e-01 1.000000000e-01 5.111210635e-07 
d 1.300000000e+01 1.300000000e+01 0.000000000e+00 0.000000000e+00 0.000000000e+00 -5.248739058e-07 1.000000000e-01 1.000000000e-01 5.248738959e-07 
d 1.320000000e+01 1.320000000e+01 0.000000000e+00 0.000000000e+00 0.000000000e+00 -5.388831164e-07 1.000000000e-01 1.000000000e-01 5.388831068e-07 
d 1.340000000e+01 1.340000000e+01 0.000000000e+00 0.000000000e+00 0.000000000e+00 -5.531525721e-07 1.000000000e-01 1.000000000e-01 5.531525628e-07 
d 1.360000000e+01 1.360000000e+01 0.000000000e+00 0.000000000e+00 0.000000000e+00 -5.676860321e-07 1.000000000e-01 1.000000000e-01 5.676860232e-07 
d 1.380000000e+01 1.380000000e+01 0.000000000e+00 0.000000000e+00 0.000000000e+00 -5.824871413e-07 1.000000000e-01 1.000000000e-01 5.824871327e-07 
d 1.400000000e+01 1.400000000e+01 0.000000000e+00 0.000000000e+00 0.000000000e+00 -5.975594231e-07 1.000000000e-01 1.000000000e-01 5.975594148e-07 
d 1.420000000e+01 1.420000000e+01 0.000000000e+00 0.000000000e+00 0.000000000e+00 -6.129062733e-07 1.000000000e-01 1.000000000e-01 6.129062652e-07 
d 1.440000000e+01 1.440000000e+01 0.000000000e+00 0.000000000e+00 0.000000000e+00 -6.285309539e-07 1.000000000e-01 1.000000000e-01 6.285309461e-07 
d 1.460000000e+01 1.460000000e+01 0.000000000e+00 0.000000000e+00 0.000000000e+00 -6.444365876e-07 1.000000000e-01 1.000000000e-01 6.444365802e-07 
d 1.480000000e+01 1.480000000e+01 0.000000000e+00 0.000000000e+00 0.000000000e+00 -6.606261530e-07 1.000000000e-01 1.000000000e-01 6.606261458e-07 
d 1.500000000e+01 1.500000000e+01 0.000000000e+00 0.000000000e+00 0.000000000e+00 -6.771024794e-07 1.000000000e-01 1.000000000e-01 6.771024725e-07 
d 1.520000000e+01 1.520000000e+01 0.000000000e+00 0.000000000e+00 0.000000000e+00 -6.938682433e-07 1.000000000e-01 1.000000000e-01 6.938682367e-07 
d 1.540000000e+01 1.540000000e+01 0.000000000e+00 0.000000000e+00 0.000000000e+00 -7.109259642e-07 1.000000000e-01 1.000000000e-01 7.109259579e-07 
d 1.560000000e+01 1.560000000e+01 0.000000000e+00 0.000000000e+00 0.000000000e+00 -7.282780020e-07 1.000000000e-01 1.000000000e-01 7.282779959e-07 
d 1.580000000e+01 1.580000000e+01 0.000000000e+00 0.000000000e+00 0.000000000e+00 -7.459265541e-07 1.000000000e-01 1.000000000e-01 7.459265483e-07 
d 1.600000000e+01 1.600000000e+01 0.000000000e+00 0.000000000e+00 0.000000000e+00 -7.638736539e-07 1.000000000e-01 1.000000000e-01 7.638736482e-07 
d 1.620000000e+01 1.620000000e+01 0.000000000e+00 0.000000000e+00 0.000000000e+00 -7.821211684e-07 1.000000000e-01 1.000000000e-01 7.821211631e-07 
d 1.640000000e+01 1.640000000e+01 0.000000000e+00 0.000000000e+00 0.000000000e+00 -8.006707984e-07 1.000000000e-01 1.000000000e-01 8.006707932e-07 
d 1.660000000e+01 1.660000000e+01 0.000000000e+00 0.000000000e+00 0.000000000e+00 -8.195240769e-07 1.000000000e-01 1.000000000e-01 8.195240720e-07 
d 1.680000000e+01 1.680000000e+01 0.000000000e+00 0.000000000e+00 0.000000000e+00 -8.386823700e-07 1.000000000e-01 1.000000000e-01 8.386823652e-07 
d 1.700000000e+01 1.700000000e+01 0.000000000e+00 0.000000000e+00 0.000000000e+00 -8.581468768e-07 1.000000000e-01 1.000000000e-01 8.581468722e-07 
d 1.720000000e+01 1.720000000e+01 0.000000000e+00 0.000000000e+00 0.000000000e+00 -8.779186308e-07 1.000000000e-01 1.000000000e-01 8.779186265e-07 
d 1.740000000e+01 1.740000000e+01 0.000000000e+00 0.000000000e+00 0.000000000e+00 -8.979985010e-07 1.000000000e-01 1.000000000e-01 8.979984969e-07 
d 1.760000000e+01 1.760000000e+01 0.000000000e+00 0.000000000e+00 0.000000000e+00 -9.183871941e-07 1.000000000e-01 1.000000000e-01 9.183871902e-07 
d 1.780000000e+01 1.780000000e+01 0.000000000e+00 0.000000000e+00 0.000000000e+00 -9.390852562e-07 1.000000000e-01 1.000000000e-01 9.390852525e-07 
d 1.800000000e+01 1.800000000e+01 0.000000000e+00 0.000000000e+00 0.000000000e+00 -9.600930757e-07 1.000000000e-01 1.000000000e-01 9.600930721e-07 
d 1.820000000e+01 1.820000000e+01 0.000000000e+00 0.000000000e+00 0.000000000e+00 -9.814108862e-07 1.000000000e-01 1.000000000e-01 9.814108828e-07 
d 1.840000000e+01 1.840000000e+01 0.000000000e+00 0.000000000e+00 0.000000000e+00 -1.003038770e-06 1.000000000e-01 1.000000000e-01 1.003038766e-06 
d 1.860000000e+01 1.860000000e+01 0.000000000e+00 0.000000000e+00 0.000000000e+00 -1.024976660e-06 1.000000000e-01 1.000000000e-01 1.024976657e-06 
d 1.880000000e+01 1.880000000e+01 0.000000000e+00 0.000000000e+00 0.000000000e+00 -1.047224346e-06 1.000000000e-01 1.000000000e-01 1.047224343e-06 
d 1.900000000e+01 1.900000000e+01 0.000000000e+00 0.000000000e+00 0.000000000e+00 -1.069781477e-06 1.000000000e-01 1.000000000e-01 1.069781474e-06 
d 1.920000000e+01 1.920000000e+01 0.000000000e+00 0.000000000e+00 0.000000000e+00 -1.092647565e-06 1.000000000e-01 1.000000000e-01 1.092647562e-06 
d 1.940000000e+01 1.940000000e+01 0.000000000e+00 0.000000000e+00 0.000000000e+00 -1.115821991e-06 1.000000000e-01 1.000000000e-01 1.115821988e-06 
d 1.960000000e+01 1.960000000e+01 0.000000000e+00 0.000000000e+00 0.000000000e+00 -1.139304007e-06 1.000000000e-01 1.000000000e-01 1.139304005e-06 
d 1.980000000e+01 1.980000000e+01 0.000000000e+00 0.000000000e+00 0.000000000e+00 -1.163092745e-06 1.000000000e-01 1.000000000e-01 1.163092742e-06 
d 2.000000000e+01 2.000000000e+01 0.000000000e+00 0.000000000e+00 0.000000000e+00 -1.187187214e-06 1.000000000e-01 1.000000000e-01 1.187187212e-06 
