v ATLAS
# This file was created by ATLAS version 5.24.1.R on Wed Apr 29 02:00:32 2020.
#SSF 2.0 generic
##############################################################################
#                    Copyright (c) 1984 - 2017                               #
#                    Silvaco Inc. All rights reserved                        #
#                                                                            #
# This file format and the following Key are copyright Silvaco Inc.          #
# You may not use, this format or key without reproducing this message in    #
# full and obtaining express written permission from Silvaco Inc.            #
#                                                                            #
# To obtain such permission please contact: Silvaco Inc.                     #
#                                           support@silvaco.com              #
#                                                                            #
# KEY=SVC86hn7562asdx                       PROD=345                         #
##############################################################################
y 3 700 711 15
z 40 1e+41 300
f 3 "gate" "source" "drain" 
p 9 2 601 20 3 602 21 4 603 22 
d 0.000000000e+00 0.000000000e+00 0.000000000e+00 0.000000000e+00 0.000000000e+00 -9.916947601e-10 1.000000000e-01 1.000000000e-01 9.916947537e-10 
d -1.000000000e-01 -1.000000000e-01 0.000000000e+00 0.000000000e+00 0.000000000e+00 -5.198657334e-10 1.000000000e-01 1.000000000e-01 5.198657374e-10 
d -2.000000000e-01 -2.000000000e-01 0.000000000e+00 0.000000000e+00 0.000000000e+00 -2.344833314e-10 1.000000000e-01 1.000000000e-01 2.344833309e-10 
d -3.000000000e-01 -3.000000000e-01 0.000000000e+00 0.000000000e+00 0.000000000e+00 -7.531349485e-11 1.000000000e-01 1.000000000e-01 7.531349449e-11 
d -4.000000000e-01 -4.000000000e-01 0.000000000e+00 0.000000000e+00 0.000000000e+00 -1.561976068e-11 1.000000000e-01 1.000000000e-01 1.561974204e-11 
d -5.000000000e-01 -5.000000000e-01 0.000000000e+00 0.000000000e+00 0.000000000e+00 -3.313441801e-12 1.000000000e-01 1.000000000e-01 3.313459116e-12 
d -6.000000000e-01 -6.000000000e-01 0.000000000e+00 0.000000000e+00 0.000000000e+00 -5.636453655e-13 1.000000000e-01 1.000000000e-01 5.636428950e-13 
d -7.000000000e-01 -7.000000000e-01 0.000000000e+00 0.000000000e+00 0.000000000e+00 -5.416715178e-14 1.000000000e-01 1.000000000e-01 5.416157086e-14 
d -8.000000000e-01 -8.000000000e-01 0.000000000e+00 0.000000000e+00 0.000000000e+00 -5.331043775e-15 1.000000000e-01 1.000000000e-01 5.343534221e-15 
d -9.000000000e-01 -9.000000000e-01 0.000000000e+00 0.000000000e+00 0.000000000e+00 -3.093392555e-16 1.000000000e-01 1.000000000e-01 3.064491529e-16 
d -1.000000000e+00 -1.000000000e+00 0.000000000e+00 0.000000000e+00 0.000000000e+00 -2.983381748e-17 1.000000000e-01 1.000000000e-01 1.266199197e-17 
d -1.100000000e+00 -1.100000000e+00 0.000000000e+00 0.000000000e+00 0.000000000e+00 8.575942559e-18 1.000000000e-01 1.000000000e-01 1.590829523e-17 
d -1.200000000e+00 -1.200000000e+00 0.000000000e+00 0.000000000e+00 0.000000000e+00 -9.542278508e-19 1.000000000e-01 1.000000000e-01 -1.335475908e-17 
d -1.300000000e+00 -1.300000000e+00 0.000000000e+00 0.000000000e+00 0.000000000e+00 -1.049326475e-17 1.000000000e-01 1.000000000e-01 1.271918004e-18 
d -1.400000000e+00 -1.400000000e+00 0.000000000e+00 0.000000000e+00 0.000000000e+00 -3.179774935e-18 1.000000000e-01 1.000000000e-01 -1.717078339e-17 
d -1.500000000e+00 -1.500000000e+00 0.000000000e+00 0.000000000e+00 0.000000000e+00 1.240112147e-17 1.000000000e-01 1.000000000e-01 -1.971460337e-17 
d -1.600000000e+00 -1.600000000e+00 0.000000000e+00 0.000000000e+00 0.000000000e+00 1.144718906e-17 1.000000000e-01 1.000000000e-01 1.462696379e-17 
d -1.700000000e+00 -1.700000000e+00 0.000000000e+00 0.000000000e+00 0.000000000e+00 3.815729685e-18 1.000000000e-01 1.000000000e-01 -9.221346739e-18 
d -1.800000000e+00 -1.800000000e+00 0.000000000e+00 0.000000000e+00 0.000000000e+00 6.359549475e-18 1.000000000e-01 1.000000000e-01 2.289437811e-17 
d -1.900000000e+00 -1.900000000e+00 0.000000000e+00 0.000000000e+00 0.000000000e+00 -1.907864843e-18 1.000000000e-01 1.000000000e-01 2.861797264e-18 
d -2.000000000e+00 -2.000000000e+00 0.000000000e+00 0.000000000e+00 0.000000000e+00 1.907864843e-18 1.000000000e-01 1.000000000e-01 -6.677526949e-18 
d -2.100000000e+00 -2.100000000e+00 0.000000000e+00 0.000000000e+00 0.000000000e+00 1.558089621e-17 1.000000000e-01 1.000000000e-01 2.861797264e-18 
d -2.200000000e+00 -2.200000000e+00 0.000000000e+00 0.000000000e+00 0.000000000e+00 -5.405617054e-18 1.000000000e-01 1.000000000e-01 -9.857301687e-18 
d -2.300000000e+00 -2.300000000e+00 0.000000000e+00 0.000000000e+00 0.000000000e+00 1.335505390e-17 1.000000000e-01 1.000000000e-01 -5.723594528e-18 
d -2.400000000e+00 -2.400000000e+00 0.000000000e+00 0.000000000e+00 0.000000000e+00 1.812471601e-17 1.000000000e-01 1.000000000e-01 5.723594528e-18 
d -2.500000000e+00 -2.500000000e+00 0.000000000e+00 0.000000000e+00 0.000000000e+00 -6.677526949e-18 1.000000000e-01 1.000000000e-01 -2.035055832e-17 
d -2.600000000e+00 -2.600000000e+00 0.000000000e+00 0.000000000e+00 0.000000000e+00 -1.240112148e-17 1.000000000e-01 1.000000000e-01 -2.066853580e-17 
d -2.650000000e+00 -2.650000000e+00 0.000000000e+00 0.000000000e+00 0.000000000e+00 -2.073213129e-16 1.000000000e-01 1.000000000e-01 -1.793392952e-16 
d -2.700000000e+00 -2.700000000e+00 0.000000000e+00 0.000000000e+00 0.000000000e+00 -4.365830715e-16 1.000000000e-01 1.000000000e-01 -4.203662203e-16 
d -2.800000000e+00 -2.800000000e+00 0.000000000e+00 0.000000000e+00 0.000000000e+00 -1.103699811e-15 1.000000000e-01 1.000000000e-01 -1.048371731e-15 
d -2.900000000e+00 -2.900000000e+00 0.000000000e+00 0.000000000e+00 0.000000000e+00 -5.793549572e-16 1.000000000e-01 1.000000000e-01 -5.780830473e-16 
d -3.000000000e+00 -3.000000000e+00 0.000000000e+00 0.000000000e+00 0.000000000e+00 -1.049007686e-15 1.000000000e-01 1.000000000e-01 -1.053777348e-15 
d -3.100000000e+00 -3.100000000e+00 0.000000000e+00 0.000000000e+00 0.000000000e+00 -5.717234978e-16 1.000000000e-01 1.000000000e-01 -5.596403538e-16 
d -3.200000000e+00 -3.200000000e+00 0.000000000e+00 0.000000000e+00 0.000000000e+00 -2.197224344e-16 1.000000000e-01 1.000000000e-01 -2.222662542e-16 
d -3.300000000e+00 -3.300000000e+00 0.000000000e+00 0.000000000e+00 0.000000000e+00 -5.087639580e-17 1.000000000e-01 1.000000000e-01 -3.720336443e-17 
d -3.400000000e+00 -3.400000000e+00 0.000000000e+00 0.000000000e+00 0.000000000e+00 -8.935167013e-17 1.000000000e-01 1.000000000e-01 -7.536066128e-17 
d -3.500000000e+00 -3.500000000e+00 0.000000000e+00 0.000000000e+00 0.000000000e+00 -4.737864359e-17 1.000000000e-01 1.000000000e-01 -2.829999517e-17 
d -3.600000000e+00 -3.600000000e+00 0.000000000e+00 0.000000000e+00 0.000000000e+00 -1.220079567e-15 1.000000000e-01 1.000000000e-01 -1.230572824e-15 
d -3.700000000e+00 -3.700000000e+00 0.000000000e+00 0.000000000e+00 0.000000000e+00 -5.434235027e-16 1.000000000e-01 1.000000000e-01 -5.354740658e-16 
d -3.800000000e+00 -3.800000000e+00 0.000000000e+00 0.000000000e+00 0.000000000e+00 -2.194044569e-17 1.000000000e-01 1.000000000e-01 -3.593145454e-17 
d -3.900000000e+00 -3.900000000e+00 0.000000000e+00 0.000000000e+00 0.000000000e+00 -1.176516653e-17 1.000000000e-01 1.000000000e-01 -3.052583748e-17 
d -4.000000000e+00 -4.000000000e+00 0.000000000e+00 0.000000000e+00 0.000000000e+00 -1.036924542e-15 1.000000000e-01 1.000000000e-01 -1.051233528e-15 
d -4.100000000e+00 -4.100000000e+00 0.000000000e+00 0.000000000e+00 0.000000000e+00 -6.372268574e-16 1.000000000e-01 1.000000000e-01 -5.987515831e-16 
d -4.150000000e+00 -4.150000000e+00 0.000000000e+00 0.000000000e+00 0.000000000e+00 -1.411819984e-16 1.000000000e-01 1.000000000e-01 -1.233752598e-16 
d -4.200000000e+00 -4.200000000e+00 0.000000000e+00 0.000000000e+00 0.000000000e+00 -4.270437473e-16 1.000000000e-01 1.000000000e-01 -4.041493692e-16 
d -4.300000000e+00 -4.300000000e+00 0.000000000e+00 0.000000000e+00 0.000000000e+00 -1.351404264e-16 1.000000000e-01 1.000000000e-01 -1.252831247e-16 
d -4.400000000e+00 -4.400000000e+00 0.000000000e+00 0.000000000e+00 0.000000000e+00 -5.246628317e-17 1.000000000e-01 1.000000000e-01 -3.911122927e-17 
d -4.500000000e+00 -4.500000000e+00 0.000000000e+00 0.000000000e+00 0.000000000e+00 -2.257640064e-17 1.000000000e-01 1.000000000e-01 -1.780673853e-17 
d -4.600000000e+00 -4.600000000e+00 0.000000000e+00 0.000000000e+00 0.000000000e+00 -1.907864843e-18 1.000000000e-01 1.000000000e-01 -9.539324213e-19 
d -4.700000000e+00 -4.700000000e+00 0.000000000e+00 0.000000000e+00 0.000000000e+00 -7.313481897e-18 1.000000000e-01 1.000000000e-01 -2.543819790e-18 
d -4.800000000e+00 -4.800000000e+00 0.000000000e+00 0.000000000e+00 0.000000000e+00 -2.861797264e-18 1.000000000e-01 1.000000000e-01 1.589887369e-18 
d -4.900000000e+00 -4.900000000e+00 0.000000000e+00 0.000000000e+00 0.000000000e+00 -1.112921158e-17 1.000000000e-01 1.000000000e-01 -7.313481897e-18 
d -5.000000000e+00 -5.000000000e+00 0.000000000e+00 0.000000000e+00 0.000000000e+00 -8.267414318e-18 1.000000000e-01 1.000000000e-01 6.359549475e-18 
