v ATLAS
# This file was created by ATLAS version 5.24.1.R on Thu Apr 16 15:50:22 2020.
#SSF 2.0 generic
##############################################################################
#                    Copyright (c) 1984 - 2017                               #
#                    Silvaco Inc. All rights reserved                        #
#                                                                            #
# This file format and the following Key are copyright Silvaco Inc.          #
# You may not use, this format or key without reproducing this message in    #
# full and obtaining express written permission from Silvaco Inc.            #
#                                                                            #
# To obtain such permission please contact: Silvaco Inc.                     #
#                                           support@silvaco.com              #
#                                                                            #
# KEY=SVC86hn7562asdx                       PROD=345                         #
##############################################################################
y 3 700 711 15
z 40 1e+41 300
f 3 "gate" "source" "drain" 
p 9 2 601 20 3 602 21 4 603 22 
d 2.000000000e-01 2.000000000e-01 0.000000000e+00 0.000000000e+00 0.000000000e+00 -8.011132630e-05 1.000000000e-01 1.000000000e-01 8.011132630e-05 
d 4.000000000e-01 4.000000000e-01 0.000000000e+00 0.000000000e+00 0.000000000e+00 -8.013373424e-05 1.000000000e-01 1.000000000e-01 8.013373424e-05 
d 6.000000000e-01 6.000000000e-01 0.000000000e+00 0.000000000e+00 0.000000000e+00 -8.015625849e-05 1.000000000e-01 1.000000000e-01 8.015625849e-05 
d 8.000000000e-01 8.000000000e-01 0.000000000e+00 0.000000000e+00 0.000000000e+00 -8.017889901e-05 1.000000000e-01 1.000000000e-01 8.017889902e-05 
d 1.000000000e+00 1.000000000e+00 0.000000000e+00 0.000000000e+00 0.000000000e+00 -8.020165578e-05 1.000000000e-01 1.000000000e-01 8.020165578e-05 
d 1.200000000e+00 1.200000000e+00 0.000000000e+00 0.000000000e+00 0.000000000e+00 -8.022452875e-05 1.000000000e-01 1.000000000e-01 8.022452875e-05 
d 1.400000000e+00 1.400000000e+00 0.000000000e+00 0.000000000e+00 0.000000000e+00 -8.024751787e-05 1.000000000e-01 1.000000000e-01 8.024751787e-05 
d 1.600000000e+00 1.600000000e+00 0.000000000e+00 0.000000000e+00 0.000000000e+00 -8.027062309e-05 1.000000000e-01 1.000000000e-01 8.027062309e-05 
d 1.800000000e+00 1.800000000e+00 0.000000000e+00 0.000000000e+00 0.000000000e+00 -8.029384435e-05 1.000000000e-01 1.000000000e-01 8.029384435e-05 
d 2.000000000e+00 2.000000000e+00 0.000000000e+00 0.000000000e+00 0.000000000e+00 -8.031718158e-05 1.000000000e-01 1.000000000e-01 8.031718158e-05 
d 2.200000000e+00 2.200000000e+00 0.000000000e+00 0.000000000e+00 0.000000000e+00 -8.034063472e-05 1.000000000e-01 1.000000000e-01 8.034063472e-05 
d 2.400000000e+00 2.400000000e+00 0.000000000e+00 0.000000000e+00 0.000000000e+00 -8.036420367e-05 1.000000000e-01 1.000000000e-01 8.036420367e-05 
d 2.600000000e+00 2.600000000e+00 0.000000000e+00 0.000000000e+00 0.000000000e+00 -8.038788836e-05 1.000000000e-01 1.000000000e-01 8.038788836e-05 
d 2.800000000e+00 2.800000000e+00 0.000000000e+00 0.000000000e+00 0.000000000e+00 -8.041168869e-05 1.000000000e-01 1.000000000e-01 8.041168869e-05 
d 3.000000000e+00 3.000000000e+00 0.000000000e+00 0.000000000e+00 0.000000000e+00 -8.043560458e-05 1.000000000e-01 1.000000000e-01 8.043560458e-05 
d 3.200000000e+00 3.200000000e+00 0.000000000e+00 0.000000000e+00 0.000000000e+00 -8.045963590e-05 1.000000000e-01 1.000000000e-01 8.045963590e-05 
d 3.400000000e+00 3.400000000e+00 0.000000000e+00 0.000000000e+00 0.000000000e+00 -8.048378256e-05 1.000000000e-01 1.000000000e-01 8.048378256e-05 
d 3.600000000e+00 3.600000000e+00 0.000000000e+00 0.000000000e+00 0.000000000e+00 -8.050804445e-05 1.000000000e-01 1.000000000e-01 8.050804445e-05 
d 3.800000000e+00 3.800000000e+00 0.000000000e+00 0.000000000e+00 0.000000000e+00 -8.053242143e-05 1.000000000e-01 1.000000000e-01 8.053242143e-05 
d 4.000000000e+00 4.000000000e+00 0.000000000e+00 0.000000000e+00 0.000000000e+00 -8.055691339e-05 1.000000000e-01 1.000000000e-01 8.055691339e-05 
d 4.200000000e+00 4.200000000e+00 0.000000000e+00 0.000000000e+00 0.000000000e+00 -8.058152019e-05 1.000000000e-01 1.000000000e-01 8.058152019e-05 
d 4.400000000e+00 4.400000000e+00 0.000000000e+00 0.000000000e+00 0.000000000e+00 -8.060624171e-05 1.000000000e-01 1.000000000e-01 8.060624171e-05 
d 4.600000000e+00 4.600000000e+00 0.000000000e+00 0.000000000e+00 0.000000000e+00 -8.063107778e-05 1.000000000e-01 1.000000000e-01 8.063107778e-05 
d 4.800000000e+00 4.800000000e+00 0.000000000e+00 0.000000000e+00 0.000000000e+00 -8.065602828e-05 1.000000000e-01 1.000000000e-01 8.065602828e-05 
d 5.000000000e+00 5.000000000e+00 0.000000000e+00 0.000000000e+00 0.000000000e+00 -8.068109304e-05 1.000000000e-01 1.000000000e-01 8.068109304e-05 
d 5.200000000e+00 5.200000000e+00 0.000000000e+00 0.000000000e+00 0.000000000e+00 -8.070627191e-05 1.000000000e-01 1.000000000e-01 8.070627191e-05 
d 5.400000000e+00 5.400000000e+00 0.000000000e+00 0.000000000e+00 0.000000000e+00 -8.073156472e-05 1.000000000e-01 1.000000000e-01 8.073156472e-05 
d 5.600000000e+00 5.600000000e+00 0.000000000e+00 0.000000000e+00 0.000000000e+00 -8.075697131e-05 1.000000000e-01 1.000000000e-01 8.075697131e-05 
d 5.800000000e+00 5.800000000e+00 0.000000000e+00 0.000000000e+00 0.000000000e+00 -8.078249151e-05 1.000000000e-01 1.000000000e-01 8.078249151e-05 
d 6.000000000e+00 6.000000000e+00 0.000000000e+00 0.000000000e+00 0.000000000e+00 -8.080812514e-05 1.000000000e-01 1.000000000e-01 8.080812514e-05 
d 6.200000000e+00 6.200000000e+00 0.000000000e+00 0.000000000e+00 0.000000000e+00 -8.083387202e-05 1.000000000e-01 1.000000000e-01 8.083387202e-05 
d 6.400000000e+00 6.400000000e+00 0.000000000e+00 0.000000000e+00 0.000000000e+00 -8.085973195e-05 1.000000000e-01 1.000000000e-01 8.085973195e-05 
d 6.600000000e+00 6.600000000e+00 0.000000000e+00 0.000000000e+00 0.000000000e+00 -8.088570476e-05 1.000000000e-01 1.000000000e-01 8.088570476e-05 
d 6.800000000e+00 6.800000000e+00 0.000000000e+00 0.000000000e+00 0.000000000e+00 -8.091179024e-05 1.000000000e-01 1.000000000e-01 8.091179024e-05 
d 7.000000000e+00 7.000000000e+00 0.000000000e+00 0.000000000e+00 0.000000000e+00 -8.093798820e-05 1.000000000e-01 1.000000000e-01 8.093798820e-05 
d 7.200000000e+00 7.200000000e+00 0.000000000e+00 0.000000000e+00 0.000000000e+00 -8.096429842e-05 1.000000000e-01 1.000000000e-01 8.096429842e-05 
d 7.400000000e+00 7.400000000e+00 0.000000000e+00 0.000000000e+00 0.000000000e+00 -8.099072072e-05 1.000000000e-01 1.000000000e-01 8.099072072e-05 
d 7.600000000e+00 7.600000000e+00 0.000000000e+00 0.000000000e+00 0.000000000e+00 -8.101725486e-05 1.000000000e-01 1.000000000e-01 8.101725486e-05 
d 7.800000000e+00 7.800000000e+00 0.000000000e+00 0.000000000e+00 0.000000000e+00 -8.104390063e-05 1.000000000e-01 1.000000000e-01 8.104390063e-05 
d 8.000000000e+00 8.000000000e+00 0.000000000e+00 0.000000000e+00 0.000000000e+00 -8.107065783e-05 1.000000000e-01 1.000000000e-01 8.107065782e-05 
d 8.200000000e+00 8.200000000e+00 0.000000000e+00 0.000000000e+00 0.000000000e+00 -8.109752621e-05 1.000000000e-01 1.000000000e-01 8.109752621e-05 
d 8.400000000e+00 8.400000000e+00 0.000000000e+00 0.000000000e+00 0.000000000e+00 -8.112450555e-05 1.000000000e-01 1.000000000e-01 8.112450555e-05 
d 8.600000000e+00 8.600000000e+00 0.000000000e+00 0.000000000e+00 0.000000000e+00 -8.115159562e-05 1.000000000e-01 1.000000000e-01 8.115159562e-05 
d 8.800000000e+00 8.800000000e+00 0.000000000e+00 0.000000000e+00 0.000000000e+00 -8.117879619e-05 1.000000000e-01 1.000000000e-01 8.117879619e-05 
d 9.000000000e+00 9.000000000e+00 0.000000000e+00 0.000000000e+00 0.000000000e+00 -8.120610702e-05 1.000000000e-01 1.000000000e-01 8.120610702e-05 
d 9.200000000e+00 9.200000000e+00 0.000000000e+00 0.000000000e+00 0.000000000e+00 -8.123352786e-05 1.000000000e-01 1.000000000e-01 8.123352786e-05 
d 9.400000000e+00 9.400000000e+00 0.000000000e+00 0.000000000e+00 0.000000000e+00 -8.126105847e-05 1.000000000e-01 1.000000000e-01 8.126105847e-05 
d 9.600000000e+00 9.600000000e+00 0.000000000e+00 0.000000000e+00 0.000000000e+00 -8.128869860e-05 1.000000000e-01 1.000000000e-01 8.128869860e-05 
d 9.800000000e+00 9.800000000e+00 0.000000000e+00 0.000000000e+00 0.000000000e+00 -8.131644799e-05 1.000000000e-01 1.000000000e-01 8.131644799e-05 
d 1.000000000e+01 1.000000000e+01 0.000000000e+00 0.000000000e+00 0.000000000e+00 -8.134430640e-05 1.000000000e-01 1.000000000e-01 8.134430640e-05 
d 1.020000000e+01 1.020000000e+01 0.000000000e+00 0.000000000e+00 0.000000000e+00 -8.137227356e-05 1.000000000e-01 1.000000000e-01 8.137227356e-05 
d 1.040000000e+01 1.040000000e+01 0.000000000e+00 0.000000000e+00 0.000000000e+00 -8.140034921e-05 1.000000000e-01 1.000000000e-01 8.140034921e-05 
d 1.060000000e+01 1.060000000e+01 0.000000000e+00 0.000000000e+00 0.000000000e+00 -8.142853309e-05 1.000000000e-01 1.000000000e-01 8.142853309e-05 
d 1.080000000e+01 1.080000000e+01 0.000000000e+00 0.000000000e+00 0.000000000e+00 -8.145682492e-05 1.000000000e-01 1.000000000e-01 8.145682492e-05 
d 1.100000000e+01 1.100000000e+01 0.000000000e+00 0.000000000e+00 0.000000000e+00 -8.148522445e-05 1.000000000e-01 1.000000000e-01 8.148522445e-05 
d 1.120000000e+01 1.120000000e+01 0.000000000e+00 0.000000000e+00 0.000000000e+00 -8.151373139e-05 1.000000000e-01 1.000000000e-01 8.151373139e-05 
d 1.140000000e+01 1.140000000e+01 0.000000000e+00 0.000000000e+00 0.000000000e+00 -8.154234547e-05 1.000000000e-01 1.000000000e-01 8.154234547e-05 
d 1.160000000e+01 1.160000000e+01 0.000000000e+00 0.000000000e+00 0.000000000e+00 -8.157106641e-05 1.000000000e-01 1.000000000e-01 8.157106641e-05 
d 1.180000000e+01 1.180000000e+01 0.000000000e+00 0.000000000e+00 0.000000000e+00 -8.159989394e-05 1.000000000e-01 1.000000000e-01 8.159989394e-05 
d 1.200000000e+01 1.200000000e+01 0.000000000e+00 0.000000000e+00 0.000000000e+00 -8.162882776e-05 1.000000000e-01 1.000000000e-01 8.162882776e-05 
d 1.220000000e+01 1.220000000e+01 0.000000000e+00 0.000000000e+00 0.000000000e+00 -8.165786759e-05 1.000000000e-01 1.000000000e-01 8.165786759e-05 
d 1.240000000e+01 1.240000000e+01 0.000000000e+00 0.000000000e+00 0.000000000e+00 -8.168701315e-05 1.000000000e-01 1.000000000e-01 8.168701315e-05 
d 1.260000000e+01 1.260000000e+01 0.000000000e+00 0.000000000e+00 0.000000000e+00 -8.171626414e-05 1.000000000e-01 1.000000000e-01 8.171626414e-05 
d 1.280000000e+01 1.280000000e+01 0.000000000e+00 0.000000000e+00 0.000000000e+00 -8.174562027e-05 1.000000000e-01 1.000000000e-01 8.174562027e-05 
d 1.300000000e+01 1.300000000e+01 0.000000000e+00 0.000000000e+00 0.000000000e+00 -8.177508125e-05 1.000000000e-01 1.000000000e-01 8.177508125e-05 
d 1.320000000e+01 1.320000000e+01 0.000000000e+00 0.000000000e+00 0.000000000e+00 -8.180464678e-05 1.000000000e-01 1.000000000e-01 8.180464678e-05 
d 1.340000000e+01 1.340000000e+01 0.000000000e+00 0.000000000e+00 0.000000000e+00 -8.183431655e-05 1.000000000e-01 1.000000000e-01 8.183431655e-05 
d 1.360000000e+01 1.360000000e+01 0.000000000e+00 0.000000000e+00 0.000000000e+00 -8.186409028e-05 1.000000000e-01 1.000000000e-01 8.186409028e-05 
d 1.380000000e+01 1.380000000e+01 0.000000000e+00 0.000000000e+00 0.000000000e+00 -8.189396766e-05 1.000000000e-01 1.000000000e-01 8.189396766e-05 
d 1.400000000e+01 1.400000000e+01 0.000000000e+00 0.000000000e+00 0.000000000e+00 -8.192394838e-05 1.000000000e-01 1.000000000e-01 8.192394838e-05 
d 1.420000000e+01 1.420000000e+01 0.000000000e+00 0.000000000e+00 0.000000000e+00 -8.195403213e-05 1.000000000e-01 1.000000000e-01 8.195403213e-05 
d 1.440000000e+01 1.440000000e+01 0.000000000e+00 0.000000000e+00 0.000000000e+00 -8.198421862e-05 1.000000000e-01 1.000000000e-01 8.198421862e-05 
d 1.460000000e+01 1.460000000e+01 0.000000000e+00 0.000000000e+00 0.000000000e+00 -8.201450752e-05 1.000000000e-01 1.000000000e-01 8.201450752e-05 
d 1.480000000e+01 1.480000000e+01 0.000000000e+00 0.000000000e+00 0.000000000e+00 -8.204489854e-05 1.000000000e-01 1.000000000e-01 8.204489854e-05 
d 1.500000000e+01 1.500000000e+01 0.000000000e+00 0.000000000e+00 0.000000000e+00 -8.207539135e-05 1.000000000e-01 1.000000000e-01 8.207539135e-05 
d 1.520000000e+01 1.520000000e+01 0.000000000e+00 0.000000000e+00 0.000000000e+00 -8.210598564e-05 1.000000000e-01 1.000000000e-01 8.210598564e-05 
d 1.540000000e+01 1.540000000e+01 0.000000000e+00 0.000000000e+00 0.000000000e+00 -8.213668110e-05 1.000000000e-01 1.000000000e-01 8.213668110e-05 
d 1.560000000e+01 1.560000000e+01 0.000000000e+00 0.000000000e+00 0.000000000e+00 -8.216747741e-05 1.000000000e-01 1.000000000e-01 8.216747741e-05 
d 1.580000000e+01 1.580000000e+01 0.000000000e+00 0.000000000e+00 0.000000000e+00 -8.219837426e-05 1.000000000e-01 1.000000000e-01 8.219837426e-05 
d 1.600000000e+01 1.600000000e+01 0.000000000e+00 0.000000000e+00 0.000000000e+00 -8.222937131e-05 1.000000000e-01 1.000000000e-01 8.222937131e-05 
d 1.620000000e+01 1.620000000e+01 0.000000000e+00 0.000000000e+00 0.000000000e+00 -8.226046826e-05 1.000000000e-01 1.000000000e-01 8.226046826e-05 
d 1.640000000e+01 1.640000000e+01 0.000000000e+00 0.000000000e+00 0.000000000e+00 -8.229166478e-05 1.000000000e-01 1.000000000e-01 8.229166478e-05 
d 1.660000000e+01 1.660000000e+01 0.000000000e+00 0.000000000e+00 0.000000000e+00 -8.232296055e-05 1.000000000e-01 1.000000000e-01 8.232296055e-05 
d 1.680000000e+01 1.680000000e+01 0.000000000e+00 0.000000000e+00 0.000000000e+00 -8.235435524e-05 1.000000000e-01 1.000000000e-01 8.235435524e-05 
d 1.700000000e+01 1.700000000e+01 0.000000000e+00 0.000000000e+00 0.000000000e+00 -8.238584852e-05 1.000000000e-01 1.000000000e-01 8.238584852e-05 
d 1.720000000e+01 1.720000000e+01 0.000000000e+00 0.000000000e+00 0.000000000e+00 -8.241744009e-05 1.000000000e-01 1.000000000e-01 8.241744009e-05 
d 1.740000000e+01 1.740000000e+01 0.000000000e+00 0.000000000e+00 0.000000000e+00 -8.244912960e-05 1.000000000e-01 1.000000000e-01 8.244912960e-05 
d 1.760000000e+01 1.760000000e+01 0.000000000e+00 0.000000000e+00 0.000000000e+00 -8.248091672e-05 1.000000000e-01 1.000000000e-01 8.248091672e-05 
d 1.780000000e+01 1.780000000e+01 0.000000000e+00 0.000000000e+00 0.000000000e+00 -8.251280114e-05 1.000000000e-01 1.000000000e-01 8.251280114e-05 
d 1.800000000e+01 1.800000000e+01 0.000000000e+00 0.000000000e+00 0.000000000e+00 -8.254478253e-05 1.000000000e-01 1.000000000e-01 8.254478253e-05 
d 1.820000000e+01 1.820000000e+01 0.000000000e+00 0.000000000e+00 0.000000000e+00 -8.257686054e-05 1.000000000e-01 1.000000000e-01 8.257686054e-05 
d 1.840000000e+01 1.840000000e+01 0.000000000e+00 0.000000000e+00 0.000000000e+00 -8.260903485e-05 1.000000000e-01 1.000000000e-01 8.260903485e-05 
d 1.860000000e+01 1.860000000e+01 0.000000000e+00 0.000000000e+00 0.000000000e+00 -8.264130514e-05 1.000000000e-01 1.000000000e-01 8.264130514e-05 
d 1.880000000e+01 1.880000000e+01 0.000000000e+00 0.000000000e+00 0.000000000e+00 -8.267367106e-05 1.000000000e-01 1.000000000e-01 8.267367106e-05 
d 1.900000000e+01 1.900000000e+01 0.000000000e+00 0.000000000e+00 0.000000000e+00 -8.270613229e-05 1.000000000e-01 1.000000000e-01 8.270613229e-05 
d 1.920000000e+01 1.920000000e+01 0.000000000e+00 0.000000000e+00 0.000000000e+00 -8.273868850e-05 1.000000000e-01 1.000000000e-01 8.273868850e-05 
d 1.940000000e+01 1.940000000e+01 0.000000000e+00 0.000000000e+00 0.000000000e+00 -8.277133934e-05 1.000000000e-01 1.000000000e-01 8.277133934e-05 
d 1.960000000e+01 1.960000000e+01 0.000000000e+00 0.000000000e+00 0.000000000e+00 -8.280408449e-05 1.000000000e-01 1.000000000e-01 8.280408449e-05 
d 1.980000000e+01 1.980000000e+01 0.000000000e+00 0.000000000e+00 0.000000000e+00 -8.283692362e-05 1.000000000e-01 1.000000000e-01 8.283692362e-05 
d 2.000000000e+01 2.000000000e+01 0.000000000e+00 0.000000000e+00 0.000000000e+00 -8.286985638e-05 1.000000000e-01 1.000000000e-01 8.286985638e-05 
