v ATLAS
# This file was created by ATLAS version 5.24.1.R on Thu Apr 16 15:05:24 2020.
#SSF 2.0 generic
##############################################################################
#                    Copyright (c) 1984 - 2017                               #
#                    Silvaco Inc. All rights reserved                        #
#                                                                            #
# This file format and the following Key are copyright Silvaco Inc.          #
# You may not use, this format or key without reproducing this message in    #
# full and obtaining express written permission from Silvaco Inc.            #
#                                                                            #
# To obtain such permission please contact: Silvaco Inc.                     #
#                                           support@silvaco.com              #
#                                                                            #
# KEY=SVC86hn7562asdx                       PROD=345                         #
##############################################################################
y 3 700 711 15
z 40 1e+41 300
f 3 "gate" "source" "drain" 
p 9 2 601 20 3 602 21 4 603 22 
d 0.000000000e+00 0.000000000e+00 0.000000000e+00 0.000000000e+00 0.000000000e+00 -3.182848936e-05 1.000000000e-01 1.000000000e-01 3.182848936e-05 
d -1.000000000e-01 -1.000000000e-01 0.000000000e+00 0.000000000e+00 0.000000000e+00 -3.182040288e-05 1.000000000e-01 1.000000000e-01 3.182040288e-05 
d -2.000000000e-01 -2.000000000e-01 0.000000000e+00 0.000000000e+00 0.000000000e+00 -3.181235466e-05 1.000000000e-01 1.000000000e-01 3.181235466e-05 
d -3.000000000e-01 -3.000000000e-01 0.000000000e+00 0.000000000e+00 0.000000000e+00 -3.180434461e-05 1.000000000e-01 1.000000000e-01 3.180434461e-05 
d -4.000000000e-01 -4.000000000e-01 0.000000000e+00 0.000000000e+00 0.000000000e+00 -3.179637260e-05 1.000000000e-01 1.000000000e-01 3.179637260e-05 
d -5.000000000e-01 -5.000000000e-01 0.000000000e+00 0.000000000e+00 0.000000000e+00 -3.178843854e-05 1.000000000e-01 1.000000000e-01 3.178843854e-05 
d -6.000000000e-01 -6.000000000e-01 0.000000000e+00 0.000000000e+00 0.000000000e+00 -3.178054232e-05 1.000000000e-01 1.000000000e-01 3.178054232e-05 
d -7.000000000e-01 -7.000000000e-01 0.000000000e+00 0.000000000e+00 0.000000000e+00 -3.177268382e-05 1.000000000e-01 1.000000000e-01 3.177268382e-05 
d -8.000000000e-01 -8.000000000e-01 0.000000000e+00 0.000000000e+00 0.000000000e+00 -3.176486293e-05 1.000000000e-01 1.000000000e-01 3.176486293e-05 
d -9.000000000e-01 -9.000000000e-01 0.000000000e+00 0.000000000e+00 0.000000000e+00 -3.175707954e-05 1.000000000e-01 1.000000000e-01 3.175707954e-05 
d -1.000000000e+00 -1.000000000e+00 0.000000000e+00 0.000000000e+00 0.000000000e+00 -3.174933354e-05 1.000000000e-01 1.000000000e-01 3.174933354e-05 
d -1.100000000e+00 -1.100000000e+00 0.000000000e+00 0.000000000e+00 0.000000000e+00 -3.174162482e-05 1.000000000e-01 1.000000000e-01 3.174162482e-05 
d -1.200000000e+00 -1.200000000e+00 0.000000000e+00 0.000000000e+00 0.000000000e+00 -3.173395325e-05 1.000000000e-01 1.000000000e-01 3.173395325e-05 
d -1.300000000e+00 -1.300000000e+00 0.000000000e+00 0.000000000e+00 0.000000000e+00 -3.172631872e-05 1.000000000e-01 1.000000000e-01 3.172631872e-05 
d -1.400000000e+00 -1.400000000e+00 0.000000000e+00 0.000000000e+00 0.000000000e+00 -3.171872112e-05 1.000000000e-01 1.000000000e-01 3.171872112e-05 
d -1.500000000e+00 -1.500000000e+00 0.000000000e+00 0.000000000e+00 0.000000000e+00 -3.171116032e-05 1.000000000e-01 1.000000000e-01 3.171116032e-05 
d -1.600000000e+00 -1.600000000e+00 0.000000000e+00 0.000000000e+00 0.000000000e+00 -3.170363620e-05 1.000000000e-01 1.000000000e-01 3.170363620e-05 
d -1.700000000e+00 -1.700000000e+00 0.000000000e+00 0.000000000e+00 0.000000000e+00 -3.169614865e-05 1.000000000e-01 1.000000000e-01 3.169614865e-05 
d -1.800000000e+00 -1.800000000e+00 0.000000000e+00 0.000000000e+00 0.000000000e+00 -3.168869755e-05 1.000000000e-01 1.000000000e-01 3.168869755e-05 
d -1.900000000e+00 -1.900000000e+00 0.000000000e+00 0.000000000e+00 0.000000000e+00 -3.168128277e-05 1.000000000e-01 1.000000000e-01 3.168128277e-05 
d -2.000000000e+00 -2.000000000e+00 0.000000000e+00 0.000000000e+00 0.000000000e+00 -3.167390419e-05 1.000000000e-01 1.000000000e-01 3.167390419e-05 
d -2.100000000e+00 -2.100000000e+00 0.000000000e+00 0.000000000e+00 0.000000000e+00 -3.166656168e-05 1.000000000e-01 1.000000000e-01 3.166656168e-05 
d -2.200000000e+00 -2.200000000e+00 0.000000000e+00 0.000000000e+00 0.000000000e+00 -3.165925512e-05 1.000000000e-01 1.000000000e-01 3.165925512e-05 
d -2.300000000e+00 -2.300000000e+00 0.000000000e+00 0.000000000e+00 0.000000000e+00 -3.165198439e-05 1.000000000e-01 1.000000000e-01 3.165198439e-05 
d -2.400000000e+00 -2.400000000e+00 0.000000000e+00 0.000000000e+00 0.000000000e+00 -3.164474936e-05 1.000000000e-01 1.000000000e-01 3.164474936e-05 
d -2.500000000e+00 -2.500000000e+00 0.000000000e+00 0.000000000e+00 0.000000000e+00 -3.163754990e-05 1.000000000e-01 1.000000000e-01 3.163754990e-05 
d -2.600000000e+00 -2.600000000e+00 0.000000000e+00 0.000000000e+00 0.000000000e+00 -3.163038588e-05 1.000000000e-01 1.000000000e-01 3.163038588e-05 
d -2.700000000e+00 -2.700000000e+00 0.000000000e+00 0.000000000e+00 0.000000000e+00 -3.162325718e-05 1.000000000e-01 1.000000000e-01 3.162325718e-05 
d -2.800000000e+00 -2.800000000e+00 0.000000000e+00 0.000000000e+00 0.000000000e+00 -3.161616366e-05 1.000000000e-01 1.000000000e-01 3.161616366e-05 
d -2.900000000e+00 -2.900000000e+00 0.000000000e+00 0.000000000e+00 0.000000000e+00 -3.160910520e-05 1.000000000e-01 1.000000000e-01 3.160910520e-05 
d -3.000000000e+00 -3.000000000e+00 0.000000000e+00 0.000000000e+00 0.000000000e+00 -3.160208166e-05 1.000000000e-01 1.000000000e-01 3.160208166e-05 
d -3.100000000e+00 -3.100000000e+00 0.000000000e+00 0.000000000e+00 0.000000000e+00 -3.159509292e-05 1.000000000e-01 1.000000000e-01 3.159509292e-05 
d -3.200000000e+00 -3.200000000e+00 0.000000000e+00 0.000000000e+00 0.000000000e+00 -3.158813884e-05 1.000000000e-01 1.000000000e-01 3.158813884e-05 
d -3.300000000e+00 -3.300000000e+00 0.000000000e+00 0.000000000e+00 0.000000000e+00 -3.158121928e-05 1.000000000e-01 1.000000000e-01 3.158121928e-05 
d -3.400000000e+00 -3.400000000e+00 0.000000000e+00 0.000000000e+00 0.000000000e+00 -3.157433412e-05 1.000000000e-01 1.000000000e-01 3.157433412e-05 
d -3.500000000e+00 -3.500000000e+00 0.000000000e+00 0.000000000e+00 0.000000000e+00 -3.156748322e-05 1.000000000e-01 1.000000000e-01 3.156748322e-05 
d -3.600000000e+00 -3.600000000e+00 0.000000000e+00 0.000000000e+00 0.000000000e+00 -3.156066645e-05 1.000000000e-01 1.000000000e-01 3.156066645e-05 
d -3.700000000e+00 -3.700000000e+00 0.000000000e+00 0.000000000e+00 0.000000000e+00 -3.155388366e-05 1.000000000e-01 1.000000000e-01 3.155388366e-05 
d -3.800000000e+00 -3.800000000e+00 0.000000000e+00 0.000000000e+00 0.000000000e+00 -3.154713473e-05 1.000000000e-01 1.000000000e-01 3.154713473e-05 
d -3.900000000e+00 -3.900000000e+00 0.000000000e+00 0.000000000e+00 0.000000000e+00 -3.154041952e-05 1.000000000e-01 1.000000000e-01 3.154041952e-05 
d -4.000000000e+00 -4.000000000e+00 0.000000000e+00 0.000000000e+00 0.000000000e+00 -3.153373788e-05 1.000000000e-01 1.000000000e-01 3.153373788e-05 
d -4.100000000e+00 -4.100000000e+00 0.000000000e+00 0.000000000e+00 0.000000000e+00 -3.152708969e-05 1.000000000e-01 1.000000000e-01 3.152708969e-05 
d -4.200000000e+00 -4.200000000e+00 0.000000000e+00 0.000000000e+00 0.000000000e+00 -3.152047481e-05 1.000000000e-01 1.000000000e-01 3.152047481e-05 
d -4.300000000e+00 -4.300000000e+00 0.000000000e+00 0.000000000e+00 0.000000000e+00 -3.151389308e-05 1.000000000e-01 1.000000000e-01 3.151389308e-05 
d -4.400000000e+00 -4.400000000e+00 0.000000000e+00 0.000000000e+00 0.000000000e+00 -3.150734439e-05 1.000000000e-01 1.000000000e-01 3.150734439e-05 
d -4.500000000e+00 -4.500000000e+00 0.000000000e+00 0.000000000e+00 0.000000000e+00 -3.150082858e-05 1.000000000e-01 1.000000000e-01 3.150082858e-05 
d -4.600000000e+00 -4.600000000e+00 0.000000000e+00 0.000000000e+00 0.000000000e+00 -3.149434552e-05 1.000000000e-01 1.000000000e-01 3.149434552e-05 
d -4.700000000e+00 -4.700000000e+00 0.000000000e+00 0.000000000e+00 0.000000000e+00 -3.148789507e-05 1.000000000e-01 1.000000000e-01 3.148789507e-05 
d -4.800000000e+00 -4.800000000e+00 0.000000000e+00 0.000000000e+00 0.000000000e+00 -3.148147708e-05 1.000000000e-01 1.000000000e-01 3.148147708e-05 
d -4.900000000e+00 -4.900000000e+00 0.000000000e+00 0.000000000e+00 0.000000000e+00 -3.147509142e-05 1.000000000e-01 1.000000000e-01 3.147509142e-05 
d -5.000000000e+00 -5.000000000e+00 0.000000000e+00 0.000000000e+00 0.000000000e+00 -3.146873794e-05 1.000000000e-01 1.000000000e-01 3.146873794e-05 
