v ATLAS
# This file was created by ATLAS version 5.24.1.R on Thu Apr 16 14:21:02 2020.
#SSF 2.0 generic
##############################################################################
#                    Copyright (c) 1984 - 2017                               #
#                    Silvaco Inc. All rights reserved                        #
#                                                                            #
# This file format and the following Key are copyright Silvaco Inc.          #
# You may not use, this format or key without reproducing this message in    #
# full and obtaining express written permission from Silvaco Inc.            #
#                                                                            #
# To obtain such permission please contact: Silvaco Inc.                     #
#                                           support@silvaco.com              #
#                                                                            #
# KEY=SVC86hn7562asdx                       PROD=345                         #
##############################################################################
y 3 700 711 15
z 40 1e+41 300
f 3 "gate" "source" "drain" 
p 9 2 601 20 3 602 21 4 603 22 
d 0.000000000e+00 0.000000000e+00 0.000000000e+00 0.000000000e+00 0.000000000e+00 -1.153013390e-05 1.000000000e-01 1.000000000e-01 1.153013390e-05 
d -1.000000000e-01 -1.000000000e-01 0.000000000e+00 0.000000000e+00 0.000000000e+00 -1.152498379e-05 1.000000000e-01 1.000000000e-01 1.152498379e-05 
d -2.000000000e-01 -2.000000000e-01 0.000000000e+00 0.000000000e+00 0.000000000e+00 -1.151986804e-05 1.000000000e-01 1.000000000e-01 1.151986804e-05 
d -3.000000000e-01 -3.000000000e-01 0.000000000e+00 0.000000000e+00 0.000000000e+00 -1.151478640e-05 1.000000000e-01 1.000000000e-01 1.151478640e-05 
d -4.000000000e-01 -4.000000000e-01 0.000000000e+00 0.000000000e+00 0.000000000e+00 -1.150973863e-05 1.000000000e-01 1.000000000e-01 1.150973863e-05 
d -5.000000000e-01 -5.000000000e-01 0.000000000e+00 0.000000000e+00 0.000000000e+00 -1.150472449e-05 1.000000000e-01 1.000000000e-01 1.150472449e-05 
d -6.000000000e-01 -6.000000000e-01 0.000000000e+00 0.000000000e+00 0.000000000e+00 -1.149974373e-05 1.000000000e-01 1.000000000e-01 1.149974373e-05 
d -7.000000000e-01 -7.000000000e-01 0.000000000e+00 0.000000000e+00 0.000000000e+00 -1.149479611e-05 1.000000000e-01 1.000000000e-01 1.149479611e-05 
d -8.000000000e-01 -8.000000000e-01 0.000000000e+00 0.000000000e+00 0.000000000e+00 -1.148988140e-05 1.000000000e-01 1.000000000e-01 1.148988140e-05 
d -9.000000000e-01 -9.000000000e-01 0.000000000e+00 0.000000000e+00 0.000000000e+00 -1.148499935e-05 1.000000000e-01 1.000000000e-01 1.148499935e-05 
d -1.000000000e+00 -1.000000000e+00 0.000000000e+00 0.000000000e+00 0.000000000e+00 -1.148014972e-05 1.000000000e-01 1.000000000e-01 1.148014972e-05 
d -1.100000000e+00 -1.100000000e+00 0.000000000e+00 0.000000000e+00 0.000000000e+00 -1.147533229e-05 1.000000000e-01 1.000000000e-01 1.147533229e-05 
d -1.200000000e+00 -1.200000000e+00 0.000000000e+00 0.000000000e+00 0.000000000e+00 -1.147054680e-05 1.000000000e-01 1.000000000e-01 1.147054680e-05 
d -1.300000000e+00 -1.300000000e+00 0.000000000e+00 0.000000000e+00 0.000000000e+00 -1.146579303e-05 1.000000000e-01 1.000000000e-01 1.146579303e-05 
d -1.400000000e+00 -1.400000000e+00 0.000000000e+00 0.000000000e+00 0.000000000e+00 -1.146107073e-05 1.000000000e-01 1.000000000e-01 1.146107073e-05 
d -1.500000000e+00 -1.500000000e+00 0.000000000e+00 0.000000000e+00 0.000000000e+00 -1.145637968e-05 1.000000000e-01 1.000000000e-01 1.145637968e-05 
d -1.600000000e+00 -1.600000000e+00 0.000000000e+00 0.000000000e+00 0.000000000e+00 -1.145171965e-05 1.000000000e-01 1.000000000e-01 1.145171965e-05 
d -1.700000000e+00 -1.700000000e+00 0.000000000e+00 0.000000000e+00 0.000000000e+00 -1.144709039e-05 1.000000000e-01 1.000000000e-01 1.144709039e-05 
d -1.800000000e+00 -1.800000000e+00 0.000000000e+00 0.000000000e+00 0.000000000e+00 -1.144249169e-05 1.000000000e-01 1.000000000e-01 1.144249169e-05 
d -1.900000000e+00 -1.900000000e+00 0.000000000e+00 0.000000000e+00 0.000000000e+00 -1.143792330e-05 1.000000000e-01 1.000000000e-01 1.143792330e-05 
d -2.000000000e+00 -2.000000000e+00 0.000000000e+00 0.000000000e+00 0.000000000e+00 -1.143338501e-05 1.000000000e-01 1.000000000e-01 1.143338501e-05 
d -2.100000000e+00 -2.100000000e+00 0.000000000e+00 0.000000000e+00 0.000000000e+00 -1.142887658e-05 1.000000000e-01 1.000000000e-01 1.142887658e-05 
d -2.200000000e+00 -2.200000000e+00 0.000000000e+00 0.000000000e+00 0.000000000e+00 -1.142439779e-05 1.000000000e-01 1.000000000e-01 1.142439779e-05 
d -2.300000000e+00 -2.300000000e+00 0.000000000e+00 0.000000000e+00 0.000000000e+00 -1.141994841e-05 1.000000000e-01 1.000000000e-01 1.141994841e-05 
d -2.400000000e+00 -2.400000000e+00 0.000000000e+00 0.000000000e+00 0.000000000e+00 -1.141552821e-05 1.000000000e-01 1.000000000e-01 1.141552821e-05 
d -2.500000000e+00 -2.500000000e+00 0.000000000e+00 0.000000000e+00 0.000000000e+00 -1.141113699e-05 1.000000000e-01 1.000000000e-01 1.141113699e-05 
d -2.600000000e+00 -2.600000000e+00 0.000000000e+00 0.000000000e+00 0.000000000e+00 -1.140677450e-05 1.000000000e-01 1.000000000e-01 1.140677450e-05 
d -2.700000000e+00 -2.700000000e+00 0.000000000e+00 0.000000000e+00 0.000000000e+00 -1.140244054e-05 1.000000000e-01 1.000000000e-01 1.140244054e-05 
d -2.800000000e+00 -2.800000000e+00 0.000000000e+00 0.000000000e+00 0.000000000e+00 -1.139813488e-05 1.000000000e-01 1.000000000e-01 1.139813488e-05 
d -2.900000000e+00 -2.900000000e+00 0.000000000e+00 0.000000000e+00 0.000000000e+00 -1.139385730e-05 1.000000000e-01 1.000000000e-01 1.139385730e-05 
d -3.000000000e+00 -3.000000000e+00 0.000000000e+00 0.000000000e+00 0.000000000e+00 -1.138960760e-05 1.000000000e-01 1.000000000e-01 1.138960760e-05 
d -3.100000000e+00 -3.100000000e+00 0.000000000e+00 0.000000000e+00 0.000000000e+00 -1.138538554e-05 1.000000000e-01 1.000000000e-01 1.138538554e-05 
d -3.200000000e+00 -3.200000000e+00 0.000000000e+00 0.000000000e+00 0.000000000e+00 -1.138119092e-05 1.000000000e-01 1.000000000e-01 1.138119092e-05 
d -3.300000000e+00 -3.300000000e+00 0.000000000e+00 0.000000000e+00 0.000000000e+00 -1.137702353e-05 1.000000000e-01 1.000000000e-01 1.137702353e-05 
d -3.400000000e+00 -3.400000000e+00 0.000000000e+00 0.000000000e+00 0.000000000e+00 -1.137288315e-05 1.000000000e-01 1.000000000e-01 1.137288315e-05 
d -3.500000000e+00 -3.500000000e+00 0.000000000e+00 0.000000000e+00 0.000000000e+00 -1.136876958e-05 1.000000000e-01 1.000000000e-01 1.136876958e-05 
d -3.600000000e+00 -3.600000000e+00 0.000000000e+00 0.000000000e+00 0.000000000e+00 -1.136468260e-05 1.000000000e-01 1.000000000e-01 1.136468260e-05 
d -3.700000000e+00 -3.700000000e+00 0.000000000e+00 0.000000000e+00 0.000000000e+00 -1.136062200e-05 1.000000000e-01 1.000000000e-01 1.136062200e-05 
d -3.800000000e+00 -3.800000000e+00 0.000000000e+00 0.000000000e+00 0.000000000e+00 -1.135658758e-05 1.000000000e-01 1.000000000e-01 1.135658758e-05 
d -3.900000000e+00 -3.900000000e+00 0.000000000e+00 0.000000000e+00 0.000000000e+00 -1.135257914e-05 1.000000000e-01 1.000000000e-01 1.135257914e-05 
d -4.000000000e+00 -4.000000000e+00 0.000000000e+00 0.000000000e+00 0.000000000e+00 -1.134859647e-05 1.000000000e-01 1.000000000e-01 1.134859647e-05 
d -4.100000000e+00 -4.100000000e+00 0.000000000e+00 0.000000000e+00 0.000000000e+00 -1.134463937e-05 1.000000000e-01 1.000000000e-01 1.134463937e-05 
d -4.200000000e+00 -4.200000000e+00 0.000000000e+00 0.000000000e+00 0.000000000e+00 -1.134070763e-05 1.000000000e-01 1.000000000e-01 1.134070763e-05 
d -4.300000000e+00 -4.300000000e+00 0.000000000e+00 0.000000000e+00 0.000000000e+00 -1.133680106e-05 1.000000000e-01 1.000000000e-01 1.133680106e-05 
d -4.400000000e+00 -4.400000000e+00 0.000000000e+00 0.000000000e+00 0.000000000e+00 -1.133291946e-05 1.000000000e-01 1.000000000e-01 1.133291946e-05 
d -4.500000000e+00 -4.500000000e+00 0.000000000e+00 0.000000000e+00 0.000000000e+00 -1.132906263e-05 1.000000000e-01 1.000000000e-01 1.132906263e-05 
d -4.600000000e+00 -4.600000000e+00 0.000000000e+00 0.000000000e+00 0.000000000e+00 -1.132523037e-05 1.000000000e-01 1.000000000e-01 1.132523037e-05 
d -4.700000000e+00 -4.700000000e+00 0.000000000e+00 0.000000000e+00 0.000000000e+00 -1.132142250e-05 1.000000000e-01 1.000000000e-01 1.132142250e-05 
d -4.800000000e+00 -4.800000000e+00 0.000000000e+00 0.000000000e+00 0.000000000e+00 -1.131763882e-05 1.000000000e-01 1.000000000e-01 1.131763882e-05 
d -4.900000000e+00 -4.900000000e+00 0.000000000e+00 0.000000000e+00 0.000000000e+00 -1.131387913e-05 1.000000000e-01 1.000000000e-01 1.131387913e-05 
d -5.000000000e+00 -5.000000000e+00 0.000000000e+00 0.000000000e+00 0.000000000e+00 -1.131014325e-05 1.000000000e-01 1.000000000e-01 1.131014325e-05 
