v ATLAS
# This file was created by ATLAS version 5.24.1.R on Thu Apr 30 18:42:29 2020.
#SSF 2.0 generic
##############################################################################
#                    Copyright (c) 1984 - 2017                               #
#                    Silvaco Inc. All rights reserved                        #
#                                                                            #
# This file format and the following Key are copyright Silvaco Inc.          #
# You may not use, this format or key without reproducing this message in    #
# full and obtaining express written permission from Silvaco Inc.            #
#                                                                            #
# To obtain such permission please contact: Silvaco Inc.                     #
#                                           support@silvaco.com              #
#                                                                            #
# KEY=SVC86hn7562asdx                       PROD=345                         #
##############################################################################
y 3 700 711 15
z 40 1e+41 300
f 3 "gate" "source" "drain" 
p 9 2 601 20 3 602 21 4 603 22 
d 2.000000000e-01 2.000000000e-01 0.000000000e+00 0.000000000e+00 0.000000000e+00 -7.450963403e-09 1.000000000e-01 1.000000000e-01 7.450963398e-09 
d 4.000000000e-01 4.000000000e-01 0.000000000e+00 0.000000000e+00 0.000000000e+00 -1.112805755e-08 1.000000000e-01 1.000000000e-01 1.112805754e-08 
d 6.000000000e-01 6.000000000e-01 0.000000000e+00 0.000000000e+00 0.000000000e+00 -1.510101622e-08 1.000000000e-01 1.000000000e-01 1.510101622e-08 
d 8.000000000e-01 8.000000000e-01 0.000000000e+00 0.000000000e+00 0.000000000e+00 -1.925622323e-08 1.000000000e-01 1.000000000e-01 1.925622319e-08 
d 1.000000000e+00 1.000000000e+00 0.000000000e+00 0.000000000e+00 0.000000000e+00 -2.354918187e-08 1.000000000e-01 1.000000000e-01 2.354918172e-08 
d 1.200000000e+00 1.200000000e+00 0.000000000e+00 0.000000000e+00 0.000000000e+00 -2.796735176e-08 1.000000000e-01 1.000000000e-01 2.796735169e-08 
d 1.400000000e+00 1.400000000e+00 0.000000000e+00 0.000000000e+00 0.000000000e+00 -3.251202017e-08 1.000000000e-01 1.000000000e-01 3.251202019e-08 
d 1.600000000e+00 1.600000000e+00 0.000000000e+00 0.000000000e+00 0.000000000e+00 -3.718949837e-08 1.000000000e-01 1.000000000e-01 3.718949838e-08 
d 1.800000000e+00 1.800000000e+00 0.000000000e+00 0.000000000e+00 0.000000000e+00 -4.200675123e-08 1.000000000e-01 1.000000000e-01 4.200675119e-08 
d 2.000000000e+00 2.000000000e+00 0.000000000e+00 0.000000000e+00 0.000000000e+00 -4.696927957e-08 1.000000000e-01 1.000000000e-01 4.696927958e-08 
d 2.200000000e+00 2.200000000e+00 0.000000000e+00 0.000000000e+00 0.000000000e+00 -5.208777136e-08 1.000000000e-01 1.000000000e-01 5.208024316e-08 
d 2.400000000e+00 2.400000000e+00 0.000000000e+00 0.000000000e+00 0.000000000e+00 -5.734503644e-08 1.000000000e-01 1.000000000e-01 5.734034622e-08 
d 2.600000000e+00 2.600000000e+00 0.000000000e+00 0.000000000e+00 0.000000000e+00 -6.275105584e-08 1.000000000e-01 1.000000000e-01 6.274810048e-08 
d 2.800000000e+00 2.800000000e+00 0.000000000e+00 0.000000000e+00 0.000000000e+00 -6.830222231e-08 1.000000000e-01 1.000000000e-01 6.830034242e-08 
d 3.000000000e+00 3.000000000e+00 0.000000000e+00 0.000000000e+00 0.000000000e+00 -7.399402052e-08 1.000000000e-01 1.000000000e-01 7.399281138e-08 
d 3.200000000e+00 3.200000000e+00 0.000000000e+00 0.000000000e+00 0.000000000e+00 -7.982148189e-08 1.000000000e-01 1.000000000e-01 7.982069402e-08 
d 3.400000000e+00 3.400000000e+00 0.000000000e+00 0.000000000e+00 0.000000000e+00 -8.577960022e-08 1.000000000e-01 1.000000000e-01 8.577907898e-08 
d 3.600000000e+00 3.600000000e+00 0.000000000e+00 0.000000000e+00 0.000000000e+00 -9.186365088e-08 1.000000000e-01 1.000000000e-01 9.186329992e-08 
d 3.800000000e+00 3.800000000e+00 0.000000000e+00 0.000000000e+00 0.000000000e+00 -9.806940921e-08 1.000000000e-01 1.000000000e-01 9.806916803e-08 
d 4.000000000e+00 4.000000000e+00 0.000000000e+00 0.000000000e+00 0.000000000e+00 -1.043932803e-07 1.000000000e-01 1.000000000e-01 1.043931108e-07 
d 4.200000000e+00 4.200000000e+00 0.000000000e+00 0.000000000e+00 0.000000000e+00 -1.108323590e-07 1.000000000e-01 1.000000000e-01 1.108322369e-07 
d 4.400000000e+00 4.400000000e+00 0.000000000e+00 0.000000000e+00 0.000000000e+00 -1.173844394e-07 1.000000000e-01 1.000000000e-01 1.173843491e-07 
d 4.600000000e+00 4.600000000e+00 0.000000000e+00 0.000000000e+00 0.000000000e+00 -1.240479911e-07 1.000000000e-01 1.000000000e-01 1.240479225e-07 
d 4.800000000e+00 4.800000000e+00 0.000000000e+00 0.000000000e+00 0.000000000e+00 -1.308221170e-07 1.000000000e-01 1.000000000e-01 1.308220633e-07 
d 5.000000000e+00 5.000000000e+00 0.000000000e+00 0.000000000e+00 0.000000000e+00 -1.377064991e-07 1.000000000e-01 1.000000000e-01 1.377064560e-07 
d 5.200000000e+00 5.200000000e+00 0.000000000e+00 0.000000000e+00 0.000000000e+00 -1.447013440e-07 1.000000000e-01 1.000000000e-01 1.447013084e-07 
d 5.400000000e+00 5.400000000e+00 0.000000000e+00 0.000000000e+00 0.000000000e+00 -1.518073272e-07 1.000000000e-01 1.000000000e-01 1.518072970e-07 
d 5.600000000e+00 5.600000000e+00 0.000000000e+00 0.000000000e+00 0.000000000e+00 -1.590255419e-07 1.000000000e-01 1.000000000e-01 1.590255158e-07 
d 5.800000000e+00 5.800000000e+00 0.000000000e+00 0.000000000e+00 0.000000000e+00 -1.663574527e-07 1.000000000e-01 1.000000000e-01 1.663574296e-07 
d 6.000000000e+00 6.000000000e+00 0.000000000e+00 0.000000000e+00 0.000000000e+00 -1.738048537e-07 1.000000000e-01 1.000000000e-01 1.738048328e-07 
d 6.200000000e+00 6.200000000e+00 0.000000000e+00 0.000000000e+00 0.000000000e+00 -1.813698320e-07 1.000000000e-01 1.000000000e-01 1.813698129e-07 
d 6.400000000e+00 6.400000000e+00 0.000000000e+00 0.000000000e+00 0.000000000e+00 -1.890547363e-07 1.000000000e-01 1.000000000e-01 1.890547186e-07 
d 6.600000000e+00 6.600000000e+00 0.000000000e+00 0.000000000e+00 0.000000000e+00 -1.968621490e-07 1.000000000e-01 1.000000000e-01 1.968621322e-07 
d 6.800000000e+00 6.800000000e+00 0.000000000e+00 0.000000000e+00 0.000000000e+00 -2.047948623e-07 1.000000000e-01 1.000000000e-01 2.047948463e-07 
d 7.000000000e+00 7.000000000e+00 0.000000000e+00 0.000000000e+00 0.000000000e+00 -2.128558579e-07 1.000000000e-01 1.000000000e-01 2.128558426e-07 
d 7.200000000e+00 7.200000000e+00 0.000000000e+00 0.000000000e+00 0.000000000e+00 -2.210482889e-07 1.000000000e-01 1.000000000e-01 2.210482742e-07 
d 7.400000000e+00 7.400000000e+00 0.000000000e+00 0.000000000e+00 0.000000000e+00 -2.293754645e-07 1.000000000e-01 1.000000000e-01 2.293754502e-07 
d 7.600000000e+00 7.600000000e+00 0.000000000e+00 0.000000000e+00 0.000000000e+00 -2.378408355e-07 1.000000000e-01 1.000000000e-01 2.378408216e-07 
d 7.800000000e+00 7.800000000e+00 0.000000000e+00 0.000000000e+00 0.000000000e+00 -2.464479831e-07 1.000000000e-01 1.000000000e-01 2.464479695e-07 
d 8.000000000e+00 8.000000000e+00 0.000000000e+00 0.000000000e+00 0.000000000e+00 -2.552006072e-07 1.000000000e-01 1.000000000e-01 2.552005939e-07 
d 8.200000000e+00 8.200000000e+00 0.000000000e+00 0.000000000e+00 0.000000000e+00 -2.641025169e-07 1.000000000e-01 1.000000000e-01 2.641025038e-07 
d 8.400000000e+00 8.400000000e+00 0.000000000e+00 0.000000000e+00 0.000000000e+00 -2.731576213e-07 1.000000000e-01 1.000000000e-01 2.731576083e-07 
d 8.600000000e+00 8.600000000e+00 0.000000000e+00 0.000000000e+00 0.000000000e+00 -2.823699206e-07 1.000000000e-01 1.000000000e-01 2.823699079e-07 
d 8.800000000e+00 8.800000000e+00 0.000000000e+00 0.000000000e+00 0.000000000e+00 -2.917434988e-07 1.000000000e-01 1.000000000e-01 2.917434862e-07 
d 9.000000000e+00 9.000000000e+00 0.000000000e+00 0.000000000e+00 0.000000000e+00 -3.012825149e-07 1.000000000e-01 1.000000000e-01 3.012825025e-07 
d 9.200000000e+00 9.200000000e+00 0.000000000e+00 0.000000000e+00 0.000000000e+00 -3.109911962e-07 1.000000000e-01 1.000000000e-01 3.109911840e-07 
d 9.400000000e+00 9.400000000e+00 0.000000000e+00 0.000000000e+00 0.000000000e+00 -3.208738305e-07 1.000000000e-01 1.000000000e-01 3.208738184e-07 
d 9.600000000e+00 9.600000000e+00 0.000000000e+00 0.000000000e+00 0.000000000e+00 -3.309347586e-07 1.000000000e-01 1.000000000e-01 3.309347467e-07 
d 9.800000000e+00 9.800000000e+00 0.000000000e+00 0.000000000e+00 0.000000000e+00 -3.411783671e-07 1.000000000e-01 1.000000000e-01 3.411783554e-07 
d 1.000000000e+01 1.000000000e+01 0.000000000e+00 0.000000000e+00 0.000000000e+00 -3.516090810e-07 1.000000000e-01 1.000000000e-01 3.516090694e-07 
d 1.020000000e+01 1.020000000e+01 0.000000000e+00 0.000000000e+00 0.000000000e+00 -3.622313558e-07 1.000000000e-01 1.000000000e-01 3.622313445e-07 
d 1.040000000e+01 1.040000000e+01 0.000000000e+00 0.000000000e+00 0.000000000e+00 -3.730496704e-07 1.000000000e-01 1.000000000e-01 3.730496592e-07 
d 1.060000000e+01 1.060000000e+01 0.000000000e+00 0.000000000e+00 0.000000000e+00 -3.840685188e-07 1.000000000e-01 1.000000000e-01 3.840685078e-07 
d 1.080000000e+01 1.080000000e+01 0.000000000e+00 0.000000000e+00 0.000000000e+00 -3.952924025e-07 1.000000000e-01 1.000000000e-01 3.952923917e-07 
d 1.100000000e+01 1.100000000e+01 0.000000000e+00 0.000000000e+00 0.000000000e+00 -4.067258224e-07 1.000000000e-01 1.000000000e-01 4.067258118e-07 
d 1.120000000e+01 1.120000000e+01 0.000000000e+00 0.000000000e+00 0.000000000e+00 -4.183732706e-07 1.000000000e-01 1.000000000e-01 4.183732602e-07 
d 1.140000000e+01 1.140000000e+01 0.000000000e+00 0.000000000e+00 0.000000000e+00 -4.302392221e-07 1.000000000e-01 1.000000000e-01 4.302392120e-07 
d 1.160000000e+01 1.160000000e+01 0.000000000e+00 0.000000000e+00 0.000000000e+00 -4.423281267e-07 1.000000000e-01 1.000000000e-01 4.423281168e-07 
d 1.180000000e+01 1.180000000e+01 0.000000000e+00 0.000000000e+00 0.000000000e+00 -4.546444001e-07 1.000000000e-01 1.000000000e-01 4.546443904e-07 
d 1.200000000e+01 1.200000000e+01 0.000000000e+00 0.000000000e+00 0.000000000e+00 -4.671924160e-07 1.000000000e-01 1.000000000e-01 4.671924065e-07 
d 1.220000000e+01 1.220000000e+01 0.000000000e+00 0.000000000e+00 0.000000000e+00 -4.799764971e-07 1.000000000e-01 1.000000000e-01 4.799764879e-07 
d 1.240000000e+01 1.240000000e+01 0.000000000e+00 0.000000000e+00 0.000000000e+00 -4.930009072e-07 1.000000000e-01 1.000000000e-01 4.930008982e-07 
d 1.260000000e+01 1.260000000e+01 0.000000000e+00 0.000000000e+00 0.000000000e+00 -5.062698423e-07 1.000000000e-01 1.000000000e-01 5.062698335e-07 
d 1.280000000e+01 1.280000000e+01 0.000000000e+00 0.000000000e+00 0.000000000e+00 -5.197874228e-07 1.000000000e-01 1.000000000e-01 5.197874142e-07 
d 1.300000000e+01 1.300000000e+01 0.000000000e+00 0.000000000e+00 0.000000000e+00 -5.335576850e-07 1.000000000e-01 1.000000000e-01 5.335576768e-07 
d 1.320000000e+01 1.320000000e+01 0.000000000e+00 0.000000000e+00 0.000000000e+00 -5.475845737e-07 1.000000000e-01 1.000000000e-01 5.475845657e-07 
d 1.340000000e+01 1.340000000e+01 0.000000000e+00 0.000000000e+00 0.000000000e+00 -5.618719338e-07 1.000000000e-01 1.000000000e-01 5.618719260e-07 
d 1.360000000e+01 1.360000000e+01 0.000000000e+00 0.000000000e+00 0.000000000e+00 -5.764235035e-07 1.000000000e-01 1.000000000e-01 5.764234960e-07 
d 1.380000000e+01 1.380000000e+01 0.000000000e+00 0.000000000e+00 0.000000000e+00 -5.912429068e-07 1.000000000e-01 1.000000000e-01 5.912428995e-07 
d 1.400000000e+01 1.400000000e+01 0.000000000e+00 0.000000000e+00 0.000000000e+00 -6.063336470e-07 1.000000000e-01 1.000000000e-01 6.063336399e-07 
d 1.420000000e+01 1.420000000e+01 0.000000000e+00 0.000000000e+00 0.000000000e+00 -6.216991000e-07 1.000000000e-01 1.000000000e-01 6.216990932e-07 
d 1.440000000e+01 1.440000000e+01 0.000000000e+00 0.000000000e+00 0.000000000e+00 -6.373425086e-07 1.000000000e-01 1.000000000e-01 6.373425020e-07 
d 1.460000000e+01 1.460000000e+01 0.000000000e+00 0.000000000e+00 0.000000000e+00 -6.532669767e-07 1.000000000e-01 1.000000000e-01 6.532669704e-07 
d 1.480000000e+01 1.480000000e+01 0.000000000e+00 0.000000000e+00 0.000000000e+00 -6.694754645e-07 1.000000000e-01 1.000000000e-01 6.694754584e-07 
d 1.500000000e+01 1.500000000e+01 0.000000000e+00 0.000000000e+00 0.000000000e+00 -6.859707835e-07 1.000000000e-01 1.000000000e-01 6.859707777e-07 
d 1.520000000e+01 1.520000000e+01 0.000000000e+00 0.000000000e+00 0.000000000e+00 -7.027555928e-07 1.000000000e-01 1.000000000e-01 7.027555872e-07 
d 1.540000000e+01 1.540000000e+01 0.000000000e+00 0.000000000e+00 0.000000000e+00 -7.198323955e-07 1.000000000e-01 1.000000000e-01 7.198323900e-07 
d 1.560000000e+01 1.560000000e+01 0.000000000e+00 0.000000000e+00 0.000000000e+00 -7.372035349e-07 1.000000000e-01 1.000000000e-01 7.372035297e-07 
d 1.580000000e+01 1.580000000e+01 0.000000000e+00 0.000000000e+00 0.000000000e+00 -7.548711933e-07 1.000000000e-01 1.000000000e-01 7.548711883e-07 
d 1.600000000e+01 1.600000000e+01 0.000000000e+00 0.000000000e+00 0.000000000e+00 -7.728373886e-07 1.000000000e-01 1.000000000e-01 7.728373838e-07 
d 1.620000000e+01 1.620000000e+01 0.000000000e+00 0.000000000e+00 0.000000000e+00 -7.911039738e-07 1.000000000e-01 1.000000000e-01 7.911039692e-07 
d 1.640000000e+01 1.640000000e+01 0.000000000e+00 0.000000000e+00 0.000000000e+00 -8.096726357e-07 1.000000000e-01 1.000000000e-01 8.096726313e-07 
d 1.660000000e+01 1.660000000e+01 0.000000000e+00 0.000000000e+00 0.000000000e+00 -8.285448942e-07 1.000000000e-01 1.000000000e-01 8.285448900e-07 
d 1.680000000e+01 1.680000000e+01 0.000000000e+00 0.000000000e+00 0.000000000e+00 -8.477221029e-07 1.000000000e-01 1.000000000e-01 8.477220989e-07 
d 1.700000000e+01 1.700000000e+01 0.000000000e+00 0.000000000e+00 0.000000000e+00 -8.672054490e-07 1.000000000e-01 1.000000000e-01 8.672054451e-07 
d 1.720000000e+01 1.720000000e+01 0.000000000e+00 0.000000000e+00 0.000000000e+00 -8.869959547e-07 1.000000000e-01 1.000000000e-01 8.869959510e-07 
d 1.740000000e+01 1.740000000e+01 0.000000000e+00 0.000000000e+00 0.000000000e+00 -9.070944785e-07 1.000000000e-01 1.000000000e-01 9.070944750e-07 
d 1.760000000e+01 1.760000000e+01 0.000000000e+00 0.000000000e+00 0.000000000e+00 -9.275017169e-07 1.000000000e-01 1.000000000e-01 9.275017135e-07 
d 1.780000000e+01 1.780000000e+01 0.000000000e+00 0.000000000e+00 0.000000000e+00 -9.482182068e-07 1.000000000e-01 1.000000000e-01 9.482182035e-07 
d 1.800000000e+01 1.800000000e+01 0.000000000e+00 0.000000000e+00 0.000000000e+00 -9.692443278e-07 1.000000000e-01 1.000000000e-01 9.692443247e-07 
d 1.820000000e+01 1.820000000e+01 0.000000000e+00 0.000000000e+00 0.000000000e+00 -9.905803054e-07 1.000000000e-01 1.000000000e-01 9.905803024e-07 
d 1.840000000e+01 1.840000000e+01 0.000000000e+00 0.000000000e+00 0.000000000e+00 -1.012226214e-06 1.000000000e-01 1.000000000e-01 1.012226211e-06 
d 1.860000000e+01 1.860000000e+01 0.000000000e+00 0.000000000e+00 0.000000000e+00 -1.034181980e-06 1.000000000e-01 1.000000000e-01 1.034181978e-06 
d 1.880000000e+01 1.880000000e+01 0.000000000e+00 0.000000000e+00 0.000000000e+00 -1.056447387e-06 1.000000000e-01 1.000000000e-01 1.056447385e-06 
d 1.900000000e+01 1.900000000e+01 0.000000000e+00 0.000000000e+00 0.000000000e+00 -1.079022079e-06 1.000000000e-01 1.000000000e-01 1.079022076e-06 
d 1.920000000e+01 1.920000000e+01 0.000000000e+00 0.000000000e+00 0.000000000e+00 -1.101905561e-06 1.000000000e-01 1.000000000e-01 1.101905558e-06 
d 1.940000000e+01 1.940000000e+01 0.000000000e+00 0.000000000e+00 0.000000000e+00 -1.125097210e-06 1.000000000e-01 1.000000000e-01 1.125097208e-06 
d 1.960000000e+01 1.960000000e+01 0.000000000e+00 0.000000000e+00 0.000000000e+00 -1.148596275e-06 1.000000000e-01 1.000000000e-01 1.148596273e-06 
d 1.980000000e+01 1.980000000e+01 0.000000000e+00 0.000000000e+00 0.000000000e+00 -1.172401883e-06 1.000000000e-01 1.000000000e-01 1.172401881e-06 
d 2.000000000e+01 2.000000000e+01 0.000000000e+00 0.000000000e+00 0.000000000e+00 -1.196513041e-06 1.000000000e-01 1.000000000e-01 1.196513039e-06 
