v ATLAS
# This file was created by ATLAS version 5.24.1.R on Wed Apr 29 01:05:40 2020.
#SSF 2.0 generic
##############################################################################
#                    Copyright (c) 1984 - 2017                               #
#                    Silvaco Inc. All rights reserved                        #
#                                                                            #
# This file format and the following Key are copyright Silvaco Inc.          #
# You may not use, this format or key without reproducing this message in    #
# full and obtaining express written permission from Silvaco Inc.            #
#                                                                            #
# To obtain such permission please contact: Silvaco Inc.                     #
#                                           support@silvaco.com              #
#                                                                            #
# KEY=SVC86hn7562asdx                       PROD=345                         #
##############################################################################
y 3 700 711 15
z 40 1e+41 300
f 3 "gate" "source" "drain" 
p 9 2 601 20 3 602 21 4 603 22 
d 2.000000000e-01 2.000000000e-01 0.000000000e+00 0.000000000e+00 0.000000000e+00 -4.332910143e-10 1.000000000e-01 1.000000000e-01 4.332910417e-10 
d 4.000000000e-01 4.000000000e-01 0.000000000e+00 0.000000000e+00 0.000000000e+00 -1.825994231e-09 1.000000000e-01 1.000000000e-01 1.825994228e-09 
d 6.000000000e-01 6.000000000e-01 0.000000000e+00 0.000000000e+00 0.000000000e+00 -4.987553010e-09 1.000000000e-01 1.000000000e-01 4.987552999e-09 
d 8.000000000e-01 8.000000000e-01 0.000000000e+00 0.000000000e+00 0.000000000e+00 -9.083750693e-09 1.000000000e-01 1.000000000e-01 9.083750675e-09 
d 1.000000000e+00 1.000000000e+00 0.000000000e+00 0.000000000e+00 0.000000000e+00 -1.347371034e-08 1.000000000e-01 1.000000000e-01 1.347371025e-08 
d 1.200000000e+00 1.200000000e+00 0.000000000e+00 0.000000000e+00 0.000000000e+00 -1.800097102e-08 1.000000000e-01 1.000000000e-01 1.800097087e-08 
d 1.400000000e+00 1.400000000e+00 0.000000000e+00 0.000000000e+00 0.000000000e+00 -2.263821498e-08 1.000000000e-01 1.000000000e-01 2.263821481e-08 
d 1.600000000e+00 1.600000000e+00 0.000000000e+00 0.000000000e+00 0.000000000e+00 -2.738988243e-08 1.000000000e-01 1.000000000e-01 2.738988230e-08 
d 1.800000000e+00 1.800000000e+00 0.000000000e+00 0.000000000e+00 0.000000000e+00 -3.226717915e-08 1.000000000e-01 1.000000000e-01 3.226717903e-08 
d 2.000000000e+00 2.000000000e+00 0.000000000e+00 0.000000000e+00 0.000000000e+00 -3.728045407e-08 1.000000000e-01 1.000000000e-01 3.728045401e-08 
d 2.200000000e+00 2.200000000e+00 0.000000000e+00 0.000000000e+00 0.000000000e+00 -4.243681152e-08 1.000000000e-01 1.000000000e-01 4.243681150e-08 
d 2.400000000e+00 2.400000000e+00 0.000000000e+00 0.000000000e+00 0.000000000e+00 -4.773967335e-08 1.000000000e-01 1.000000000e-01 4.773967336e-08 
d 2.600000000e+00 2.600000000e+00 0.000000000e+00 0.000000000e+00 0.000000000e+00 -5.320386247e-08 1.000000000e-01 1.000000000e-01 5.318910624e-08 
d 2.800000000e+00 2.800000000e+00 0.000000000e+00 0.000000000e+00 0.000000000e+00 -5.879120888e-08 1.000000000e-01 1.000000000e-01 5.878291270e-08 
d 3.000000000e+00 3.000000000e+00 0.000000000e+00 0.000000000e+00 0.000000000e+00 -6.452158768e-08 1.000000000e-01 1.000000000e-01 6.451683189e-08 
d 3.200000000e+00 3.200000000e+00 0.000000000e+00 0.000000000e+00 0.000000000e+00 -7.038867450e-08 1.000000000e-01 1.000000000e-01 7.038589047e-08 
d 3.400000000e+00 3.400000000e+00 0.000000000e+00 0.000000000e+00 0.000000000e+00 -7.638647954e-08 1.000000000e-01 1.000000000e-01 7.638481201e-08 
d 3.600000000e+00 3.600000000e+00 0.000000000e+00 0.000000000e+00 0.000000000e+00 -8.250952749e-08 1.000000000e-01 1.000000000e-01 8.250850330e-08 
d 3.800000000e+00 3.800000000e+00 0.000000000e+00 0.000000000e+00 0.000000000e+00 -8.875301676e-08 1.000000000e-01 1.000000000e-01 8.875237025e-08 
d 4.000000000e+00 4.000000000e+00 0.000000000e+00 0.000000000e+00 0.000000000e+00 -9.511291909e-08 1.000000000e-01 1.000000000e-01 9.511249879e-08 
d 4.200000000e+00 4.200000000e+00 0.000000000e+00 0.000000000e+00 0.000000000e+00 -1.015860178e-07 1.000000000e-01 1.000000000e-01 1.015857358e-07 
d 4.400000000e+00 4.400000000e+00 0.000000000e+00 0.000000000e+00 0.000000000e+00 -1.081698977e-07 1.000000000e-01 1.000000000e-01 1.081697022e-07 
d 4.600000000e+00 4.600000000e+00 0.000000000e+00 0.000000000e+00 0.000000000e+00 -1.148629032e-07 1.000000000e-01 1.000000000e-01 1.148627632e-07 
d 4.800000000e+00 4.800000000e+00 0.000000000e+00 0.000000000e+00 0.000000000e+00 -1.216640779e-07 1.000000000e-01 1.000000000e-01 1.216639740e-07 
d 5.000000000e+00 5.000000000e+00 0.000000000e+00 0.000000000e+00 0.000000000e+00 -1.285730960e-07 1.000000000e-01 1.000000000e-01 1.285730165e-07 
d 5.200000000e+00 5.200000000e+00 0.000000000e+00 0.000000000e+00 0.000000000e+00 -1.355901937e-07 1.000000000e-01 1.000000000e-01 1.355901307e-07 
d 5.400000000e+00 5.400000000e+00 0.000000000e+00 0.000000000e+00 0.000000000e+00 -1.427161033e-07 1.000000000e-01 1.000000000e-01 1.427160520e-07 
d 5.600000000e+00 5.600000000e+00 0.000000000e+00 0.000000000e+00 0.000000000e+00 -1.499519935e-07 1.000000000e-01 1.000000000e-01 1.499519505e-07 
d 5.800000000e+00 5.800000000e+00 0.000000000e+00 0.000000000e+00 0.000000000e+00 -1.572994159e-07 1.000000000e-01 1.000000000e-01 1.572993790e-07 
d 6.000000000e+00 6.000000000e+00 0.000000000e+00 0.000000000e+00 0.000000000e+00 -1.647602586e-07 1.000000000e-01 1.000000000e-01 1.647602262e-07 
d 6.200000000e+00 6.200000000e+00 0.000000000e+00 0.000000000e+00 0.000000000e+00 -1.723367057e-07 1.000000000e-01 1.000000000e-01 1.723366767e-07 
d 6.400000000e+00 6.400000000e+00 0.000000000e+00 0.000000000e+00 0.000000000e+00 -1.800312031e-07 1.000000000e-01 1.000000000e-01 1.800311766e-07 
d 6.600000000e+00 6.600000000e+00 0.000000000e+00 0.000000000e+00 0.000000000e+00 -1.878464288e-07 1.000000000e-01 1.000000000e-01 1.878464044e-07 
d 6.800000000e+00 6.800000000e+00 0.000000000e+00 0.000000000e+00 0.000000000e+00 -1.957852680e-07 1.000000000e-01 1.000000000e-01 1.957852452e-07 
d 7.000000000e+00 7.000000000e+00 0.000000000e+00 0.000000000e+00 0.000000000e+00 -2.038507916e-07 1.000000000e-01 1.000000000e-01 2.038507700e-07 
d 7.200000000e+00 7.200000000e+00 0.000000000e+00 0.000000000e+00 0.000000000e+00 -2.120462376e-07 1.000000000e-01 1.000000000e-01 2.120462170e-07 
d 7.400000000e+00 7.400000000e+00 0.000000000e+00 0.000000000e+00 0.000000000e+00 -2.203749955e-07 1.000000000e-01 1.000000000e-01 2.203749758e-07 
d 7.600000000e+00 7.600000000e+00 0.000000000e+00 0.000000000e+00 0.000000000e+00 -2.288405925e-07 1.000000000e-01 1.000000000e-01 2.288405735e-07 
d 7.800000000e+00 7.800000000e+00 0.000000000e+00 0.000000000e+00 0.000000000e+00 -2.374466812e-07 1.000000000e-01 1.000000000e-01 2.374466627e-07 
d 8.000000000e+00 8.000000000e+00 0.000000000e+00 0.000000000e+00 0.000000000e+00 -2.461970288e-07 1.000000000e-01 1.000000000e-01 2.461970109e-07 
d 8.200000000e+00 8.200000000e+00 0.000000000e+00 0.000000000e+00 0.000000000e+00 -2.550955080e-07 1.000000000e-01 1.000000000e-01 2.550954905e-07 
d 8.400000000e+00 8.400000000e+00 0.000000000e+00 0.000000000e+00 0.000000000e+00 -2.641460869e-07 1.000000000e-01 1.000000000e-01 2.641460699e-07 
d 8.600000000e+00 8.600000000e+00 0.000000000e+00 0.000000000e+00 0.000000000e+00 -2.733528221e-07 1.000000000e-01 1.000000000e-01 2.733528054e-07 
d 8.800000000e+00 8.800000000e+00 0.000000000e+00 0.000000000e+00 0.000000000e+00 -2.827198498e-07 1.000000000e-01 1.000000000e-01 2.827198335e-07 
d 9.000000000e+00 9.000000000e+00 0.000000000e+00 0.000000000e+00 0.000000000e+00 -2.922513788e-07 1.000000000e-01 1.000000000e-01 2.922513627e-07 
d 9.200000000e+00 9.200000000e+00 0.000000000e+00 0.000000000e+00 0.000000000e+00 -3.019516830e-07 1.000000000e-01 1.000000000e-01 3.019516672e-07 
d 9.400000000e+00 9.400000000e+00 0.000000000e+00 0.000000000e+00 0.000000000e+00 -3.118250944e-07 1.000000000e-01 1.000000000e-01 3.118250790e-07 
d 9.600000000e+00 9.600000000e+00 0.000000000e+00 0.000000000e+00 0.000000000e+00 -3.218759958e-07 1.000000000e-01 1.000000000e-01 3.218759807e-07 
d 9.800000000e+00 9.800000000e+00 0.000000000e+00 0.000000000e+00 0.000000000e+00 -3.321088138e-07 1.000000000e-01 1.000000000e-01 3.321087989e-07 
d 1.000000000e+01 1.000000000e+01 0.000000000e+00 0.000000000e+00 0.000000000e+00 -3.425280109e-07 1.000000000e-01 1.000000000e-01 3.425279964e-07 
d 1.020000000e+01 1.020000000e+01 0.000000000e+00 0.000000000e+00 0.000000000e+00 -3.531380793e-07 1.000000000e-01 1.000000000e-01 3.531380650e-07 
d 1.040000000e+01 1.040000000e+01 0.000000000e+00 0.000000000e+00 0.000000000e+00 -3.639435323e-07 1.000000000e-01 1.000000000e-01 3.639435183e-07 
d 1.060000000e+01 1.060000000e+01 0.000000000e+00 0.000000000e+00 0.000000000e+00 -3.749488974e-07 1.000000000e-01 1.000000000e-01 3.749488838e-07 
d 1.080000000e+01 1.080000000e+01 0.000000000e+00 0.000000000e+00 0.000000000e+00 -3.861587083e-07 1.000000000e-01 1.000000000e-01 3.861586949e-07 
d 1.100000000e+01 1.100000000e+01 0.000000000e+00 0.000000000e+00 0.000000000e+00 -3.975774967e-07 1.000000000e-01 1.000000000e-01 3.975774836e-07 
d 1.120000000e+01 1.120000000e+01 0.000000000e+00 0.000000000e+00 0.000000000e+00 -4.092097849e-07 1.000000000e-01 1.000000000e-01 4.092097721e-07 
d 1.140000000e+01 1.140000000e+01 0.000000000e+00 0.000000000e+00 0.000000000e+00 -4.210600770e-07 1.000000000e-01 1.000000000e-01 4.210600645e-07 
d 1.160000000e+01 1.160000000e+01 0.000000000e+00 0.000000000e+00 0.000000000e+00 -4.331328510e-07 1.000000000e-01 1.000000000e-01 4.331328388e-07 
d 1.180000000e+01 1.180000000e+01 0.000000000e+00 0.000000000e+00 0.000000000e+00 -4.454325503e-07 1.000000000e-01 1.000000000e-01 4.454325384e-07 
d 1.200000000e+01 1.200000000e+01 0.000000000e+00 0.000000000e+00 0.000000000e+00 -4.579635755e-07 1.000000000e-01 1.000000000e-01 4.579635640e-07 
d 1.220000000e+01 1.220000000e+01 0.000000000e+00 0.000000000e+00 0.000000000e+00 -4.707302757e-07 1.000000000e-01 1.000000000e-01 4.707302644e-07 
d 1.240000000e+01 1.240000000e+01 0.000000000e+00 0.000000000e+00 0.000000000e+00 -4.837369401e-07 1.000000000e-01 1.000000000e-01 4.837369292e-07 
d 1.260000000e+01 1.260000000e+01 0.000000000e+00 0.000000000e+00 0.000000000e+00 -4.969877902e-07 1.000000000e-01 1.000000000e-01 4.969877796e-07 
d 1.280000000e+01 1.280000000e+01 0.000000000e+00 0.000000000e+00 0.000000000e+00 -5.104869710e-07 1.000000000e-01 1.000000000e-01 5.104869607e-07 
d 1.300000000e+01 1.300000000e+01 0.000000000e+00 0.000000000e+00 0.000000000e+00 -5.242385430e-07 1.000000000e-01 1.000000000e-01 5.242385329e-07 
d 1.320000000e+01 1.320000000e+01 0.000000000e+00 0.000000000e+00 0.000000000e+00 -5.382464744e-07 1.000000000e-01 1.000000000e-01 5.382464648e-07 
d 1.340000000e+01 1.340000000e+01 0.000000000e+00 0.000000000e+00 0.000000000e+00 -5.525146337e-07 1.000000000e-01 1.000000000e-01 5.525146244e-07 
d 1.360000000e+01 1.360000000e+01 0.000000000e+00 0.000000000e+00 0.000000000e+00 -5.670467817e-07 1.000000000e-01 1.000000000e-01 5.670467727e-07 
d 1.380000000e+01 1.380000000e+01 0.000000000e+00 0.000000000e+00 0.000000000e+00 -5.818465647e-07 1.000000000e-01 1.000000000e-01 5.818465560e-07 
d 1.400000000e+01 1.400000000e+01 0.000000000e+00 0.000000000e+00 0.000000000e+00 -5.969175077e-07 1.000000000e-01 1.000000000e-01 5.969174992e-07 
d 1.420000000e+01 1.420000000e+01 0.000000000e+00 0.000000000e+00 0.000000000e+00 -6.122630079e-07 1.000000000e-01 1.000000000e-01 6.122629997e-07 
d 1.440000000e+01 1.440000000e+01 0.000000000e+00 0.000000000e+00 0.000000000e+00 -6.278863288e-07 1.000000000e-01 1.000000000e-01 6.278863210e-07 
d 1.460000000e+01 1.460000000e+01 0.000000000e+00 0.000000000e+00 0.000000000e+00 -6.437905947e-07 1.000000000e-01 1.000000000e-01 6.437905872e-07 
d 1.480000000e+01 1.480000000e+01 0.000000000e+00 0.000000000e+00 0.000000000e+00 -6.599787854e-07 1.000000000e-01 1.000000000e-01 6.599787781e-07 
d 1.500000000e+01 1.500000000e+01 0.000000000e+00 0.000000000e+00 0.000000000e+00 -6.764537316e-07 1.000000000e-01 1.000000000e-01 6.764537246e-07 
d 1.520000000e+01 1.520000000e+01 0.000000000e+00 0.000000000e+00 0.000000000e+00 -6.932181110e-07 1.000000000e-01 1.000000000e-01 6.932181043e-07 
d 1.540000000e+01 1.540000000e+01 0.000000000e+00 0.000000000e+00 0.000000000e+00 -7.102744445e-07 1.000000000e-01 1.000000000e-01 7.102744380e-07 
d 1.560000000e+01 1.560000000e+01 0.000000000e+00 0.000000000e+00 0.000000000e+00 -7.276250930e-07 1.000000000e-01 1.000000000e-01 7.276250869e-07 
d 1.580000000e+01 1.580000000e+01 0.000000000e+00 0.000000000e+00 0.000000000e+00 -7.452722554e-07 1.000000000e-01 1.000000000e-01 7.452722495e-07 
d 1.600000000e+01 1.600000000e+01 0.000000000e+00 0.000000000e+00 0.000000000e+00 -7.632179659e-07 1.000000000e-01 1.000000000e-01 7.632179602e-07 
d 1.620000000e+01 1.620000000e+01 0.000000000e+00 0.000000000e+00 0.000000000e+00 -7.814640929e-07 1.000000000e-01 1.000000000e-01 7.814640875e-07 
d 1.640000000e+01 1.640000000e+01 0.000000000e+00 0.000000000e+00 0.000000000e+00 -8.000123379e-07 1.000000000e-01 1.000000000e-01 8.000123327e-07 
d 1.660000000e+01 1.660000000e+01 0.000000000e+00 0.000000000e+00 0.000000000e+00 -8.188642351e-07 1.000000000e-01 1.000000000e-01 8.188642301e-07 
d 1.680000000e+01 1.680000000e+01 0.000000000e+00 0.000000000e+00 0.000000000e+00 -8.380211514e-07 1.000000000e-01 1.000000000e-01 8.380211466e-07 
d 1.700000000e+01 1.700000000e+01 0.000000000e+00 0.000000000e+00 0.000000000e+00 -8.574842869e-07 1.000000000e-01 1.000000000e-01 8.574842824e-07 
d 1.720000000e+01 1.720000000e+01 0.000000000e+00 0.000000000e+00 0.000000000e+00 -8.772546759e-07 1.000000000e-01 1.000000000e-01 8.772546716e-07 
d 1.740000000e+01 1.740000000e+01 0.000000000e+00 0.000000000e+00 0.000000000e+00 -8.973331883e-07 1.000000000e-01 1.000000000e-01 8.973331842e-07 
d 1.760000000e+01 1.760000000e+01 0.000000000e+00 0.000000000e+00 0.000000000e+00 -9.177205314e-07 1.000000000e-01 1.000000000e-01 9.177205274e-07 
d 1.780000000e+01 1.780000000e+01 0.000000000e+00 0.000000000e+00 0.000000000e+00 -9.384172519e-07 1.000000000e-01 1.000000000e-01 9.384172481e-07 
d 1.800000000e+01 1.800000000e+01 0.000000000e+00 0.000000000e+00 0.000000000e+00 -9.594237391e-07 1.000000000e-01 1.000000000e-01 9.594237355e-07 
d 1.820000000e+01 1.820000000e+01 0.000000000e+00 0.000000000e+00 0.000000000e+00 -9.807402272e-07 1.000000000e-01 1.000000000e-01 9.807402237e-07 
d 1.840000000e+01 1.840000000e+01 0.000000000e+00 0.000000000e+00 0.000000000e+00 -1.002366798e-06 1.000000000e-01 1.000000000e-01 1.002366795e-06 
d 1.860000000e+01 1.860000000e+01 0.000000000e+00 0.000000000e+00 0.000000000e+00 -1.024303387e-06 1.000000000e-01 1.000000000e-01 1.024303384e-06 
d 1.880000000e+01 1.880000000e+01 0.000000000e+00 0.000000000e+00 0.000000000e+00 -1.046549783e-06 1.000000000e-01 1.000000000e-01 1.046549780e-06 
d 1.900000000e+01 1.900000000e+01 0.000000000e+00 0.000000000e+00 0.000000000e+00 -1.069105636e-06 1.000000000e-01 1.000000000e-01 1.069105633e-06 
d 1.920000000e+01 1.920000000e+01 0.000000000e+00 0.000000000e+00 0.000000000e+00 -1.091970458e-06 1.000000000e-01 1.000000000e-01 1.091970455e-06 
d 1.940000000e+01 1.940000000e+01 0.000000000e+00 0.000000000e+00 0.000000000e+00 -1.115143631e-06 1.000000000e-01 1.000000000e-01 1.115143628e-06 
d 1.960000000e+01 1.960000000e+01 0.000000000e+00 0.000000000e+00 0.000000000e+00 -1.138624406e-06 1.000000000e-01 1.000000000e-01 1.138624404e-06 
d 1.980000000e+01 1.980000000e+01 0.000000000e+00 0.000000000e+00 0.000000000e+00 -1.162411916e-06 1.000000000e-01 1.000000000e-01 1.162411914e-06 
d 2.000000000e+01 2.000000000e+01 0.000000000e+00 0.000000000e+00 0.000000000e+00 -1.186505172e-06 1.000000000e-01 1.000000000e-01 1.186505169e-06 
