v ATLAS
# This file was created by ATLAS version 5.24.1.R on Sun Apr 26 19:47:41 2020.
#SSF 2.0 generic
##############################################################################
#                    Copyright (c) 1984 - 2017                               #
#                    Silvaco Inc. All rights reserved                        #
#                                                                            #
# This file format and the following Key are copyright Silvaco Inc.          #
# You may not use, this format or key without reproducing this message in    #
# full and obtaining express written permission from Silvaco Inc.            #
#                                                                            #
# To obtain such permission please contact: Silvaco Inc.                     #
#                                           support@silvaco.com              #
#                                                                            #
# KEY=SVC86hn7562asdx                       PROD=345                         #
##############################################################################
y 3 700 711 15
z 70 1e+41 300
f 3 "gate" "source" "drain" 
p 9 2 601 20 3 602 21 4 603 22 
d 2.000000000e-01 2.000000000e-01 0.000000000e+00 0.000000000e+00 0.000000000e+00 -2.818015709e-09 1.000000000e-01 1.000000000e-01 2.818015731e-09 
d 4.000000000e-01 4.000000000e-01 0.000000000e+00 0.000000000e+00 0.000000000e+00 -4.599404671e-09 1.000000000e-01 1.000000000e-01 4.599404689e-09 
d 6.000000000e-01 6.000000000e-01 0.000000000e+00 0.000000000e+00 0.000000000e+00 -6.575074687e-09 1.000000000e-01 1.000000000e-01 6.575074683e-09 
d 8.000000000e-01 8.000000000e-01 0.000000000e+00 0.000000000e+00 0.000000000e+00 -8.657583909e-09 1.000000000e-01 1.000000000e-01 8.657583913e-09 
d 1.000000000e+00 1.000000000e+00 0.000000000e+00 0.000000000e+00 0.000000000e+00 -1.081327486e-08 1.000000000e-01 1.000000000e-01 1.081327472e-08 
d 1.200000000e+00 1.200000000e+00 0.000000000e+00 0.000000000e+00 0.000000000e+00 -1.303195381e-08 1.000000000e-01 1.000000000e-01 1.303195369e-08 
d 1.400000000e+00 1.400000000e+00 0.000000000e+00 0.000000000e+00 0.000000000e+00 -1.531309327e-08 1.000000000e-01 1.000000000e-01 1.531309321e-08 
d 1.600000000e+00 1.600000000e+00 0.000000000e+00 0.000000000e+00 0.000000000e+00 -1.765968210e-08 1.000000000e-01 1.000000000e-01 1.765968210e-08 
d 1.800000000e+00 1.800000000e+00 0.000000000e+00 0.000000000e+00 0.000000000e+00 -2.007537268e-08 1.000000000e-01 1.000000000e-01 2.007537268e-08 
d 2.000000000e+00 2.000000000e+00 0.000000000e+00 0.000000000e+00 0.000000000e+00 -2.256315838e-08 1.000000000e-01 1.000000000e-01 2.256315838e-08 
d 2.200000000e+00 2.200000000e+00 0.000000000e+00 0.000000000e+00 0.000000000e+00 -2.512483617e-08 1.000000000e-01 1.000000000e-01 2.512483617e-08 
d 2.400000000e+00 2.400000000e+00 0.000000000e+00 0.000000000e+00 0.000000000e+00 -2.776721849e-08 1.000000000e-01 1.000000000e-01 2.776090084e-08 
d 2.600000000e+00 2.600000000e+00 0.000000000e+00 0.000000000e+00 0.000000000e+00 -3.047458620e-08 1.000000000e-01 1.000000000e-01 3.047070125e-08 
d 2.800000000e+00 2.800000000e+00 0.000000000e+00 0.000000000e+00 0.000000000e+00 -3.325510636e-08 1.000000000e-01 1.000000000e-01 3.325269149e-08 
d 3.000000000e+00 3.000000000e+00 0.000000000e+00 0.000000000e+00 0.000000000e+00 -3.610625876e-08 1.000000000e-01 1.000000000e-01 3.610473842e-08 
d 3.200000000e+00 3.200000000e+00 0.000000000e+00 0.000000000e+00 0.000000000e+00 -3.902538178e-08 1.000000000e-01 1.000000000e-01 3.902441059e-08 
d 3.400000000e+00 3.400000000e+00 0.000000000e+00 0.000000000e+00 0.000000000e+00 -4.200984905e-08 1.000000000e-01 1.000000000e-01 4.200921818e-08 
d 3.600000000e+00 3.600000000e+00 0.000000000e+00 0.000000000e+00 0.000000000e+00 -4.505721072e-08 1.000000000e-01 1.000000000e-01 4.505679295e-08 
d 3.800000000e+00 3.800000000e+00 0.000000000e+00 0.000000000e+00 0.000000000e+00 -4.816529248e-08 1.000000000e-01 1.000000000e-01 4.816500977e-08 
d 4.000000000e+00 4.000000000e+00 0.000000000e+00 0.000000000e+00 0.000000000e+00 -5.133225434e-08 1.000000000e-01 1.000000000e-01 5.133205841e-08 
d 4.200000000e+00 4.200000000e+00 0.000000000e+00 0.000000000e+00 0.000000000e+00 -5.455661601e-08 1.000000000e-01 1.000000000e-01 5.455647665e-08 
d 4.400000000e+00 4.400000000e+00 0.000000000e+00 0.000000000e+00 0.000000000e+00 -5.783725849e-08 1.000000000e-01 1.000000000e-01 5.783715658e-08 
d 4.600000000e+00 4.600000000e+00 0.000000000e+00 0.000000000e+00 0.000000000e+00 -6.117340944e-08 1.000000000e-01 1.000000000e-01 6.117333276e-08 
d 4.800000000e+00 4.800000000e+00 0.000000000e+00 0.000000000e+00 0.000000000e+00 -6.456461957e-08 1.000000000e-01 1.000000000e-01 6.456456018e-08 
d 5.000000000e+00 5.000000000e+00 0.000000000e+00 0.000000000e+00 0.000000000e+00 -6.801073447e-08 1.000000000e-01 1.000000000e-01 6.801068714e-08 
d 5.200000000e+00 5.200000000e+00 0.000000000e+00 0.000000000e+00 0.000000000e+00 -7.151186526e-08 1.000000000e-01 1.000000000e-01 7.151182647e-08 
d 5.400000000e+00 5.400000000e+00 0.000000000e+00 0.000000000e+00 0.000000000e+00 -7.506836000e-08 1.000000000e-01 1.000000000e-01 7.506832737e-08 
d 5.600000000e+00 5.600000000e+00 0.000000000e+00 0.000000000e+00 0.000000000e+00 -7.868077728e-08 1.000000000e-01 1.000000000e-01 7.868074917e-08 
d 5.800000000e+00 5.800000000e+00 0.000000000e+00 0.000000000e+00 0.000000000e+00 -8.234986231e-08 1.000000000e-01 1.000000000e-01 8.234983752e-08 
d 6.000000000e+00 6.000000000e+00 0.000000000e+00 0.000000000e+00 0.000000000e+00 -8.607652547e-08 1.000000000e-01 1.000000000e-01 8.607650323e-08 
d 6.200000000e+00 6.200000000e+00 0.000000000e+00 0.000000000e+00 0.000000000e+00 -8.986182403e-08 1.000000000e-01 1.000000000e-01 8.986180372e-08 
d 6.400000000e+00 6.400000000e+00 0.000000000e+00 0.000000000e+00 0.000000000e+00 -9.370694574e-08 1.000000000e-01 1.000000000e-01 9.370692689e-08 
d 6.600000000e+00 6.600000000e+00 0.000000000e+00 0.000000000e+00 0.000000000e+00 -9.761319517e-08 1.000000000e-01 1.000000000e-01 9.761317750e-08 
d 6.800000000e+00 6.800000000e+00 0.000000000e+00 0.000000000e+00 0.000000000e+00 -1.015819815e-07 1.000000000e-01 1.000000000e-01 1.015819647e-07 
d 7.000000000e+00 7.000000000e+00 0.000000000e+00 0.000000000e+00 0.000000000e+00 -1.056148080e-07 1.000000000e-01 1.000000000e-01 1.056147920e-07 
d 7.200000000e+00 7.200000000e+00 0.000000000e+00 0.000000000e+00 0.000000000e+00 -1.097132638e-07 1.000000000e-01 1.000000000e-01 1.097132483e-07 
d 7.400000000e+00 7.400000000e+00 0.000000000e+00 0.000000000e+00 0.000000000e+00 -1.138790150e-07 1.000000000e-01 1.000000000e-01 1.138790000e-07 
d 7.600000000e+00 7.600000000e+00 0.000000000e+00 0.000000000e+00 0.000000000e+00 -1.181137985e-07 1.000000000e-01 1.000000000e-01 1.181137840e-07 
d 7.800000000e+00 7.800000000e+00 0.000000000e+00 0.000000000e+00 0.000000000e+00 -1.224194161e-07 1.000000000e-01 1.000000000e-01 1.224194019e-07 
d 8.000000000e+00 8.000000000e+00 0.000000000e+00 0.000000000e+00 0.000000000e+00 -1.267977283e-07 1.000000000e-01 1.000000000e-01 1.267977144e-07 
d 8.200000000e+00 8.200000000e+00 0.000000000e+00 0.000000000e+00 0.000000000e+00 -1.312506501e-07 1.000000000e-01 1.000000000e-01 1.312506364e-07 
d 8.400000000e+00 8.400000000e+00 0.000000000e+00 0.000000000e+00 0.000000000e+00 -1.357801462e-07 1.000000000e-01 1.000000000e-01 1.357801328e-07 
d 8.600000000e+00 8.600000000e+00 0.000000000e+00 0.000000000e+00 0.000000000e+00 -1.403882266e-07 1.000000000e-01 1.000000000e-01 1.403882134e-07 
d 8.800000000e+00 8.800000000e+00 0.000000000e+00 0.000000000e+00 0.000000000e+00 -1.450769428e-07 1.000000000e-01 1.000000000e-01 1.450769298e-07 
d 9.000000000e+00 9.000000000e+00 0.000000000e+00 0.000000000e+00 0.000000000e+00 -1.498483839e-07 1.000000000e-01 1.000000000e-01 1.498483711e-07 
d 9.200000000e+00 9.200000000e+00 0.000000000e+00 0.000000000e+00 0.000000000e+00 -1.547046730e-07 1.000000000e-01 1.000000000e-01 1.547046604e-07 
d 9.400000000e+00 9.400000000e+00 0.000000000e+00 0.000000000e+00 0.000000000e+00 -1.596479630e-07 1.000000000e-01 1.000000000e-01 1.596479506e-07 
d 9.600000000e+00 9.600000000e+00 0.000000000e+00 0.000000000e+00 0.000000000e+00 -1.646804337e-07 1.000000000e-01 1.000000000e-01 1.646804214e-07 
d 9.800000000e+00 9.800000000e+00 0.000000000e+00 0.000000000e+00 0.000000000e+00 -1.698042873e-07 1.000000000e-01 1.000000000e-01 1.698042752e-07 
d 1.000000000e+01 1.000000000e+01 0.000000000e+00 0.000000000e+00 0.000000000e+00 -1.750217454e-07 1.000000000e-01 1.000000000e-01 1.750217335e-07 
d 1.020000000e+01 1.020000000e+01 0.000000000e+00 0.000000000e+00 0.000000000e+00 -1.803350449e-07 1.000000000e-01 1.000000000e-01 1.803350332e-07 
d 1.040000000e+01 1.040000000e+01 0.000000000e+00 0.000000000e+00 0.000000000e+00 -1.857464342e-07 1.000000000e-01 1.000000000e-01 1.857464228e-07 
d 1.060000000e+01 1.060000000e+01 0.000000000e+00 0.000000000e+00 0.000000000e+00 -1.912581696e-07 1.000000000e-01 1.000000000e-01 1.912581584e-07 
d 1.080000000e+01 1.080000000e+01 0.000000000e+00 0.000000000e+00 0.000000000e+00 -1.968725110e-07 1.000000000e-01 1.000000000e-01 1.968724999e-07 
d 1.100000000e+01 1.100000000e+01 0.000000000e+00 0.000000000e+00 0.000000000e+00 -2.025917179e-07 1.000000000e-01 1.000000000e-01 2.025917070e-07 
d 1.120000000e+01 1.120000000e+01 0.000000000e+00 0.000000000e+00 0.000000000e+00 -2.084180458e-07 1.000000000e-01 1.000000000e-01 2.084180352e-07 
d 1.140000000e+01 1.140000000e+01 0.000000000e+00 0.000000000e+00 0.000000000e+00 -2.143537417e-07 1.000000000e-01 1.000000000e-01 2.143537313e-07 
d 1.160000000e+01 1.160000000e+01 0.000000000e+00 0.000000000e+00 0.000000000e+00 -2.204010399e-07 1.000000000e-01 1.000000000e-01 2.204010297e-07 
d 1.180000000e+01 1.180000000e+01 0.000000000e+00 0.000000000e+00 0.000000000e+00 -2.265621581e-07 1.000000000e-01 1.000000000e-01 2.265621481e-07 
d 1.200000000e+01 1.200000000e+01 0.000000000e+00 0.000000000e+00 0.000000000e+00 -2.328392926e-07 1.000000000e-01 1.000000000e-01 2.328392829e-07 
d 1.220000000e+01 1.220000000e+01 0.000000000e+00 0.000000000e+00 0.000000000e+00 -2.392346149e-07 1.000000000e-01 1.000000000e-01 2.392346055e-07 
d 1.240000000e+01 1.240000000e+01 0.000000000e+00 0.000000000e+00 0.000000000e+00 -2.457502669e-07 1.000000000e-01 1.000000000e-01 2.457502576e-07 
d 1.260000000e+01 1.260000000e+01 0.000000000e+00 0.000000000e+00 0.000000000e+00 -2.523883566e-07 1.000000000e-01 1.000000000e-01 2.523883477e-07 
d 1.280000000e+01 1.280000000e+01 0.000000000e+00 0.000000000e+00 0.000000000e+00 -2.591509547e-07 1.000000000e-01 1.000000000e-01 2.591509459e-07 
d 1.300000000e+01 1.300000000e+01 0.000000000e+00 0.000000000e+00 0.000000000e+00 -2.660400896e-07 1.000000000e-01 1.000000000e-01 2.660400812e-07 
d 1.320000000e+01 1.320000000e+01 0.000000000e+00 0.000000000e+00 0.000000000e+00 -2.730577444e-07 1.000000000e-01 1.000000000e-01 2.730577362e-07 
d 1.340000000e+01 1.340000000e+01 0.000000000e+00 0.000000000e+00 0.000000000e+00 -2.802058522e-07 1.000000000e-01 1.000000000e-01 2.802058443e-07 
d 1.360000000e+01 1.360000000e+01 0.000000000e+00 0.000000000e+00 0.000000000e+00 -2.874862929e-07 1.000000000e-01 1.000000000e-01 2.874862852e-07 
d 1.380000000e+01 1.380000000e+01 0.000000000e+00 0.000000000e+00 0.000000000e+00 -2.949008895e-07 1.000000000e-01 1.000000000e-01 2.949008820e-07 
d 1.400000000e+01 1.400000000e+01 0.000000000e+00 0.000000000e+00 0.000000000e+00 -3.024514045e-07 1.000000000e-01 1.000000000e-01 3.024513974e-07 
d 1.420000000e+01 1.420000000e+01 0.000000000e+00 0.000000000e+00 0.000000000e+00 -3.101395373e-07 1.000000000e-01 1.000000000e-01 3.101395304e-07 
d 1.440000000e+01 1.440000000e+01 0.000000000e+00 0.000000000e+00 0.000000000e+00 -3.179669204e-07 1.000000000e-01 1.000000000e-01 3.179669137e-07 
d 1.460000000e+01 1.460000000e+01 0.000000000e+00 0.000000000e+00 0.000000000e+00 -3.259351172e-07 1.000000000e-01 1.000000000e-01 3.259351107e-07 
d 1.480000000e+01 1.480000000e+01 0.000000000e+00 0.000000000e+00 0.000000000e+00 -3.340456191e-07 1.000000000e-01 1.000000000e-01 3.340456129e-07 
d 1.500000000e+01 1.500000000e+01 0.000000000e+00 0.000000000e+00 0.000000000e+00 -3.422998436e-07 1.000000000e-01 1.000000000e-01 3.422998376e-07 
d 1.520000000e+01 1.520000000e+01 0.000000000e+00 0.000000000e+00 0.000000000e+00 -3.506991318e-07 1.000000000e-01 1.000000000e-01 3.506991260e-07 
d 1.540000000e+01 1.540000000e+01 0.000000000e+00 0.000000000e+00 0.000000000e+00 -3.592447466e-07 1.000000000e-01 1.000000000e-01 3.592447411e-07 
d 1.560000000e+01 1.560000000e+01 0.000000000e+00 0.000000000e+00 0.000000000e+00 -3.679378718e-07 1.000000000e-01 1.000000000e-01 3.679378665e-07 
d 1.580000000e+01 1.580000000e+01 0.000000000e+00 0.000000000e+00 0.000000000e+00 -3.767796099e-07 1.000000000e-01 1.000000000e-01 3.767796049e-07 
d 1.600000000e+01 1.600000000e+01 0.000000000e+00 0.000000000e+00 0.000000000e+00 -3.857709820e-07 1.000000000e-01 1.000000000e-01 3.857709771e-07 
d 1.620000000e+01 1.620000000e+01 0.000000000e+00 0.000000000e+00 0.000000000e+00 -3.949129261e-07 1.000000000e-01 1.000000000e-01 3.949129214e-07 
d 1.640000000e+01 1.640000000e+01 0.000000000e+00 0.000000000e+00 0.000000000e+00 -4.042062975e-07 1.000000000e-01 1.000000000e-01 4.042062930e-07 
d 1.660000000e+01 1.660000000e+01 0.000000000e+00 0.000000000e+00 0.000000000e+00 -4.136518680e-07 1.000000000e-01 1.000000000e-01 4.136518637e-07 
d 1.680000000e+01 1.680000000e+01 0.000000000e+00 0.000000000e+00 0.000000000e+00 -4.232503261e-07 1.000000000e-01 1.000000000e-01 4.232503219e-07 
d 1.700000000e+01 1.700000000e+01 0.000000000e+00 0.000000000e+00 0.000000000e+00 -4.330022771e-07 1.000000000e-01 1.000000000e-01 4.330022732e-07 
d 1.720000000e+01 1.720000000e+01 0.000000000e+00 0.000000000e+00 0.000000000e+00 -4.429082440e-07 1.000000000e-01 1.000000000e-01 4.429082402e-07 
d 1.740000000e+01 1.740000000e+01 0.000000000e+00 0.000000000e+00 0.000000000e+00 -4.529686677e-07 1.000000000e-01 1.000000000e-01 4.529686640e-07 
d 1.760000000e+01 1.760000000e+01 0.000000000e+00 0.000000000e+00 0.000000000e+00 -4.631839080e-07 1.000000000e-01 1.000000000e-01 4.631839045e-07 
d 1.780000000e+01 1.780000000e+01 0.000000000e+00 0.000000000e+00 0.000000000e+00 -4.735542449e-07 1.000000000e-01 1.000000000e-01 4.735542416e-07 
d 1.800000000e+01 1.800000000e+01 0.000000000e+00 0.000000000e+00 0.000000000e+00 -4.840798798e-07 1.000000000e-01 1.000000000e-01 4.840798766e-07 
d 1.820000000e+01 1.820000000e+01 0.000000000e+00 0.000000000e+00 0.000000000e+00 -4.947609368e-07 1.000000000e-01 1.000000000e-01 4.947609338e-07 
d 1.840000000e+01 1.840000000e+01 0.000000000e+00 0.000000000e+00 0.000000000e+00 -5.055974646e-07 1.000000000e-01 1.000000000e-01 5.055974617e-07 
d 1.860000000e+01 1.860000000e+01 0.000000000e+00 0.000000000e+00 0.000000000e+00 -5.165894377e-07 1.000000000e-01 1.000000000e-01 5.165894349e-07 
d 1.880000000e+01 1.880000000e+01 0.000000000e+00 0.000000000e+00 0.000000000e+00 -5.277367588e-07 1.000000000e-01 1.000000000e-01 5.277367561e-07 
d 1.900000000e+01 1.900000000e+01 0.000000000e+00 0.000000000e+00 0.000000000e+00 -5.390392604e-07 1.000000000e-01 1.000000000e-01 5.390392579e-07 
d 1.920000000e+01 1.920000000e+01 0.000000000e+00 0.000000000e+00 0.000000000e+00 -5.504967072e-07 1.000000000e-01 1.000000000e-01 5.504967048e-07 
d 1.940000000e+01 1.940000000e+01 0.000000000e+00 0.000000000e+00 0.000000000e+00 -5.621087980e-07 1.000000000e-01 1.000000000e-01 5.621087957e-07 
d 1.960000000e+01 1.960000000e+01 0.000000000e+00 0.000000000e+00 0.000000000e+00 -5.738751677e-07 1.000000000e-01 1.000000000e-01 5.738751655e-07 
d 1.980000000e+01 1.980000000e+01 0.000000000e+00 0.000000000e+00 0.000000000e+00 -5.857953901e-07 1.000000000e-01 1.000000000e-01 5.857953880e-07 
d 2.000000000e+01 2.000000000e+01 0.000000000e+00 0.000000000e+00 0.000000000e+00 -5.978689799e-07 1.000000000e-01 1.000000000e-01 5.978689778e-07 
