v ATLAS
# This file was created by ATLAS version 5.24.1.R on Sun Apr 26 19:03:59 2020.
#SSF 2.0 generic
##############################################################################
#                    Copyright (c) 1984 - 2017                               #
#                    Silvaco Inc. All rights reserved                        #
#                                                                            #
# This file format and the following Key are copyright Silvaco Inc.          #
# You may not use, this format or key without reproducing this message in    #
# full and obtaining express written permission from Silvaco Inc.            #
#                                                                            #
# To obtain such permission please contact: Silvaco Inc.                     #
#                                           support@silvaco.com              #
#                                                                            #
# KEY=SVC86hn7562asdx                       PROD=345                         #
##############################################################################
y 3 700 711 15
z 70 1e+41 300
f 3 "gate" "source" "drain" 
p 9 2 601 20 3 602 21 4 603 22 
d 0.000000000e+00 0.000000000e+00 0.000000000e+00 0.000000000e+00 0.000000000e+00 -1.411629903e-09 1.000000000e-01 1.000000000e-01 1.411629912e-09 
d -1.000000000e-01 -1.000000000e-01 0.000000000e+00 0.000000000e+00 0.000000000e+00 -9.137107319e-10 1.000000000e-01 1.000000000e-01 9.137107273e-10 
d -2.000000000e-01 -2.000000000e-01 0.000000000e+00 0.000000000e+00 0.000000000e+00 -5.568873085e-10 1.000000000e-01 1.000000000e-01 5.568872844e-10 
d -3.000000000e-01 -3.000000000e-01 0.000000000e+00 0.000000000e+00 0.000000000e+00 -3.152977261e-10 1.000000000e-01 1.000000000e-01 3.152977312e-10 
d -4.000000000e-01 -4.000000000e-01 0.000000000e+00 0.000000000e+00 0.000000000e+00 -1.569214261e-10 1.000000000e-01 1.000000000e-01 1.569214136e-10 
d -5.000000000e-01 -5.000000000e-01 0.000000000e+00 0.000000000e+00 0.000000000e+00 -5.948319336e-11 1.000000000e-01 1.000000000e-01 5.948318643e-11 
d -6.000000000e-01 -6.000000000e-01 0.000000000e+00 0.000000000e+00 0.000000000e+00 -1.461841208e-11 1.000000000e-01 1.000000000e-01 1.461841804e-11 
d -7.000000000e-01 -7.000000000e-01 0.000000000e+00 0.000000000e+00 0.000000000e+00 -3.174290851e-12 1.000000000e-01 1.000000000e-01 3.174299131e-12 
d -8.000000000e-01 -8.000000000e-01 0.000000000e+00 0.000000000e+00 0.000000000e+00 -6.284908850e-13 1.000000000e-01 1.000000000e-01 6.284891006e-13 
d -9.000000000e-01 -9.000000000e-01 0.000000000e+00 0.000000000e+00 0.000000000e+00 -6.742564040e-14 1.000000000e-01 1.000000000e-01 6.743558831e-14 
d -1.000000000e+00 -1.000000000e+00 0.000000000e+00 0.000000000e+00 0.000000000e+00 -6.770131646e-15 1.000000000e-01 1.000000000e-01 6.765214723e-15 
d -1.100000000e+00 -1.100000000e+00 0.000000000e+00 0.000000000e+00 0.000000000e+00 -4.529593585e-16 1.000000000e-01 1.000000000e-01 4.459118804e-16 
d -1.200000000e+00 -1.200000000e+00 0.000000000e+00 0.000000000e+00 0.000000000e+00 -4.113897391e-17 1.000000000e-01 1.000000000e-01 2.269442717e-17 
d -1.300000000e+00 -1.300000000e+00 0.000000000e+00 0.000000000e+00 0.000000000e+00 6.978766307e-18 1.000000000e-01 1.000000000e-01 -1.461028248e-17 
d -1.400000000e+00 -1.400000000e+00 0.000000000e+00 0.000000000e+00 0.000000000e+00 -2.862364322e-18 1.000000000e-01 1.000000000e-01 1.590453146e-18 
d -1.500000000e+00 -1.500000000e+00 0.000000000e+00 0.000000000e+00 0.000000000e+00 -1.399102462e-17 1.000000000e-01 1.000000000e-01 2.543835538e-18 
d -1.600000000e+00 -1.600000000e+00 0.000000000e+00 0.000000000e+00 0.000000000e+00 2.543819398e-18 1.000000000e-01 1.000000000e-01 -8.267413927e-18 
d -1.700000000e+00 -1.700000000e+00 0.000000000e+00 0.000000000e+00 0.000000000e+00 1.907864833e-18 1.000000000e-01 1.000000000e-01 1.907864852e-18 
d -1.800000000e+00 -1.800000000e+00 0.000000000e+00 0.000000000e+00 0.000000000e+00 -6.677526949e-18 1.000000000e-01 1.000000000e-01 6.995504423e-18 
d -1.900000000e+00 -1.900000000e+00 0.000000000e+00 0.000000000e+00 0.000000000e+00 3.497752212e-18 1.000000000e-01 1.000000000e-01 -8.585391792e-18 
d -2.000000000e+00 -2.000000000e+00 0.000000000e+00 0.000000000e+00 0.000000000e+00 -5.405617054e-18 1.000000000e-01 1.000000000e-01 -1.621685116e-17 
d -2.100000000e+00 -2.100000000e+00 0.000000000e+00 0.000000000e+00 0.000000000e+00 -6.677526949e-18 1.000000000e-01 1.000000000e-01 -9.539324213e-19 
d -2.200000000e+00 -2.200000000e+00 0.000000000e+00 0.000000000e+00 0.000000000e+00 -2.861797264e-18 1.000000000e-01 1.000000000e-01 -8.903369266e-18 
d -2.300000000e+00 -2.300000000e+00 0.000000000e+00 0.000000000e+00 0.000000000e+00 3.179774738e-19 1.000000000e-01 1.000000000e-01 3.179774738e-19 
d -2.400000000e+00 -2.400000000e+00 0.000000000e+00 0.000000000e+00 0.000000000e+00 -1.335505390e-17 1.000000000e-01 1.000000000e-01 3.179774738e-18 
d -2.500000000e+00 -2.500000000e+00 0.000000000e+00 0.000000000e+00 0.000000000e+00 -1.462696379e-17 1.000000000e-01 1.000000000e-01 -2.225842316e-18 
d -2.600000000e+00 -2.600000000e+00 0.000000000e+00 0.000000000e+00 0.000000000e+00 6.359549475e-18 1.000000000e-01 1.000000000e-01 4.769662107e-18 
d -2.700000000e+00 -2.700000000e+00 0.000000000e+00 0.000000000e+00 0.000000000e+00 9.857301687e-18 1.000000000e-01 1.000000000e-01 -1.017527916e-17 
d -2.800000000e+00 -2.800000000e+00 0.000000000e+00 0.000000000e+00 0.000000000e+00 -3.278347755e-16 1.000000000e-01 1.000000000e-01 -3.157516315e-16 
d -2.850000000e+00 -2.850000000e+00 0.000000000e+00 0.000000000e+00 0.000000000e+00 -1.653482864e-17 1.000000000e-01 1.000000000e-01 -1.399100885e-17 
d -2.875000000e+00 -2.875000000e+00 0.000000000e+00 0.000000000e+00 0.000000000e+00 -3.949280224e-16 1.000000000e-01 1.000000000e-01 -4.006516170e-16 
d -2.900000000e+00 -2.900000000e+00 0.000000000e+00 0.000000000e+00 0.000000000e+00 -2.632853483e-16 1.000000000e-01 1.000000000e-01 -2.632853483e-16 
d -3.000000000e+00 -3.000000000e+00 0.000000000e+00 0.000000000e+00 0.000000000e+00 -2.861797264e-18 1.000000000e-01 1.000000000e-01 8.903369266e-18 
d -3.050000000e+00 -3.050000000e+00 0.000000000e+00 0.000000000e+00 0.000000000e+00 -3.618583652e-16 1.000000000e-01 1.000000000e-01 -3.596325228e-16 
d -3.100000000e+00 -3.100000000e+00 0.000000000e+00 0.000000000e+00 0.000000000e+00 -1.349814376e-15 1.000000000e-01 1.000000000e-01 -1.317380674e-15 
d -3.200000000e+00 -3.200000000e+00 0.000000000e+00 0.000000000e+00 0.000000000e+00 -2.422988350e-16 1.000000000e-01 1.000000000e-01 -2.527920917e-16 
d -3.300000000e+00 -3.300000000e+00 0.000000000e+00 0.000000000e+00 0.000000000e+00 -6.264156233e-17 1.000000000e-01 1.000000000e-01 -6.264156233e-17 
d -3.400000000e+00 -3.400000000e+00 0.000000000e+00 0.000000000e+00 0.000000000e+00 -4.935010393e-16 1.000000000e-01 1.000000000e-01 -5.122617103e-16 
d -3.500000000e+00 -3.500000000e+00 0.000000000e+00 0.000000000e+00 0.000000000e+00 -4.578875622e-17 1.000000000e-01 1.000000000e-01 -7.663257118e-17 
d -3.600000000e+00 -3.600000000e+00 0.000000000e+00 0.000000000e+00 0.000000000e+00 -3.147976990e-17 1.000000000e-01 1.000000000e-01 -2.257640064e-17 
d -3.700000000e+00 -3.700000000e+00 0.000000000e+00 0.000000000e+00 0.000000000e+00 -1.271909895e-17 1.000000000e-01 1.000000000e-01 -2.734606274e-17 
d -3.800000000e+00 -3.800000000e+00 0.000000000e+00 0.000000000e+00 0.000000000e+00 -1.717078358e-17 1.000000000e-01 1.000000000e-01 -2.353033306e-17 
d -3.900000000e+00 -3.900000000e+00 0.000000000e+00 0.000000000e+00 0.000000000e+00 -1.348224489e-16 1.000000000e-01 1.000000000e-01 -1.338685165e-16 
d -4.000000000e+00 -4.000000000e+00 0.000000000e+00 0.000000000e+00 0.000000000e+00 -9.539324213e-18 1.000000000e-01 1.000000000e-01 2.225842316e-18 
d -4.100000000e+00 -4.100000000e+00 0.000000000e+00 0.000000000e+00 0.000000000e+00 -3.052583748e-17 1.000000000e-01 1.000000000e-01 -3.815729685e-17 
d -4.200000000e+00 -4.200000000e+00 0.000000000e+00 0.000000000e+00 0.000000000e+00 -7.631459371e-18 1.000000000e-01 1.000000000e-01 -1.748876106e-17 
d -4.300000000e+00 -4.300000000e+00 0.000000000e+00 0.000000000e+00 0.000000000e+00 -2.480224295e-17 1.000000000e-01 1.000000000e-01 -3.370561222e-17 
d -4.400000000e+00 -4.400000000e+00 0.000000000e+00 0.000000000e+00 0.000000000e+00 -1.332325615e-16 1.000000000e-01 1.000000000e-01 -1.488134577e-16 
d -4.500000000e+00 -4.500000000e+00 0.000000000e+00 0.000000000e+00 0.000000000e+00 -1.303707642e-17 1.000000000e-01 1.000000000e-01 -6.359549475e-19 
d -4.600000000e+00 -4.600000000e+00 0.000000000e+00 0.000000000e+00 0.000000000e+00 6.359549475e-19 1.000000000e-01 1.000000000e-01 -5.723594528e-18 
d -4.700000000e+00 -4.700000000e+00 0.000000000e+00 0.000000000e+00 0.000000000e+00 6.359549475e-19 1.000000000e-01 1.000000000e-01 8.903369266e-18 
d -4.800000000e+00 -4.800000000e+00 0.000000000e+00 0.000000000e+00 0.000000000e+00 3.497752212e-18 1.000000000e-01 1.000000000e-01 3.179774738e-19 
d -4.900000000e+00 -4.900000000e+00 0.000000000e+00 0.000000000e+00 0.000000000e+00 8.267414318e-18 1.000000000e-01 1.000000000e-01 -8.903369266e-18 
d -5.000000000e+00 -5.000000000e+00 0.000000000e+00 0.000000000e+00 0.000000000e+00 -1.939662590e-17 1.000000000e-01 1.000000000e-01 -1.112921158e-17 
