v ATLAS
# This file was created by ATLAS version 5.24.1.R on Sun Apr 26 18:48:29 2020.
#SSF 2.0 generic
##############################################################################
#                    Copyright (c) 1984 - 2017                               #
#                    Silvaco Inc. All rights reserved                        #
#                                                                            #
# This file format and the following Key are copyright Silvaco Inc.          #
# You may not use, this format or key without reproducing this message in    #
# full and obtaining express written permission from Silvaco Inc.            #
#                                                                            #
# To obtain such permission please contact: Silvaco Inc.                     #
#                                           support@silvaco.com              #
#                                                                            #
# KEY=SVC86hn7562asdx                       PROD=345                         #
##############################################################################
y 3 700 711 15
z 40 1e+41 300
f 3 "gate" "source" "drain" 
p 9 2 601 20 3 602 21 4 603 22 
d 2.000000000e-01 2.000000000e-01 0.000000000e+00 0.000000000e+00 0.000000000e+00 -5.651707752e-09 1.000000000e-01 1.000000000e-01 5.651707758e-09 
d 4.000000000e-01 4.000000000e-01 0.000000000e+00 0.000000000e+00 0.000000000e+00 -9.215312433e-09 1.000000000e-01 1.000000000e-01 9.215312437e-09 
d 6.000000000e-01 6.000000000e-01 0.000000000e+00 0.000000000e+00 0.000000000e+00 -1.316407239e-08 1.000000000e-01 1.000000000e-01 1.316407237e-08 
d 8.000000000e-01 8.000000000e-01 0.000000000e+00 0.000000000e+00 0.000000000e+00 -1.732426131e-08 1.000000000e-01 1.000000000e-01 1.732426131e-08 
d 1.000000000e+00 1.000000000e+00 0.000000000e+00 0.000000000e+00 0.000000000e+00 -2.162955675e-08 1.000000000e-01 1.000000000e-01 2.162955662e-08 
d 1.200000000e+00 1.200000000e+00 0.000000000e+00 0.000000000e+00 0.000000000e+00 -2.606022181e-08 1.000000000e-01 1.000000000e-01 2.606022166e-08 
d 1.400000000e+00 1.400000000e+00 0.000000000e+00 0.000000000e+00 0.000000000e+00 -3.061559100e-08 1.000000000e-01 1.000000000e-01 3.061559090e-08 
d 1.600000000e+00 1.600000000e+00 0.000000000e+00 0.000000000e+00 0.000000000e+00 -3.530186856e-08 1.000000000e-01 1.000000000e-01 3.530186855e-08 
d 1.800000000e+00 1.800000000e+00 0.000000000e+00 0.000000000e+00 0.000000000e+00 -4.012649106e-08 1.000000000e-01 1.000000000e-01 4.012649107e-08 
d 2.000000000e+00 2.000000000e+00 0.000000000e+00 0.000000000e+00 0.000000000e+00 -4.509552204e-08 1.000000000e-01 1.000000000e-01 4.509552206e-08 
d 2.200000000e+00 2.200000000e+00 0.000000000e+00 0.000000000e+00 0.000000000e+00 -5.021259913e-08 1.000000000e-01 1.000000000e-01 5.021259909e-08 
d 2.400000000e+00 2.400000000e+00 0.000000000e+00 0.000000000e+00 0.000000000e+00 -5.548515695e-08 1.000000000e-01 1.000000000e-01 5.547873818e-08 
d 2.600000000e+00 2.600000000e+00 0.000000000e+00 0.000000000e+00 0.000000000e+00 -6.089658814e-08 1.000000000e-01 1.000000000e-01 6.089263854e-08 
d 2.800000000e+00 2.800000000e+00 0.000000000e+00 0.000000000e+00 0.000000000e+00 -6.645366019e-08 1.000000000e-01 1.000000000e-01 6.645120397e-08 
d 3.000000000e+00 3.000000000e+00 0.000000000e+00 0.000000000e+00 0.000000000e+00 -7.215170343e-08 1.000000000e-01 1.000000000e-01 7.215015647e-08 
d 3.200000000e+00 3.200000000e+00 0.000000000e+00 0.000000000e+00 0.000000000e+00 -7.798560372e-08 1.000000000e-01 1.000000000e-01 7.798461530e-08 
d 3.400000000e+00 3.400000000e+00 0.000000000e+00 0.000000000e+00 0.000000000e+00 -8.395022040e-08 1.000000000e-01 1.000000000e-01 8.394957823e-08 
d 3.600000000e+00 3.600000000e+00 0.000000000e+00 0.000000000e+00 0.000000000e+00 -9.004070900e-08 1.000000000e-01 1.000000000e-01 9.004028374e-08 
d 3.800000000e+00 3.800000000e+00 0.000000000e+00 0.000000000e+00 0.000000000e+00 -9.625274321e-08 1.000000000e-01 1.000000000e-01 9.625245546e-08 
d 4.000000000e+00 4.000000000e+00 0.000000000e+00 0.000000000e+00 0.000000000e+00 -1.025826462e-07 1.000000000e-01 1.000000000e-01 1.025824468e-07 
d 4.200000000e+00 4.200000000e+00 0.000000000e+00 0.000000000e+00 0.000000000e+00 -1.090274500e-07 1.000000000e-01 1.000000000e-01 1.090273082e-07 
d 4.400000000e+00 4.400000000e+00 0.000000000e+00 0.000000000e+00 0.000000000e+00 -1.155849035e-07 1.000000000e-01 1.000000000e-01 1.155847999e-07 
d 4.600000000e+00 4.600000000e+00 0.000000000e+00 0.000000000e+00 0.000000000e+00 -1.222534465e-07 1.000000000e-01 1.000000000e-01 1.222533685e-07 
d 4.800000000e+00 4.800000000e+00 0.000000000e+00 0.000000000e+00 0.000000000e+00 -1.290321637e-07 1.000000000e-01 1.000000000e-01 1.290321033e-07 
d 5.000000000e+00 5.000000000e+00 0.000000000e+00 0.000000000e+00 0.000000000e+00 -1.359207297e-07 1.000000000e-01 1.000000000e-01 1.359206816e-07 
d 5.200000000e+00 5.200000000e+00 0.000000000e+00 0.000000000e+00 0.000000000e+00 -1.429193507e-07 1.000000000e-01 1.000000000e-01 1.429193113e-07 
d 5.400000000e+00 5.400000000e+00 0.000000000e+00 0.000000000e+00 0.000000000e+00 -1.500287077e-07 1.000000000e-01 1.000000000e-01 1.500286746e-07 
d 5.600000000e+00 5.600000000e+00 0.000000000e+00 0.000000000e+00 0.000000000e+00 -1.572499034e-07 1.000000000e-01 1.000000000e-01 1.572498748e-07 
d 5.800000000e+00 5.800000000e+00 0.000000000e+00 0.000000000e+00 0.000000000e+00 -1.645844144e-07 1.000000000e-01 1.000000000e-01 1.645843893e-07 
d 6.000000000e+00 6.000000000e+00 0.000000000e+00 0.000000000e+00 0.000000000e+00 -1.720340490e-07 1.000000000e-01 1.000000000e-01 1.720340264e-07 
d 6.200000000e+00 6.200000000e+00 0.000000000e+00 0.000000000e+00 0.000000000e+00 -1.796009092e-07 1.000000000e-01 1.000000000e-01 1.796008886e-07 
d 6.400000000e+00 6.400000000e+00 0.000000000e+00 0.000000000e+00 0.000000000e+00 -1.872873592e-07 1.000000000e-01 1.000000000e-01 1.872873400e-07 
d 6.600000000e+00 6.600000000e+00 0.000000000e+00 0.000000000e+00 0.000000000e+00 -1.950959968e-07 1.000000000e-01 1.000000000e-01 1.950959789e-07 
d 6.800000000e+00 6.800000000e+00 0.000000000e+00 0.000000000e+00 0.000000000e+00 -2.030296299e-07 1.000000000e-01 1.000000000e-01 2.030296129e-07 
d 7.000000000e+00 7.000000000e+00 0.000000000e+00 0.000000000e+00 0.000000000e+00 -2.110912550e-07 1.000000000e-01 1.000000000e-01 2.110912387e-07 
d 7.200000000e+00 7.200000000e+00 0.000000000e+00 0.000000000e+00 0.000000000e+00 -2.192840396e-07 1.000000000e-01 1.000000000e-01 2.192840240e-07 
d 7.400000000e+00 7.400000000e+00 0.000000000e+00 0.000000000e+00 0.000000000e+00 -2.276113066e-07 1.000000000e-01 1.000000000e-01 2.276112914e-07 
d 7.600000000e+00 7.600000000e+00 0.000000000e+00 0.000000000e+00 0.000000000e+00 -2.360765201e-07 1.000000000e-01 1.000000000e-01 2.360765053e-07 
d 7.800000000e+00 7.800000000e+00 0.000000000e+00 0.000000000e+00 0.000000000e+00 -2.446832735e-07 1.000000000e-01 1.000000000e-01 2.446832591e-07 
d 8.000000000e+00 8.000000000e+00 0.000000000e+00 0.000000000e+00 0.000000000e+00 -2.534352787e-07 1.000000000e-01 1.000000000e-01 2.534352646e-07 
d 8.200000000e+00 8.200000000e+00 0.000000000e+00 0.000000000e+00 0.000000000e+00 -2.623363558e-07 1.000000000e-01 1.000000000e-01 2.623363420e-07 
d 8.400000000e+00 8.400000000e+00 0.000000000e+00 0.000000000e+00 0.000000000e+00 -2.713904246e-07 1.000000000e-01 1.000000000e-01 2.713904110e-07 
d 8.600000000e+00 8.600000000e+00 0.000000000e+00 0.000000000e+00 0.000000000e+00 -2.806014952e-07 1.000000000e-01 1.000000000e-01 2.806014818e-07 
d 8.800000000e+00 8.800000000e+00 0.000000000e+00 0.000000000e+00 0.000000000e+00 -2.899736609e-07 1.000000000e-01 1.000000000e-01 2.899736477e-07 
d 9.000000000e+00 9.000000000e+00 0.000000000e+00 0.000000000e+00 0.000000000e+00 -2.995110897e-07 1.000000000e-01 1.000000000e-01 2.995110767e-07 
d 9.200000000e+00 9.200000000e+00 0.000000000e+00 0.000000000e+00 0.000000000e+00 -3.092180173e-07 1.000000000e-01 1.000000000e-01 3.092180045e-07 
d 9.400000000e+00 9.400000000e+00 0.000000000e+00 0.000000000e+00 0.000000000e+00 -3.190987394e-07 1.000000000e-01 1.000000000e-01 3.190987268e-07 
d 9.600000000e+00 9.600000000e+00 0.000000000e+00 0.000000000e+00 0.000000000e+00 -3.291576046e-07 1.000000000e-01 1.000000000e-01 3.291575922e-07 
d 9.800000000e+00 9.800000000e+00 0.000000000e+00 0.000000000e+00 0.000000000e+00 -3.393990068e-07 1.000000000e-01 1.000000000e-01 3.393989946e-07 
d 1.000000000e+01 1.000000000e+01 0.000000000e+00 0.000000000e+00 0.000000000e+00 -3.498273777e-07 1.000000000e-01 1.000000000e-01 3.498273657e-07 
d 1.020000000e+01 1.020000000e+01 0.000000000e+00 0.000000000e+00 0.000000000e+00 -3.604471797e-07 1.000000000e-01 1.000000000e-01 3.604471679e-07 
d 1.040000000e+01 1.040000000e+01 0.000000000e+00 0.000000000e+00 0.000000000e+00 -3.712628980e-07 1.000000000e-01 1.000000000e-01 3.712628863e-07 
d 1.060000000e+01 1.060000000e+01 0.000000000e+00 0.000000000e+00 0.000000000e+00 -3.822790327e-07 1.000000000e-01 1.000000000e-01 3.822790213e-07 
d 1.080000000e+01 1.080000000e+01 0.000000000e+00 0.000000000e+00 0.000000000e+00 -3.935000914e-07 1.000000000e-01 1.000000000e-01 3.935000802e-07 
d 1.100000000e+01 1.100000000e+01 0.000000000e+00 0.000000000e+00 0.000000000e+00 -4.049305807e-07 1.000000000e-01 1.000000000e-01 4.049305697e-07 
d 1.120000000e+01 1.120000000e+01 0.000000000e+00 0.000000000e+00 0.000000000e+00 -4.165749983e-07 1.000000000e-01 1.000000000e-01 4.165749875e-07 
d 1.140000000e+01 1.140000000e+01 0.000000000e+00 0.000000000e+00 0.000000000e+00 -4.284378246e-07 1.000000000e-01 1.000000000e-01 4.284378141e-07 
d 1.160000000e+01 1.160000000e+01 0.000000000e+00 0.000000000e+00 0.000000000e+00 -4.405235148e-07 1.000000000e-01 1.000000000e-01 4.405235045e-07 
d 1.180000000e+01 1.180000000e+01 0.000000000e+00 0.000000000e+00 0.000000000e+00 -4.528364898e-07 1.000000000e-01 1.000000000e-01 4.528364797e-07 
d 1.200000000e+01 1.200000000e+01 0.000000000e+00 0.000000000e+00 0.000000000e+00 -4.653811282e-07 1.000000000e-01 1.000000000e-01 4.653811183e-07 
d 1.220000000e+01 1.220000000e+01 0.000000000e+00 0.000000000e+00 0.000000000e+00 -4.781617578e-07 1.000000000e-01 1.000000000e-01 4.781617483e-07 
d 1.240000000e+01 1.240000000e+01 0.000000000e+00 0.000000000e+00 0.000000000e+00 -4.911826472e-07 1.000000000e-01 1.000000000e-01 4.911826379e-07 
d 1.260000000e+01 1.260000000e+01 0.000000000e+00 0.000000000e+00 0.000000000e+00 -5.044479973e-07 1.000000000e-01 1.000000000e-01 5.044479882e-07 
d 1.280000000e+01 1.280000000e+01 0.000000000e+00 0.000000000e+00 0.000000000e+00 -5.179619330e-07 1.000000000e-01 1.000000000e-01 5.179619242e-07 
d 1.300000000e+01 1.300000000e+01 0.000000000e+00 0.000000000e+00 0.000000000e+00 -5.317284954e-07 1.000000000e-01 1.000000000e-01 5.317284869e-07 
d 1.320000000e+01 1.320000000e+01 0.000000000e+00 0.000000000e+00 0.000000000e+00 -5.457516336e-07 1.000000000e-01 1.000000000e-01 5.457516253e-07 
d 1.340000000e+01 1.340000000e+01 0.000000000e+00 0.000000000e+00 0.000000000e+00 -5.600351970e-07 1.000000000e-01 1.000000000e-01 5.600351890e-07 
d 1.360000000e+01 1.360000000e+01 0.000000000e+00 0.000000000e+00 0.000000000e+00 -5.745829282e-07 1.000000000e-01 1.000000000e-01 5.745829204e-07 
d 1.380000000e+01 1.380000000e+01 0.000000000e+00 0.000000000e+00 0.000000000e+00 -5.893984555e-07 1.000000000e-01 1.000000000e-01 5.893984479e-07 
d 1.400000000e+01 1.400000000e+01 0.000000000e+00 0.000000000e+00 0.000000000e+00 -6.044852861e-07 1.000000000e-01 1.000000000e-01 6.044852789e-07 
d 1.420000000e+01 1.420000000e+01 0.000000000e+00 0.000000000e+00 0.000000000e+00 -6.198468003e-07 1.000000000e-01 1.000000000e-01 6.198467933e-07 
d 1.440000000e+01 1.440000000e+01 0.000000000e+00 0.000000000e+00 0.000000000e+00 -6.354862446e-07 1.000000000e-01 1.000000000e-01 6.354862379e-07 
d 1.460000000e+01 1.460000000e+01 0.000000000e+00 0.000000000e+00 0.000000000e+00 -6.514067270e-07 1.000000000e-01 1.000000000e-01 6.514067205e-07 
d 1.480000000e+01 1.480000000e+01 0.000000000e+00 0.000000000e+00 0.000000000e+00 -6.676112114e-07 1.000000000e-01 1.000000000e-01 6.676112051e-07 
d 1.500000000e+01 1.500000000e+01 0.000000000e+00 0.000000000e+00 0.000000000e+00 -6.841025129e-07 1.000000000e-01 1.000000000e-01 6.841025069e-07 
d 1.520000000e+01 1.520000000e+01 0.000000000e+00 0.000000000e+00 0.000000000e+00 -7.008832943e-07 1.000000000e-01 1.000000000e-01 7.008832885e-07 
d 1.540000000e+01 1.540000000e+01 0.000000000e+00 0.000000000e+00 0.000000000e+00 -7.179560620e-07 1.000000000e-01 1.000000000e-01 7.179560564e-07 
d 1.560000000e+01 1.560000000e+01 0.000000000e+00 0.000000000e+00 0.000000000e+00 -7.353231629e-07 1.000000000e-01 1.000000000e-01 7.353231575e-07 
d 1.580000000e+01 1.580000000e+01 0.000000000e+00 0.000000000e+00 0.000000000e+00 -7.529867822e-07 1.000000000e-01 1.000000000e-01 7.529867770e-07 
d 1.600000000e+01 1.600000000e+01 0.000000000e+00 0.000000000e+00 0.000000000e+00 -7.709489412e-07 1.000000000e-01 1.000000000e-01 7.709489362e-07 
d 1.620000000e+01 1.620000000e+01 0.000000000e+00 0.000000000e+00 0.000000000e+00 -7.892114958e-07 1.000000000e-01 1.000000000e-01 7.892114910e-07 
d 1.640000000e+01 1.640000000e+01 0.000000000e+00 0.000000000e+00 0.000000000e+00 -8.077761355e-07 1.000000000e-01 1.000000000e-01 8.077761309e-07 
d 1.660000000e+01 1.660000000e+01 0.000000000e+00 0.000000000e+00 0.000000000e+00 -8.266443831e-07 1.000000000e-01 1.000000000e-01 8.266443787e-07 
d 1.680000000e+01 1.680000000e+01 0.000000000e+00 0.000000000e+00 0.000000000e+00 -8.458175947e-07 1.000000000e-01 1.000000000e-01 8.458175905e-07 
d 1.700000000e+01 1.700000000e+01 0.000000000e+00 0.000000000e+00 0.000000000e+00 -8.652969600e-07 1.000000000e-01 1.000000000e-01 8.652969560e-07 
d 1.720000000e+01 1.720000000e+01 0.000000000e+00 0.000000000e+00 0.000000000e+00 -8.850835036e-07 1.000000000e-01 1.000000000e-01 8.850834998e-07 
d 1.740000000e+01 1.740000000e+01 0.000000000e+00 0.000000000e+00 0.000000000e+00 -9.051780861e-07 1.000000000e-01 1.000000000e-01 9.051780824e-07 
d 1.760000000e+01 1.760000000e+01 0.000000000e+00 0.000000000e+00 0.000000000e+00 -9.255814062e-07 1.000000000e-01 1.000000000e-01 9.255814026e-07 
d 1.780000000e+01 1.780000000e+01 0.000000000e+00 0.000000000e+00 0.000000000e+00 -9.462940025e-07 1.000000000e-01 1.000000000e-01 9.462939991e-07 
d 1.800000000e+01 1.800000000e+01 0.000000000e+00 0.000000000e+00 0.000000000e+00 -9.673162567e-07 1.000000000e-01 1.000000000e-01 9.673162535e-07 
d 1.820000000e+01 1.820000000e+01 0.000000000e+00 0.000000000e+00 0.000000000e+00 -9.886483958e-07 1.000000000e-01 1.000000000e-01 9.886483928e-07 
d 1.840000000e+01 1.840000000e+01 0.000000000e+00 0.000000000e+00 0.000000000e+00 -1.010290496e-06 1.000000000e-01 1.000000000e-01 1.010290493e-06 
d 1.860000000e+01 1.860000000e+01 0.000000000e+00 0.000000000e+00 0.000000000e+00 -1.032242485e-06 1.000000000e-01 1.000000000e-01 1.032242482e-06 
d 1.880000000e+01 1.880000000e+01 0.000000000e+00 0.000000000e+00 0.000000000e+00 -1.054504148e-06 1.000000000e-01 1.000000000e-01 1.054504145e-06 
d 1.900000000e+01 1.900000000e+01 0.000000000e+00 0.000000000e+00 0.000000000e+00 -1.077075128e-06 1.000000000e-01 1.000000000e-01 1.077075126e-06 
d 1.920000000e+01 1.920000000e+01 0.000000000e+00 0.000000000e+00 0.000000000e+00 -1.099954935e-06 1.000000000e-01 1.000000000e-01 1.099954933e-06 
d 1.940000000e+01 1.940000000e+01 0.000000000e+00 0.000000000e+00 0.000000000e+00 -1.123142945e-06 1.000000000e-01 1.000000000e-01 1.123142942e-06 
d 1.960000000e+01 1.960000000e+01 0.000000000e+00 0.000000000e+00 0.000000000e+00 -1.146638407e-06 1.000000000e-01 1.000000000e-01 1.146638405e-06 
d 1.980000000e+01 1.980000000e+01 0.000000000e+00 0.000000000e+00 0.000000000e+00 -1.170440449e-06 1.000000000e-01 1.000000000e-01 1.170440447e-06 
d 2.000000000e+01 2.000000000e+01 0.000000000e+00 0.000000000e+00 0.000000000e+00 -1.194548080e-06 1.000000000e-01 1.000000000e-01 1.194548078e-06 
