v ATLAS
# This file was created by ATLAS version 5.24.1.R on Sun Apr 26 18:01:46 2020.
#SSF 2.0 generic
##############################################################################
#                    Copyright (c) 1984 - 2017                               #
#                    Silvaco Inc. All rights reserved                        #
#                                                                            #
# This file format and the following Key are copyright Silvaco Inc.          #
# You may not use, this format or key without reproducing this message in    #
# full and obtaining express written permission from Silvaco Inc.            #
#                                                                            #
# To obtain such permission please contact: Silvaco Inc.                     #
#                                           support@silvaco.com              #
#                                                                            #
# KEY=SVC86hn7562asdx                       PROD=345                         #
##############################################################################
y 3 700 711 15
z 25 1e+41 300
f 3 "gate" "source" "drain" 
p 9 2 601 20 3 602 21 4 603 22 
d 0.000000000e+00 0.000000000e+00 0.000000000e+00 0.000000000e+00 0.000000000e+00 -5.714743338e-09 1.000000000e-01 1.000000000e-01 5.714743328e-09 
d -1.000000000e-01 -1.000000000e-01 0.000000000e+00 0.000000000e+00 0.000000000e+00 -3.706042181e-09 1.000000000e-01 1.000000000e-01 3.706042170e-09 
d -2.000000000e-01 -2.000000000e-01 0.000000000e+00 0.000000000e+00 0.000000000e+00 -2.262925245e-09 1.000000000e-01 1.000000000e-01 2.262925260e-09 
d -3.000000000e-01 -3.000000000e-01 0.000000000e+00 0.000000000e+00 0.000000000e+00 -1.283561685e-09 1.000000000e-01 1.000000000e-01 1.283561702e-09 
d -4.000000000e-01 -4.000000000e-01 0.000000000e+00 0.000000000e+00 0.000000000e+00 -6.401294283e-10 1.000000000e-01 1.000000000e-01 6.401294457e-10 
d -5.000000000e-01 -5.000000000e-01 0.000000000e+00 0.000000000e+00 0.000000000e+00 -2.433178913e-10 1.000000000e-01 1.000000000e-01 2.433178833e-10 
d -6.000000000e-01 -6.000000000e-01 0.000000000e+00 0.000000000e+00 0.000000000e+00 -5.996394196e-11 1.000000000e-01 1.000000000e-01 5.996394139e-11 
d -7.000000000e-01 -7.000000000e-01 0.000000000e+00 0.000000000e+00 0.000000000e+00 -1.304617864e-11 1.000000000e-01 1.000000000e-01 1.304617929e-11 
d -8.000000000e-01 -8.000000000e-01 0.000000000e+00 0.000000000e+00 0.000000000e+00 -2.591090218e-12 1.000000000e-01 1.000000000e-01 2.591095565e-12 
d -9.000000000e-01 -9.000000000e-01 0.000000000e+00 0.000000000e+00 0.000000000e+00 -2.788220380e-13 1.000000000e-01 1.000000000e-01 2.788032920e-13 
d -1.000000000e+00 -1.000000000e+00 0.000000000e+00 0.000000000e+00 0.000000000e+00 -2.807174260e-14 1.000000000e-01 1.000000000e-01 2.805447694e-14 
d -1.100000000e+00 -1.100000000e+00 0.000000000e+00 0.000000000e+00 0.000000000e+00 -1.880543458e-15 1.000000000e-01 1.000000000e-01 1.900676186e-15 
d -1.200000000e+00 -1.200000000e+00 0.000000000e+00 0.000000000e+00 0.000000000e+00 -9.404024703e-17 1.000000000e-01 1.000000000e-01 1.099313501e-16 
d -1.300000000e+00 -1.300000000e+00 0.000000000e+00 0.000000000e+00 0.000000000e+00 -8.337451496e-18 1.000000000e-01 1.000000000e-01 -9.151548389e-18 
d -1.400000000e+00 -1.400000000e+00 0.000000000e+00 0.000000000e+00 0.000000000e+00 9.854923639e-18 1.000000000e-01 1.000000000e-01 -1.587514722e-18 
d -1.500000000e+00 -1.500000000e+00 0.000000000e+00 0.000000000e+00 0.000000000e+00 8.903302981e-18 1.000000000e-01 1.000000000e-01 -1.907798652e-18 
d -1.600000000e+00 -1.600000000e+00 0.000000000e+00 0.000000000e+00 0.000000000e+00 8.585390142e-18 1.000000000e-01 1.000000000e-01 -8.903367617e-18 
d -1.700000000e+00 -1.700000000e+00 0.000000000e+00 0.000000000e+00 0.000000000e+00 1.589887330e-18 1.000000000e-01 1.000000000e-01 -7.949436805e-18 
d -1.800000000e+00 -1.800000000e+00 0.000000000e+00 0.000000000e+00 0.000000000e+00 -1.907864844e-18 1.000000000e-01 1.000000000e-01 -4.451684632e-18 
d -1.900000000e+00 -1.900000000e+00 0.000000000e+00 0.000000000e+00 0.000000000e+00 -1.271909895e-18 1.000000000e-01 1.000000000e-01 1.971460337e-17 
d -2.000000000e+00 -2.000000000e+00 0.000000000e+00 0.000000000e+00 0.000000000e+00 6.677526949e-18 1.000000000e-01 1.000000000e-01 5.405617054e-18 
d -2.100000000e+00 -2.100000000e+00 0.000000000e+00 0.000000000e+00 0.000000000e+00 5.723594528e-18 1.000000000e-01 1.000000000e-01 -3.179774738e-18 
d -2.200000000e+00 -2.200000000e+00 0.000000000e+00 0.000000000e+00 0.000000000e+00 -3.179774738e-18 1.000000000e-01 1.000000000e-01 -1.208314400e-17 
d -2.300000000e+00 -2.300000000e+00 0.000000000e+00 0.000000000e+00 0.000000000e+00 -6.359549475e-19 1.000000000e-01 1.000000000e-01 1.240112148e-17 
d -2.400000000e+00 -2.400000000e+00 0.000000000e+00 0.000000000e+00 0.000000000e+00 -6.359549475e-18 1.000000000e-01 1.000000000e-01 -5.087639580e-18 
d -2.500000000e+00 -2.500000000e+00 0.000000000e+00 0.000000000e+00 0.000000000e+00 -6.359549475e-19 1.000000000e-01 1.000000000e-01 6.359549475e-18 
d -2.600000000e+00 -2.600000000e+00 0.000000000e+00 0.000000000e+00 0.000000000e+00 6.359549475e-19 1.000000000e-01 1.000000000e-01 -2.861797264e-18 
d -2.700000000e+00 -2.700000000e+00 0.000000000e+00 0.000000000e+00 0.000000000e+00 2.225842316e-18 1.000000000e-01 1.000000000e-01 -6.995504423e-18 
d -2.800000000e+00 -2.800000000e+00 0.000000000e+00 0.000000000e+00 0.000000000e+00 -9.857301687e-18 1.000000000e-01 1.000000000e-01 -1.017527916e-17 
d -2.900000000e+00 -2.900000000e+00 0.000000000e+00 0.000000000e+00 0.000000000e+00 -1.497673901e-16 1.000000000e-01 1.000000000e-01 -1.647123314e-16 
d -2.950000000e+00 -2.950000000e+00 0.000000000e+00 0.000000000e+00 0.000000000e+00 -2.448426548e-17 1.000000000e-01 1.000000000e-01 -2.512022043e-17 
d -3.000000000e+00 -3.000000000e+00 0.000000000e+00 0.000000000e+00 0.000000000e+00 -6.136965244e-16 1.000000000e-01 1.000000000e-01 -5.777650698e-16 
d -3.100000000e+00 -3.100000000e+00 0.000000000e+00 0.000000000e+00 0.000000000e+00 -8.451841253e-16 1.000000000e-01 1.000000000e-01 -8.372346884e-16 
d -3.200000000e+00 -3.200000000e+00 0.000000000e+00 0.000000000e+00 0.000000000e+00 -4.470763281e-16 1.000000000e-01 1.000000000e-01 -4.470763281e-16 
d -3.300000000e+00 -3.300000000e+00 0.000000000e+00 0.000000000e+00 0.000000000e+00 -2.400729927e-16 1.000000000e-01 1.000000000e-01 -2.451606323e-16 
d -3.400000000e+00 -3.400000000e+00 0.000000000e+00 0.000000000e+00 0.000000000e+00 -6.025673128e-16 1.000000000e-01 1.000000000e-01 -6.009774254e-16 
d -3.500000000e+00 -3.500000000e+00 0.000000000e+00 0.000000000e+00 0.000000000e+00 -1.297666070e-15 1.000000000e-01 1.000000000e-01 -1.302117755e-15 
d -3.600000000e+00 -3.600000000e+00 0.000000000e+00 0.000000000e+00 0.000000000e+00 -1.003854885e-15 1.000000000e-01 1.000000000e-01 -1.006398704e-15 
d -3.700000000e+00 -3.700000000e+00 0.000000000e+00 0.000000000e+00 0.000000000e+00 -1.462696379e-16 1.000000000e-01 1.000000000e-01 -1.395921110e-16 
d -3.800000000e+00 -3.800000000e+00 0.000000000e+00 0.000000000e+00 0.000000000e+00 -3.869785856e-16 1.000000000e-01 1.000000000e-01 -3.815729685e-16 
d -3.900000000e+00 -3.900000000e+00 0.000000000e+00 0.000000000e+00 0.000000000e+00 -5.774470924e-16 1.000000000e-01 1.000000000e-01 -5.853965292e-16 
d -4.000000000e+00 -4.000000000e+00 0.000000000e+00 0.000000000e+00 0.000000000e+00 -1.036288587e-15 1.000000000e-01 1.000000000e-01 -1.029611060e-15 
d -4.100000000e+00 -4.100000000e+00 0.000000000e+00 0.000000000e+00 0.000000000e+00 -5.567785566e-16 1.000000000e-01 1.000000000e-01 -5.440594576e-16 
d -4.200000000e+00 -4.200000000e+00 0.000000000e+00 0.000000000e+00 0.000000000e+00 -6.019313579e-16 1.000000000e-01 1.000000000e-01 -6.114706821e-16 
d -4.300000000e+00 -4.300000000e+00 0.000000000e+00 0.000000000e+00 0.000000000e+00 -9.800065742e-16 1.000000000e-01 1.000000000e-01 -9.730110698e-16 
d -4.400000000e+00 -4.400000000e+00 0.000000000e+00 0.000000000e+00 0.000000000e+00 -1.715170494e-15 1.000000000e-01 1.000000000e-01 -1.689732296e-15 
d -4.500000000e+00 -4.500000000e+00 0.000000000e+00 0.000000000e+00 0.000000000e+00 -1.173972833e-15 1.000000000e-01 1.000000000e-01 -1.166977329e-15 
d -4.600000000e+00 -4.600000000e+00 0.000000000e+00 0.000000000e+00 0.000000000e+00 -6.400886547e-16 1.000000000e-01 1.000000000e-01 -6.219639387e-16 
d -4.700000000e+00 -4.700000000e+00 0.000000000e+00 0.000000000e+00 0.000000000e+00 -1.240112148e-15 1.000000000e-01 1.000000000e-01 -1.224213274e-15 
d -4.800000000e+00 -4.800000000e+00 0.000000000e+00 0.000000000e+00 0.000000000e+00 -1.774314304e-16 1.000000000e-01 1.000000000e-01 -1.968280563e-16 
d -4.900000000e+00 -4.900000000e+00 0.000000000e+00 0.000000000e+00 0.000000000e+00 -2.931752308e-16 1.000000000e-01 1.000000000e-01 -2.890415237e-16 
d -5.000000000e+00 -5.000000000e+00 0.000000000e+00 0.000000000e+00 0.000000000e+00 -2.534280466e-16 1.000000000e-01 1.000000000e-01 -2.585156862e-16 
