v ATLAS
# This file was created by ATLAS version 5.24.1.R on Wed Apr 15 13:02:15 2020.
#SSF 2.0 generic
##############################################################################
#                    Copyright (c) 1984 - 2017                               #
#                    Silvaco Inc. All rights reserved                        #
#                                                                            #
# This file format and the following Key are copyright Silvaco Inc.          #
# You may not use, this format or key without reproducing this message in    #
# full and obtaining express written permission from Silvaco Inc.            #
#                                                                            #
# To obtain such permission please contact: Silvaco Inc.                     #
#                                           support@silvaco.com              #
#                                                                            #
# KEY=SVC86hn7562asdx                       PROD=345                         #
##############################################################################
y 3 700 711 15
z 40 1e+41 300
f 3 "gate" "source" "drain" 
p 9 2 601 20 3 602 21 4 603 22 
d 0.000000000e+00 0.000000000e+00 0.000000000e+00 0.000000000e+00 0.000000000e+00 -7.613205287e-09 1.000000000e-01 1.000000000e-01 7.613205299e-09 
d -1.000000000e-01 -1.000000000e-01 0.000000000e+00 0.000000000e+00 0.000000000e+00 -5.696697726e-09 1.000000000e-01 1.000000000e-01 5.696697705e-09 
d -2.000000000e-01 -2.000000000e-01 0.000000000e+00 0.000000000e+00 0.000000000e+00 -3.982091751e-09 1.000000000e-01 1.000000000e-01 3.982091754e-09 
d -3.000000000e-01 -3.000000000e-01 0.000000000e+00 0.000000000e+00 0.000000000e+00 -2.545731322e-09 1.000000000e-01 1.000000000e-01 2.545731324e-09 
d -4.000000000e-01 -4.000000000e-01 0.000000000e+00 0.000000000e+00 0.000000000e+00 -1.455816330e-09 1.000000000e-01 1.000000000e-01 1.455816318e-09 
d -5.000000000e-01 -5.000000000e-01 0.000000000e+00 0.000000000e+00 0.000000000e+00 -7.226458286e-10 1.000000000e-01 1.000000000e-01 7.226458484e-10 
d -6.000000000e-01 -6.000000000e-01 0.000000000e+00 0.000000000e+00 0.000000000e+00 -2.845441964e-10 1.000000000e-01 1.000000000e-01 2.845441909e-10 
d -7.000000000e-01 -7.000000000e-01 0.000000000e+00 0.000000000e+00 0.000000000e+00 -6.904580919e-11 1.000000000e-01 1.000000000e-01 6.904581446e-11 
d -8.000000000e-01 -8.000000000e-01 0.000000000e+00 0.000000000e+00 0.000000000e+00 -9.398181599e-12 1.000000000e-01 1.000000000e-01 9.398204660e-12 
d -9.000000000e-01 -9.000000000e-01 0.000000000e+00 0.000000000e+00 0.000000000e+00 -1.007087520e-12 1.000000000e-01 1.000000000e-01 1.007090230e-12 
d -1.000000000e+00 -1.000000000e+00 0.000000000e+00 0.000000000e+00 0.000000000e+00 -5.833234258e-14 1.000000000e-01 1.000000000e-01 5.829978538e-14 
d -1.100000000e+00 -1.100000000e+00 0.000000000e+00 0.000000000e+00 0.000000000e+00 -3.014727307e-15 1.000000000e-01 1.000000000e-01 3.038271466e-15 
d -1.200000000e+00 -1.200000000e+00 0.000000000e+00 0.000000000e+00 0.000000000e+00 -1.125888008e-16 1.000000000e-01 1.000000000e-01 1.081300657e-16 
d -1.300000000e+00 -1.300000000e+00 0.000000000e+00 0.000000000e+00 0.000000000e+00 6.935797036e-18 1.000000000e-01 1.000000000e-01 1.182473132e-17 
d -1.400000000e+00 -1.400000000e+00 0.000000000e+00 0.000000000e+00 0.000000000e+00 -1.717242003e-17 1.000000000e-01 1.000000000e-01 -1.270275586e-18 
d -1.500000000e+00 -1.500000000e+00 0.000000000e+00 0.000000000e+00 0.000000000e+00 -6.677566742e-18 1.000000000e-01 1.000000000e-01 1.367307114e-17 
d -1.600000000e+00 -1.600000000e+00 0.000000000e+00 0.000000000e+00 0.000000000e+00 5.087638667e-18 1.000000000e-01 1.000000000e-01 1.589888282e-18 
d -1.700000000e+00 -1.700000000e+00 0.000000000e+00 0.000000000e+00 0.000000000e+00 7.313481876e-18 1.000000000e-01 1.000000000e-01 1.589887389e-18 
d -1.800000000e+00 -1.800000000e+00 0.000000000e+00 0.000000000e+00 0.000000000e+00 -1.144718906e-17 1.000000000e-01 1.000000000e-01 7.631459371e-18 
d -1.900000000e+00 -1.900000000e+00 0.000000000e+00 0.000000000e+00 0.000000000e+00 2.861797264e-18 1.000000000e-01 1.000000000e-01 5.405617054e-18 
d -2.000000000e+00 -2.000000000e+00 0.000000000e+00 0.000000000e+00 0.000000000e+00 2.861797264e-18 1.000000000e-01 1.000000000e-01 -9.539324213e-18 
d -2.100000000e+00 -2.100000000e+00 0.000000000e+00 0.000000000e+00 0.000000000e+00 -4.133707159e-18 1.000000000e-01 1.000000000e-01 8.585391792e-18 
d -2.200000000e+00 -2.200000000e+00 0.000000000e+00 0.000000000e+00 0.000000000e+00 -1.112921158e-17 1.000000000e-01 1.000000000e-01 -9.857301687e-18 
d -2.300000000e+00 -2.300000000e+00 0.000000000e+00 0.000000000e+00 0.000000000e+00 1.876067095e-17 1.000000000e-01 1.000000000e-01 2.225842316e-18 
d -2.400000000e+00 -2.400000000e+00 0.000000000e+00 0.000000000e+00 0.000000000e+00 3.815729685e-18 1.000000000e-01 1.000000000e-01 -4.769662107e-18 
d -2.500000000e+00 -2.500000000e+00 0.000000000e+00 0.000000000e+00 0.000000000e+00 6.041572002e-18 1.000000000e-01 1.000000000e-01 9.857301687e-18 
d -2.600000000e+00 -2.600000000e+00 0.000000000e+00 0.000000000e+00 0.000000000e+00 -9.539324213e-19 1.000000000e-01 1.000000000e-01 6.995504423e-18 
d -2.700000000e+00 -2.700000000e+00 0.000000000e+00 0.000000000e+00 0.000000000e+00 -2.543819790e-18 1.000000000e-01 1.000000000e-01 -7.313481897e-18 
d -2.800000000e+00 -2.800000000e+00 0.000000000e+00 0.000000000e+00 0.000000000e+00 -3.545448833e-16 1.000000000e-01 1.000000000e-01 -3.472314014e-16 
d -2.900000000e+00 -2.900000000e+00 0.000000000e+00 0.000000000e+00 0.000000000e+00 -4.362650940e-16 1.000000000e-01 1.000000000e-01 -4.127347610e-16 
d -2.950000000e+00 -2.950000000e+00 0.000000000e+00 0.000000000e+00 0.000000000e+00 -6.559875284e-16 1.000000000e-01 1.000000000e-01 -5.962077633e-16 
d -2.975000000e+00 -2.975000000e+00 0.000000000e+00 0.000000000e+00 0.000000000e+00 -7.933537971e-16 1.000000000e-01 1.000000000e-01 -7.669616667e-16 
d -3.000000000e+00 -3.000000000e+00 0.000000000e+00 0.000000000e+00 0.000000000e+00 -1.526291874e-15 1.000000000e-01 1.000000000e-01 -1.498627834e-15 
d -3.025000000e+00 -3.025000000e+00 0.000000000e+00 0.000000000e+00 0.000000000e+00 -1.576850292e-15 1.000000000e-01 1.000000000e-01 -1.508803113e-15 
d -3.050000000e+00 -3.050000000e+00 0.000000000e+00 0.000000000e+00 0.000000000e+00 -1.429626722e-15 1.000000000e-01 1.000000000e-01 -1.372072799e-15 
d -3.100000000e+00 -3.100000000e+00 0.000000000e+00 0.000000000e+00 0.000000000e+00 -1.456336830e-15 1.000000000e-01 1.000000000e-01 -1.422631218e-15 
d -3.200000000e+00 -3.200000000e+00 0.000000000e+00 0.000000000e+00 0.000000000e+00 -9.405773674e-16 1.000000000e-01 1.000000000e-01 -9.170470344e-16 
d -3.300000000e+00 -3.300000000e+00 0.000000000e+00 0.000000000e+00 0.000000000e+00 -1.171746991e-15 1.000000000e-01 1.000000000e-01 -1.158073959e-15 
d -3.400000000e+00 -3.400000000e+00 0.000000000e+00 0.000000000e+00 0.000000000e+00 -1.672561512e-16 1.000000000e-01 1.000000000e-01 -1.618505342e-16 
d -3.500000000e+00 -3.500000000e+00 0.000000000e+00 0.000000000e+00 0.000000000e+00 -2.750505148e-16 1.000000000e-01 1.000000000e-01 -2.639213032e-16 
d -3.600000000e+00 -3.600000000e+00 0.000000000e+00 0.000000000e+00 0.000000000e+00 -1.116100933e-16 1.000000000e-01 1.000000000e-01 -1.100202059e-16 
d -3.700000000e+00 -3.700000000e+00 0.000000000e+00 0.000000000e+00 0.000000000e+00 -5.310223812e-16 1.000000000e-01 1.000000000e-01 -5.246628317e-16 
d -3.800000000e+00 -3.800000000e+00 0.000000000e+00 0.000000000e+00 0.000000000e+00 -3.624943201e-17 1.000000000e-01 1.000000000e-01 -1.494494127e-17 
d -3.900000000e+00 -3.900000000e+00 0.000000000e+00 0.000000000e+00 0.000000000e+00 -1.653482864e-16 1.000000000e-01 1.000000000e-01 -1.663022188e-16 
d -4.000000000e+00 -4.000000000e+00 0.000000000e+00 0.000000000e+00 0.000000000e+00 -7.275324600e-16 1.000000000e-01 1.000000000e-01 -7.132234737e-16 
d -4.100000000e+00 -4.100000000e+00 0.000000000e+00 0.000000000e+00 0.000000000e+00 -1.812471601e-16 1.000000000e-01 1.000000000e-01 -1.767954754e-16 
d -4.200000000e+00 -4.200000000e+00 0.000000000e+00 0.000000000e+00 0.000000000e+00 -4.321313869e-16 1.000000000e-01 1.000000000e-01 -4.210021753e-16 
d -4.300000000e+00 -4.300000000e+00 0.000000000e+00 0.000000000e+00 0.000000000e+00 -1.335505390e-16 1.000000000e-01 1.000000000e-01 -1.430898632e-16 
d -4.400000000e+00 -4.400000000e+00 0.000000000e+00 0.000000000e+00 0.000000000e+00 -3.561347706e-17 1.000000000e-01 1.000000000e-01 -3.147976990e-17 
d -4.500000000e+00 -4.500000000e+00 0.000000000e+00 0.000000000e+00 0.000000000e+00 -8.648987287e-17 1.000000000e-01 1.000000000e-01 -1.128820032e-16 
d -4.600000000e+00 -4.600000000e+00 0.000000000e+00 0.000000000e+00 0.000000000e+00 -2.426168125e-16 1.000000000e-01 1.000000000e-01 -2.302156910e-16 
d -4.700000000e+00 -4.700000000e+00 0.000000000e+00 0.000000000e+00 0.000000000e+00 -1.402280659e-16 1.000000000e-01 1.000000000e-01 -1.615325567e-16 
d -4.800000000e+00 -4.800000000e+00 0.000000000e+00 0.000000000e+00 0.000000000e+00 -5.583684439e-16 1.000000000e-01 1.000000000e-01 -5.354740658e-16 
d -4.900000000e+00 -4.900000000e+00 0.000000000e+00 0.000000000e+00 0.000000000e+00 -1.076353749e-15 1.000000000e-01 1.000000000e-01 -1.042648137e-15 
d -5.000000000e+00 -5.000000000e+00 0.000000000e+00 0.000000000e+00 0.000000000e+00 -6.515358438e-16 1.000000000e-01 1.000000000e-01 -6.324571953e-16 
