v ATLAS
# This file was created by ATLAS version 5.24.1.R on Sun May 10 19:23:04 2020.
#SSF 2.0 generic
##############################################################################
#                    Copyright (c) 1984 - 2017                               #
#                    Silvaco Inc. All rights reserved                        #
#                                                                            #
# This file format and the following Key are copyright Silvaco Inc.          #
# You may not use, this format or key without reproducing this message in    #
# full and obtaining express written permission from Silvaco Inc.            #
#                                                                            #
# To obtain such permission please contact: Silvaco Inc.                     #
#                                           support@silvaco.com              #
#                                                                            #
# KEY=SVC86hn7562asdx                       PROD=345                         #
##############################################################################
y 3 700 711 15
z 51 1e+41 300
f 3 "gate" "source" "drain" 
p 9 2 601 20 3 602 21 4 603 22 
d 1.000000000e+01 1.000000000e+01 0.000000000e+00 0.000000000e+00 0.000000000e+00 -3.830152285e-09 2.000000000e-01 2.000000000e-01 3.830152242e-09 
d 1.000000000e+01 1.000000000e+01 0.000000000e+00 0.000000000e+00 0.000000000e+00 -7.407307481e-09 4.000000000e-01 4.000000000e-01 7.407307482e-09 
d 1.000000000e+01 1.000000000e+01 0.000000000e+00 0.000000000e+00 0.000000000e+00 -1.074675349e-08 6.000000000e-01 6.000000000e-01 1.074675349e-08 
d 1.000000000e+01 1.000000000e+01 0.000000000e+00 0.000000000e+00 0.000000000e+00 -1.386197710e-08 8.000000000e-01 8.000000000e-01 1.386197710e-08 
d 1.000000000e+01 1.000000000e+01 0.000000000e+00 0.000000000e+00 0.000000000e+00 -1.676487303e-08 1.000000000e+00 1.000000000e+00 1.676487303e-08 
d 1.000000000e+01 1.000000000e+01 0.000000000e+00 0.000000000e+00 0.000000000e+00 -1.946593005e-08 1.200000000e+00 1.200000000e+00 1.946593005e-08 
d 1.000000000e+01 1.000000000e+01 0.000000000e+00 0.000000000e+00 0.000000000e+00 -2.197439484e-08 1.400000000e+00 1.400000000e+00 2.197439484e-08 
d 1.000000000e+01 1.000000000e+01 0.000000000e+00 0.000000000e+00 0.000000000e+00 -2.429841611e-08 1.600000000e+00 1.600000000e+00 2.429841610e-08 
d 1.000000000e+01 1.000000000e+01 0.000000000e+00 0.000000000e+00 0.000000000e+00 -2.644517170e-08 1.800000000e+00 1.800000000e+00 2.644517170e-08 
d 1.000000000e+01 1.000000000e+01 0.000000000e+00 0.000000000e+00 0.000000000e+00 -2.842098279e-08 2.000000000e+00 2.000000000e+00 2.842098279e-08 
d 1.000000000e+01 1.000000000e+01 0.000000000e+00 0.000000000e+00 0.000000000e+00 -3.023141946e-08 2.200000000e+00 2.200000000e+00 3.023141946e-08 
d 1.000000000e+01 1.000000000e+01 0.000000000e+00 0.000000000e+00 0.000000000e+00 -3.188140391e-08 2.400000000e+00 2.400000000e+00 3.188140390e-08 
d 1.000000000e+01 1.000000000e+01 0.000000000e+00 0.000000000e+00 0.000000000e+00 -3.337531949e-08 2.600000000e+00 2.600000000e+00 3.337531946e-08 
d 1.000000000e+01 1.000000000e+01 0.000000000e+00 0.000000000e+00 0.000000000e+00 -3.471713810e-08 2.800000000e+00 2.800000000e+00 3.471713803e-08 
d 1.000000000e+01 1.000000000e+01 0.000000000e+00 0.000000000e+00 0.000000000e+00 -3.591058554e-08 3.000000000e+00 3.000000000e+00 3.591058532e-08 
d 1.000000000e+01 1.000000000e+01 0.000000000e+00 0.000000000e+00 0.000000000e+00 -3.695937754e-08 3.200000000e+00 3.200000000e+00 3.695937694e-08 
d 1.000000000e+01 1.000000000e+01 0.000000000e+00 0.000000000e+00 0.000000000e+00 -3.786758586e-08 3.400000000e+00 3.400000000e+00 3.786758420e-08 
d 1.000000000e+01 1.000000000e+01 0.000000000e+00 0.000000000e+00 0.000000000e+00 -3.864024988e-08 3.600000000e+00 3.600000000e+00 3.864024562e-08 
d 1.000000000e+01 1.000000000e+01 0.000000000e+00 0.000000000e+00 0.000000000e+00 -3.928444125e-08 3.800000000e+00 3.800000000e+00 3.928443264e-08 
d 1.000000000e+01 1.000000000e+01 0.000000000e+00 0.000000000e+00 0.000000000e+00 -3.981088624e-08 4.000000000e+00 4.000000000e+00 3.981087569e-08 
d 1.000000000e+01 1.000000000e+01 0.000000000e+00 0.000000000e+00 0.000000000e+00 -4.023516603e-08 4.200000000e+00 4.200000000e+00 4.023515976e-08 
d 1.000000000e+01 1.000000000e+01 0.000000000e+00 0.000000000e+00 0.000000000e+00 -4.057627110e-08 4.400000000e+00 4.400000000e+00 4.057626951e-08 
d 1.000000000e+01 1.000000000e+01 0.000000000e+00 0.000000000e+00 0.000000000e+00 -4.085290310e-08 4.600000000e+00 4.600000000e+00 4.085290307e-08 
d 1.000000000e+01 1.000000000e+01 0.000000000e+00 0.000000000e+00 0.000000000e+00 -4.108080410e-08 4.800000000e+00 4.800000000e+00 4.108080380e-08 
d 1.000000000e+01 1.000000000e+01 0.000000000e+00 0.000000000e+00 0.000000000e+00 -4.127207251e-08 5.000000000e+00 5.000000000e+00 4.127207164e-08 
d 1.000000000e+01 1.000000000e+01 0.000000000e+00 0.000000000e+00 0.000000000e+00 -4.143554938e-08 5.200000000e+00 5.200000000e+00 4.143554808e-08 
d 1.000000000e+01 1.000000000e+01 0.000000000e+00 0.000000000e+00 0.000000000e+00 -4.157756211e-08 5.400000000e+00 5.400000000e+00 4.157756089e-08 
d 1.000000000e+01 1.000000000e+01 0.000000000e+00 0.000000000e+00 0.000000000e+00 -4.170264555e-08 5.600000000e+00 5.600000000e+00 4.170264476e-08 
d 1.000000000e+01 1.000000000e+01 0.000000000e+00 0.000000000e+00 0.000000000e+00 -4.181409471e-08 5.800000000e+00 5.800000000e+00 4.181409431e-08 
d 1.000000000e+01 1.000000000e+01 0.000000000e+00 0.000000000e+00 0.000000000e+00 -4.191434773e-08 6.000000000e+00 6.000000000e+00 4.191434758e-08 
d 1.000000000e+01 1.000000000e+01 0.000000000e+00 0.000000000e+00 0.000000000e+00 -4.200524271e-08 6.200000000e+00 6.200000000e+00 4.200524268e-08 
d 1.000000000e+01 1.000000000e+01 0.000000000e+00 0.000000000e+00 0.000000000e+00 -4.208818931e-08 6.400000000e+00 6.400000000e+00 4.208818930e-08 
d 1.000000000e+01 1.000000000e+01 0.000000000e+00 0.000000000e+00 0.000000000e+00 -4.216428439e-08 6.600000000e+00 6.600000000e+00 4.216428390e-08 
d 1.000000000e+01 1.000000000e+01 0.000000000e+00 0.000000000e+00 0.000000000e+00 -4.223439036e-08 6.800000000e+00 6.800000000e+00 4.223438701e-08 
d 1.000000000e+01 1.000000000e+01 0.000000000e+00 0.000000000e+00 0.000000000e+00 -4.229918815e-08 7.000000000e+00 7.000000000e+00 4.229917035e-08 
d 1.000000000e+01 1.000000000e+01 0.000000000e+00 0.000000000e+00 0.000000000e+00 -4.235921204e-08 7.200000000e+00 7.200000000e+00 4.235912703e-08 
d 1.000000000e+01 1.000000000e+01 0.000000000e+00 0.000000000e+00 0.000000000e+00 -4.241487253e-08 7.400000000e+00 7.400000000e+00 4.241451734e-08 
d 1.000000000e+01 1.000000000e+01 0.000000000e+00 0.000000000e+00 0.000000000e+00 -4.246647863e-08 7.600000000e+00 7.600000000e+00 4.246541001e-08 
d 1.000000000e+01 1.000000000e+01 0.000000000e+00 0.000000000e+00 0.000000000e+00 -4.251428773e-08 7.800000000e+00 7.800000000e+00 4.251428773e-08 
d 1.000000000e+01 1.000000000e+01 0.000000000e+00 0.000000000e+00 0.000000000e+00 -4.255860344e-08 8.000000000e+00 8.000000000e+00 4.255853470e-08 
d 1.000000000e+01 1.000000000e+01 0.000000000e+00 0.000000000e+00 0.000000000e+00 -4.259983618e-08 8.200000000e+00 8.200000000e+00 4.259906968e-08 
d 1.000000000e+01 1.000000000e+01 0.000000000e+00 0.000000000e+00 0.000000000e+00 -4.263841797e-08 8.400000000e+00 8.400000000e+00 4.263773053e-08 
d 1.000000000e+01 1.000000000e+01 0.000000000e+00 0.000000000e+00 0.000000000e+00 -4.267468817e-08 8.600000000e+00 8.600000000e+00 4.267451273e-08 
d 1.000000000e+01 1.000000000e+01 0.000000000e+00 0.000000000e+00 0.000000000e+00 -4.270887929e-08 8.800000000e+00 8.800000000e+00 4.270883585e-08 
d 1.000000000e+01 1.000000000e+01 0.000000000e+00 0.000000000e+00 0.000000000e+00 -4.274115510e-08 9.000000000e+00 9.000000000e+00 4.274114135e-08 
d 1.000000000e+01 1.000000000e+01 0.000000000e+00 0.000000000e+00 0.000000000e+00 -4.277164208e-08 9.200000000e+00 9.200000000e+00 4.277163664e-08 
d 1.000000000e+01 1.000000000e+01 0.000000000e+00 0.000000000e+00 0.000000000e+00 -4.280044663e-08 9.400000000e+00 9.400000000e+00 4.280044198e-08 
d 1.000000000e+01 1.000000000e+01 0.000000000e+00 0.000000000e+00 0.000000000e+00 -4.282766395e-08 9.600000000e+00 9.600000000e+00 4.282759619e-08 
d 1.000000000e+01 1.000000000e+01 0.000000000e+00 0.000000000e+00 0.000000000e+00 -4.285338267e-08 9.800000000e+00 9.800000000e+00 4.285338267e-08 
d 1.000000000e+01 1.000000000e+01 0.000000000e+00 0.000000000e+00 0.000000000e+00 -4.287768912e-08 1.000000000e+01 1.000000000e+01 4.287768910e-08 
d 1.000000000e+01 1.000000000e+01 0.000000000e+00 0.000000000e+00 0.000000000e+00 -4.290067540e-08 1.020000000e+01 1.020000000e+01 4.290067538e-08 
d 1.000000000e+01 1.000000000e+01 0.000000000e+00 0.000000000e+00 0.000000000e+00 -4.292244081e-08 1.040000000e+01 1.040000000e+01 4.292244080e-08 
d 1.000000000e+01 1.000000000e+01 0.000000000e+00 0.000000000e+00 0.000000000e+00 -4.294308254e-08 1.060000000e+01 1.060000000e+01 4.294308254e-08 
d 1.000000000e+01 1.000000000e+01 0.000000000e+00 0.000000000e+00 0.000000000e+00 -4.296269519e-08 1.080000000e+01 1.080000000e+01 4.296047453e-08 
d 1.000000000e+01 1.000000000e+01 0.000000000e+00 0.000000000e+00 0.000000000e+00 -4.298137051e-08 1.100000000e+01 1.100000000e+01 4.298118908e-08 
d 1.000000000e+01 1.000000000e+01 0.000000000e+00 0.000000000e+00 0.000000000e+00 -4.299919573e-08 1.120000000e+01 1.120000000e+01 4.299917939e-08 
d 1.000000000e+01 1.000000000e+01 0.000000000e+00 0.000000000e+00 0.000000000e+00 -4.301625290e-08 1.140000000e+01 1.140000000e+01 4.301624986e-08 
d 1.000000000e+01 1.000000000e+01 0.000000000e+00 0.000000000e+00 0.000000000e+00 -4.303261851e-08 1.160000000e+01 1.160000000e+01 4.303261742e-08 
d 1.000000000e+01 1.000000000e+01 0.000000000e+00 0.000000000e+00 0.000000000e+00 -4.304836290e-08 1.180000000e+01 1.180000000e+01 4.304836233e-08 
d 1.000000000e+01 1.000000000e+01 0.000000000e+00 0.000000000e+00 0.000000000e+00 -4.306354978e-08 1.200000000e+01 1.200000000e+01 4.306354940e-08 
d 1.000000000e+01 1.000000000e+01 0.000000000e+00 0.000000000e+00 0.000000000e+00 -4.307823591e-08 1.220000000e+01 1.220000000e+01 4.307823562e-08 
d 1.000000000e+01 1.000000000e+01 0.000000000e+00 0.000000000e+00 0.000000000e+00 -4.309247116e-08 1.240000000e+01 1.240000000e+01 4.309247092e-08 
d 1.000000000e+01 1.000000000e+01 0.000000000e+00 0.000000000e+00 0.000000000e+00 -4.310629863e-08 1.260000000e+01 1.260000000e+01 4.310629843e-08 
d 1.000000000e+01 1.000000000e+01 0.000000000e+00 0.000000000e+00 0.000000000e+00 -4.311975515e-08 1.280000000e+01 1.280000000e+01 4.311975499e-08 
d 1.000000000e+01 1.000000000e+01 0.000000000e+00 0.000000000e+00 0.000000000e+00 -4.313287178e-08 1.300000000e+01 1.300000000e+01 4.313287166e-08 
d 1.000000000e+01 1.000000000e+01 0.000000000e+00 0.000000000e+00 0.000000000e+00 -4.314567444e-08 1.320000000e+01 1.320000000e+01 4.314567434e-08 
d 1.000000000e+01 1.000000000e+01 0.000000000e+00 0.000000000e+00 0.000000000e+00 -4.315818455e-08 1.340000000e+01 1.340000000e+01 4.315818447e-08 
d 1.000000000e+01 1.000000000e+01 0.000000000e+00 0.000000000e+00 0.000000000e+00 -4.317041968e-08 1.360000000e+01 1.360000000e+01 4.317041961e-08 
d 1.000000000e+01 1.000000000e+01 0.000000000e+00 0.000000000e+00 0.000000000e+00 -4.318239413e-08 1.380000000e+01 1.380000000e+01 4.318239406e-08 
d 1.000000000e+01 1.000000000e+01 0.000000000e+00 0.000000000e+00 0.000000000e+00 -4.319411948e-08 1.400000000e+01 1.400000000e+01 4.319411943e-08 
d 1.000000000e+01 1.000000000e+01 0.000000000e+00 0.000000000e+00 0.000000000e+00 -4.320560506e-08 1.420000000e+01 1.420000000e+01 4.320560501e-08 
d 1.000000000e+01 1.000000000e+01 0.000000000e+00 0.000000000e+00 0.000000000e+00 -4.321685836e-08 1.440000000e+01 1.440000000e+01 4.321685832e-08 
d 1.000000000e+01 1.000000000e+01 0.000000000e+00 0.000000000e+00 0.000000000e+00 -4.322788539e-08 1.460000000e+01 1.460000000e+01 4.322788536e-08 
d 1.000000000e+01 1.000000000e+01 0.000000000e+00 0.000000000e+00 0.000000000e+00 -4.323869099e-08 1.480000000e+01 1.480000000e+01 4.323869096e-08 
d 1.000000000e+01 1.000000000e+01 0.000000000e+00 0.000000000e+00 0.000000000e+00 -4.324927909e-08 1.500000000e+01 1.500000000e+01 4.324927907e-08 
