v ATLAS
# This file was created by ATLAS version 5.24.1.R on Sun May 10 19:33:52 2020.
#SSF 2.0 generic
##############################################################################
#                    Copyright (c) 1984 - 2017                               #
#                    Silvaco Inc. All rights reserved                        #
#                                                                            #
# This file format and the following Key are copyright Silvaco Inc.          #
# You may not use, this format or key without reproducing this message in    #
# full and obtaining express written permission from Silvaco Inc.            #
#                                                                            #
# To obtain such permission please contact: Silvaco Inc.                     #
#                                           support@silvaco.com              #
#                                                                            #
# KEY=SVC86hn7562asdx                       PROD=345                         #
##############################################################################
y 3 700 711 15
z 63.75 1e+41 300
f 3 "gate" "source" "drain" 
p 9 2 601 20 3 602 21 4 603 22 
d 1.000000000e+01 1.000000000e+01 0.000000000e+00 0.000000000e+00 0.000000000e+00 -3.063681165e-09 2.000000000e-01 2.000000000e-01 3.063681113e-09 
d 1.000000000e+01 1.000000000e+01 0.000000000e+00 0.000000000e+00 0.000000000e+00 -5.924940449e-09 4.000000000e-01 4.000000000e-01 5.924940449e-09 
d 1.000000000e+01 1.000000000e+01 0.000000000e+00 0.000000000e+00 0.000000000e+00 -8.596009712e-09 6.000000000e-01 6.000000000e-01 8.596009711e-09 
d 1.000000000e+01 1.000000000e+01 0.000000000e+00 0.000000000e+00 0.000000000e+00 -1.108767901e-08 8.000000000e-01 8.000000000e-01 1.108767901e-08 
d 1.000000000e+01 1.000000000e+01 0.000000000e+00 0.000000000e+00 0.000000000e+00 -1.340946380e-08 1.000000000e+00 1.000000000e+00 1.340946380e-08 
d 1.000000000e+01 1.000000000e+01 0.000000000e+00 0.000000000e+00 0.000000000e+00 -1.556975368e-08 1.200000000e+00 1.200000000e+00 1.556975368e-08 
d 1.000000000e+01 1.000000000e+01 0.000000000e+00 0.000000000e+00 0.000000000e+00 -1.757594334e-08 1.400000000e+00 1.400000000e+00 1.757594334e-08 
d 1.000000000e+01 1.000000000e+01 0.000000000e+00 0.000000000e+00 0.000000000e+00 -1.943454742e-08 1.600000000e+00 1.600000000e+00 1.943454742e-08 
d 1.000000000e+01 1.000000000e+01 0.000000000e+00 0.000000000e+00 0.000000000e+00 -2.115130180e-08 1.800000000e+00 1.800000000e+00 2.115130180e-08 
d 1.000000000e+01 1.000000000e+01 0.000000000e+00 0.000000000e+00 0.000000000e+00 -2.273125404e-08 2.000000000e+00 2.000000000e+00 2.273125404e-08 
d 1.000000000e+01 1.000000000e+01 0.000000000e+00 0.000000000e+00 0.000000000e+00 -2.417884668e-08 2.200000000e+00 2.200000000e+00 2.417884668e-08 
d 1.000000000e+01 1.000000000e+01 0.000000000e+00 0.000000000e+00 0.000000000e+00 -2.549799777e-08 2.400000000e+00 2.400000000e+00 2.549799776e-08 
d 1.000000000e+01 1.000000000e+01 0.000000000e+00 0.000000000e+00 0.000000000e+00 -2.669218496e-08 2.600000000e+00 2.600000000e+00 2.669218494e-08 
d 1.000000000e+01 1.000000000e+01 0.000000000e+00 0.000000000e+00 0.000000000e+00 -2.776454227e-08 2.800000000e+00 2.800000000e+00 2.776454221e-08 
d 1.000000000e+01 1.000000000e+01 0.000000000e+00 0.000000000e+00 0.000000000e+00 -2.871798385e-08 3.000000000e+00 3.000000000e+00 2.871798369e-08 
d 1.000000000e+01 1.000000000e+01 0.000000000e+00 0.000000000e+00 0.000000000e+00 -2.955537886e-08 3.200000000e+00 3.200000000e+00 2.955537843e-08 
d 1.000000000e+01 1.000000000e+01 0.000000000e+00 0.000000000e+00 0.000000000e+00 -3.027982175e-08 3.400000000e+00 3.400000000e+00 3.027982058e-08 
d 1.000000000e+01 1.000000000e+01 0.000000000e+00 0.000000000e+00 0.000000000e+00 -3.089508941e-08 3.600000000e+00 3.600000000e+00 3.089508635e-08 
d 1.000000000e+01 1.000000000e+01 0.000000000e+00 0.000000000e+00 0.000000000e+00 -3.140647047e-08 3.800000000e+00 3.800000000e+00 3.140646400e-08 
d 1.000000000e+01 1.000000000e+01 0.000000000e+00 0.000000000e+00 0.000000000e+00 -3.182214135e-08 4.000000000e+00 4.000000000e+00 3.182213270e-08 
d 1.000000000e+01 1.000000000e+01 0.000000000e+00 0.000000000e+00 0.000000000e+00 -3.215440769e-08 4.200000000e+00 4.200000000e+00 3.215440198e-08 
d 1.000000000e+01 1.000000000e+01 0.000000000e+00 0.000000000e+00 0.000000000e+00 -3.241875552e-08 4.400000000e+00 4.400000000e+00 3.241875396e-08 
d 1.000000000e+01 1.000000000e+01 0.000000000e+00 0.000000000e+00 0.000000000e+00 -3.263068000e-08 4.600000000e+00 4.600000000e+00 3.263067996e-08 
d 1.000000000e+01 1.000000000e+01 0.000000000e+00 0.000000000e+00 0.000000000e+00 -3.280326540e-08 4.800000000e+00 4.800000000e+00 3.280326509e-08 
d 1.000000000e+01 1.000000000e+01 0.000000000e+00 0.000000000e+00 0.000000000e+00 -3.294654199e-08 5.000000000e+00 5.000000000e+00 3.294654120e-08 
d 1.000000000e+01 1.000000000e+01 0.000000000e+00 0.000000000e+00 0.000000000e+00 -3.306779746e-08 5.200000000e+00 5.200000000e+00 3.306779634e-08 
d 1.000000000e+01 1.000000000e+01 0.000000000e+00 0.000000000e+00 0.000000000e+00 -3.317220645e-08 5.400000000e+00 5.400000000e+00 3.317220542e-08 
d 1.000000000e+01 1.000000000e+01 0.000000000e+00 0.000000000e+00 0.000000000e+00 -3.326344588e-08 5.600000000e+00 5.600000000e+00 3.326344522e-08 
d 1.000000000e+01 1.000000000e+01 0.000000000e+00 0.000000000e+00 0.000000000e+00 -3.334416570e-08 5.800000000e+00 5.800000000e+00 3.334416536e-08 
d 1.000000000e+01 1.000000000e+01 0.000000000e+00 0.000000000e+00 0.000000000e+00 -3.341631284e-08 6.000000000e+00 6.000000000e+00 3.341631269e-08 
d 1.000000000e+01 1.000000000e+01 0.000000000e+00 0.000000000e+00 0.000000000e+00 -3.348134658e-08 6.200000000e+00 6.200000000e+00 3.348134654e-08 
d 1.000000000e+01 1.000000000e+01 0.000000000e+00 0.000000000e+00 0.000000000e+00 -3.354038128e-08 6.400000000e+00 6.400000000e+00 3.354038128e-08 
d 1.000000000e+01 1.000000000e+01 0.000000000e+00 0.000000000e+00 0.000000000e+00 -3.359428204e-08 6.600000000e+00 6.600000000e+00 3.359428196e-08 
d 1.000000000e+01 1.000000000e+01 0.000000000e+00 0.000000000e+00 0.000000000e+00 -3.364372955e-08 6.800000000e+00 6.800000000e+00 3.364372868e-08 
d 1.000000000e+01 1.000000000e+01 0.000000000e+00 0.000000000e+00 0.000000000e+00 -3.368926445e-08 7.000000000e+00 7.000000000e+00 3.368925895e-08 
d 1.000000000e+01 1.000000000e+01 0.000000000e+00 0.000000000e+00 0.000000000e+00 -3.373131737e-08 7.200000000e+00 7.200000000e+00 3.373128768e-08 
d 1.000000000e+01 1.000000000e+01 0.000000000e+00 0.000000000e+00 0.000000000e+00 -3.377022897e-08 7.400000000e+00 7.400000000e+00 3.377008264e-08 
d 1.000000000e+01 1.000000000e+01 0.000000000e+00 0.000000000e+00 0.000000000e+00 -3.380626445e-08 7.600000000e+00 7.600000000e+00 3.380564571e-08 
d 1.000000000e+01 1.000000000e+01 0.000000000e+00 0.000000000e+00 0.000000000e+00 -3.383963255e-08 7.800000000e+00 7.800000000e+00 3.383963256e-08 
d 1.000000000e+01 1.000000000e+01 0.000000000e+00 0.000000000e+00 0.000000000e+00 -3.387052523e-08 8.000000000e+00 8.000000000e+00 3.387052523e-08 
d 1.000000000e+01 1.000000000e+01 0.000000000e+00 0.000000000e+00 0.000000000e+00 -3.389916545e-08 8.200000000e+00 8.200000000e+00 3.389917572e-08 
d 1.000000000e+01 1.000000000e+01 0.000000000e+00 0.000000000e+00 0.000000000e+00 -3.392581263e-08 8.400000000e+00 8.400000000e+00 3.392206672e-08 
d 1.000000000e+01 1.000000000e+01 0.000000000e+00 0.000000000e+00 0.000000000e+00 -3.395072409e-08 8.600000000e+00 8.600000000e+00 3.395072409e-08 
d 1.000000000e+01 1.000000000e+01 0.000000000e+00 0.000000000e+00 0.000000000e+00 -3.397410918e-08 8.800000000e+00 8.800000000e+00 3.397349693e-08 
d 1.000000000e+01 1.000000000e+01 0.000000000e+00 0.000000000e+00 0.000000000e+00 -3.399611729e-08 9.000000000e+00 9.000000000e+00 3.399602769e-08 
d 1.000000000e+01 1.000000000e+01 0.000000000e+00 0.000000000e+00 0.000000000e+00 -3.401685587e-08 9.200000000e+00 9.200000000e+00 3.401683705e-08 
d 1.000000000e+01 1.000000000e+01 0.000000000e+00 0.000000000e+00 0.000000000e+00 -3.403640954e-08 9.400000000e+00 9.400000000e+00 3.403640317e-08 
d 1.000000000e+01 1.000000000e+01 0.000000000e+00 0.000000000e+00 0.000000000e+00 -3.405485096e-08 9.600000000e+00 9.600000000e+00 3.405482448e-08 
d 1.000000000e+01 1.000000000e+01 0.000000000e+00 0.000000000e+00 0.000000000e+00 -3.407224610e-08 9.800000000e+00 9.800000000e+00 3.407191311e-08 
d 1.000000000e+01 1.000000000e+01 0.000000000e+00 0.000000000e+00 0.000000000e+00 -3.408865728e-08 1.000000000e+01 1.000000000e+01 3.408865726e-08 
d 1.000000000e+01 1.000000000e+01 0.000000000e+00 0.000000000e+00 0.000000000e+00 -3.410414732e-08 1.020000000e+01 1.020000000e+01 3.410414729e-08 
d 1.000000000e+01 1.000000000e+01 0.000000000e+00 0.000000000e+00 0.000000000e+00 -3.411878171e-08 1.040000000e+01 1.040000000e+01 3.411866120e-08 
d 1.000000000e+01 1.000000000e+01 0.000000000e+00 0.000000000e+00 0.000000000e+00 -3.413262223e-08 1.060000000e+01 1.060000000e+01 3.413262222e-08 
d 1.000000000e+01 1.000000000e+01 0.000000000e+00 0.000000000e+00 0.000000000e+00 -3.414572680e-08 1.080000000e+01 1.080000000e+01 3.414572679e-08 
d 1.000000000e+01 1.000000000e+01 0.000000000e+00 0.000000000e+00 0.000000000e+00 -3.415815351e-08 1.100000000e+01 1.100000000e+01 3.415501973e-08 
d 1.000000000e+01 1.000000000e+01 0.000000000e+00 0.000000000e+00 0.000000000e+00 -3.416996080e-08 1.120000000e+01 1.120000000e+01 3.416937877e-08 
d 1.000000000e+01 1.000000000e+01 0.000000000e+00 0.000000000e+00 0.000000000e+00 -3.418120519e-08 1.140000000e+01 1.140000000e+01 3.418114695e-08 
d 1.000000000e+01 1.000000000e+01 0.000000000e+00 0.000000000e+00 0.000000000e+00 -3.419194000e-08 1.160000000e+01 1.160000000e+01 3.419193280e-08 
d 1.000000000e+01 1.000000000e+01 0.000000000e+00 0.000000000e+00 0.000000000e+00 -3.420221501e-08 1.180000000e+01 1.180000000e+01 3.420221331e-08 
d 1.000000000e+01 1.000000000e+01 0.000000000e+00 0.000000000e+00 0.000000000e+00 -3.421207636e-08 1.200000000e+01 1.200000000e+01 3.421207556e-08 
d 1.000000000e+01 1.000000000e+01 0.000000000e+00 0.000000000e+00 0.000000000e+00 -3.422156626e-08 1.220000000e+01 1.220000000e+01 3.422156565e-08 
d 1.000000000e+01 1.000000000e+01 0.000000000e+00 0.000000000e+00 0.000000000e+00 -3.423072284e-08 1.240000000e+01 1.240000000e+01 3.423072232e-08 
d 1.000000000e+01 1.000000000e+01 0.000000000e+00 0.000000000e+00 0.000000000e+00 -3.423958016e-08 1.260000000e+01 1.260000000e+01 3.423957972e-08 
d 1.000000000e+01 1.000000000e+01 0.000000000e+00 0.000000000e+00 0.000000000e+00 -3.424816826e-08 1.280000000e+01 1.280000000e+01 3.424816790e-08 
d 1.000000000e+01 1.000000000e+01 0.000000000e+00 0.000000000e+00 0.000000000e+00 -3.425651341e-08 1.300000000e+01 1.300000000e+01 3.425651309e-08 
d 1.000000000e+01 1.000000000e+01 0.000000000e+00 0.000000000e+00 0.000000000e+00 -3.426463835e-08 1.320000000e+01 1.320000000e+01 3.426463807e-08 
d 1.000000000e+01 1.000000000e+01 0.000000000e+00 0.000000000e+00 0.000000000e+00 -3.427256265e-08 1.340000000e+01 1.340000000e+01 3.427256241e-08 
d 1.000000000e+01 1.000000000e+01 0.000000000e+00 0.000000000e+00 0.000000000e+00 -3.428030304e-08 1.360000000e+01 1.360000000e+01 3.428030282e-08 
d 1.000000000e+01 1.000000000e+01 0.000000000e+00 0.000000000e+00 0.000000000e+00 -3.428787373e-08 1.380000000e+01 1.380000000e+01 3.428787355e-08 
d 1.000000000e+01 1.000000000e+01 0.000000000e+00 0.000000000e+00 0.000000000e+00 -3.429528673e-08 1.400000000e+01 1.400000000e+01 3.429528658e-08 
d 1.000000000e+01 1.000000000e+01 0.000000000e+00 0.000000000e+00 0.000000000e+00 -3.430255218e-08 1.420000000e+01 1.420000000e+01 3.430255206e-08 
d 1.000000000e+01 1.000000000e+01 0.000000000e+00 0.000000000e+00 0.000000000e+00 -3.430967855e-08 1.440000000e+01 1.440000000e+01 3.430967846e-08 
d 1.000000000e+01 1.000000000e+01 0.000000000e+00 0.000000000e+00 0.000000000e+00 -3.431667293e-08 1.460000000e+01 1.460000000e+01 3.431667287e-08 
d 1.000000000e+01 1.000000000e+01 0.000000000e+00 0.000000000e+00 0.000000000e+00 -3.432354125e-08 1.480000000e+01 1.480000000e+01 3.432354120e-08 
d 1.000000000e+01 1.000000000e+01 0.000000000e+00 0.000000000e+00 0.000000000e+00 -3.433028839e-08 1.500000000e+01 1.500000000e+01 3.433028836e-08 
