v ATLAS
# This file was created by ATLAS version 5.24.1.R on Sun May 10 19:01:07 2020.
#SSF 2.0 generic
##############################################################################
#                    Copyright (c) 1984 - 2017                               #
#                    Silvaco Inc. All rights reserved                        #
#                                                                            #
# This file format and the following Key are copyright Silvaco Inc.          #
# You may not use, this format or key without reproducing this message in    #
# full and obtaining express written permission from Silvaco Inc.            #
#                                                                            #
# To obtain such permission please contact: Silvaco Inc.                     #
#                                           support@silvaco.com              #
#                                                                            #
# KEY=SVC86hn7562asdx                       PROD=345                         #
##############################################################################
y 3 700 711 15
z 25.5 1e+41 300
f 3 "gate" "source" "drain" 
p 9 2 601 20 3 602 21 4 603 22 
d 1.000000000e+01 1.000000000e+01 0.000000000e+00 0.000000000e+00 0.000000000e+00 -7.667999792e-09 2.000000000e-01 2.000000000e-01 7.667999770e-09 
d 1.000000000e+01 1.000000000e+01 0.000000000e+00 0.000000000e+00 0.000000000e+00 -1.483044020e-08 4.000000000e-01 4.000000000e-01 1.483044020e-08 
d 1.000000000e+01 1.000000000e+01 0.000000000e+00 0.000000000e+00 0.000000000e+00 -2.151787629e-08 6.000000000e-01 6.000000000e-01 2.151787629e-08 
d 1.000000000e+01 1.000000000e+01 0.000000000e+00 0.000000000e+00 0.000000000e+00 -2.775727785e-08 8.000000000e-01 8.000000000e-01 2.775727785e-08 
d 1.000000000e+01 1.000000000e+01 0.000000000e+00 0.000000000e+00 0.000000000e+00 -3.357244890e-08 1.000000000e+00 1.000000000e+00 3.357244890e-08 
d 1.000000000e+01 1.000000000e+01 0.000000000e+00 0.000000000e+00 0.000000000e+00 -3.898440257e-08 1.200000000e+00 1.200000000e+00 3.898440257e-08 
d 1.000000000e+01 1.000000000e+01 0.000000000e+00 0.000000000e+00 0.000000000e+00 -4.401169344e-08 1.400000000e+00 1.400000000e+00 4.401169344e-08 
d 1.000000000e+01 1.000000000e+01 0.000000000e+00 0.000000000e+00 0.000000000e+00 -4.867071272e-08 1.600000000e+00 1.600000000e+00 4.867071272e-08 
d 1.000000000e+01 1.000000000e+01 0.000000000e+00 0.000000000e+00 0.000000000e+00 -5.297595344e-08 1.800000000e+00 1.800000000e+00 5.297595344e-08 
d 1.000000000e+01 1.000000000e+01 0.000000000e+00 0.000000000e+00 0.000000000e+00 -5.694025523e-08 2.000000000e+00 2.000000000e+00 5.694025522e-08 
d 1.000000000e+01 1.000000000e+01 0.000000000e+00 0.000000000e+00 0.000000000e+00 -6.057504080e-08 2.200000000e+00 2.200000000e+00 6.057504078e-08 
d 1.000000000e+01 1.000000000e+01 0.000000000e+00 0.000000000e+00 0.000000000e+00 -6.389056098e-08 2.400000000e+00 2.400000000e+00 6.389056092e-08 
d 1.000000000e+01 1.000000000e+01 0.000000000e+00 0.000000000e+00 0.000000000e+00 -6.689617233e-08 2.600000000e+00 2.600000000e+00 6.689617219e-08 
d 1.000000000e+01 1.000000000e+01 0.000000000e+00 0.000000000e+00 0.000000000e+00 -6.960068258e-08 2.800000000e+00 2.800000000e+00 6.960068224e-08 
d 1.000000000e+01 1.000000000e+01 0.000000000e+00 0.000000000e+00 0.000000000e+00 -7.201281633e-08 3.000000000e+00 3.000000000e+00 7.201281544e-08 
d 1.000000000e+01 1.000000000e+01 0.000000000e+00 0.000000000e+00 0.000000000e+00 -7.414187649e-08 3.200000000e+00 3.200000000e+00 7.414187419e-08 
d 1.000000000e+01 1.000000000e+01 0.000000000e+00 0.000000000e+00 0.000000000e+00 -7.599870278e-08 3.400000000e+00 3.400000000e+00 7.599869726e-08 
d 1.000000000e+01 1.000000000e+01 0.000000000e+00 0.000000000e+00 0.000000000e+00 -7.759703221e-08 3.600000000e+00 3.600000000e+00 7.759702106e-08 
d 1.000000000e+01 1.000000000e+01 0.000000000e+00 0.000000000e+00 0.000000000e+00 -7.895522179e-08 3.800000000e+00 3.800000000e+00 7.895520529e-08 
d 1.000000000e+01 1.000000000e+01 0.000000000e+00 0.000000000e+00 0.000000000e+00 -8.009767546e-08 4.000000000e+00 4.000000000e+00 8.009765938e-08 
d 1.000000000e+01 1.000000000e+01 0.000000000e+00 0.000000000e+00 0.000000000e+00 -8.105438263e-08 4.200000000e+00 4.200000000e+00 8.105437161e-08 
d 1.000000000e+01 1.000000000e+01 0.000000000e+00 0.000000000e+00 0.000000000e+00 -8.185769717e-08 4.400000000e+00 4.400000000e+00 8.185769120e-08 
d 1.000000000e+01 1.000000000e+01 0.000000000e+00 0.000000000e+00 0.000000000e+00 -8.253821376e-08 4.600000000e+00 4.600000000e+00 8.253821136e-08 
d 1.000000000e+01 1.000000000e+01 0.000000000e+00 0.000000000e+00 0.000000000e+00 -8.312205703e-08 4.800000000e+00 4.800000000e+00 8.312205667e-08 
d 1.000000000e+01 1.000000000e+01 0.000000000e+00 0.000000000e+00 0.000000000e+00 -8.362999499e-08 5.000000000e+00 5.000000000e+00 8.362999479e-08 
d 1.000000000e+01 1.000000000e+01 0.000000000e+00 0.000000000e+00 0.000000000e+00 -8.407783065e-08 5.200000000e+00 5.200000000e+00 8.407782890e-08 
d 1.000000000e+01 1.000000000e+01 0.000000000e+00 0.000000000e+00 0.000000000e+00 -8.447737696e-08 5.400000000e+00 5.400000000e+00 8.447737452e-08 
d 1.000000000e+01 1.000000000e+01 0.000000000e+00 0.000000000e+00 0.000000000e+00 -8.483746297e-08 5.600000000e+00 5.600000000e+00 8.483746108e-08 
d 1.000000000e+01 1.000000000e+01 0.000000000e+00 0.000000000e+00 0.000000000e+00 -8.516474410e-08 5.800000000e+00 5.800000000e+00 8.516474300e-08 
d 1.000000000e+01 1.000000000e+01 0.000000000e+00 0.000000000e+00 0.000000000e+00 -8.546429985e-08 6.000000000e+00 6.000000000e+00 8.546429925e-08 
d 1.000000000e+01 1.000000000e+01 0.000000000e+00 0.000000000e+00 0.000000000e+00 -8.574006515e-08 6.200000000e+00 6.200000000e+00 8.574006468e-08 
d 1.000000000e+01 1.000000000e+01 0.000000000e+00 0.000000000e+00 0.000000000e+00 -8.599514210e-08 6.400000000e+00 6.400000000e+00 8.599514135e-08 
d 1.000000000e+01 1.000000000e+01 0.000000000e+00 0.000000000e+00 0.000000000e+00 -8.623202425e-08 6.600000000e+00 6.600000000e+00 8.623202288e-08 
d 1.000000000e+01 1.000000000e+01 0.000000000e+00 0.000000000e+00 0.000000000e+00 -8.645275109e-08 6.800000000e+00 6.800000000e+00 8.645274957e-08 
d 1.000000000e+01 1.000000000e+01 0.000000000e+00 0.000000000e+00 0.000000000e+00 -8.665900593e-08 7.000000000e+00 7.000000000e+00 8.665900526e-08 
d 1.000000000e+01 1.000000000e+01 0.000000000e+00 0.000000000e+00 0.000000000e+00 -8.685217723e-08 7.200000000e+00 7.200000000e+00 8.685217535e-08 
d 1.000000000e+01 1.000000000e+01 0.000000000e+00 0.000000000e+00 0.000000000e+00 -8.703340780e-08 7.400000000e+00 7.400000000e+00 8.703339173e-08 
d 1.000000000e+01 1.000000000e+01 0.000000000e+00 0.000000000e+00 0.000000000e+00 -8.720365171e-08 7.600000000e+00 7.600000000e+00 8.720358812e-08 
d 1.000000000e+01 1.000000000e+01 0.000000000e+00 0.000000000e+00 0.000000000e+00 -8.736375461e-08 7.800000000e+00 7.800000000e+00 8.736364268e-08 
d 1.000000000e+01 1.000000000e+01 0.000000000e+00 0.000000000e+00 0.000000000e+00 -8.751455684e-08 8.000000000e+00 8.000000000e+00 8.751448095e-08 
d 1.000000000e+01 1.000000000e+01 0.000000000e+00 0.000000000e+00 0.000000000e+00 -8.765692096e-08 8.200000000e+00 8.200000000e+00 8.765692237e-08 
d 1.000000000e+01 1.000000000e+01 0.000000000e+00 0.000000000e+00 0.000000000e+00 -8.779163197e-08 8.400000000e+00 8.400000000e+00 8.779149566e-08 
d 1.000000000e+01 1.000000000e+01 0.000000000e+00 0.000000000e+00 0.000000000e+00 -8.791934882e-08 8.600000000e+00 8.600000000e+00 8.791916996e-08 
d 1.000000000e+01 1.000000000e+01 0.000000000e+00 0.000000000e+00 0.000000000e+00 -8.804062854e-08 8.800000000e+00 8.800000000e+00 8.804053056e-08 
d 1.000000000e+01 1.000000000e+01 0.000000000e+00 0.000000000e+00 0.000000000e+00 -8.815594816e-08 9.000000000e+00 9.000000000e+00 8.815590669e-08 
d 1.000000000e+01 1.000000000e+01 0.000000000e+00 0.000000000e+00 0.000000000e+00 -8.826571876e-08 9.200000000e+00 9.200000000e+00 8.826570392e-08 
d 1.000000000e+01 1.000000000e+01 0.000000000e+00 0.000000000e+00 0.000000000e+00 -8.837029999e-08 9.400000000e+00 9.400000000e+00 8.837029558e-08 
d 1.000000000e+01 1.000000000e+01 0.000000000e+00 0.000000000e+00 0.000000000e+00 -8.847001715e-08 9.600000000e+00 9.600000000e+00 8.847001634e-08 
d 1.000000000e+01 1.000000000e+01 0.000000000e+00 0.000000000e+00 0.000000000e+00 -8.856517805e-08 9.800000000e+00 9.800000000e+00 8.856517828e-08 
d 1.000000000e+01 1.000000000e+01 0.000000000e+00 0.000000000e+00 0.000000000e+00 -8.865608517e-08 1.000000000e+01 1.000000000e+01 8.865608563e-08 
d 1.000000000e+01 1.000000000e+01 0.000000000e+00 0.000000000e+00 0.000000000e+00 -8.874304081e-08 1.020000000e+01 1.020000000e+01 8.874304125e-08 
d 1.000000000e+01 1.000000000e+01 0.000000000e+00 0.000000000e+00 0.000000000e+00 -8.882634451e-08 1.040000000e+01 1.040000000e+01 8.882634470e-08 
d 1.000000000e+01 1.000000000e+01 0.000000000e+00 0.000000000e+00 0.000000000e+00 -8.890628443e-08 1.060000000e+01 1.060000000e+01 8.890628433e-08 
d 1.000000000e+01 1.000000000e+01 0.000000000e+00 0.000000000e+00 0.000000000e+00 -8.898312704e-08 1.080000000e+01 1.080000000e+01 8.898312675e-08 
d 1.000000000e+01 1.000000000e+01 0.000000000e+00 0.000000000e+00 0.000000000e+00 -8.905711015e-08 1.100000000e+01 1.100000000e+01 8.905710973e-08 
d 1.000000000e+01 1.000000000e+01 0.000000000e+00 0.000000000e+00 0.000000000e+00 -8.912844142e-08 1.120000000e+01 1.120000000e+01 8.912844092e-08 
d 1.000000000e+01 1.000000000e+01 0.000000000e+00 0.000000000e+00 0.000000000e+00 -8.919730138e-08 1.140000000e+01 1.140000000e+01 8.919730092e-08 
d 1.000000000e+01 1.000000000e+01 0.000000000e+00 0.000000000e+00 0.000000000e+00 -8.926384844e-08 1.160000000e+01 1.160000000e+01 8.926384811e-08 
d 1.000000000e+01 1.000000000e+01 0.000000000e+00 0.000000000e+00 0.000000000e+00 -8.932822384e-08 1.180000000e+01 1.180000000e+01 8.932822364e-08 
d 1.000000000e+01 1.000000000e+01 0.000000000e+00 0.000000000e+00 0.000000000e+00 -8.939055536e-08 1.200000000e+01 1.200000000e+01 8.939055524e-08 
d 1.000000000e+01 1.000000000e+01 0.000000000e+00 0.000000000e+00 0.000000000e+00 -8.945095977e-08 1.220000000e+01 1.220000000e+01 8.945095969e-08 
d 1.000000000e+01 1.000000000e+01 0.000000000e+00 0.000000000e+00 0.000000000e+00 -8.950954433e-08 1.240000000e+01 1.240000000e+01 8.950954428e-08 
d 1.000000000e+01 1.000000000e+01 0.000000000e+00 0.000000000e+00 0.000000000e+00 -8.956640777e-08 1.260000000e+01 1.260000000e+01 8.956640774e-08 
d 1.000000000e+01 1.000000000e+01 0.000000000e+00 0.000000000e+00 0.000000000e+00 -8.962164109e-08 1.280000000e+01 1.280000000e+01 8.962164106e-08 
d 1.000000000e+01 1.000000000e+01 0.000000000e+00 0.000000000e+00 0.000000000e+00 -8.967532815e-08 1.300000000e+01 1.300000000e+01 8.967532813e-08 
d 1.000000000e+01 1.000000000e+01 0.000000000e+00 0.000000000e+00 0.000000000e+00 -8.972754623e-08 1.320000000e+01 1.320000000e+01 8.972754621e-08 
d 1.000000000e+01 1.000000000e+01 0.000000000e+00 0.000000000e+00 0.000000000e+00 -8.977836639e-08 1.340000000e+01 1.340000000e+01 8.977836638e-08 
d 1.000000000e+01 1.000000000e+01 0.000000000e+00 0.000000000e+00 0.000000000e+00 -8.982785372e-08 1.360000000e+01 1.360000000e+01 8.982785372e-08 
d 1.000000000e+01 1.000000000e+01 0.000000000e+00 0.000000000e+00 0.000000000e+00 -8.987606758e-08 1.380000000e+01 1.380000000e+01 8.987606758e-08 
d 1.000000000e+01 1.000000000e+01 0.000000000e+00 0.000000000e+00 0.000000000e+00 -8.992306189e-08 1.400000000e+01 1.400000000e+01 8.992306188e-08 
d 1.000000000e+01 1.000000000e+01 0.000000000e+00 0.000000000e+00 0.000000000e+00 -8.996888554e-08 1.420000000e+01 1.420000000e+01 8.996888553e-08 
d 1.000000000e+01 1.000000000e+01 0.000000000e+00 0.000000000e+00 0.000000000e+00 -9.001358297e-08 1.440000000e+01 1.440000000e+01 9.001358296e-08 
d 1.000000000e+01 1.000000000e+01 0.000000000e+00 0.000000000e+00 0.000000000e+00 -9.005719480e-08 1.460000000e+01 1.460000000e+01 9.005719480e-08 
d 1.000000000e+01 1.000000000e+01 0.000000000e+00 0.000000000e+00 0.000000000e+00 -9.009975857e-08 1.480000000e+01 1.480000000e+01 9.009975856e-08 
d 1.000000000e+01 1.000000000e+01 0.000000000e+00 0.000000000e+00 0.000000000e+00 -9.014130940e-08 1.500000000e+01 1.500000000e+01 9.014130940e-08 
