v ATLAS
# This file was created by ATLAS version 5.24.1.R on Sun May 10 18:56:32 2020.
#SSF 2.0 generic
##############################################################################
#                    Copyright (c) 1984 - 2017                               #
#                    Silvaco Inc. All rights reserved                        #
#                                                                            #
# This file format and the following Key are copyright Silvaco Inc.          #
# You may not use, this format or key without reproducing this message in    #
# full and obtaining express written permission from Silvaco Inc.            #
#                                                                            #
# To obtain such permission please contact: Silvaco Inc.                     #
#                                           support@silvaco.com              #
#                                                                            #
# KEY=SVC86hn7562asdx                       PROD=345                         #
##############################################################################
y 3 700 711 15
z 25.5 1e+41 300
f 3 "gate" "source" "drain" 
p 9 2 601 20 3 602 21 4 603 22 
d 2.000000000e-01 2.000000000e-01 0.000000000e+00 0.000000000e+00 0.000000000e+00 -4.058335209e-15 1.000000000e+01 1.000000000e+01 4.057259604e-15 
d 4.000000000e-01 4.000000000e-01 0.000000000e+00 0.000000000e+00 0.000000000e+00 -5.598239011e-15 1.000000000e+01 1.000000000e+01 5.595572486e-15 
d 6.000000000e-01 6.000000000e-01 0.000000000e+00 0.000000000e+00 0.000000000e+00 -9.067633764e-15 1.000000000e+01 1.000000000e+01 9.067093562e-15 
d 8.000000000e-01 8.000000000e-01 0.000000000e+00 0.000000000e+00 0.000000000e+00 -1.772569705e-14 1.000000000e+01 1.000000000e+01 1.772290995e-14 
d 1.000000000e+00 1.000000000e+00 0.000000000e+00 0.000000000e+00 0.000000000e+00 -4.463308923e-14 1.000000000e+01 1.000000000e+01 4.463271159e-14 
d 1.200000000e+00 1.200000000e+00 0.000000000e+00 0.000000000e+00 0.000000000e+00 -1.191447621e-13 1.000000000e+01 1.000000000e+01 1.191443831e-13 
d 1.400000000e+00 1.400000000e+00 0.000000000e+00 0.000000000e+00 0.000000000e+00 -2.725748633e-13 1.000000000e+01 1.000000000e+01 2.725754340e-13 
d 1.600000000e+00 1.600000000e+00 0.000000000e+00 0.000000000e+00 0.000000000e+00 -5.400848349e-13 1.000000000e+01 1.000000000e+01 5.400841919e-13 
d 1.800000000e+00 1.800000000e+00 0.000000000e+00 0.000000000e+00 0.000000000e+00 -9.750743980e-13 1.000000000e+01 1.000000000e+01 9.747360711e-13 
d 2.000000000e+00 2.000000000e+00 0.000000000e+00 0.000000000e+00 0.000000000e+00 -1.671915063e-12 1.000000000e+01 1.000000000e+01 1.671646237e-12 
d 2.200000000e+00 2.200000000e+00 0.000000000e+00 0.000000000e+00 0.000000000e+00 -2.818034641e-12 1.000000000e+01 1.000000000e+01 2.818034758e-12 
d 2.400000000e+00 2.400000000e+00 0.000000000e+00 0.000000000e+00 0.000000000e+00 -4.825074974e-12 1.000000000e+01 1.000000000e+01 4.825075096e-12 
d 2.600000000e+00 2.600000000e+00 0.000000000e+00 0.000000000e+00 0.000000000e+00 -8.584680747e-12 1.000000000e+01 1.000000000e+01 8.584680857e-12 
d 2.800000000e+00 2.800000000e+00 0.000000000e+00 0.000000000e+00 0.000000000e+00 -1.555619892e-11 1.000000000e+01 1.000000000e+01 1.555618974e-11 
d 3.000000000e+00 3.000000000e+00 0.000000000e+00 0.000000000e+00 0.000000000e+00 -2.729872351e-11 1.000000000e+01 1.000000000e+01 2.729872331e-11 
d 3.200000000e+00 3.200000000e+00 0.000000000e+00 0.000000000e+00 0.000000000e+00 -4.517330989e-11 1.000000000e+01 1.000000000e+01 4.517330994e-11 
d 3.400000000e+00 3.400000000e+00 0.000000000e+00 0.000000000e+00 0.000000000e+00 -7.048820483e-11 1.000000000e+01 1.000000000e+01 7.048820427e-11 
d 3.600000000e+00 3.600000000e+00 0.000000000e+00 0.000000000e+00 0.000000000e+00 -1.046912784e-10 1.000000000e+01 1.000000000e+01 1.046912534e-10 
d 3.800000000e+00 3.800000000e+00 0.000000000e+00 0.000000000e+00 0.000000000e+00 -1.495273304e-10 1.000000000e+01 1.000000000e+01 1.495273300e-10 
d 4.000000000e+00 4.000000000e+00 0.000000000e+00 0.000000000e+00 0.000000000e+00 -2.072033214e-10 1.000000000e+01 1.000000000e+01 2.072033216e-10 
d 4.200000000e+00 4.200000000e+00 0.000000000e+00 0.000000000e+00 0.000000000e+00 -2.806048556e-10 1.000000000e+01 1.000000000e+01 2.806048556e-10 
d 4.400000000e+00 4.400000000e+00 0.000000000e+00 0.000000000e+00 0.000000000e+00 -3.736125522e-10 1.000000000e+01 1.000000000e+01 3.736125520e-10 
d 4.600000000e+00 4.600000000e+00 0.000000000e+00 0.000000000e+00 0.000000000e+00 -4.915891774e-10 1.000000000e+01 1.000000000e+01 4.915891777e-10 
d 4.800000000e+00 4.800000000e+00 0.000000000e+00 0.000000000e+00 0.000000000e+00 -6.421493750e-10 1.000000000e+01 1.000000000e+01 6.421493754e-10 
d 5.000000000e+00 5.000000000e+00 0.000000000e+00 0.000000000e+00 0.000000000e+00 -8.363792460e-10 1.000000000e+01 1.000000000e+01 8.363792464e-10 
d 5.200000000e+00 5.200000000e+00 0.000000000e+00 0.000000000e+00 0.000000000e+00 -1.090694099e-09 1.000000000e+01 1.000000000e+01 1.090694098e-09 
d 5.400000000e+00 5.400000000e+00 0.000000000e+00 0.000000000e+00 0.000000000e+00 -1.429302015e-09 1.000000000e+01 1.000000000e+01 1.429302015e-09 
d 5.600000000e+00 5.600000000e+00 0.000000000e+00 0.000000000e+00 0.000000000e+00 -1.886287522e-09 1.000000000e+01 1.000000000e+01 1.886287522e-09 
d 5.800000000e+00 5.800000000e+00 0.000000000e+00 0.000000000e+00 0.000000000e+00 -2.504594355e-09 1.000000000e+01 1.000000000e+01 2.504594355e-09 
d 6.000000000e+00 6.000000000e+00 0.000000000e+00 0.000000000e+00 0.000000000e+00 -3.329543026e-09 1.000000000e+01 1.000000000e+01 3.329543026e-09 
d 6.200000000e+00 6.200000000e+00 0.000000000e+00 0.000000000e+00 0.000000000e+00 -4.400094060e-09 1.000000000e+01 1.000000000e+01 4.400094060e-09 
d 6.400000000e+00 6.400000000e+00 0.000000000e+00 0.000000000e+00 0.000000000e+00 -5.744418042e-09 1.000000000e+01 1.000000000e+01 5.744418042e-09 
d 6.600000000e+00 6.600000000e+00 0.000000000e+00 0.000000000e+00 0.000000000e+00 -7.380970324e-09 1.000000000e+01 1.000000000e+01 7.380970324e-09 
d 6.800000000e+00 6.800000000e+00 0.000000000e+00 0.000000000e+00 0.000000000e+00 -9.321678762e-09 1.000000000e+01 1.000000000e+01 9.321666903e-09 
d 7.000000000e+00 7.000000000e+00 0.000000000e+00 0.000000000e+00 0.000000000e+00 -1.157477861e-08 1.000000000e+01 1.000000000e+01 1.157477213e-08 
d 7.200000000e+00 7.200000000e+00 0.000000000e+00 0.000000000e+00 0.000000000e+00 -1.414673870e-08 1.000000000e+01 1.000000000e+01 1.414673576e-08 
d 7.400000000e+00 7.400000000e+00 0.000000000e+00 0.000000000e+00 0.000000000e+00 -1.704346626e-08 1.000000000e+01 1.000000000e+01 1.704346502e-08 
d 7.600000000e+00 7.600000000e+00 0.000000000e+00 0.000000000e+00 0.000000000e+00 -2.027105097e-08 1.000000000e+01 1.000000000e+01 2.027105040e-08 
d 7.800000000e+00 7.800000000e+00 0.000000000e+00 0.000000000e+00 0.000000000e+00 -2.383623067e-08 1.000000000e+01 1.000000000e+01 2.383623038e-08 
d 8.000000000e+00 8.000000000e+00 0.000000000e+00 0.000000000e+00 0.000000000e+00 -2.774669994e-08 1.000000000e+01 1.000000000e+01 2.774669981e-08 
d 8.200000000e+00 8.200000000e+00 0.000000000e+00 0.000000000e+00 0.000000000e+00 -3.201134099e-08 1.000000000e+01 1.000000000e+01 3.201134096e-08 
d 8.400000000e+00 8.400000000e+00 0.000000000e+00 0.000000000e+00 0.000000000e+00 -3.664042634e-08 1.000000000e+01 1.000000000e+01 3.664042634e-08 
d 8.600000000e+00 8.600000000e+00 0.000000000e+00 0.000000000e+00 0.000000000e+00 -4.164582000e-08 1.000000000e+01 1.000000000e+01 4.164581996e-08 
d 8.800000000e+00 8.800000000e+00 0.000000000e+00 0.000000000e+00 0.000000000e+00 -4.704118894e-08 1.000000000e+01 1.000000000e+01 4.704118876e-08 
d 9.000000000e+00 9.000000000e+00 0.000000000e+00 0.000000000e+00 0.000000000e+00 -5.284222777e-08 1.000000000e+01 1.000000000e+01 5.284222749e-08 
d 9.200000000e+00 9.200000000e+00 0.000000000e+00 0.000000000e+00 0.000000000e+00 -5.906689806e-08 1.000000000e+01 1.000000000e+01 5.906689778e-08 
d 9.400000000e+00 9.400000000e+00 0.000000000e+00 0.000000000e+00 0.000000000e+00 -6.573568749e-08 1.000000000e+01 1.000000000e+01 6.573568731e-08 
d 9.600000000e+00 9.600000000e+00 0.000000000e+00 0.000000000e+00 0.000000000e+00 -7.287190255e-08 1.000000000e+01 1.000000000e+01 7.287190250e-08 
d 9.800000000e+00 9.800000000e+00 0.000000000e+00 0.000000000e+00 0.000000000e+00 -8.050201568e-08 1.000000000e+01 1.000000000e+01 8.050201573e-08 
d 1.000000000e+01 1.000000000e+01 0.000000000e+00 0.000000000e+00 0.000000000e+00 -8.865608517e-08 1.000000000e+01 1.000000000e+01 8.865608464e-08 
d 1.020000000e+01 1.020000000e+01 0.000000000e+00 0.000000000e+00 0.000000000e+00 -9.736824779e-08 1.000000000e+01 1.000000000e+01 9.736824524e-08 
d 1.040000000e+01 1.040000000e+01 0.000000000e+00 0.000000000e+00 0.000000000e+00 -1.066772570e-07 1.000000000e+01 1.000000000e+01 1.066772538e-07 
d 1.060000000e+01 1.060000000e+01 0.000000000e+00 0.000000000e+00 0.000000000e+00 -1.166270191e-07 1.000000000e+01 1.000000000e+01 1.166270172e-07 
d 1.080000000e+01 1.080000000e+01 0.000000000e+00 0.000000000e+00 0.000000000e+00 -1.272670664e-07 1.000000000e+01 1.000000000e+01 1.272670656e-07 
d 1.100000000e+01 1.100000000e+01 0.000000000e+00 0.000000000e+00 0.000000000e+00 -1.386528929e-07 1.000000000e+01 1.000000000e+01 1.386528925e-07 
d 1.120000000e+01 1.120000000e+01 0.000000000e+00 0.000000000e+00 0.000000000e+00 -1.508460576e-07 1.000000000e+01 1.000000000e+01 1.508460574e-07 
d 1.140000000e+01 1.140000000e+01 0.000000000e+00 0.000000000e+00 0.000000000e+00 -1.639139429e-07 1.000000000e+01 1.000000000e+01 1.639139426e-07 
d 1.160000000e+01 1.160000000e+01 0.000000000e+00 0.000000000e+00 0.000000000e+00 -1.779290448e-07 1.000000000e+01 1.000000000e+01 1.779290425e-07 
d 1.180000000e+01 1.180000000e+01 0.000000000e+00 0.000000000e+00 0.000000000e+00 -1.929676753e-07 1.000000000e+01 1.000000000e+01 1.929676699e-07 
d 1.200000000e+01 1.200000000e+01 0.000000000e+00 0.000000000e+00 0.000000000e+00 -2.091080006e-07 1.000000000e+01 1.000000000e+01 2.091079975e-07 
d 1.220000000e+01 1.220000000e+01 0.000000000e+00 0.000000000e+00 0.000000000e+00 -2.264274586e-07 1.000000000e+01 1.000000000e+01 2.264274563e-07 
d 1.240000000e+01 1.240000000e+01 0.000000000e+00 0.000000000e+00 0.000000000e+00 -2.449998571e-07 1.000000000e+01 1.000000000e+01 2.449997796e-07 
d 1.260000000e+01 1.260000000e+01 0.000000000e+00 0.000000000e+00 0.000000000e+00 -2.648925518e-07 1.000000000e+01 1.000000000e+01 2.648923689e-07 
d 1.280000000e+01 1.280000000e+01 0.000000000e+00 0.000000000e+00 0.000000000e+00 -2.861639943e-07 1.000000000e+01 1.000000000e+01 2.861638811e-07 
d 1.300000000e+01 1.300000000e+01 0.000000000e+00 0.000000000e+00 0.000000000e+00 -3.088620223e-07 1.000000000e+01 1.000000000e+01 3.088619878e-07 
d 1.320000000e+01 1.320000000e+01 0.000000000e+00 0.000000000e+00 0.000000000e+00 -3.330231848e-07 1.000000000e+01 1.000000000e+01 3.330231771e-07 
d 1.340000000e+01 1.340000000e+01 0.000000000e+00 0.000000000e+00 0.000000000e+00 -3.586730411e-07 1.000000000e+01 1.000000000e+01 3.586730396e-07 
d 1.360000000e+01 1.360000000e+01 0.000000000e+00 0.000000000e+00 0.000000000e+00 -3.858271527e-07 1.000000000e+01 1.000000000e+01 3.858271524e-07 
d 1.380000000e+01 1.380000000e+01 0.000000000e+00 0.000000000e+00 0.000000000e+00 -4.144924414e-07 1.000000000e+01 1.000000000e+01 4.144924413e-07 
d 1.400000000e+01 1.400000000e+01 0.000000000e+00 0.000000000e+00 0.000000000e+00 -4.446686541e-07 1.000000000e+01 1.000000000e+01 4.446686541e-07 
d 1.420000000e+01 1.420000000e+01 0.000000000e+00 0.000000000e+00 0.000000000e+00 -4.763497583e-07 1.000000000e+01 1.000000000e+01 4.763497583e-07 
d 1.440000000e+01 1.440000000e+01 0.000000000e+00 0.000000000e+00 0.000000000e+00 -5.095251713e-07 1.000000000e+01 1.000000000e+01 5.095251713e-07 
d 1.460000000e+01 1.460000000e+01 0.000000000e+00 0.000000000e+00 0.000000000e+00 -5.441808178e-07 1.000000000e+01 1.000000000e+01 5.441808178e-07 
d 1.480000000e+01 1.480000000e+01 0.000000000e+00 0.000000000e+00 0.000000000e+00 -5.803001115e-07 1.000000000e+01 1.000000000e+01 5.803001115e-07 
d 1.500000000e+01 1.500000000e+01 0.000000000e+00 0.000000000e+00 0.000000000e+00 -6.178649495e-07 1.000000000e+01 1.000000000e+01 6.178649495e-07 
d 1.520000000e+01 1.520000000e+01 0.000000000e+00 0.000000000e+00 0.000000000e+00 -6.568566610e-07 1.000000000e+01 1.000000000e+01 6.568566609e-07 
d 1.540000000e+01 1.540000000e+01 0.000000000e+00 0.000000000e+00 0.000000000e+00 -6.972567814e-07 1.000000000e+01 1.000000000e+01 6.972567809e-07 
d 1.560000000e+01 1.560000000e+01 0.000000000e+00 0.000000000e+00 0.000000000e+00 -7.390477224e-07 1.000000000e+01 1.000000000e+01 7.390477212e-07 
d 1.580000000e+01 1.580000000e+01 0.000000000e+00 0.000000000e+00 0.000000000e+00 -7.822135680e-07 1.000000000e+01 1.000000000e+01 7.822135627e-07 
d 1.600000000e+01 1.600000000e+01 0.000000000e+00 0.000000000e+00 0.000000000e+00 -8.267408985e-07 1.000000000e+01 1.000000000e+01 8.267408860e-07 
d 1.620000000e+01 1.620000000e+01 0.000000000e+00 0.000000000e+00 0.000000000e+00 -8.726192063e-07 1.000000000e+01 1.000000000e+01 8.726191900e-07 
d 1.640000000e+01 1.640000000e+01 0.000000000e+00 0.000000000e+00 0.000000000e+00 -9.198407143e-07 1.000000000e+01 1.000000000e+01 9.198407001e-07 
d 1.660000000e+01 1.660000000e+01 0.000000000e+00 0.000000000e+00 0.000000000e+00 -9.683998468e-07 1.000000000e+01 1.000000000e+01 9.683998373e-07 
d 1.680000000e+01 1.680000000e+01 0.000000000e+00 0.000000000e+00 0.000000000e+00 -1.018292672e-06 1.000000000e+01 1.000000000e+01 1.018292666e-06 
d 1.700000000e+01 1.700000000e+01 0.000000000e+00 0.000000000e+00 0.000000000e+00 -1.069516450e-06 1.000000000e+01 1.000000000e+01 1.069516447e-06 
d 1.720000000e+01 1.720000000e+01 0.000000000e+00 0.000000000e+00 0.000000000e+00 -1.122069300e-06 1.000000000e+01 1.000000000e+01 1.122069298e-06 
d 1.740000000e+01 1.740000000e+01 0.000000000e+00 0.000000000e+00 0.000000000e+00 -1.175949950e-06 1.000000000e+01 1.000000000e+01 1.175949949e-06 
d 1.760000000e+01 1.760000000e+01 0.000000000e+00 0.000000000e+00 0.000000000e+00 -1.231157539e-06 1.000000000e+01 1.000000000e+01 1.231157538e-06 
d 1.780000000e+01 1.780000000e+01 0.000000000e+00 0.000000000e+00 0.000000000e+00 -1.287691439e-06 1.000000000e+01 1.000000000e+01 1.287691439e-06 
d 1.800000000e+01 1.800000000e+01 0.000000000e+00 0.000000000e+00 0.000000000e+00 -1.345551098e-06 1.000000000e+01 1.000000000e+01 1.345551098e-06 
d 1.820000000e+01 1.820000000e+01 0.000000000e+00 0.000000000e+00 0.000000000e+00 -1.404735871e-06 1.000000000e+01 1.000000000e+01 1.404735871e-06 
d 1.840000000e+01 1.840000000e+01 0.000000000e+00 0.000000000e+00 0.000000000e+00 -1.465244854e-06 1.000000000e+01 1.000000000e+01 1.465244854e-06 
d 1.860000000e+01 1.860000000e+01 0.000000000e+00 0.000000000e+00 0.000000000e+00 -1.527076700e-06 1.000000000e+01 1.000000000e+01 1.527076700e-06 
d 1.880000000e+01 1.880000000e+01 0.000000000e+00 0.000000000e+00 0.000000000e+00 -1.590229420e-06 1.000000000e+01 1.000000000e+01 1.590229420e-06 
d 1.900000000e+01 1.900000000e+01 0.000000000e+00 0.000000000e+00 0.000000000e+00 -1.654700165e-06 1.000000000e+01 1.000000000e+01 1.654700164e-06 
d 1.920000000e+01 1.920000000e+01 0.000000000e+00 0.000000000e+00 0.000000000e+00 -1.720484978e-06 1.000000000e+01 1.000000000e+01 1.720484977e-06 
d 1.940000000e+01 1.940000000e+01 0.000000000e+00 0.000000000e+00 0.000000000e+00 -1.787578530e-06 1.000000000e+01 1.000000000e+01 1.787578529e-06 
d 1.960000000e+01 1.960000000e+01 0.000000000e+00 0.000000000e+00 0.000000000e+00 -1.855973818e-06 1.000000000e+01 1.000000000e+01 1.855973817e-06 
d 1.980000000e+01 1.980000000e+01 0.000000000e+00 0.000000000e+00 0.000000000e+00 -1.925661845e-06 1.000000000e+01 1.000000000e+01 1.925661844e-06 
d 2.000000000e+01 2.000000000e+01 0.000000000e+00 0.000000000e+00 0.000000000e+00 -1.996631273e-06 1.000000000e+01 1.000000000e+01 1.996631272e-06 
