v ATLAS
# This file was created by ATLAS version 5.24.1.R on Sun May 10 18:43:54 2020.
#SSF 2.0 generic
##############################################################################
#                    Copyright (c) 1984 - 2017                               #
#                    Silvaco Inc. All rights reserved                        #
#                                                                            #
# This file format and the following Key are copyright Silvaco Inc.          #
# You may not use, this format or key without reproducing this message in    #
# full and obtaining express written permission from Silvaco Inc.            #
#                                                                            #
# To obtain such permission please contact: Silvaco Inc.                     #
#                                           support@silvaco.com              #
#                                                                            #
# KEY=SVC86hn7562asdx                       PROD=345                         #
##############################################################################
y 3 700 711 15
z 12.75 1e+41 300
f 3 "gate" "source" "drain" 
p 9 2 601 20 3 602 21 4 603 22 
d 0.000000000e+00 0.000000000e+00 0.000000000e+00 0.000000000e+00 0.000000000e+00 -7.067068730e-15 1.000000000e+01 1.000000000e+01 7.067618153e-15 
d -2.000000000e-01 -2.000000000e-01 0.000000000e+00 0.000000000e+00 0.000000000e+00 -6.440601428e-15 1.000000000e+01 1.000000000e+01 6.440478722e-15 
d -4.000000000e-01 -4.000000000e-01 0.000000000e+00 0.000000000e+00 0.000000000e+00 -6.108532890e-15 1.000000000e+01 1.000000000e+01 6.107919906e-15 
d -6.000000000e-01 -6.000000000e-01 0.000000000e+00 0.000000000e+00 0.000000000e+00 -5.898807291e-15 1.000000000e+01 1.000000000e+01 5.899108017e-15 
d -8.000000000e-01 -8.000000000e-01 0.000000000e+00 0.000000000e+00 0.000000000e+00 -5.750777606e-15 1.000000000e+01 1.000000000e+01 5.751273690e-15 
d -1.000000000e+00 -1.000000000e+00 0.000000000e+00 0.000000000e+00 0.000000000e+00 -5.639406849e-15 1.000000000e+01 1.000000000e+01 5.639127477e-15 
d -1.200000000e+00 -1.200000000e+00 0.000000000e+00 0.000000000e+00 0.000000000e+00 -5.640043968e-15 1.000000000e+01 1.000000000e+01 5.551813520e-15 
d -1.400000000e+00 -1.400000000e+00 0.000000000e+00 0.000000000e+00 0.000000000e+00 -5.522294245e-15 1.000000000e+01 1.000000000e+01 5.480784524e-15 
d -1.600000000e+00 -1.600000000e+00 0.000000000e+00 0.000000000e+00 0.000000000e+00 -5.421475087e-15 1.000000000e+01 1.000000000e+01 5.422308957e-15 
d -1.800000000e+00 -1.800000000e+00 0.000000000e+00 0.000000000e+00 0.000000000e+00 -5.427383387e-15 1.000000000e+01 1.000000000e+01 5.370903761e-15 
d -2.000000000e+00 -2.000000000e+00 0.000000000e+00 0.000000000e+00 0.000000000e+00 -5.335710961e-15 1.000000000e+01 1.000000000e+01 5.328144190e-15 
d -2.200000000e+00 -2.200000000e+00 0.000000000e+00 0.000000000e+00 0.000000000e+00 -5.293610569e-15 1.000000000e+01 1.000000000e+01 5.289843945e-15 
d -2.400000000e+00 -2.400000000e+00 0.000000000e+00 0.000000000e+00 0.000000000e+00 -5.258436672e-15 1.000000000e+01 1.000000000e+01 5.256963469e-15 
d -2.600000000e+00 -2.600000000e+00 0.000000000e+00 0.000000000e+00 0.000000000e+00 -5.227018232e-15 1.000000000e+01 1.000000000e+01 5.226481146e-15 
d -2.800000000e+00 -2.800000000e+00 0.000000000e+00 0.000000000e+00 0.000000000e+00 -5.199063727e-15 1.000000000e+01 1.000000000e+01 5.198838655e-15 
d -3.000000000e+00 -3.000000000e+00 0.000000000e+00 0.000000000e+00 0.000000000e+00 -5.173909597e-15 1.000000000e+01 1.000000000e+01 5.173702990e-15 
d -3.200000000e+00 -3.200000000e+00 0.000000000e+00 0.000000000e+00 0.000000000e+00 -5.150775123e-15 1.000000000e+01 1.000000000e+01 5.149883490e-15 
d -3.400000000e+00 -3.400000000e+00 0.000000000e+00 0.000000000e+00 0.000000000e+00 -5.129377491e-15 1.000000000e+01 1.000000000e+01 5.129189826e-15 
d -3.600000000e+00 -3.600000000e+00 0.000000000e+00 0.000000000e+00 0.000000000e+00 -5.109545511e-15 1.000000000e+01 1.000000000e+01 5.109208692e-15 
d -3.800000000e+00 -3.800000000e+00 0.000000000e+00 0.000000000e+00 0.000000000e+00 -5.090980862e-15 1.000000000e+01 1.000000000e+01 5.089885702e-15 
d -4.000000000e+00 -4.000000000e+00 0.000000000e+00 0.000000000e+00 0.000000000e+00 -5.073440193e-15 1.000000000e+01 1.000000000e+01 5.073440031e-15 
d -4.200000000e+00 -4.200000000e+00 0.000000000e+00 0.000000000e+00 0.000000000e+00 -5.057035413e-15 1.000000000e+01 1.000000000e+01 5.057236595e-15 
d -4.400000000e+00 -4.400000000e+00 0.000000000e+00 0.000000000e+00 0.000000000e+00 -5.041504791e-15 1.000000000e+01 1.000000000e+01 5.040711510e-15 
d -4.600000000e+00 -4.600000000e+00 0.000000000e+00 0.000000000e+00 0.000000000e+00 -5.026733154e-15 1.000000000e+01 1.000000000e+01 5.026429994e-15 
d -4.800000000e+00 -4.800000000e+00 0.000000000e+00 0.000000000e+00 0.000000000e+00 -5.012762502e-15 1.000000000e+01 1.000000000e+01 5.013249560e-15 
d -5.000000000e+00 -5.000000000e+00 0.000000000e+00 0.000000000e+00 0.000000000e+00 -4.999501839e-15 1.000000000e+01 1.000000000e+01 5.000426183e-15 
d -5.200000000e+00 -5.200000000e+00 0.000000000e+00 0.000000000e+00 0.000000000e+00 -4.986774721e-15 1.000000000e+01 1.000000000e+01 4.986230426e-15 
d -5.400000000e+00 -5.400000000e+00 0.000000000e+00 0.000000000e+00 0.000000000e+00 -4.974592767e-15 1.000000000e+01 1.000000000e+01 4.975201161e-15 
d -5.600000000e+00 -5.600000000e+00 0.000000000e+00 0.000000000e+00 0.000000000e+00 -4.962907427e-15 1.000000000e+01 1.000000000e+01 4.962735972e-15 
d -5.800000000e+00 -5.800000000e+00 0.000000000e+00 0.000000000e+00 0.000000000e+00 -4.951692097e-15 1.000000000e+01 1.000000000e+01 4.951514109e-15 
d -6.000000000e+00 -6.000000000e+00 0.000000000e+00 0.000000000e+00 0.000000000e+00 -4.941011789e-15 1.000000000e+01 1.000000000e+01 4.941599365e-15 
d -6.200000000e+00 -6.200000000e+00 0.000000000e+00 0.000000000e+00 0.000000000e+00 -4.930605858e-15 1.000000000e+01 1.000000000e+01 4.930646209e-15 
d -6.400000000e+00 -6.400000000e+00 0.000000000e+00 0.000000000e+00 0.000000000e+00 -4.920603514e-15 1.000000000e+01 1.000000000e+01 4.919772378e-15 
d -6.600000000e+00 -6.600000000e+00 0.000000000e+00 0.000000000e+00 0.000000000e+00 -4.910957472e-15 1.000000000e+01 1.000000000e+01 4.911377718e-15 
d -6.800000000e+00 -6.800000000e+00 0.000000000e+00 0.000000000e+00 0.000000000e+00 -4.901712278e-15 1.000000000e+01 1.000000000e+01 4.901947421e-15 
d -7.000000000e+00 -7.000000000e+00 0.000000000e+00 0.000000000e+00 0.000000000e+00 -4.892706231e-15 1.000000000e+01 1.000000000e+01 4.893399823e-15 
d -7.200000000e+00 -7.200000000e+00 0.000000000e+00 0.000000000e+00 0.000000000e+00 -4.884018555e-15 1.000000000e+01 1.000000000e+01 4.882871350e-15 
d -7.400000000e+00 -7.400000000e+00 0.000000000e+00 0.000000000e+00 0.000000000e+00 -4.875522259e-15 1.000000000e+01 1.000000000e+01 4.875738671e-15 
d -7.600000000e+00 -7.600000000e+00 0.000000000e+00 0.000000000e+00 0.000000000e+00 -4.867336271e-15 1.000000000e+01 1.000000000e+01 4.867831817e-15 
d -7.800000000e+00 -7.800000000e+00 0.000000000e+00 0.000000000e+00 0.000000000e+00 -4.859393193e-15 1.000000000e+01 1.000000000e+01 4.860140623e-15 
d -8.000000000e+00 -8.000000000e+00 0.000000000e+00 0.000000000e+00 0.000000000e+00 -4.851660398e-15 1.000000000e+01 1.000000000e+01 4.852405481e-15 
d -8.200000000e+00 -8.200000000e+00 0.000000000e+00 0.000000000e+00 0.000000000e+00 -4.844070480e-15 1.000000000e+01 1.000000000e+01 4.844297327e-15 
d -8.400000000e+00 -8.400000000e+00 0.000000000e+00 0.000000000e+00 0.000000000e+00 -4.836792030e-15 1.000000000e+01 1.000000000e+01 4.836063517e-15 
d -8.600000000e+00 -8.600000000e+00 0.000000000e+00 0.000000000e+00 0.000000000e+00 -4.829603619e-15 1.000000000e+01 1.000000000e+01 4.828843315e-15 
d -8.800000000e+00 -8.800000000e+00 0.000000000e+00 0.000000000e+00 0.000000000e+00 -4.822696199e-15 1.000000000e+01 1.000000000e+01 4.822273117e-15 
d -9.000000000e+00 -9.000000000e+00 0.000000000e+00 0.000000000e+00 0.000000000e+00 -4.815975043e-15 1.000000000e+01 1.000000000e+01 4.815420502e-15 
d -9.200000000e+00 -9.200000000e+00 0.000000000e+00 0.000000000e+00 0.000000000e+00 -4.809273382e-15 1.000000000e+01 1.000000000e+01 4.809285814e-15 
d -9.400000000e+00 -9.400000000e+00 0.000000000e+00 0.000000000e+00 0.000000000e+00 -4.802794602e-15 1.000000000e+01 1.000000000e+01 4.801801466e-15 
d -9.600000000e+00 -9.600000000e+00 0.000000000e+00 0.000000000e+00 0.000000000e+00 -4.796439018e-15 1.000000000e+01 1.000000000e+01 4.795895641e-15 
d -9.800000000e+00 -9.800000000e+00 0.000000000e+00 0.000000000e+00 0.000000000e+00 -4.790305689e-15 1.000000000e+01 1.000000000e+01 4.790603827e-15 
d -1.000000000e+01 -1.000000000e+01 0.000000000e+00 0.000000000e+00 0.000000000e+00 -4.784285006e-15 1.000000000e+01 1.000000000e+01 4.783925643e-15 
