v ATLAS
# This file was created by ATLAS version 5.24.1.R on Sun May 10 18:46:20 2020.
#SSF 2.0 generic
##############################################################################
#                    Copyright (c) 1984 - 2017                               #
#                    Silvaco Inc. All rights reserved                        #
#                                                                            #
# This file format and the following Key are copyright Silvaco Inc.          #
# You may not use, this format or key without reproducing this message in    #
# full and obtaining express written permission from Silvaco Inc.            #
#                                                                            #
# To obtain such permission please contact: Silvaco Inc.                     #
#                                           support@silvaco.com              #
#                                                                            #
# KEY=SVC86hn7562asdx                       PROD=345                         #
##############################################################################
y 3 700 711 15
z 12.75 1e+41 300
f 3 "gate" "source" "drain" 
p 9 2 601 20 3 602 21 4 603 22 
d 2.000000000e-01 2.000000000e-01 0.000000000e+00 0.000000000e+00 0.000000000e+00 -8.488742558e-15 1.000000000e+01 1.000000000e+01 8.488408363e-15 
d 4.000000000e-01 4.000000000e-01 0.000000000e+00 0.000000000e+00 0.000000000e+00 -1.181612912e-14 1.000000000e+01 1.000000000e+01 1.181635410e-14 
d 6.000000000e-01 6.000000000e-01 0.000000000e+00 0.000000000e+00 0.000000000e+00 -1.947543550e-14 1.000000000e+01 1.000000000e+01 1.947519275e-14 
d 8.000000000e-01 8.000000000e-01 0.000000000e+00 0.000000000e+00 0.000000000e+00 -3.925835960e-14 1.000000000e+01 1.000000000e+01 -4.947559870e-14 
d 1.000000000e+00 1.000000000e+00 0.000000000e+00 0.000000000e+00 0.000000000e+00 -1.007431201e-13 1.000000000e+01 1.000000000e+01 -1.773398672e-14 
d 1.200000000e+00 1.200000000e+00 0.000000000e+00 0.000000000e+00 0.000000000e+00 -2.694716485e-13 1.000000000e+01 1.000000000e+01 2.683254519e-13 
d 1.400000000e+00 1.400000000e+00 0.000000000e+00 0.000000000e+00 0.000000000e+00 -6.152138359e-13 1.000000000e+01 1.000000000e+01 6.152140221e-13 
d 1.600000000e+00 1.600000000e+00 0.000000000e+00 0.000000000e+00 0.000000000e+00 -1.215412965e-12 1.000000000e+01 1.000000000e+01 1.215412562e-12 
d 1.800000000e+00 1.800000000e+00 0.000000000e+00 0.000000000e+00 0.000000000e+00 -2.188363104e-12 1.000000000e+01 1.000000000e+01 2.188363223e-12 
d 2.000000000e+00 2.000000000e+00 0.000000000e+00 0.000000000e+00 0.000000000e+00 -3.744448160e-12 1.000000000e+01 1.000000000e+01 3.744447933e-12 
d 2.200000000e+00 2.200000000e+00 0.000000000e+00 0.000000000e+00 0.000000000e+00 -6.302646517e-12 1.000000000e+01 1.000000000e+01 6.302646425e-12 
d 2.400000000e+00 2.400000000e+00 0.000000000e+00 0.000000000e+00 0.000000000e+00 -1.078257143e-11 1.000000000e+01 1.000000000e+01 1.078257138e-11 
d 2.600000000e+00 2.600000000e+00 0.000000000e+00 0.000000000e+00 0.000000000e+00 -1.917158105e-11 1.000000000e+01 1.000000000e+01 1.917158106e-11 
d 2.800000000e+00 2.800000000e+00 0.000000000e+00 0.000000000e+00 0.000000000e+00 -3.472393821e-11 1.000000000e+01 1.000000000e+01 3.472399795e-11 
d 3.000000000e+00 3.000000000e+00 0.000000000e+00 0.000000000e+00 0.000000000e+00 -6.091298779e-11 1.000000000e+01 1.000000000e+01 6.091299645e-11 
d 3.200000000e+00 3.200000000e+00 0.000000000e+00 0.000000000e+00 0.000000000e+00 -1.007325156e-10 1.000000000e+01 1.000000000e+01 1.007325154e-10 
d 3.400000000e+00 3.400000000e+00 0.000000000e+00 0.000000000e+00 0.000000000e+00 -1.570209827e-10 1.000000000e+01 1.000000000e+01 1.570209827e-10 
d 3.600000000e+00 3.600000000e+00 0.000000000e+00 0.000000000e+00 0.000000000e+00 -2.329168904e-10 1.000000000e+01 1.000000000e+01 2.329168904e-10 
d 3.800000000e+00 3.800000000e+00 0.000000000e+00 0.000000000e+00 0.000000000e+00 -3.322248820e-10 1.000000000e+01 1.000000000e+01 3.322248819e-10 
d 4.000000000e+00 4.000000000e+00 0.000000000e+00 0.000000000e+00 0.000000000e+00 -4.597846401e-10 1.000000000e+01 1.000000000e+01 4.597846400e-10 
d 4.200000000e+00 4.200000000e+00 0.000000000e+00 0.000000000e+00 0.000000000e+00 -6.219474689e-10 1.000000000e+01 1.000000000e+01 6.219474690e-10 
d 4.400000000e+00 4.400000000e+00 0.000000000e+00 0.000000000e+00 0.000000000e+00 -8.272742099e-10 1.000000000e+01 1.000000000e+01 8.272742098e-10 
d 4.600000000e+00 4.600000000e+00 0.000000000e+00 0.000000000e+00 0.000000000e+00 -1.087612530e-09 1.000000000e+01 1.000000000e+01 1.087612530e-09 
d 4.800000000e+00 4.800000000e+00 0.000000000e+00 0.000000000e+00 0.000000000e+00 -1.419798945e-09 1.000000000e+01 1.000000000e+01 1.419798945e-09 
d 5.000000000e+00 5.000000000e+00 0.000000000e+00 0.000000000e+00 0.000000000e+00 -1.848349201e-09 1.000000000e+01 1.000000000e+01 1.848349201e-09 
d 5.200000000e+00 5.200000000e+00 0.000000000e+00 0.000000000e+00 0.000000000e+00 -2.409538561e-09 1.000000000e+01 1.000000000e+01 2.409538561e-09 
d 5.400000000e+00 5.400000000e+00 0.000000000e+00 0.000000000e+00 0.000000000e+00 -3.156776779e-09 1.000000000e+01 1.000000000e+01 3.156776779e-09 
d 5.600000000e+00 5.600000000e+00 0.000000000e+00 0.000000000e+00 0.000000000e+00 -4.165100446e-09 1.000000000e+01 1.000000000e+01 4.165100446e-09 
d 5.800000000e+00 5.800000000e+00 0.000000000e+00 0.000000000e+00 0.000000000e+00 -5.528851848e-09 1.000000000e+01 1.000000000e+01 5.528851848e-09 
d 6.000000000e+00 6.000000000e+00 0.000000000e+00 0.000000000e+00 0.000000000e+00 -7.347329940e-09 1.000000000e+01 1.000000000e+01 7.347329940e-09 
d 6.200000000e+00 6.200000000e+00 0.000000000e+00 0.000000000e+00 0.000000000e+00 -9.705266870e-09 1.000000000e+01 1.000000000e+01 9.705264780e-09 
d 6.400000000e+00 6.400000000e+00 0.000000000e+00 0.000000000e+00 0.000000000e+00 -1.266266625e-08 1.000000000e+01 1.000000000e+01 1.266266270e-08 
d 6.600000000e+00 6.600000000e+00 0.000000000e+00 0.000000000e+00 0.000000000e+00 -1.625707662e-08 1.000000000e+01 1.000000000e+01 1.625707261e-08 
d 6.800000000e+00 6.800000000e+00 0.000000000e+00 0.000000000e+00 0.000000000e+00 -2.051087601e-08 1.000000000e+01 1.000000000e+01 2.051087258e-08 
d 7.000000000e+00 7.000000000e+00 0.000000000e+00 0.000000000e+00 0.000000000e+00 -2.543790010e-08 1.000000000e+01 1.000000000e+01 2.543789788e-08 
d 7.200000000e+00 7.200000000e+00 0.000000000e+00 0.000000000e+00 0.000000000e+00 -3.104797716e-08 1.000000000e+01 1.000000000e+01 3.104797609e-08 
d 7.400000000e+00 7.400000000e+00 0.000000000e+00 0.000000000e+00 0.000000000e+00 -3.734973161e-08 1.000000000e+01 1.000000000e+01 3.734973119e-08 
d 7.600000000e+00 7.600000000e+00 0.000000000e+00 0.000000000e+00 0.000000000e+00 -4.435227595e-08 1.000000000e+01 1.000000000e+01 4.435227577e-08 
d 7.800000000e+00 7.800000000e+00 0.000000000e+00 0.000000000e+00 0.000000000e+00 -5.206624934e-08 1.000000000e+01 1.000000000e+01 5.206624926e-08 
d 8.000000000e+00 8.000000000e+00 0.000000000e+00 0.000000000e+00 0.000000000e+00 -6.050448286e-08 1.000000000e+01 1.000000000e+01 6.050448282e-08 
d 8.200000000e+00 8.200000000e+00 0.000000000e+00 0.000000000e+00 0.000000000e+00 -6.968245878e-08 1.000000000e+01 1.000000000e+01 6.968245877e-08 
d 8.400000000e+00 8.400000000e+00 0.000000000e+00 0.000000000e+00 0.000000000e+00 -7.961867127e-08 1.000000000e+01 1.000000000e+01 7.961867127e-08 
d 8.600000000e+00 8.600000000e+00 0.000000000e+00 0.000000000e+00 0.000000000e+00 -9.033496079e-08 1.000000000e+01 1.000000000e+01 9.033496078e-08 
d 8.800000000e+00 8.800000000e+00 0.000000000e+00 0.000000000e+00 0.000000000e+00 -1.018568712e-07 1.000000000e+01 1.000000000e+01 1.018568712e-07 
d 9.000000000e+00 9.000000000e+00 0.000000000e+00 0.000000000e+00 0.000000000e+00 -1.142140607e-07 1.000000000e+01 1.000000000e+01 1.142140606e-07 
d 9.200000000e+00 9.200000000e+00 0.000000000e+00 0.000000000e+00 0.000000000e+00 -1.274407868e-07 1.000000000e+01 1.000000000e+01 1.274407868e-07 
d 9.400000000e+00 9.400000000e+00 0.000000000e+00 0.000000000e+00 0.000000000e+00 -1.415764816e-07 1.000000000e+01 1.000000000e+01 1.415764816e-07 
d 9.600000000e+00 9.600000000e+00 0.000000000e+00 0.000000000e+00 0.000000000e+00 -1.566664234e-07 1.000000000e+01 1.000000000e+01 1.566664232e-07 
d 9.800000000e+00 9.800000000e+00 0.000000000e+00 0.000000000e+00 0.000000000e+00 -1.727624992e-07 1.000000000e+01 1.000000000e+01 1.727624989e-07 
d 1.000000000e+01 1.000000000e+01 0.000000000e+00 0.000000000e+00 0.000000000e+00 -1.899240414e-07 1.000000000e+01 1.000000000e+01 1.899240412e-07 
d 1.020000000e+01 1.020000000e+01 0.000000000e+00 0.000000000e+00 0.000000000e+00 -2.082187239e-07 1.000000000e+01 1.000000000e+01 2.082187238e-07 
d 1.040000000e+01 1.040000000e+01 0.000000000e+00 0.000000000e+00 0.000000000e+00 -2.277234995e-07 1.000000000e+01 1.000000000e+01 2.277234993e-07 
d 1.060000000e+01 1.060000000e+01 0.000000000e+00 0.000000000e+00 0.000000000e+00 -2.485255314e-07 1.000000000e+01 1.000000000e+01 2.485255313e-07 
d 1.080000000e+01 1.080000000e+01 0.000000000e+00 0.000000000e+00 0.000000000e+00 -2.707230260e-07 1.000000000e+01 1.000000000e+01 2.707230258e-07 
d 1.100000000e+01 1.100000000e+01 0.000000000e+00 0.000000000e+00 0.000000000e+00 -2.944258233e-07 1.000000000e+01 1.000000000e+01 2.944258231e-07 
d 1.120000000e+01 1.120000000e+01 0.000000000e+00 0.000000000e+00 0.000000000e+00 -3.197555593e-07 1.000000000e+01 1.000000000e+01 3.197555592e-07 
d 1.140000000e+01 1.140000000e+01 0.000000000e+00 0.000000000e+00 0.000000000e+00 -3.468451590e-07 1.000000000e+01 1.000000000e+01 3.468451589e-07 
d 1.160000000e+01 1.160000000e+01 0.000000000e+00 0.000000000e+00 0.000000000e+00 -3.758373741e-07 1.000000000e+01 1.000000000e+01 3.758373740e-07 
d 1.180000000e+01 1.180000000e+01 0.000000000e+00 0.000000000e+00 0.000000000e+00 -4.068821174e-07 1.000000000e+01 1.000000000e+01 4.068821173e-07 
d 1.200000000e+01 1.200000000e+01 0.000000000e+00 0.000000000e+00 0.000000000e+00 -4.401325098e-07 1.000000000e+01 1.000000000e+01 4.401325095e-07 
d 1.220000000e+01 1.220000000e+01 0.000000000e+00 0.000000000e+00 0.000000000e+00 -4.757397718e-07 1.000000000e+01 1.000000000e+01 4.757397711e-07 
d 1.240000000e+01 1.240000000e+01 0.000000000e+00 0.000000000e+00 0.000000000e+00 -5.138473257e-07 1.000000000e+01 1.000000000e+01 5.138473244e-07 
d 1.260000000e+01 1.260000000e+01 0.000000000e+00 0.000000000e+00 0.000000000e+00 -5.545848005e-07 1.000000000e+01 1.000000000e+01 5.545847992e-07 
d 1.280000000e+01 1.280000000e+01 0.000000000e+00 0.000000000e+00 0.000000000e+00 -5.980629203e-07 1.000000000e+01 1.000000000e+01 5.980629196e-07 
d 1.300000000e+01 1.300000000e+01 0.000000000e+00 0.000000000e+00 0.000000000e+00 -6.443701552e-07 1.000000000e+01 1.000000000e+01 6.443701549e-07 
d 1.320000000e+01 1.320000000e+01 0.000000000e+00 0.000000000e+00 0.000000000e+00 -6.935715303e-07 1.000000000e+01 1.000000000e+01 6.935715302e-07 
d 1.340000000e+01 1.340000000e+01 0.000000000e+00 0.000000000e+00 0.000000000e+00 -7.457094324e-07 1.000000000e+01 1.000000000e+01 7.457094324e-07 
d 1.360000000e+01 1.360000000e+01 0.000000000e+00 0.000000000e+00 0.000000000e+00 -8.008058807e-07 1.000000000e+01 1.000000000e+01 8.008058807e-07 
d 1.380000000e+01 1.380000000e+01 0.000000000e+00 0.000000000e+00 0.000000000e+00 -8.588656174e-07 1.000000000e+01 1.000000000e+01 8.588656174e-07 
d 1.400000000e+01 1.400000000e+01 0.000000000e+00 0.000000000e+00 0.000000000e+00 -9.198794602e-07 1.000000000e+01 1.000000000e+01 9.198794602e-07 
d 1.420000000e+01 1.420000000e+01 0.000000000e+00 0.000000000e+00 0.000000000e+00 -9.838275285e-07 1.000000000e+01 1.000000000e+01 9.838275285e-07 
d 1.440000000e+01 1.440000000e+01 0.000000000e+00 0.000000000e+00 0.000000000e+00 -1.050682123e-06 1.000000000e+01 1.000000000e+01 1.050682123e-06 
d 1.460000000e+01 1.460000000e+01 0.000000000e+00 0.000000000e+00 0.000000000e+00 -1.120410164e-06 1.000000000e+01 1.000000000e+01 1.120410164e-06 
d 1.480000000e+01 1.480000000e+01 0.000000000e+00 0.000000000e+00 0.000000000e+00 -1.192975175e-06 1.000000000e+01 1.000000000e+01 1.192975175e-06 
d 1.500000000e+01 1.500000000e+01 0.000000000e+00 0.000000000e+00 0.000000000e+00 -1.268338829e-06 1.000000000e+01 1.000000000e+01 1.268338829e-06 
d 1.520000000e+01 1.520000000e+01 0.000000000e+00 0.000000000e+00 0.000000000e+00 -1.346462189e-06 1.000000000e+01 1.000000000e+01 1.346462189e-06 
d 1.540000000e+01 1.540000000e+01 0.000000000e+00 0.000000000e+00 0.000000000e+00 -1.427306910e-06 1.000000000e+01 1.000000000e+01 1.427306910e-06 
d 1.560000000e+01 1.560000000e+01 0.000000000e+00 0.000000000e+00 0.000000000e+00 -1.510836702e-06 1.000000000e+01 1.000000000e+01 1.510836701e-06 
d 1.580000000e+01 1.580000000e+01 0.000000000e+00 0.000000000e+00 0.000000000e+00 -1.597018963e-06 1.000000000e+01 1.000000000e+01 1.597018961e-06 
d 1.600000000e+01 1.600000000e+01 0.000000000e+00 0.000000000e+00 0.000000000e+00 -1.685826029e-06 1.000000000e+01 1.000000000e+01 1.685826024e-06 
d 1.620000000e+01 1.620000000e+01 0.000000000e+00 0.000000000e+00 0.000000000e+00 -1.777235437e-06 1.000000000e+01 1.000000000e+01 1.777235431e-06 
d 1.640000000e+01 1.640000000e+01 0.000000000e+00 0.000000000e+00 0.000000000e+00 -1.871229290e-06 1.000000000e+01 1.000000000e+01 1.871229285e-06 
d 1.660000000e+01 1.660000000e+01 0.000000000e+00 0.000000000e+00 0.000000000e+00 -1.967793204e-06 1.000000000e+01 1.000000000e+01 1.967793200e-06 
d 1.680000000e+01 1.680000000e+01 0.000000000e+00 0.000000000e+00 0.000000000e+00 -2.066915318e-06 1.000000000e+01 1.000000000e+01 2.066915315e-06 
d 1.700000000e+01 1.700000000e+01 0.000000000e+00 0.000000000e+00 0.000000000e+00 -2.168585521e-06 1.000000000e+01 1.000000000e+01 2.168585519e-06 
d 1.720000000e+01 1.720000000e+01 0.000000000e+00 0.000000000e+00 0.000000000e+00 -2.272794892e-06 1.000000000e+01 1.000000000e+01 2.272794890e-06 
d 1.740000000e+01 1.740000000e+01 0.000000000e+00 0.000000000e+00 0.000000000e+00 -2.379535279e-06 1.000000000e+01 1.000000000e+01 2.379535278e-06 
d 1.760000000e+01 1.760000000e+01 0.000000000e+00 0.000000000e+00 0.000000000e+00 -2.488798966e-06 1.000000000e+01 1.000000000e+01 2.488798965e-06 
d 1.780000000e+01 1.780000000e+01 0.000000000e+00 0.000000000e+00 0.000000000e+00 -2.600578374e-06 1.000000000e+01 1.000000000e+01 2.600578374e-06 
d 1.800000000e+01 1.800000000e+01 0.000000000e+00 0.000000000e+00 0.000000000e+00 -2.714865782e-06 1.000000000e+01 1.000000000e+01 2.714865781e-06 
d 1.820000000e+01 1.820000000e+01 0.000000000e+00 0.000000000e+00 0.000000000e+00 -2.831653036e-06 1.000000000e+01 1.000000000e+01 2.831653035e-06 
d 1.840000000e+01 1.840000000e+01 0.000000000e+00 0.000000000e+00 0.000000000e+00 -2.950931247e-06 1.000000000e+01 1.000000000e+01 2.950931246e-06 
d 1.860000000e+01 1.860000000e+01 0.000000000e+00 0.000000000e+00 0.000000000e+00 -3.072690464e-06 1.000000000e+01 1.000000000e+01 3.072690463e-06 
d 1.880000000e+01 1.880000000e+01 0.000000000e+00 0.000000000e+00 0.000000000e+00 -3.196919309e-06 1.000000000e+01 1.000000000e+01 3.196919308e-06 
d 1.900000000e+01 1.900000000e+01 0.000000000e+00 0.000000000e+00 0.000000000e+00 -3.323604586e-06 1.000000000e+01 1.000000000e+01 3.323604585e-06 
d 1.920000000e+01 1.920000000e+01 0.000000000e+00 0.000000000e+00 0.000000000e+00 -3.452730847e-06 1.000000000e+01 1.000000000e+01 3.452730846e-06 
d 1.940000000e+01 1.940000000e+01 0.000000000e+00 0.000000000e+00 0.000000000e+00 -3.584279921e-06 1.000000000e+01 1.000000000e+01 3.584279920e-06 
d 1.960000000e+01 1.960000000e+01 0.000000000e+00 0.000000000e+00 0.000000000e+00 -3.718230412e-06 1.000000000e+01 1.000000000e+01 3.718230411e-06 
d 1.980000000e+01 1.980000000e+01 0.000000000e+00 0.000000000e+00 0.000000000e+00 -3.854557173e-06 1.000000000e+01 1.000000000e+01 3.854557172e-06 
d 2.000000000e+01 2.000000000e+01 0.000000000e+00 0.000000000e+00 0.000000000e+00 -3.993230771e-06 1.000000000e+01 1.000000000e+01 3.993230770e-06 
