v ATLAS
# This file was created by ATLAS version 5.24.1.R on Sun May 10 19:06:48 2020.
#SSF 2.0 generic
##############################################################################
#                    Copyright (c) 1984 - 2017                               #
#                    Silvaco Inc. All rights reserved                        #
#                                                                            #
# This file format and the following Key are copyright Silvaco Inc.          #
# You may not use, this format or key without reproducing this message in    #
# full and obtaining express written permission from Silvaco Inc.            #
#                                                                            #
# To obtain such permission please contact: Silvaco Inc.                     #
#                                           support@silvaco.com              #
#                                                                            #
# KEY=SVC86hn7562asdx                       PROD=345                         #
##############################################################################
y 3 700 711 15
z 38.25 1e+41 300
f 3 "gate" "source" "drain" 
p 9 2 601 20 3 602 21 4 603 22 
d 2.000000000e-01 2.000000000e-01 0.000000000e+00 0.000000000e+00 0.000000000e+00 -2.677164778e-15 1.000000000e+01 1.000000000e+01 2.673805615e-15 
d 4.000000000e-01 4.000000000e-01 0.000000000e+00 0.000000000e+00 0.000000000e+00 -3.686975212e-15 1.000000000e+01 1.000000000e+01 3.689802600e-15 
d 6.000000000e-01 6.000000000e-01 0.000000000e+00 0.000000000e+00 0.000000000e+00 -5.952389019e-15 1.000000000e+01 1.000000000e+01 5.948355328e-15 
d 8.000000000e-01 8.000000000e-01 0.000000000e+00 0.000000000e+00 0.000000000e+00 -1.155390012e-14 1.000000000e+01 1.000000000e+01 1.150207888e-14 
d 1.000000000e+00 1.000000000e+00 0.000000000e+00 0.000000000e+00 0.000000000e+00 -2.880271297e-14 1.000000000e+01 1.000000000e+01 1.282154388e-14 
d 1.200000000e+00 1.200000000e+00 0.000000000e+00 0.000000000e+00 0.000000000e+00 -7.662573951e-14 1.000000000e+01 1.000000000e+01 7.662386331e-14 
d 1.400000000e+00 1.400000000e+00 0.000000000e+00 0.000000000e+00 0.000000000e+00 -1.752366953e-13 1.000000000e+01 1.000000000e+01 1.752264741e-13 
d 1.600000000e+00 1.600000000e+00 0.000000000e+00 0.000000000e+00 0.000000000e+00 -3.473813629e-13 1.000000000e+01 1.000000000e+01 3.473816716e-13 
d 1.800000000e+00 1.800000000e+00 0.000000000e+00 0.000000000e+00 0.000000000e+00 -6.276225329e-13 1.000000000e+01 1.000000000e+01 6.276232897e-13 
d 2.000000000e+00 2.000000000e+00 0.000000000e+00 0.000000000e+00 0.000000000e+00 -1.076978479e-12 1.000000000e+01 1.000000000e+01 1.076977368e-12 
d 2.200000000e+00 2.200000000e+00 0.000000000e+00 0.000000000e+00 0.000000000e+00 -1.816463127e-12 1.000000000e+01 1.000000000e+01 1.816463072e-12 
d 2.400000000e+00 2.400000000e+00 0.000000000e+00 0.000000000e+00 0.000000000e+00 -3.111856121e-12 1.000000000e+01 1.000000000e+01 3.111857257e-12 
d 2.600000000e+00 2.600000000e+00 0.000000000e+00 0.000000000e+00 0.000000000e+00 -5.539159266e-12 1.000000000e+01 1.000000000e+01 5.539159060e-12 
d 2.800000000e+00 2.800000000e+00 0.000000000e+00 0.000000000e+00 0.000000000e+00 -1.004045005e-11 1.000000000e+01 1.000000000e+01 1.004037231e-11 
d 3.000000000e+00 3.000000000e+00 0.000000000e+00 0.000000000e+00 0.000000000e+00 -1.762107066e-11 1.000000000e+01 1.000000000e+01 1.762107104e-11 
d 3.200000000e+00 3.200000000e+00 0.000000000e+00 0.000000000e+00 0.000000000e+00 -2.915990669e-11 1.000000000e+01 1.000000000e+01 2.915990555e-11 
d 3.400000000e+00 3.400000000e+00 0.000000000e+00 0.000000000e+00 0.000000000e+00 -4.550502103e-11 1.000000000e+01 1.000000000e+01 4.550502195e-11 
d 3.600000000e+00 3.600000000e+00 0.000000000e+00 0.000000000e+00 0.000000000e+00 -6.759739515e-11 1.000000000e+01 1.000000000e+01 6.759739489e-11 
d 3.800000000e+00 3.800000000e+00 0.000000000e+00 0.000000000e+00 0.000000000e+00 -9.657114275e-11 1.000000000e+01 1.000000000e+01 9.657114161e-11 
d 4.000000000e+00 4.000000000e+00 0.000000000e+00 0.000000000e+00 0.000000000e+00 -1.338592813e-10 1.000000000e+01 1.000000000e+01 1.338591583e-10 
d 4.200000000e+00 4.200000000e+00 0.000000000e+00 0.000000000e+00 0.000000000e+00 -1.813333111e-10 1.000000000e+01 1.000000000e+01 1.813333051e-10 
d 4.400000000e+00 4.400000000e+00 0.000000000e+00 0.000000000e+00 0.000000000e+00 -2.415079799e-10 1.000000000e+01 1.000000000e+01 2.415079792e-10 
d 4.600000000e+00 4.600000000e+00 0.000000000e+00 0.000000000e+00 0.000000000e+00 -3.178569914e-10 1.000000000e+01 1.000000000e+01 3.178569913e-10 
d 4.800000000e+00 4.800000000e+00 0.000000000e+00 0.000000000e+00 0.000000000e+00 -4.153120262e-10 1.000000000e+01 1.000000000e+01 4.153120259e-10 
d 5.000000000e+00 5.000000000e+00 0.000000000e+00 0.000000000e+00 0.000000000e+00 -5.410535194e-10 1.000000000e+01 1.000000000e+01 5.410535195e-10 
d 5.200000000e+00 5.200000000e+00 0.000000000e+00 0.000000000e+00 0.000000000e+00 -7.057158090e-10 1.000000000e+01 1.000000000e+01 7.057158095e-10 
d 5.400000000e+00 5.400000000e+00 0.000000000e+00 0.000000000e+00 0.000000000e+00 -9.249865981e-10 1.000000000e+01 1.000000000e+01 9.249865975e-10 
d 5.600000000e+00 5.600000000e+00 0.000000000e+00 0.000000000e+00 0.000000000e+00 -1.220959820e-09 1.000000000e+01 1.000000000e+01 1.220959820e-09 
d 5.800000000e+00 5.800000000e+00 0.000000000e+00 0.000000000e+00 0.000000000e+00 -1.621470069e-09 1.000000000e+01 1.000000000e+01 1.621470069e-09 
d 6.000000000e+00 6.000000000e+00 0.000000000e+00 0.000000000e+00 0.000000000e+00 -2.155879775e-09 1.000000000e+01 1.000000000e+01 2.155879774e-09 
d 6.200000000e+00 6.200000000e+00 0.000000000e+00 0.000000000e+00 0.000000000e+00 -2.849428255e-09 1.000000000e+01 1.000000000e+01 2.849428255e-09 
d 6.400000000e+00 6.400000000e+00 0.000000000e+00 0.000000000e+00 0.000000000e+00 -3.720396797e-09 1.000000000e+01 1.000000000e+01 3.720396797e-09 
d 6.600000000e+00 6.600000000e+00 0.000000000e+00 0.000000000e+00 0.000000000e+00 -4.780838374e-09 1.000000000e+01 1.000000000e+01 4.780838374e-09 
d 6.800000000e+00 6.800000000e+00 0.000000000e+00 0.000000000e+00 0.000000000e+00 -6.038664606e-09 1.000000000e+01 1.000000000e+01 6.038664606e-09 
d 7.000000000e+00 7.000000000e+00 0.000000000e+00 0.000000000e+00 0.000000000e+00 -7.499485461e-09 1.000000000e+01 1.000000000e+01 7.499485461e-09 
d 7.200000000e+00 7.200000000e+00 0.000000000e+00 0.000000000e+00 0.000000000e+00 -9.167832023e-09 1.000000000e+01 1.000000000e+01 9.167823423e-09 
d 7.400000000e+00 7.400000000e+00 0.000000000e+00 0.000000000e+00 0.000000000e+00 -1.104789752e-08 1.000000000e+01 1.000000000e+01 1.104789222e-08 
d 7.600000000e+00 7.600000000e+00 0.000000000e+00 0.000000000e+00 0.000000000e+00 -1.314399147e-08 1.000000000e+01 1.000000000e+01 1.314398876e-08 
d 7.800000000e+00 7.800000000e+00 0.000000000e+00 0.000000000e+00 0.000000000e+00 -1.546084031e-08 1.000000000e+01 1.000000000e+01 1.546083933e-08 
d 8.000000000e+00 8.000000000e+00 0.000000000e+00 0.000000000e+00 0.000000000e+00 -1.800380453e-08 1.000000000e+01 1.000000000e+01 1.800380442e-08 
d 8.200000000e+00 8.200000000e+00 0.000000000e+00 0.000000000e+00 0.000000000e+00 -2.077904608e-08 1.000000000e+01 1.000000000e+01 2.077904624e-08 
d 8.400000000e+00 8.400000000e+00 0.000000000e+00 0.000000000e+00 0.000000000e+00 -2.379366540e-08 1.000000000e+01 1.000000000e+01 2.379366555e-08 
d 8.600000000e+00 8.600000000e+00 0.000000000e+00 0.000000000e+00 0.000000000e+00 -2.705582314e-08 1.000000000e+01 1.000000000e+01 2.705582321e-08 
d 8.800000000e+00 8.800000000e+00 0.000000000e+00 0.000000000e+00 0.000000000e+00 -3.057486022e-08 1.000000000e+01 1.000000000e+01 3.057486029e-08 
d 9.000000000e+00 9.000000000e+00 0.000000000e+00 0.000000000e+00 0.000000000e+00 -3.436142793e-08 1.000000000e+01 1.000000000e+01 3.436142808e-08 
d 9.200000000e+00 9.200000000e+00 0.000000000e+00 0.000000000e+00 0.000000000e+00 -3.842763740e-08 1.000000000e+01 1.000000000e+01 3.842763747e-08 
d 9.400000000e+00 9.400000000e+00 0.000000000e+00 0.000000000e+00 0.000000000e+00 -4.278723660e-08 1.000000000e+01 1.000000000e+01 4.278723610e-08 
d 9.600000000e+00 9.600000000e+00 0.000000000e+00 0.000000000e+00 0.000000000e+00 -4.745582187e-08 1.000000000e+01 1.000000000e+01 4.745582026e-08 
d 9.800000000e+00 9.800000000e+00 0.000000000e+00 0.000000000e+00 0.000000000e+00 -5.245108918e-08 1.000000000e+01 1.000000000e+01 5.245108182e-08 
d 1.000000000e+01 1.000000000e+01 0.000000000e+00 0.000000000e+00 0.000000000e+00 -5.779312640e-08 1.000000000e+01 1.000000000e+01 5.779309880e-08 
d 1.020000000e+01 1.020000000e+01 0.000000000e+00 0.000000000e+00 0.000000000e+00 -6.350474735e-08 1.000000000e+01 1.000000000e+01 6.350472029e-08 
d 1.040000000e+01 1.040000000e+01 0.000000000e+00 0.000000000e+00 0.000000000e+00 -6.961186463e-08 1.000000000e+01 1.000000000e+01 6.961186463e-08 
d 1.060000000e+01 1.060000000e+01 0.000000000e+00 0.000000000e+00 0.000000000e+00 -7.614385826e-08 1.000000000e+01 1.000000000e+01 7.614385825e-08 
d 1.080000000e+01 1.080000000e+01 0.000000000e+00 0.000000000e+00 0.000000000e+00 -8.313388351e-08 1.000000000e+01 1.000000000e+01 8.313364905e-08 
d 1.100000000e+01 1.100000000e+01 0.000000000e+00 0.000000000e+00 0.000000000e+00 -9.061909197e-08 1.000000000e+01 1.000000000e+01 9.061906919e-08 
d 1.120000000e+01 1.120000000e+01 0.000000000e+00 0.000000000e+00 0.000000000e+00 -9.864071291e-08 1.000000000e+01 1.000000000e+01 9.864071235e-08 
d 1.140000000e+01 1.140000000e+01 0.000000000e+00 0.000000000e+00 0.000000000e+00 -1.072439073e-07 1.000000000e+01 1.000000000e+01 1.072439062e-07 
d 1.160000000e+01 1.160000000e+01 0.000000000e+00 0.000000000e+00 0.000000000e+00 -1.164772989e-07 1.000000000e+01 1.000000000e+01 1.164772932e-07 
d 1.180000000e+01 1.180000000e+01 0.000000000e+00 0.000000000e+00 0.000000000e+00 -1.263921012e-07 1.000000000e+01 1.000000000e+01 1.263920966e-07 
d 1.200000000e+01 1.200000000e+01 0.000000000e+00 0.000000000e+00 0.000000000e+00 -1.370408072e-07 1.000000000e+01 1.000000000e+01 1.370408081e-07 
d 1.220000000e+01 1.220000000e+01 0.000000000e+00 0.000000000e+00 0.000000000e+00 -1.484755100e-07 1.000000000e+01 1.000000000e+01 1.484754942e-07 
d 1.240000000e+01 1.240000000e+01 0.000000000e+00 0.000000000e+00 0.000000000e+00 -1.607460228e-07 1.000000000e+01 1.000000000e+01 1.607459286e-07 
d 1.260000000e+01 1.260000000e+01 0.000000000e+00 0.000000000e+00 0.000000000e+00 -1.738979695e-07 1.000000000e+01 1.000000000e+01 1.738978934e-07 
d 1.280000000e+01 1.280000000e+01 0.000000000e+00 0.000000000e+00 0.000000000e+00 -1.879711264e-07 1.000000000e+01 1.000000000e+01 1.879710952e-07 
d 1.300000000e+01 1.300000000e+01 0.000000000e+00 0.000000000e+00 0.000000000e+00 -2.029983173e-07 1.000000000e+01 1.000000000e+01 2.029983059e-07 
d 1.320000000e+01 1.320000000e+01 0.000000000e+00 0.000000000e+00 0.000000000e+00 -2.190049814e-07 1.000000000e+01 1.000000000e+01 2.190049775e-07 
d 1.340000000e+01 1.340000000e+01 0.000000000e+00 0.000000000e+00 0.000000000e+00 -2.360093511e-07 1.000000000e+01 1.000000000e+01 2.360093499e-07 
d 1.360000000e+01 1.360000000e+01 0.000000000e+00 0.000000000e+00 0.000000000e+00 -2.540230708e-07 1.000000000e+01 1.000000000e+01 2.540230705e-07 
d 1.380000000e+01 1.380000000e+01 0.000000000e+00 0.000000000e+00 0.000000000e+00 -2.730520624e-07 1.000000000e+01 1.000000000e+01 2.730520624e-07 
d 1.400000000e+01 1.400000000e+01 0.000000000e+00 0.000000000e+00 0.000000000e+00 -2.930974579e-07 1.000000000e+01 1.000000000e+01 2.930974579e-07 
d 1.420000000e+01 1.420000000e+01 0.000000000e+00 0.000000000e+00 0.000000000e+00 -3.141564537e-07 1.000000000e+01 1.000000000e+01 3.141564537e-07 
d 1.440000000e+01 1.440000000e+01 0.000000000e+00 0.000000000e+00 0.000000000e+00 -3.362230006e-07 1.000000000e+01 1.000000000e+01 3.362230006e-07 
d 1.460000000e+01 1.460000000e+01 0.000000000e+00 0.000000000e+00 0.000000000e+00 -3.592883554e-07 1.000000000e+01 1.000000000e+01 3.592883554e-07 
d 1.480000000e+01 1.480000000e+01 0.000000000e+00 0.000000000e+00 0.000000000e+00 -3.833416353e-07 1.000000000e+01 1.000000000e+01 3.833416352e-07 
d 1.500000000e+01 1.500000000e+01 0.000000000e+00 0.000000000e+00 0.000000000e+00 -4.083705054e-07 1.000000000e+01 1.000000000e+01 4.083705054e-07 
d 1.520000000e+01 1.520000000e+01 0.000000000e+00 0.000000000e+00 0.000000000e+00 -4.343619773e-07 1.000000000e+01 1.000000000e+01 4.343619773e-07 
d 1.540000000e+01 1.540000000e+01 0.000000000e+00 0.000000000e+00 0.000000000e+00 -4.613031526e-07 1.000000000e+01 1.000000000e+01 4.613031523e-07 
d 1.560000000e+01 1.560000000e+01 0.000000000e+00 0.000000000e+00 0.000000000e+00 -4.891818368e-07 1.000000000e+01 1.000000000e+01 4.891818347e-07 
d 1.580000000e+01 1.580000000e+01 0.000000000e+00 0.000000000e+00 0.000000000e+00 -5.179871148e-07 1.000000000e+01 1.000000000e+01 5.179871059e-07 
d 1.600000000e+01 1.600000000e+01 0.000000000e+00 0.000000000e+00 0.000000000e+00 -5.477098682e-07 1.000000000e+01 1.000000000e+01 5.477098510e-07 
d 1.620000000e+01 1.620000000e+01 0.000000000e+00 0.000000000e+00 0.000000000e+00 -5.783430032e-07 1.000000000e+01 1.000000000e+01 5.783429849e-07 
d 1.640000000e+01 1.640000000e+01 0.000000000e+00 0.000000000e+00 0.000000000e+00 -6.098812937e-07 1.000000000e+01 1.000000000e+01 6.098812809e-07 
d 1.660000000e+01 1.660000000e+01 0.000000000e+00 0.000000000e+00 0.000000000e+00 -6.423210308e-07 1.000000000e+01 1.000000000e+01 6.423210237e-07 
d 1.680000000e+01 1.680000000e+01 0.000000000e+00 0.000000000e+00 0.000000000e+00 -6.756596747e-07 1.000000000e+01 1.000000000e+01 6.756596711e-07 
d 1.700000000e+01 1.700000000e+01 0.000000000e+00 0.000000000e+00 0.000000000e+00 -7.098955765e-07 1.000000000e+01 1.000000000e+01 7.098955746e-07 
d 1.720000000e+01 1.720000000e+01 0.000000000e+00 0.000000000e+00 0.000000000e+00 -7.450277649e-07 1.000000000e+01 1.000000000e+01 7.450277638e-07 
d 1.740000000e+01 1.740000000e+01 0.000000000e+00 0.000000000e+00 0.000000000e+00 -7.810557765e-07 1.000000000e+01 1.000000000e+01 7.810557757e-07 
d 1.760000000e+01 1.760000000e+01 0.000000000e+00 0.000000000e+00 0.000000000e+00 -8.179795133e-07 1.000000000e+01 1.000000000e+01 8.179795127e-07 
d 1.780000000e+01 1.780000000e+01 0.000000000e+00 0.000000000e+00 0.000000000e+00 -8.557991138e-07 1.000000000e+01 1.000000000e+01 8.557991132e-07 
d 1.800000000e+01 1.800000000e+01 0.000000000e+00 0.000000000e+00 0.000000000e+00 -8.945148318e-07 1.000000000e+01 1.000000000e+01 8.945148312e-07 
d 1.820000000e+01 1.820000000e+01 0.000000000e+00 0.000000000e+00 0.000000000e+00 -9.341269158e-07 1.000000000e+01 1.000000000e+01 9.341269153e-07 
d 1.840000000e+01 1.840000000e+01 0.000000000e+00 0.000000000e+00 0.000000000e+00 -9.746354853e-07 1.000000000e+01 1.000000000e+01 9.746354848e-07 
d 1.860000000e+01 1.860000000e+01 0.000000000e+00 0.000000000e+00 0.000000000e+00 -1.016040399e-06 1.000000000e+01 1.000000000e+01 1.016040399e-06 
d 1.880000000e+01 1.880000000e+01 0.000000000e+00 0.000000000e+00 0.000000000e+00 -1.058341115e-06 1.000000000e+01 1.000000000e+01 1.058341114e-06 
d 1.900000000e+01 1.900000000e+01 0.000000000e+00 0.000000000e+00 0.000000000e+00 -1.101536531e-06 1.000000000e+01 1.000000000e+01 1.101536531e-06 
d 1.920000000e+01 1.920000000e+01 0.000000000e+00 0.000000000e+00 0.000000000e+00 -1.145624818e-06 1.000000000e+01 1.000000000e+01 1.145624818e-06 
d 1.940000000e+01 1.940000000e+01 0.000000000e+00 0.000000000e+00 0.000000000e+00 -1.190603225e-06 1.000000000e+01 1.000000000e+01 1.190603225e-06 
d 1.960000000e+01 1.960000000e+01 0.000000000e+00 0.000000000e+00 0.000000000e+00 -1.236467869e-06 1.000000000e+01 1.000000000e+01 1.236467869e-06 
d 1.980000000e+01 1.980000000e+01 0.000000000e+00 0.000000000e+00 0.000000000e+00 -1.283213506e-06 1.000000000e+01 1.000000000e+01 1.283213505e-06 
d 2.000000000e+01 2.000000000e+01 0.000000000e+00 0.000000000e+00 0.000000000e+00 -1.330833277e-06 1.000000000e+01 1.000000000e+01 1.330833277e-06 
