v ATLAS
# This file was created by ATLAS version 5.24.1.R on Sun May 10 19:26:28 2020.
#SSF 2.0 generic
##############################################################################
#                    Copyright (c) 1984 - 2017                               #
#                    Silvaco Inc. All rights reserved                        #
#                                                                            #
# This file format and the following Key are copyright Silvaco Inc.          #
# You may not use, this format or key without reproducing this message in    #
# full and obtaining express written permission from Silvaco Inc.            #
#                                                                            #
# To obtain such permission please contact: Silvaco Inc.                     #
#                                           support@silvaco.com              #
#                                                                            #
# KEY=SVC86hn7562asdx                       PROD=345                         #
##############################################################################
y 3 700 711 15
z 63.75 1e+41 300
f 3 "gate" "source" "drain" 
p 9 2 601 20 3 602 21 4 603 22 
d 0.000000000e+00 0.000000000e+00 0.000000000e+00 0.000000000e+00 0.000000000e+00 -1.337440915e-15 1.000000000e+01 1.000000000e+01 1.336040400e-15 
d -2.000000000e-01 -2.000000000e-01 0.000000000e+00 0.000000000e+00 0.000000000e+00 -1.227344182e-15 1.000000000e+01 1.000000000e+01 1.222441266e-15 
d -4.000000000e-01 -4.000000000e-01 0.000000000e+00 0.000000000e+00 0.000000000e+00 -1.170543196e-15 1.000000000e+01 1.000000000e+01 1.173680577e-15 
d -6.000000000e-01 -6.000000000e-01 0.000000000e+00 0.000000000e+00 0.000000000e+00 -1.134780332e-15 1.000000000e+01 1.000000000e+01 1.132375944e-15 
d -8.000000000e-01 -8.000000000e-01 0.000000000e+00 0.000000000e+00 0.000000000e+00 -1.108709517e-15 1.000000000e+01 1.000000000e+01 1.103931642e-15 
d -1.000000000e+00 -1.000000000e+00 0.000000000e+00 0.000000000e+00 0.000000000e+00 -1.089771496e-15 1.000000000e+01 1.000000000e+01 1.090348704e-15 
d -1.200000000e+00 -1.200000000e+00 0.000000000e+00 0.000000000e+00 0.000000000e+00 -1.117214957e-15 1.000000000e+01 1.000000000e+01 1.078459624e-15 
d -1.400000000e+00 -1.400000000e+00 0.000000000e+00 0.000000000e+00 0.000000000e+00 -1.061432735e-15 1.000000000e+01 1.000000000e+01 1.060495695e-15 
d -1.600000000e+00 -1.600000000e+00 0.000000000e+00 0.000000000e+00 0.000000000e+00 -1.050869353e-15 1.000000000e+01 1.000000000e+01 1.050188516e-15 
d -1.800000000e+00 -1.800000000e+00 0.000000000e+00 0.000000000e+00 0.000000000e+00 -1.041336040e-15 1.000000000e+01 1.000000000e+01 1.034321269e-15 
d -2.000000000e+00 -2.000000000e+00 0.000000000e+00 0.000000000e+00 0.000000000e+00 -1.033461189e-15 1.000000000e+01 1.000000000e+01 1.040986312e-15 
d -2.200000000e+00 -2.200000000e+00 0.000000000e+00 0.000000000e+00 0.000000000e+00 -1.149019678e-15 1.000000000e+01 1.000000000e+01 1.023857686e-15 
d -2.400000000e+00 -2.400000000e+00 0.000000000e+00 0.000000000e+00 0.000000000e+00 -1.100562130e-15 1.000000000e+01 1.000000000e+01 1.020879113e-15 
d -2.600000000e+00 -2.600000000e+00 0.000000000e+00 0.000000000e+00 0.000000000e+00 -1.067964649e-15 1.000000000e+01 1.000000000e+01 1.010556210e-15 
d -2.800000000e+00 -2.800000000e+00 0.000000000e+00 0.000000000e+00 0.000000000e+00 -1.024625266e-15 1.000000000e+01 1.000000000e+01 1.012654822e-15 
d -3.000000000e+00 -3.000000000e+00 0.000000000e+00 0.000000000e+00 0.000000000e+00 -1.007695828e-15 1.000000000e+01 1.000000000e+01 1.005844104e-15 
d -3.200000000e+00 -3.200000000e+00 0.000000000e+00 0.000000000e+00 0.000000000e+00 -1.001518130e-15 1.000000000e+01 1.000000000e+01 1.005242776e-15 
d -3.400000000e+00 -3.400000000e+00 0.000000000e+00 0.000000000e+00 0.000000000e+00 -9.971054408e-16 1.000000000e+01 1.000000000e+01 1.001466451e-15 
d -3.600000000e+00 -3.600000000e+00 0.000000000e+00 0.000000000e+00 0.000000000e+00 -9.933363268e-16 1.000000000e+01 1.000000000e+01 9.985064488e-16 
d -3.800000000e+00 -3.800000000e+00 0.000000000e+00 0.000000000e+00 0.000000000e+00 -9.897220449e-16 1.000000000e+01 1.000000000e+01 9.903781424e-16 
d -4.000000000e+00 -4.000000000e+00 0.000000000e+00 0.000000000e+00 0.000000000e+00 -9.863081923e-16 1.000000000e+01 1.000000000e+01 9.843729263e-16 
d -4.200000000e+00 -4.200000000e+00 0.000000000e+00 0.000000000e+00 0.000000000e+00 -9.833772950e-16 1.000000000e+01 1.000000000e+01 9.769514513e-16 
d -4.400000000e+00 -4.400000000e+00 0.000000000e+00 0.000000000e+00 0.000000000e+00 -9.800779916e-16 1.000000000e+01 1.000000000e+01 9.779893326e-16 
d -4.600000000e+00 -4.600000000e+00 0.000000000e+00 0.000000000e+00 0.000000000e+00 -9.777044865e-16 1.000000000e+01 1.000000000e+01 9.777273090e-16 
d -4.800000000e+00 -4.800000000e+00 0.000000000e+00 0.000000000e+00 0.000000000e+00 -9.747084899e-16 1.000000000e+01 1.000000000e+01 9.731235833e-16 
d -5.000000000e+00 -5.000000000e+00 0.000000000e+00 0.000000000e+00 0.000000000e+00 -9.723235920e-16 1.000000000e+01 1.000000000e+01 9.736370021e-16 
d -5.200000000e+00 -5.200000000e+00 0.000000000e+00 0.000000000e+00 0.000000000e+00 -9.698155796e-16 1.000000000e+01 1.000000000e+01 9.697671335e-16 
d -5.400000000e+00 -5.400000000e+00 0.000000000e+00 0.000000000e+00 0.000000000e+00 -9.676821611e-16 1.000000000e+01 1.000000000e+01 9.685683543e-16 
d -5.600000000e+00 -5.600000000e+00 0.000000000e+00 0.000000000e+00 0.000000000e+00 -9.651886974e-16 1.000000000e+01 1.000000000e+01 9.679930253e-16 
d -5.800000000e+00 -5.800000000e+00 0.000000000e+00 0.000000000e+00 0.000000000e+00 -9.632896624e-16 1.000000000e+01 1.000000000e+01 9.660134564e-16 
d -6.000000000e+00 -6.000000000e+00 0.000000000e+00 0.000000000e+00 0.000000000e+00 -9.616476362e-16 1.000000000e+01 1.000000000e+01 9.608007575e-16 
d -6.200000000e+00 -6.200000000e+00 0.000000000e+00 0.000000000e+00 0.000000000e+00 -9.594680205e-16 1.000000000e+01 1.000000000e+01 9.573228621e-16 
d -6.400000000e+00 -6.400000000e+00 0.000000000e+00 0.000000000e+00 0.000000000e+00 -9.575062899e-16 1.000000000e+01 1.000000000e+01 9.634095484e-16 
d -6.600000000e+00 -6.600000000e+00 0.000000000e+00 0.000000000e+00 0.000000000e+00 -9.560011530e-16 1.000000000e+01 1.000000000e+01 9.530657819e-16 
d -6.800000000e+00 -6.800000000e+00 0.000000000e+00 0.000000000e+00 0.000000000e+00 -9.538398726e-16 1.000000000e+01 1.000000000e+01 9.531404455e-16 
d -7.000000000e+00 -7.000000000e+00 0.000000000e+00 0.000000000e+00 0.000000000e+00 -9.521553941e-16 1.000000000e+01 1.000000000e+01 9.493838655e-16 
d -7.200000000e+00 -7.200000000e+00 0.000000000e+00 0.000000000e+00 0.000000000e+00 -9.499144146e-16 1.000000000e+01 1.000000000e+01 9.476982182e-16 
d -7.400000000e+00 -7.400000000e+00 0.000000000e+00 0.000000000e+00 0.000000000e+00 -9.487864184e-16 1.000000000e+01 1.000000000e+01 9.449432203e-16 
d -7.600000000e+00 -7.600000000e+00 0.000000000e+00 0.000000000e+00 0.000000000e+00 -9.470226140e-16 1.000000000e+01 1.000000000e+01 9.432053655e-16 
d -7.800000000e+00 -7.800000000e+00 0.000000000e+00 0.000000000e+00 0.000000000e+00 -9.458949813e-16 1.000000000e+01 1.000000000e+01 9.442531895e-16 
d -8.000000000e+00 -8.000000000e+00 0.000000000e+00 0.000000000e+00 0.000000000e+00 -9.439329319e-16 1.000000000e+01 1.000000000e+01 9.385272980e-16 
d -8.200000000e+00 -8.200000000e+00 0.000000000e+00 0.000000000e+00 0.000000000e+00 -9.428655155e-16 1.000000000e+01 1.000000000e+01 9.455036307e-16 
d -8.400000000e+00 -8.400000000e+00 0.000000000e+00 0.000000000e+00 0.000000000e+00 -9.411823771e-16 1.000000000e+01 1.000000000e+01 9.439371514e-16 
d -8.600000000e+00 -8.600000000e+00 0.000000000e+00 0.000000000e+00 0.000000000e+00 -9.403740663e-16 1.000000000e+01 1.000000000e+01 9.368087451e-16 
d -8.800000000e+00 -8.800000000e+00 0.000000000e+00 0.000000000e+00 0.000000000e+00 -9.389898345e-16 1.000000000e+01 1.000000000e+01 9.398780282e-16 
d -9.000000000e+00 -9.000000000e+00 0.000000000e+00 0.000000000e+00 0.000000000e+00 -9.370296994e-16 1.000000000e+01 1.000000000e+01 9.367690291e-16 
d -9.200000000e+00 -9.200000000e+00 0.000000000e+00 0.000000000e+00 0.000000000e+00 -9.365605271e-16 1.000000000e+01 1.000000000e+01 9.376171572e-16 
d -9.400000000e+00 -9.400000000e+00 0.000000000e+00 0.000000000e+00 0.000000000e+00 -9.347602759e-16 1.000000000e+01 1.000000000e+01 9.354864149e-16 
d -9.600000000e+00 -9.600000000e+00 0.000000000e+00 0.000000000e+00 0.000000000e+00 -9.337355511e-16 1.000000000e+01 1.000000000e+01 9.329205156e-16 
d -9.800000000e+00 -9.800000000e+00 0.000000000e+00 0.000000000e+00 0.000000000e+00 -9.326317895e-16 1.000000000e+01 1.000000000e+01 9.304956939e-16 
d -1.000000000e+01 -1.000000000e+01 0.000000000e+00 0.000000000e+00 0.000000000e+00 -9.313098748e-16 1.000000000e+01 1.000000000e+01 9.350483724e-16 
