v ATLAS
# This file was created by ATLAS version 5.24.1.R on Sun May 10 19:28:58 2020.
#SSF 2.0 generic
##############################################################################
#                    Copyright (c) 1984 - 2017                               #
#                    Silvaco Inc. All rights reserved                        #
#                                                                            #
# This file format and the following Key are copyright Silvaco Inc.          #
# You may not use, this format or key without reproducing this message in    #
# full and obtaining express written permission from Silvaco Inc.            #
#                                                                            #
# To obtain such permission please contact: Silvaco Inc.                     #
#                                           support@silvaco.com              #
#                                                                            #
# KEY=SVC86hn7562asdx                       PROD=345                         #
##############################################################################
y 3 700 711 15
z 63.75 1e+41 300
f 3 "gate" "source" "drain" 
p 9 2 601 20 3 602 21 4 603 22 
d 2.000000000e-01 2.000000000e-01 0.000000000e+00 0.000000000e+00 0.000000000e+00 -1.595461759e-15 1.000000000e+01 1.000000000e+01 1.595523489e-15 
d 4.000000000e-01 4.000000000e-01 0.000000000e+00 0.000000000e+00 0.000000000e+00 -2.195608770e-15 1.000000000e+01 1.000000000e+01 2.200198592e-15 
d 6.000000000e-01 6.000000000e-01 0.000000000e+00 0.000000000e+00 0.000000000e+00 -3.538231842e-15 1.000000000e+01 1.000000000e+01 3.533603335e-15 
d 8.000000000e-01 8.000000000e-01 0.000000000e+00 0.000000000e+00 0.000000000e+00 -6.843210559e-15 1.000000000e+01 1.000000000e+01 6.846444306e-15 
d 1.000000000e+00 1.000000000e+00 0.000000000e+00 0.000000000e+00 0.000000000e+00 -1.693353968e-14 1.000000000e+01 1.000000000e+01 1.693293306e-14 
d 1.200000000e+00 1.200000000e+00 0.000000000e+00 0.000000000e+00 0.000000000e+00 -4.483782541e-14 1.000000000e+01 1.000000000e+01 4.483593244e-14 
d 1.400000000e+00 1.400000000e+00 0.000000000e+00 0.000000000e+00 0.000000000e+00 -1.024328108e-13 1.000000000e+01 1.000000000e+01 1.024345404e-13 
d 1.600000000e+00 1.600000000e+00 0.000000000e+00 0.000000000e+00 0.000000000e+00 -2.030431542e-13 1.000000000e+01 1.000000000e+01 2.030452152e-13 
d 1.800000000e+00 1.800000000e+00 0.000000000e+00 0.000000000e+00 0.000000000e+00 -3.670758611e-13 1.000000000e+01 1.000000000e+01 3.670706605e-13 
d 2.000000000e+00 2.000000000e+00 0.000000000e+00 0.000000000e+00 0.000000000e+00 -6.302967356e-13 1.000000000e+01 1.000000000e+01 6.302636067e-13 
d 2.200000000e+00 2.200000000e+00 0.000000000e+00 0.000000000e+00 0.000000000e+00 -1.063545434e-12 1.000000000e+01 1.000000000e+01 1.063546009e-12 
d 2.400000000e+00 2.400000000e+00 0.000000000e+00 0.000000000e+00 0.000000000e+00 -1.822650592e-12 1.000000000e+01 1.000000000e+01 1.822648291e-12 
d 2.600000000e+00 2.600000000e+00 0.000000000e+00 0.000000000e+00 0.000000000e+00 -3.245682493e-12 1.000000000e+01 1.000000000e+01 3.245681396e-12 
d 2.800000000e+00 2.800000000e+00 0.000000000e+00 0.000000000e+00 0.000000000e+00 -5.885460623e-12 1.000000000e+01 1.000000000e+01 5.885460130e-12 
d 3.000000000e+00 3.000000000e+00 0.000000000e+00 0.000000000e+00 0.000000000e+00 -1.033101230e-11 1.000000000e+01 1.000000000e+01 1.033073151e-11 
d 3.200000000e+00 3.200000000e+00 0.000000000e+00 0.000000000e+00 0.000000000e+00 -1.709701392e-11 1.000000000e+01 1.000000000e+01 1.709701058e-11 
d 3.400000000e+00 3.400000000e+00 0.000000000e+00 0.000000000e+00 0.000000000e+00 -2.668084592e-11 1.000000000e+01 1.000000000e+01 2.668064251e-11 
d 3.600000000e+00 3.600000000e+00 0.000000000e+00 0.000000000e+00 0.000000000e+00 -3.963491197e-11 1.000000000e+01 1.000000000e+01 3.963491239e-11 
d 3.800000000e+00 3.800000000e+00 0.000000000e+00 0.000000000e+00 0.000000000e+00 -5.662542968e-11 1.000000000e+01 1.000000000e+01 5.662543197e-11 
d 4.000000000e+00 4.000000000e+00 0.000000000e+00 0.000000000e+00 0.000000000e+00 -7.849507857e-11 1.000000000e+01 1.000000000e+01 7.849504320e-11 
d 4.200000000e+00 4.200000000e+00 0.000000000e+00 0.000000000e+00 0.000000000e+00 -1.063454395e-10 1.000000000e+01 1.000000000e+01 1.063454340e-10 
d 4.400000000e+00 4.400000000e+00 0.000000000e+00 0.000000000e+00 0.000000000e+00 -1.416572575e-10 1.000000000e+01 1.000000000e+01 1.416572561e-10 
d 4.600000000e+00 4.600000000e+00 0.000000000e+00 0.000000000e+00 0.000000000e+00 -1.864755557e-10 1.000000000e+01 1.000000000e+01 1.864754613e-10 
d 4.800000000e+00 4.800000000e+00 0.000000000e+00 0.000000000e+00 0.000000000e+00 -2.437023702e-10 1.000000000e+01 1.000000000e+01 2.437023597e-10 
d 5.000000000e+00 5.000000000e+00 0.000000000e+00 0.000000000e+00 0.000000000e+00 -3.175610660e-10 1.000000000e+01 1.000000000e+01 3.175610639e-10 
d 5.200000000e+00 5.200000000e+00 0.000000000e+00 0.000000000e+00 0.000000000e+00 -4.143046428e-10 1.000000000e+01 1.000000000e+01 4.143046439e-10 
d 5.400000000e+00 5.400000000e+00 0.000000000e+00 0.000000000e+00 0.000000000e+00 -5.431565875e-10 1.000000000e+01 1.000000000e+01 5.431565889e-10 
d 5.600000000e+00 5.600000000e+00 0.000000000e+00 0.000000000e+00 0.000000000e+00 -7.171057025e-10 1.000000000e+01 1.000000000e+01 7.171057025e-10 
d 5.800000000e+00 5.800000000e+00 0.000000000e+00 0.000000000e+00 0.000000000e+00 -9.525088402e-10 1.000000000e+01 1.000000000e+01 9.525088401e-10 
d 6.000000000e+00 6.000000000e+00 0.000000000e+00 0.000000000e+00 0.000000000e+00 -1.266606976e-09 1.000000000e+01 1.000000000e+01 1.266606978e-09 
d 6.200000000e+00 6.200000000e+00 0.000000000e+00 0.000000000e+00 0.000000000e+00 -1.674213954e-09 1.000000000e+01 1.000000000e+01 1.674213955e-09 
d 6.400000000e+00 6.400000000e+00 0.000000000e+00 0.000000000e+00 0.000000000e+00 -2.186075877e-09 1.000000000e+01 1.000000000e+01 2.186075876e-09 
d 6.600000000e+00 6.600000000e+00 0.000000000e+00 0.000000000e+00 0.000000000e+00 -2.809308024e-09 1.000000000e+01 1.000000000e+01 2.809308027e-09 
d 6.800000000e+00 6.800000000e+00 0.000000000e+00 0.000000000e+00 0.000000000e+00 -3.548606990e-09 1.000000000e+01 1.000000000e+01 3.548606992e-09 
d 7.000000000e+00 7.000000000e+00 0.000000000e+00 0.000000000e+00 0.000000000e+00 -4.407324799e-09 1.000000000e+01 1.000000000e+01 4.407324797e-09 
d 7.200000000e+00 7.200000000e+00 0.000000000e+00 0.000000000e+00 0.000000000e+00 -5.388201847e-09 1.000000000e+01 1.000000000e+01 5.388201847e-09 
d 7.400000000e+00 7.400000000e+00 0.000000000e+00 0.000000000e+00 0.000000000e+00 -6.493822185e-09 1.000000000e+01 1.000000000e+01 6.493822186e-09 
d 7.600000000e+00 7.600000000e+00 0.000000000e+00 0.000000000e+00 0.000000000e+00 -7.726886383e-09 1.000000000e+01 1.000000000e+01 7.726886382e-09 
d 7.800000000e+00 7.800000000e+00 0.000000000e+00 0.000000000e+00 0.000000000e+00 -9.090376006e-09 1.000000000e+01 1.000000000e+01 9.090374732e-09 
d 8.000000000e+00 8.000000000e+00 0.000000000e+00 0.000000000e+00 0.000000000e+00 -1.058765925e-08 1.000000000e+01 1.000000000e+01 1.058765871e-08 
d 8.200000000e+00 8.200000000e+00 0.000000000e+00 0.000000000e+00 0.000000000e+00 -1.222256823e-08 1.000000000e+01 1.000000000e+01 1.222256790e-08 
d 8.400000000e+00 8.400000000e+00 0.000000000e+00 0.000000000e+00 0.000000000e+00 -1.399946595e-08 1.000000000e+01 1.000000000e+01 1.399946591e-08 
d 8.600000000e+00 8.600000000e+00 0.000000000e+00 0.000000000e+00 0.000000000e+00 -1.592331367e-08 1.000000000e+01 1.000000000e+01 1.592331336e-08 
d 8.800000000e+00 8.800000000e+00 0.000000000e+00 0.000000000e+00 0.000000000e+00 -1.799974573e-08 1.000000000e+01 1.000000000e+01 1.799974057e-08 
d 9.000000000e+00 9.000000000e+00 0.000000000e+00 0.000000000e+00 0.000000000e+00 -2.023515704e-08 1.000000000e+01 1.000000000e+01 2.023516205e-08 
d 9.200000000e+00 9.200000000e+00 0.000000000e+00 0.000000000e+00 0.000000000e+00 -2.263680730e-08 1.000000000e+01 1.000000000e+01 2.263681090e-08 
d 9.400000000e+00 9.400000000e+00 0.000000000e+00 0.000000000e+00 0.000000000e+00 -2.521294391e-08 1.000000000e+01 1.000000000e+01 2.521289119e-08 
d 9.600000000e+00 9.600000000e+00 0.000000000e+00 0.000000000e+00 0.000000000e+00 -2.797294365e-08 1.000000000e+01 1.000000000e+01 2.797294365e-08 
d 9.800000000e+00 9.800000000e+00 0.000000000e+00 0.000000000e+00 0.000000000e+00 -3.092747203e-08 1.000000000e+01 1.000000000e+01 3.092747203e-08 
d 1.000000000e+01 1.000000000e+01 0.000000000e+00 0.000000000e+00 0.000000000e+00 -3.408865728e-08 1.000000000e+01 1.000000000e+01 3.408865721e-08 
d 1.020000000e+01 1.020000000e+01 0.000000000e+00 0.000000000e+00 0.000000000e+00 -3.747028225e-08 1.000000000e+01 1.000000000e+01 3.747028224e-08 
d 1.040000000e+01 1.040000000e+01 0.000000000e+00 0.000000000e+00 0.000000000e+00 -4.108799327e-08 1.000000000e+01 1.000000000e+01 4.108799326e-08 
d 1.060000000e+01 1.060000000e+01 0.000000000e+00 0.000000000e+00 0.000000000e+00 -4.495950272e-08 1.000000000e+01 1.000000000e+01 4.495932001e-08 
d 1.080000000e+01 1.080000000e+01 0.000000000e+00 0.000000000e+00 0.000000000e+00 -4.910477380e-08 1.000000000e+01 1.000000000e+01 4.910476653e-08 
d 1.100000000e+01 1.100000000e+01 0.000000000e+00 0.000000000e+00 0.000000000e+00 -5.354616521e-08 1.000000000e+01 1.000000000e+01 5.354616489e-08 
d 1.120000000e+01 1.120000000e+01 0.000000000e+00 0.000000000e+00 0.000000000e+00 -5.830849414e-08 1.000000000e+01 1.000000000e+01 5.830849308e-08 
d 1.140000000e+01 1.140000000e+01 0.000000000e+00 0.000000000e+00 0.000000000e+00 -6.341896279e-08 1.000000000e+01 1.000000000e+01 6.341895934e-08 
d 1.160000000e+01 1.160000000e+01 0.000000000e+00 0.000000000e+00 0.000000000e+00 -6.890688465e-08 1.000000000e+01 1.000000000e+01 6.890687585e-08 
d 1.180000000e+01 1.180000000e+01 0.000000000e+00 0.000000000e+00 0.000000000e+00 -7.480315411e-08 1.000000000e+01 1.000000000e+01 7.480313572e-08 
d 1.200000000e+01 1.200000000e+01 0.000000000e+00 0.000000000e+00 0.000000000e+00 -8.113944539e-08 1.000000000e+01 1.000000000e+01 8.113942010e-08 
d 1.220000000e+01 1.220000000e+01 0.000000000e+00 0.000000000e+00 0.000000000e+00 -8.794721164e-08 1.000000000e+01 1.000000000e+01 8.794718909e-08 
d 1.240000000e+01 1.240000000e+01 0.000000000e+00 0.000000000e+00 0.000000000e+00 -9.525660377e-08 1.000000000e+01 1.000000000e+01 9.525610359e-08 
d 1.260000000e+01 1.260000000e+01 0.000000000e+00 0.000000000e+00 0.000000000e+00 -1.030953840e-07 1.000000000e+01 1.000000000e+01 1.030944294e-07 
d 1.280000000e+01 1.280000000e+01 0.000000000e+00 0.000000000e+00 0.000000000e+00 -1.114879323e-07 1.000000000e+01 1.000000000e+01 1.114873245e-07 
d 1.300000000e+01 1.300000000e+01 0.000000000e+00 0.000000000e+00 0.000000000e+00 -1.204545380e-07 1.000000000e+01 1.000000000e+01 1.204543243e-07 
d 1.320000000e+01 1.320000000e+01 0.000000000e+00 0.000000000e+00 0.000000000e+00 -1.300111061e-07 1.000000000e+01 1.000000000e+01 1.300110503e-07 
d 1.340000000e+01 1.340000000e+01 0.000000000e+00 0.000000000e+00 0.000000000e+00 -1.401692603e-07 1.000000000e+01 1.000000000e+01 1.401692478e-07 
d 1.360000000e+01 1.360000000e+01 0.000000000e+00 0.000000000e+00 0.000000000e+00 -1.509367280e-07 1.000000000e+01 1.000000000e+01 1.509367255e-07 
d 1.380000000e+01 1.380000000e+01 0.000000000e+00 0.000000000e+00 0.000000000e+00 -1.623178623e-07 1.000000000e+01 1.000000000e+01 1.623178619e-07 
d 1.400000000e+01 1.400000000e+01 0.000000000e+00 0.000000000e+00 0.000000000e+00 -1.743141633e-07 1.000000000e+01 1.000000000e+01 1.743141633e-07 
d 1.420000000e+01 1.420000000e+01 0.000000000e+00 0.000000000e+00 0.000000000e+00 -1.869247049e-07 1.000000000e+01 1.000000000e+01 1.869247049e-07 
d 1.440000000e+01 1.440000000e+01 0.000000000e+00 0.000000000e+00 0.000000000e+00 -2.001464461e-07 1.000000000e+01 1.000000000e+01 2.001464461e-07 
d 1.460000000e+01 1.460000000e+01 0.000000000e+00 0.000000000e+00 0.000000000e+00 -2.139744860e-07 1.000000000e+01 1.000000000e+01 2.139744860e-07 
d 1.480000000e+01 1.480000000e+01 0.000000000e+00 0.000000000e+00 0.000000000e+00 -2.284023683e-07 1.000000000e+01 1.000000000e+01 2.284023682e-07 
d 1.500000000e+01 1.500000000e+01 0.000000000e+00 0.000000000e+00 0.000000000e+00 -2.434225088e-07 1.000000000e+01 1.000000000e+01 2.434225087e-07 
d 1.520000000e+01 1.520000000e+01 0.000000000e+00 0.000000000e+00 0.000000000e+00 -2.590267238e-07 1.000000000e+01 1.000000000e+01 2.590267238e-07 
d 1.540000000e+01 1.540000000e+01 0.000000000e+00 0.000000000e+00 0.000000000e+00 -2.752067578e-07 1.000000000e+01 1.000000000e+01 2.752067577e-07 
d 1.560000000e+01 1.560000000e+01 0.000000000e+00 0.000000000e+00 0.000000000e+00 -2.919547387e-07 1.000000000e+01 1.000000000e+01 2.919547382e-07 
d 1.580000000e+01 1.580000000e+01 0.000000000e+00 0.000000000e+00 0.000000000e+00 -3.092635806e-07 1.000000000e+01 1.000000000e+01 3.092635775e-07 
d 1.600000000e+01 1.600000000e+01 0.000000000e+00 0.000000000e+00 0.000000000e+00 -3.271272990e-07 1.000000000e+01 1.000000000e+01 3.271272928e-07 
d 1.620000000e+01 1.620000000e+01 0.000000000e+00 0.000000000e+00 0.000000000e+00 -3.455411486e-07 1.000000000e+01 1.000000000e+01 3.455411419e-07 
d 1.640000000e+01 1.640000000e+01 0.000000000e+00 0.000000000e+00 0.000000000e+00 -3.645015583e-07 1.000000000e+01 1.000000000e+01 3.645015535e-07 
d 1.660000000e+01 1.660000000e+01 0.000000000e+00 0.000000000e+00 0.000000000e+00 -3.840059648e-07 1.000000000e+01 1.000000000e+01 3.840059620e-07 
d 1.680000000e+01 1.680000000e+01 0.000000000e+00 0.000000000e+00 0.000000000e+00 -4.040526293e-07 1.000000000e+01 1.000000000e+01 4.040526276e-07 
d 1.700000000e+01 1.700000000e+01 0.000000000e+00 0.000000000e+00 0.000000000e+00 -4.246404716e-07 1.000000000e+01 1.000000000e+01 4.246404705e-07 
d 1.720000000e+01 1.720000000e+01 0.000000000e+00 0.000000000e+00 0.000000000e+00 -4.457689274e-07 1.000000000e+01 1.000000000e+01 4.457689266e-07 
d 1.740000000e+01 1.740000000e+01 0.000000000e+00 0.000000000e+00 0.000000000e+00 -4.674378272e-07 1.000000000e+01 1.000000000e+01 4.674378265e-07 
d 1.760000000e+01 1.760000000e+01 0.000000000e+00 0.000000000e+00 0.000000000e+00 -4.896472906e-07 1.000000000e+01 1.000000000e+01 4.896472900e-07 
d 1.780000000e+01 1.780000000e+01 0.000000000e+00 0.000000000e+00 0.000000000e+00 -5.123976328e-07 1.000000000e+01 1.000000000e+01 5.123976322e-07 
d 1.800000000e+01 1.800000000e+01 0.000000000e+00 0.000000000e+00 0.000000000e+00 -5.356892777e-07 1.000000000e+01 1.000000000e+01 5.356892772e-07 
d 1.820000000e+01 1.820000000e+01 0.000000000e+00 0.000000000e+00 0.000000000e+00 -5.595226757e-07 1.000000000e+01 1.000000000e+01 5.595226752e-07 
d 1.840000000e+01 1.840000000e+01 0.000000000e+00 0.000000000e+00 0.000000000e+00 -5.838982206e-07 1.000000000e+01 1.000000000e+01 5.838982202e-07 
d 1.860000000e+01 1.860000000e+01 0.000000000e+00 0.000000000e+00 0.000000000e+00 -6.088161650e-07 1.000000000e+01 1.000000000e+01 6.088161646e-07 
d 1.880000000e+01 1.880000000e+01 0.000000000e+00 0.000000000e+00 0.000000000e+00 -6.342765297e-07 1.000000000e+01 1.000000000e+01 6.342765292e-07 
d 1.900000000e+01 1.900000000e+01 0.000000000e+00 0.000000000e+00 0.000000000e+00 -6.602790061e-07 1.000000000e+01 1.000000000e+01 6.602790056e-07 
d 1.920000000e+01 1.920000000e+01 0.000000000e+00 0.000000000e+00 0.000000000e+00 -6.868228485e-07 1.000000000e+01 1.000000000e+01 6.868228481e-07 
d 1.940000000e+01 1.940000000e+01 0.000000000e+00 0.000000000e+00 0.000000000e+00 -7.139067552e-07 1.000000000e+01 1.000000000e+01 7.139067547e-07 
d 1.960000000e+01 1.960000000e+01 0.000000000e+00 0.000000000e+00 0.000000000e+00 -7.415287364e-07 1.000000000e+01 1.000000000e+01 7.415287359e-07 
d 1.980000000e+01 1.980000000e+01 0.000000000e+00 0.000000000e+00 0.000000000e+00 -7.696859692e-07 1.000000000e+01 1.000000000e+01 7.696859688e-07 
d 2.000000000e+01 2.000000000e+01 0.000000000e+00 0.000000000e+00 0.000000000e+00 -7.983746408e-07 1.000000000e+01 1.000000000e+01 7.983746403e-07 
