v ATLAS
# This file was created by ATLAS version 5.24.1.R on Mon Mar  9 19:09:37 2020.
#SSF 2.0 generic
##############################################################################
#                    Copyright (c) 1984 - 2017                               #
#                    Silvaco Inc. All rights reserved                        #
#                                                                            #
# This file format and the following Key are copyright Silvaco Inc.          #
# You may not use, this format or key without reproducing this message in    #
# full and obtaining express written permission from Silvaco Inc.            #
#                                                                            #
# To obtain such permission please contact: Silvaco Inc.                     #
#                                           support@silvaco.com              #
#                                                                            #
# KEY=SVC86hn7562asdx                       PROD=345                         #
##############################################################################
y 3 700 711 15
z 40 1e+41 300
f 3 "gate" "source" "drain" 
p 9 2 601 20 3 602 21 4 603 22 
d 2.000000000e+01 2.000000000e+01 0.000000000e+00 0.000000000e+00 0.000000000e+00 4.833261968e-17 0.000000000e+00 0.000000000e+00 -3.815666610e-18 
d 2.000000000e+01 2.000000000e+01 0.000000000e+00 0.000000000e+00 0.000000000e+00 -2.467421160e-05 5.000000000e-01 5.000000000e-01 2.467421161e-05 
d 2.000000000e+01 2.000000000e+01 0.000000000e+00 0.000000000e+00 0.000000000e+00 -4.862813825e-05 1.000000000e+00 1.000000000e+00 4.862813825e-05 
d 2.000000000e+01 2.000000000e+01 0.000000000e+00 0.000000000e+00 0.000000000e+00 -7.186379707e-05 1.500000000e+00 1.500000000e+00 7.186379707e-05 
d 2.000000000e+01 2.000000000e+01 0.000000000e+00 0.000000000e+00 0.000000000e+00 -9.438330915e-05 2.000000000e+00 2.000000000e+00 9.438330915e-05 
d 2.000000000e+01 2.000000000e+01 0.000000000e+00 0.000000000e+00 0.000000000e+00 -1.161889057e-04 2.500000000e+00 2.500000000e+00 1.161889057e-04 
d 2.000000000e+01 2.000000000e+01 0.000000000e+00 0.000000000e+00 0.000000000e+00 -1.372829357e-04 3.000000000e+00 3.000000000e+00 1.372829357e-04 
d 2.000000000e+01 2.000000000e+01 0.000000000e+00 0.000000000e+00 0.000000000e+00 -1.576678747e-04 3.500000000e+00 3.500000000e+00 1.576678747e-04 
d 2.000000000e+01 2.000000000e+01 0.000000000e+00 0.000000000e+00 0.000000000e+00 -1.773463356e-04 4.000000000e+00 4.000000000e+00 1.773463356e-04 
d 2.000000000e+01 2.000000000e+01 0.000000000e+00 0.000000000e+00 0.000000000e+00 -1.963210809e-04 4.500000000e+00 4.500000000e+00 1.963210809e-04 
d 2.000000000e+01 2.000000000e+01 0.000000000e+00 0.000000000e+00 0.000000000e+00 -2.145950373e-04 5.000000000e+00 5.000000000e+00 2.145950373e-04 
d 2.000000000e+01 2.000000000e+01 0.000000000e+00 0.000000000e+00 0.000000000e+00 -2.321713122e-04 5.500000000e+00 5.500000000e+00 2.321713122e-04 
d 2.000000000e+01 2.000000000e+01 0.000000000e+00 0.000000000e+00 0.000000000e+00 -2.490532125e-04 6.000000000e+00 6.000000000e+00 2.490532125e-04 
d 2.000000000e+01 2.000000000e+01 0.000000000e+00 0.000000000e+00 0.000000000e+00 -2.652442666e-04 6.500000000e+00 6.500000000e+00 2.652442666e-04 
d 2.000000000e+01 2.000000000e+01 0.000000000e+00 0.000000000e+00 0.000000000e+00 -2.807482495e-04 7.000000000e+00 7.000000000e+00 2.807482495e-04 
d 2.000000000e+01 2.000000000e+01 0.000000000e+00 0.000000000e+00 0.000000000e+00 -2.955692117e-04 7.500000000e+00 7.500000000e+00 2.955692117e-04 
d 2.000000000e+01 2.000000000e+01 0.000000000e+00 0.000000000e+00 0.000000000e+00 -3.097115121e-04 8.000000000e+00 8.000000000e+00 3.097115121e-04 
d 2.000000000e+01 2.000000000e+01 0.000000000e+00 0.000000000e+00 0.000000000e+00 -3.231798565e-04 8.500000000e+00 8.500000000e+00 3.231798565e-04 
d 2.000000000e+01 2.000000000e+01 0.000000000e+00 0.000000000e+00 0.000000000e+00 -3.359793415e-04 9.000000000e+00 9.000000000e+00 3.359793415e-04 
d 2.000000000e+01 2.000000000e+01 0.000000000e+00 0.000000000e+00 0.000000000e+00 -3.481155055e-04 9.500000000e+00 9.500000000e+00 3.481155055e-04 
d 2.000000000e+01 2.000000000e+01 0.000000000e+00 0.000000000e+00 0.000000000e+00 -3.595943870e-04 1.000000000e+01 1.000000000e+01 3.595943870e-04 
d 2.000000000e+01 2.000000000e+01 0.000000000e+00 0.000000000e+00 0.000000000e+00 -3.704225911e-04 1.050000000e+01 1.050000000e+01 3.704225911e-04 
d 2.000000000e+01 2.000000000e+01 0.000000000e+00 0.000000000e+00 0.000000000e+00 -3.806073651e-04 1.100000000e+01 1.100000000e+01 3.806073651e-04 
d 2.000000000e+01 2.000000000e+01 0.000000000e+00 0.000000000e+00 0.000000000e+00 -3.901566830e-04 1.150000000e+01 1.150000000e+01 3.901566830e-04 
d 2.000000000e+01 2.000000000e+01 0.000000000e+00 0.000000000e+00 0.000000000e+00 -3.990793377e-04 1.200000000e+01 1.200000000e+01 3.990793377e-04 
d 2.000000000e+01 2.000000000e+01 0.000000000e+00 0.000000000e+00 0.000000000e+00 -4.073850414e-04 1.250000000e+01 1.250000000e+01 4.073850414e-04 
d 2.000000000e+01 2.000000000e+01 0.000000000e+00 0.000000000e+00 0.000000000e+00 -4.150845298e-04 1.300000000e+01 1.300000000e+01 4.150845298e-04 
d 2.000000000e+01 2.000000000e+01 0.000000000e+00 0.000000000e+00 0.000000000e+00 -4.221896688e-04 1.350000000e+01 1.350000000e+01 4.221896688e-04 
d 2.000000000e+01 2.000000000e+01 0.000000000e+00 0.000000000e+00 0.000000000e+00 -4.287135579e-04 1.400000000e+01 1.400000000e+01 4.287135579e-04 
d 2.000000000e+01 2.000000000e+01 0.000000000e+00 0.000000000e+00 0.000000000e+00 -4.346706284e-04 1.450000000e+01 1.450000000e+01 4.346706284e-04 
d 2.000000000e+01 2.000000000e+01 0.000000000e+00 0.000000000e+00 0.000000000e+00 -4.400767307e-04 1.500000000e+01 1.500000000e+01 4.400767306e-04 
d 2.000000000e+01 2.000000000e+01 0.000000000e+00 0.000000000e+00 0.000000000e+00 -4.449492138e-04 1.550000000e+01 1.550000000e+01 4.449492136e-04 
d 2.000000000e+01 2.000000000e+01 0.000000000e+00 0.000000000e+00 0.000000000e+00 -4.493070016e-04 1.600000000e+01 1.600000000e+01 4.493070011e-04 
d 2.000000000e+01 2.000000000e+01 0.000000000e+00 0.000000000e+00 0.000000000e+00 -4.531706840e-04 1.650000000e+01 1.650000000e+01 4.531706826e-04 
d 2.000000000e+01 2.000000000e+01 0.000000000e+00 0.000000000e+00 0.000000000e+00 -4.565626544e-04 1.700000000e+01 1.700000000e+01 4.565626503e-04 
d 2.000000000e+01 2.000000000e+01 0.000000000e+00 0.000000000e+00 0.000000000e+00 -4.595073433e-04 1.750000000e+01 1.750000000e+01 4.595073300e-04 
d 2.000000000e+01 2.000000000e+01 0.000000000e+00 0.000000000e+00 0.000000000e+00 -4.620316059e-04 1.800000000e+01 1.800000000e+01 4.620315617e-04 
d 2.000000000e+01 2.000000000e+01 0.000000000e+00 0.000000000e+00 0.000000000e+00 -4.641653167e-04 1.850000000e+01 1.850000000e+01 4.641651776e-04 
d 2.000000000e+01 2.000000000e+01 0.000000000e+00 0.000000000e+00 0.000000000e+00 -4.659421542e-04 1.900000000e+01 1.900000000e+01 4.659421542e-04 
d 2.000000000e+01 2.000000000e+01 0.000000000e+00 0.000000000e+00 0.000000000e+00 -4.674003530e-04 1.950000000e+01 1.950000000e+01 4.674003530e-04 
d 2.000000000e+01 2.000000000e+01 0.000000000e+00 0.000000000e+00 0.000000000e+00 -4.685826578e-04 2.000000000e+01 2.000000000e+01 4.685826577e-04 
