v ATLAS
# This file was created by ATLAS version 5.24.1.R on Mon Mar  9 18:29:29 2020.
#SSF 2.0 generic
##############################################################################
#                    Copyright (c) 1984 - 2017                               #
#                    Silvaco Inc. All rights reserved                        #
#                                                                            #
# This file format and the following Key are copyright Silvaco Inc.          #
# You may not use, this format or key without reproducing this message in    #
# full and obtaining express written permission from Silvaco Inc.            #
#                                                                            #
# To obtain such permission please contact: Silvaco Inc.                     #
#                                           support@silvaco.com              #
#                                                                            #
# KEY=SVC86hn7562asdx                       PROD=345                         #
##############################################################################
y 3 700 711 15
z 40 1e+41 300
f 3 "gate" "source" "drain" 
p 9 2 601 20 3 602 21 4 603 22 
d 2.000000000e-01 2.000000000e-01 0.000000000e+00 0.000000000e+00 0.000000000e+00 -8.400202605e-08 1.000000000e-01 1.000000000e-01 8.400160294e-08 
d 4.000000000e-01 4.000000000e-01 0.000000000e+00 0.000000000e+00 0.000000000e+00 -1.121014460e-07 1.000000000e-01 1.000000000e-01 1.121014460e-07 
d 6.000000000e-01 6.000000000e-01 0.000000000e+00 0.000000000e+00 0.000000000e+00 -1.415822732e-07 1.000000000e-01 1.000000000e-01 1.415822732e-07 
d 8.000000000e-01 8.000000000e-01 0.000000000e+00 0.000000000e+00 0.000000000e+00 -1.721713158e-07 1.000000000e-01 1.000000000e-01 1.721713158e-07 
d 1.000000000e+00 1.000000000e+00 0.000000000e+00 0.000000000e+00 0.000000000e+00 -2.036974100e-07 1.000000000e-01 1.000000000e-01 2.036974101e-07 
d 1.200000000e+00 1.200000000e+00 0.000000000e+00 0.000000000e+00 0.000000000e+00 -2.360477609e-07 1.000000000e-01 1.000000000e-01 2.360477609e-07 
d 1.400000000e+00 1.400000000e+00 0.000000000e+00 0.000000000e+00 0.000000000e+00 -2.691466630e-07 1.000000000e-01 1.000000000e-01 2.691466630e-07 
d 1.600000000e+00 1.600000000e+00 0.000000000e+00 0.000000000e+00 0.000000000e+00 -3.029433104e-07 1.000000000e-01 1.000000000e-01 3.029433104e-07 
d 1.800000000e+00 1.800000000e+00 0.000000000e+00 0.000000000e+00 0.000000000e+00 -3.374038960e-07 1.000000000e-01 1.000000000e-01 3.374038960e-07 
d 2.000000000e+00 2.000000000e+00 0.000000000e+00 0.000000000e+00 0.000000000e+00 -3.725061508e-07 1.000000000e-01 1.000000000e-01 3.725061508e-07 
d 2.200000000e+00 2.200000000e+00 0.000000000e+00 0.000000000e+00 0.000000000e+00 -4.082356098e-07 1.000000000e-01 1.000000000e-01 4.082353353e-07 
d 2.400000000e+00 2.400000000e+00 0.000000000e+00 0.000000000e+00 0.000000000e+00 -4.445823535e-07 1.000000000e-01 1.000000000e-01 4.445821884e-07 
d 2.600000000e+00 2.600000000e+00 0.000000000e+00 0.000000000e+00 0.000000000e+00 -4.815399640e-07 1.000000000e-01 1.000000000e-01 4.815398659e-07 
d 2.800000000e+00 2.800000000e+00 0.000000000e+00 0.000000000e+00 0.000000000e+00 -5.191034966e-07 1.000000000e-01 1.000000000e-01 5.191034385e-07 
d 3.000000000e+00 3.000000000e+00 0.000000000e+00 0.000000000e+00 0.000000000e+00 -5.572687235e-07 1.000000000e-01 1.000000000e-01 5.572686889e-07 
d 3.200000000e+00 3.200000000e+00 0.000000000e+00 0.000000000e+00 0.000000000e+00 -5.960314703e-07 1.000000000e-01 1.000000000e-01 5.960314496e-07 
d 3.400000000e+00 3.400000000e+00 0.000000000e+00 0.000000000e+00 0.000000000e+00 -6.353871625e-07 1.000000000e-01 1.000000000e-01 6.353871499e-07 
d 3.600000000e+00 3.600000000e+00 0.000000000e+00 0.000000000e+00 0.000000000e+00 -6.753305248e-07 1.000000000e-01 1.000000000e-01 6.753305171e-07 
d 3.800000000e+00 3.800000000e+00 0.000000000e+00 0.000000000e+00 0.000000000e+00 -7.158553957e-07 1.000000000e-01 1.000000000e-01 7.158553909e-07 
d 4.000000000e+00 4.000000000e+00 0.000000000e+00 0.000000000e+00 0.000000000e+00 -7.569546271e-07 1.000000000e-01 1.000000000e-01 7.569546240e-07 
d 4.200000000e+00 4.200000000e+00 0.000000000e+00 0.000000000e+00 0.000000000e+00 -7.986200489e-07 1.000000000e-01 1.000000000e-01 7.986200469e-07 
d 4.400000000e+00 4.400000000e+00 0.000000000e+00 0.000000000e+00 0.000000000e+00 -8.408424827e-07 1.000000000e-01 1.000000000e-01 8.408424814e-07 
d 4.600000000e+00 4.600000000e+00 0.000000000e+00 0.000000000e+00 0.000000000e+00 -8.836117915e-07 1.000000000e-01 1.000000000e-01 8.836117907e-07 
d 4.800000000e+00 4.800000000e+00 0.000000000e+00 0.000000000e+00 0.000000000e+00 -9.269169558e-07 1.000000000e-01 1.000000000e-01 9.269169552e-07 
d 5.000000000e+00 5.000000000e+00 0.000000000e+00 0.000000000e+00 0.000000000e+00 -9.707461673e-07 1.000000000e-01 1.000000000e-01 9.707461669e-07 
d 5.200000000e+00 5.200000000e+00 0.000000000e+00 0.000000000e+00 0.000000000e+00 -1.015086935e-06 1.000000000e-01 1.000000000e-01 1.015086935e-06 
d 5.400000000e+00 5.400000000e+00 0.000000000e+00 0.000000000e+00 0.000000000e+00 -1.059926197e-06 1.000000000e-01 1.000000000e-01 1.059926196e-06 
d 5.600000000e+00 5.600000000e+00 0.000000000e+00 0.000000000e+00 0.000000000e+00 -1.105250431e-06 1.000000000e-01 1.000000000e-01 1.105250431e-06 
d 5.800000000e+00 5.800000000e+00 0.000000000e+00 0.000000000e+00 0.000000000e+00 -1.151045769e-06 1.000000000e-01 1.000000000e-01 1.151045769e-06 
d 6.000000000e+00 6.000000000e+00 0.000000000e+00 0.000000000e+00 0.000000000e+00 -1.197298103e-06 1.000000000e-01 1.000000000e-01 1.197298103e-06 
d 6.200000000e+00 6.200000000e+00 0.000000000e+00 0.000000000e+00 0.000000000e+00 -1.243993180e-06 1.000000000e-01 1.000000000e-01 1.243993180e-06 
d 6.400000000e+00 6.400000000e+00 0.000000000e+00 0.000000000e+00 0.000000000e+00 -1.291116701e-06 1.000000000e-01 1.000000000e-01 1.291116701e-06 
d 6.600000000e+00 6.600000000e+00 0.000000000e+00 0.000000000e+00 0.000000000e+00 -1.338654398e-06 1.000000000e-01 1.000000000e-01 1.338654398e-06 
d 6.800000000e+00 6.800000000e+00 0.000000000e+00 0.000000000e+00 0.000000000e+00 -1.386592109e-06 1.000000000e-01 1.000000000e-01 1.386592109e-06 
d 7.000000000e+00 7.000000000e+00 0.000000000e+00 0.000000000e+00 0.000000000e+00 -1.434915846e-06 1.000000000e-01 1.000000000e-01 1.434915846e-06 
d 7.200000000e+00 7.200000000e+00 0.000000000e+00 0.000000000e+00 0.000000000e+00 -1.483611841e-06 1.000000000e-01 1.000000000e-01 1.483611841e-06 
d 7.400000000e+00 7.400000000e+00 0.000000000e+00 0.000000000e+00 0.000000000e+00 -1.532666604e-06 1.000000000e-01 1.000000000e-01 1.532666604e-06 
d 7.600000000e+00 7.600000000e+00 0.000000000e+00 0.000000000e+00 0.000000000e+00 -1.582066951e-06 1.000000000e-01 1.000000000e-01 1.582066951e-06 
d 7.800000000e+00 7.800000000e+00 0.000000000e+00 0.000000000e+00 0.000000000e+00 -1.631800040e-06 1.000000000e-01 1.000000000e-01 1.631800040e-06 
d 8.000000000e+00 8.000000000e+00 0.000000000e+00 0.000000000e+00 0.000000000e+00 -1.681853392e-06 1.000000000e-01 1.000000000e-01 1.681853392e-06 
d 8.200000000e+00 8.200000000e+00 0.000000000e+00 0.000000000e+00 0.000000000e+00 -1.732214912e-06 1.000000000e-01 1.000000000e-01 1.732214912e-06 
d 8.400000000e+00 8.400000000e+00 0.000000000e+00 0.000000000e+00 0.000000000e+00 -1.782872898e-06 1.000000000e-01 1.000000000e-01 1.782872898e-06 
d 8.600000000e+00 8.600000000e+00 0.000000000e+00 0.000000000e+00 0.000000000e+00 -1.833816049e-06 1.000000000e-01 1.000000000e-01 1.833816049e-06 
d 8.800000000e+00 8.800000000e+00 0.000000000e+00 0.000000000e+00 0.000000000e+00 -1.885033470e-06 1.000000000e-01 1.000000000e-01 1.885033470e-06 
d 9.000000000e+00 9.000000000e+00 0.000000000e+00 0.000000000e+00 0.000000000e+00 -1.936514673e-06 1.000000000e-01 1.000000000e-01 1.936514673e-06 
d 9.200000000e+00 9.200000000e+00 0.000000000e+00 0.000000000e+00 0.000000000e+00 -1.988249569e-06 1.000000000e-01 1.000000000e-01 1.988249569e-06 
d 9.400000000e+00 9.400000000e+00 0.000000000e+00 0.000000000e+00 0.000000000e+00 -2.040228468e-06 1.000000000e-01 1.000000000e-01 2.040228468e-06 
d 9.600000000e+00 9.600000000e+00 0.000000000e+00 0.000000000e+00 0.000000000e+00 -2.092442072e-06 1.000000000e-01 1.000000000e-01 2.092442072e-06 
d 9.800000000e+00 9.800000000e+00 0.000000000e+00 0.000000000e+00 0.000000000e+00 -2.144881459e-06 1.000000000e-01 1.000000000e-01 2.144881459e-06 
d 1.000000000e+01 1.000000000e+01 0.000000000e+00 0.000000000e+00 0.000000000e+00 -2.197538084e-06 1.000000000e-01 1.000000000e-01 2.197538084e-06 
d 1.020000000e+01 1.020000000e+01 0.000000000e+00 0.000000000e+00 0.000000000e+00 -2.250403758e-06 1.000000000e-01 1.000000000e-01 2.250403758e-06 
d 1.040000000e+01 1.040000000e+01 0.000000000e+00 0.000000000e+00 0.000000000e+00 -2.303470644e-06 1.000000000e-01 1.000000000e-01 2.303470644e-06 
d 1.060000000e+01 1.060000000e+01 0.000000000e+00 0.000000000e+00 0.000000000e+00 -2.356731237e-06 1.000000000e-01 1.000000000e-01 2.356731237e-06 
d 1.080000000e+01 1.080000000e+01 0.000000000e+00 0.000000000e+00 0.000000000e+00 -2.410178362e-06 1.000000000e-01 1.000000000e-01 2.410178362e-06 
d 1.100000000e+01 1.100000000e+01 0.000000000e+00 0.000000000e+00 0.000000000e+00 -2.463805150e-06 1.000000000e-01 1.000000000e-01 2.463805150e-06 
d 1.120000000e+01 1.120000000e+01 0.000000000e+00 0.000000000e+00 0.000000000e+00 -2.517605035e-06 1.000000000e-01 1.000000000e-01 2.517605035e-06 
d 1.140000000e+01 1.140000000e+01 0.000000000e+00 0.000000000e+00 0.000000000e+00 -2.571571735e-06 1.000000000e-01 1.000000000e-01 2.571571735e-06 
d 1.160000000e+01 1.160000000e+01 0.000000000e+00 0.000000000e+00 0.000000000e+00 -2.625699246e-06 1.000000000e-01 1.000000000e-01 2.625699246e-06 
d 1.180000000e+01 1.180000000e+01 0.000000000e+00 0.000000000e+00 0.000000000e+00 -2.679981823e-06 1.000000000e-01 1.000000000e-01 2.679981823e-06 
d 1.200000000e+01 1.200000000e+01 0.000000000e+00 0.000000000e+00 0.000000000e+00 -2.734413973e-06 1.000000000e-01 1.000000000e-01 2.734413973e-06 
d 1.220000000e+01 1.220000000e+01 0.000000000e+00 0.000000000e+00 0.000000000e+00 -2.788990442e-06 1.000000000e-01 1.000000000e-01 2.788990442e-06 
d 1.240000000e+01 1.240000000e+01 0.000000000e+00 0.000000000e+00 0.000000000e+00 -2.843706206e-06 1.000000000e-01 1.000000000e-01 2.843706206e-06 
d 1.260000000e+01 1.260000000e+01 0.000000000e+00 0.000000000e+00 0.000000000e+00 -2.898556458e-06 1.000000000e-01 1.000000000e-01 2.898556458e-06 
d 1.280000000e+01 1.280000000e+01 0.000000000e+00 0.000000000e+00 0.000000000e+00 -2.953536597e-06 1.000000000e-01 1.000000000e-01 2.953536597e-06 
d 1.300000000e+01 1.300000000e+01 0.000000000e+00 0.000000000e+00 0.000000000e+00 -3.008642223e-06 1.000000000e-01 1.000000000e-01 3.008642223e-06 
d 1.320000000e+01 1.320000000e+01 0.000000000e+00 0.000000000e+00 0.000000000e+00 -3.063869121e-06 1.000000000e-01 1.000000000e-01 3.063869121e-06 
d 1.340000000e+01 1.340000000e+01 0.000000000e+00 0.000000000e+00 0.000000000e+00 -3.119213258e-06 1.000000000e-01 1.000000000e-01 3.119213258e-06 
d 1.360000000e+01 1.360000000e+01 0.000000000e+00 0.000000000e+00 0.000000000e+00 -3.174670770e-06 1.000000000e-01 1.000000000e-01 3.174670770e-06 
d 1.380000000e+01 1.380000000e+01 0.000000000e+00 0.000000000e+00 0.000000000e+00 -3.230237958e-06 1.000000000e-01 1.000000000e-01 3.230237958e-06 
d 1.400000000e+01 1.400000000e+01 0.000000000e+00 0.000000000e+00 0.000000000e+00 -3.285911276e-06 1.000000000e-01 1.000000000e-01 3.285911276e-06 
d 1.420000000e+01 1.420000000e+01 0.000000000e+00 0.000000000e+00 0.000000000e+00 -3.341687326e-06 1.000000000e-01 1.000000000e-01 3.341687326e-06 
d 1.440000000e+01 1.440000000e+01 0.000000000e+00 0.000000000e+00 0.000000000e+00 -3.397562851e-06 1.000000000e-01 1.000000000e-01 3.397562851e-06 
d 1.460000000e+01 1.460000000e+01 0.000000000e+00 0.000000000e+00 0.000000000e+00 -3.453534725e-06 1.000000000e-01 1.000000000e-01 3.453534725e-06 
d 1.480000000e+01 1.480000000e+01 0.000000000e+00 0.000000000e+00 0.000000000e+00 -3.509599954e-06 1.000000000e-01 1.000000000e-01 3.509599954e-06 
d 1.500000000e+01 1.500000000e+01 0.000000000e+00 0.000000000e+00 0.000000000e+00 -3.565755660e-06 1.000000000e-01 1.000000000e-01 3.565755660e-06 
d 1.520000000e+01 1.520000000e+01 0.000000000e+00 0.000000000e+00 0.000000000e+00 -3.621999085e-06 1.000000000e-01 1.000000000e-01 3.621999085e-06 
d 1.540000000e+01 1.540000000e+01 0.000000000e+00 0.000000000e+00 0.000000000e+00 -3.678327577e-06 1.000000000e-01 1.000000000e-01 3.678327577e-06 
d 1.560000000e+01 1.560000000e+01 0.000000000e+00 0.000000000e+00 0.000000000e+00 -3.734738591e-06 1.000000000e-01 1.000000000e-01 3.734738591e-06 
d 1.580000000e+01 1.580000000e+01 0.000000000e+00 0.000000000e+00 0.000000000e+00 -3.791229682e-06 1.000000000e-01 1.000000000e-01 3.791229682e-06 
d 1.600000000e+01 1.600000000e+01 0.000000000e+00 0.000000000e+00 0.000000000e+00 -3.847798499e-06 1.000000000e-01 1.000000000e-01 3.847798499e-06 
d 1.620000000e+01 1.620000000e+01 0.000000000e+00 0.000000000e+00 0.000000000e+00 -3.904442783e-06 1.000000000e-01 1.000000000e-01 3.904442783e-06 
d 1.640000000e+01 1.640000000e+01 0.000000000e+00 0.000000000e+00 0.000000000e+00 -3.961160360e-06 1.000000000e-01 1.000000000e-01 3.961160360e-06 
d 1.660000000e+01 1.660000000e+01 0.000000000e+00 0.000000000e+00 0.000000000e+00 -4.017949139e-06 1.000000000e-01 1.000000000e-01 4.017949139e-06 
d 1.680000000e+01 1.680000000e+01 0.000000000e+00 0.000000000e+00 0.000000000e+00 -4.074807108e-06 1.000000000e-01 1.000000000e-01 4.074807108e-06 
d 1.700000000e+01 1.700000000e+01 0.000000000e+00 0.000000000e+00 0.000000000e+00 -4.131732331e-06 1.000000000e-01 1.000000000e-01 4.131732331e-06 
d 1.720000000e+01 1.720000000e+01 0.000000000e+00 0.000000000e+00 0.000000000e+00 -4.188722943e-06 1.000000000e-01 1.000000000e-01 4.188722943e-06 
d 1.740000000e+01 1.740000000e+01 0.000000000e+00 0.000000000e+00 0.000000000e+00 -4.245777146e-06 1.000000000e-01 1.000000000e-01 4.245777145e-06 
d 1.760000000e+01 1.760000000e+01 0.000000000e+00 0.000000000e+00 0.000000000e+00 -4.302893209e-06 1.000000000e-01 1.000000000e-01 4.302893209e-06 
d 1.780000000e+01 1.780000000e+01 0.000000000e+00 0.000000000e+00 0.000000000e+00 -4.360069464e-06 1.000000000e-01 1.000000000e-01 4.360069463e-06 
d 1.800000000e+01 1.800000000e+01 0.000000000e+00 0.000000000e+00 0.000000000e+00 -4.417304301e-06 1.000000000e-01 1.000000000e-01 4.417304301e-06 
d 1.820000000e+01 1.820000000e+01 0.000000000e+00 0.000000000e+00 0.000000000e+00 -4.474596169e-06 1.000000000e-01 1.000000000e-01 4.474596169e-06 
d 1.840000000e+01 1.840000000e+01 0.000000000e+00 0.000000000e+00 0.000000000e+00 -4.531943571e-06 1.000000000e-01 1.000000000e-01 4.531943571e-06 
d 1.860000000e+01 1.860000000e+01 0.000000000e+00 0.000000000e+00 0.000000000e+00 -4.589345061e-06 1.000000000e-01 1.000000000e-01 4.589345061e-06 
d 1.880000000e+01 1.880000000e+01 0.000000000e+00 0.000000000e+00 0.000000000e+00 -4.646799245e-06 1.000000000e-01 1.000000000e-01 4.646799245e-06 
d 1.900000000e+01 1.900000000e+01 0.000000000e+00 0.000000000e+00 0.000000000e+00 -4.704304775e-06 1.000000000e-01 1.000000000e-01 4.704304775e-06 
d 1.920000000e+01 1.920000000e+01 0.000000000e+00 0.000000000e+00 0.000000000e+00 -4.761860350e-06 1.000000000e-01 1.000000000e-01 4.761860350e-06 
d 1.940000000e+01 1.940000000e+01 0.000000000e+00 0.000000000e+00 0.000000000e+00 -4.819464713e-06 1.000000000e-01 1.000000000e-01 4.819464713e-06 
d 1.960000000e+01 1.960000000e+01 0.000000000e+00 0.000000000e+00 0.000000000e+00 -4.877116649e-06 1.000000000e-01 1.000000000e-01 4.877116649e-06 
d 1.980000000e+01 1.980000000e+01 0.000000000e+00 0.000000000e+00 0.000000000e+00 -4.934814982e-06 1.000000000e-01 1.000000000e-01 4.934814982e-06 
d 2.000000000e+01 2.000000000e+01 0.000000000e+00 0.000000000e+00 0.000000000e+00 -4.992558576e-06 1.000000000e-01 1.000000000e-01 4.992558576e-06 
