v ATLAS
# This file was created by ATLAS version 5.24.1.R on Mon Mar  9 19:05:45 2020.
#SSF 2.0 generic
##############################################################################
#                    Copyright (c) 1984 - 2017                               #
#                    Silvaco Inc. All rights reserved                        #
#                                                                            #
# This file format and the following Key are copyright Silvaco Inc.          #
# You may not use, this format or key without reproducing this message in    #
# full and obtaining express written permission from Silvaco Inc.            #
#                                                                            #
# To obtain such permission please contact: Silvaco Inc.                     #
#                                           support@silvaco.com              #
#                                                                            #
# KEY=SVC86hn7562asdx                       PROD=345                         #
##############################################################################
y 3 700 711 15
z 40 1e+41 300
f 3 "gate" "source" "drain" 
p 9 2 601 20 3 602 21 4 603 22 
d 1.600000000e+01 1.600000000e+01 0.000000000e+00 0.000000000e+00 0.000000000e+00 9.541216474e-19 0.000000000e+00 0.000000000e+00 1.876095237e-17 
d 1.600000000e+01 1.600000000e+01 0.000000000e+00 0.000000000e+00 0.000000000e+00 -1.895633154e-05 5.000000000e-01 5.000000000e-01 1.895633155e-05 
d 1.600000000e+01 1.600000000e+01 0.000000000e+00 0.000000000e+00 0.000000000e+00 -3.720782586e-05 1.000000000e+00 1.000000000e+00 3.720782586e-05 
d 1.600000000e+01 1.600000000e+01 0.000000000e+00 0.000000000e+00 0.000000000e+00 -5.475764732e-05 1.500000000e+00 1.500000000e+00 5.475764732e-05 
d 1.600000000e+01 1.600000000e+01 0.000000000e+00 0.000000000e+00 0.000000000e+00 -7.160917346e-05 2.000000000e+00 2.000000000e+00 7.160917346e-05 
d 1.600000000e+01 1.600000000e+01 0.000000000e+00 0.000000000e+00 0.000000000e+00 -8.776601662e-05 2.500000000e+00 2.500000000e+00 8.776601662e-05 
d 1.600000000e+01 1.600000000e+01 0.000000000e+00 0.000000000e+00 0.000000000e+00 -1.032320490e-04 3.000000000e+00 3.000000000e+00 1.032320490e-04 
d 1.600000000e+01 1.600000000e+01 0.000000000e+00 0.000000000e+00 0.000000000e+00 -1.180114315e-04 3.500000000e+00 3.500000000e+00 1.180114315e-04 
d 1.600000000e+01 1.600000000e+01 0.000000000e+00 0.000000000e+00 0.000000000e+00 -1.321086467e-04 4.000000000e+00 4.000000000e+00 1.321086467e-04 
d 1.600000000e+01 1.600000000e+01 0.000000000e+00 0.000000000e+00 0.000000000e+00 -1.455285360e-04 4.500000000e+00 4.500000000e+00 1.455285360e-04 
d 1.600000000e+01 1.600000000e+01 0.000000000e+00 0.000000000e+00 0.000000000e+00 -1.582763419e-04 5.000000000e+00 5.000000000e+00 1.582763419e-04 
d 1.600000000e+01 1.600000000e+01 0.000000000e+00 0.000000000e+00 0.000000000e+00 -1.703577546e-04 5.500000000e+00 5.500000000e+00 1.703577546e-04 
d 1.600000000e+01 1.600000000e+01 0.000000000e+00 0.000000000e+00 0.000000000e+00 -1.817789642e-04 6.000000000e+00 6.000000000e+00 1.817789642e-04 
d 1.600000000e+01 1.600000000e+01 0.000000000e+00 0.000000000e+00 0.000000000e+00 -1.925467185e-04 6.500000000e+00 6.500000000e+00 1.925467185e-04 
d 1.600000000e+01 1.600000000e+01 0.000000000e+00 0.000000000e+00 0.000000000e+00 -2.026683857e-04 7.000000000e+00 7.000000000e+00 2.026683857e-04 
d 1.600000000e+01 1.600000000e+01 0.000000000e+00 0.000000000e+00 0.000000000e+00 -2.121520234e-04 7.500000000e+00 7.500000000e+00 2.121520234e-04 
d 1.600000000e+01 1.600000000e+01 0.000000000e+00 0.000000000e+00 0.000000000e+00 -2.210064535e-04 8.000000000e+00 8.000000000e+00 2.210064535e-04 
d 1.600000000e+01 1.600000000e+01 0.000000000e+00 0.000000000e+00 0.000000000e+00 -2.292413415e-04 8.500000000e+00 8.500000000e+00 2.292413415e-04 
d 1.600000000e+01 1.600000000e+01 0.000000000e+00 0.000000000e+00 0.000000000e+00 -2.368672824e-04 9.000000000e+00 9.000000000e+00 2.368672824e-04 
d 1.600000000e+01 1.600000000e+01 0.000000000e+00 0.000000000e+00 0.000000000e+00 -2.438958895e-04 9.500000000e+00 9.500000000e+00 2.438958895e-04 
d 1.600000000e+01 1.600000000e+01 0.000000000e+00 0.000000000e+00 0.000000000e+00 -2.503398849e-04 1.000000000e+01 1.000000000e+01 2.503398849e-04 
d 1.600000000e+01 1.600000000e+01 0.000000000e+00 0.000000000e+00 0.000000000e+00 -2.562131886e-04 1.050000000e+01 1.050000000e+01 2.562131886e-04 
d 1.600000000e+01 1.600000000e+01 0.000000000e+00 0.000000000e+00 0.000000000e+00 -2.615310004e-04 1.100000000e+01 1.100000000e+01 2.615310003e-04 
d 1.600000000e+01 1.600000000e+01 0.000000000e+00 0.000000000e+00 0.000000000e+00 -2.663098709e-04 1.150000000e+01 1.150000000e+01 2.663098707e-04 
d 1.600000000e+01 1.600000000e+01 0.000000000e+00 0.000000000e+00 0.000000000e+00 -2.705677626e-04 1.200000000e+01 1.200000000e+01 2.705677621e-04 
d 1.600000000e+01 1.600000000e+01 0.000000000e+00 0.000000000e+00 0.000000000e+00 -2.743241159e-04 1.250000000e+01 1.250000000e+01 2.743241145e-04 
d 1.600000000e+01 1.600000000e+01 0.000000000e+00 0.000000000e+00 0.000000000e+00 -2.775999592e-04 1.300000000e+01 1.300000000e+01 2.775999550e-04 
d 1.600000000e+01 1.600000000e+01 0.000000000e+00 0.000000000e+00 0.000000000e+00 -2.804181410e-04 1.350000000e+01 1.350000000e+01 2.804181276e-04 
d 1.600000000e+01 1.600000000e+01 0.000000000e+00 0.000000000e+00 0.000000000e+00 -2.828038108e-04 1.400000000e+01 1.400000000e+01 2.828037664e-04 
d 1.600000000e+01 1.600000000e+01 0.000000000e+00 0.000000000e+00 0.000000000e+00 -2.847853178e-04 1.450000000e+01 1.450000000e+01 2.847853178e-04 
d 1.600000000e+01 1.600000000e+01 0.000000000e+00 0.000000000e+00 0.000000000e+00 -2.863956625e-04 1.500000000e+01 1.500000000e+01 2.863956625e-04 
d 1.600000000e+01 1.600000000e+01 0.000000000e+00 0.000000000e+00 0.000000000e+00 -2.876742922e-04 1.550000000e+01 1.550000000e+01 2.876742922e-04 
d 1.600000000e+01 1.600000000e+01 0.000000000e+00 0.000000000e+00 0.000000000e+00 -2.886679794e-04 1.600000000e+01 1.600000000e+01 2.886679794e-04 
d 1.600000000e+01 1.600000000e+01 0.000000000e+00 0.000000000e+00 0.000000000e+00 -2.894286098e-04 1.650000000e+01 1.650000000e+01 2.894286098e-04 
d 1.600000000e+01 1.600000000e+01 0.000000000e+00 0.000000000e+00 0.000000000e+00 -2.900078098e-04 1.700000000e+01 1.700000000e+01 2.900078098e-04 
d 1.600000000e+01 1.600000000e+01 0.000000000e+00 0.000000000e+00 0.000000000e+00 -2.904515648e-04 1.750000000e+01 1.750000000e+01 2.904515647e-04 
d 1.600000000e+01 1.600000000e+01 0.000000000e+00 0.000000000e+00 0.000000000e+00 -2.907971105e-04 1.800000000e+01 1.800000000e+01 2.907971104e-04 
d 1.600000000e+01 1.600000000e+01 0.000000000e+00 0.000000000e+00 0.000000000e+00 -2.910723785e-04 1.850000000e+01 1.850000000e+01 2.910723785e-04 
d 1.600000000e+01 1.600000000e+01 0.000000000e+00 0.000000000e+00 0.000000000e+00 -2.912972660e-04 1.900000000e+01 1.900000000e+01 2.912972659e-04 
d 1.600000000e+01 1.600000000e+01 0.000000000e+00 0.000000000e+00 0.000000000e+00 -2.914855737e-04 1.950000000e+01 1.950000000e+01 2.914855737e-04 
d 1.600000000e+01 1.600000000e+01 0.000000000e+00 0.000000000e+00 0.000000000e+00 -2.916468074e-04 2.000000000e+01 2.000000000e+01 2.916468074e-04 
