v ATLAS
# This file was created by ATLAS version 5.24.1.R on Mon May 11 10:37:04 2020.
#SSF 2.0 generic
##############################################################################
#                    Copyright (c) 1984 - 2017                               #
#                    Silvaco Inc. All rights reserved                        #
#                                                                            #
# This file format and the following Key are copyright Silvaco Inc.          #
# You may not use, this format or key without reproducing this message in    #
# full and obtaining express written permission from Silvaco Inc.            #
#                                                                            #
# To obtain such permission please contact: Silvaco Inc.                     #
#                                           support@silvaco.com              #
#                                                                            #
# KEY=SVC86hn7562asdx                       PROD=345                         #
##############################################################################
y 3 700 711 15
z 51 1e+41 300
f 3 "gate" "source" "drain" 
p 9 2 601 20 3 602 21 4 603 22 
d 1.000000000e+01 1.000000000e+01 0.000000000e+00 0.000000000e+00 0.000000000e+00 -2.869030644e-09 2.000000000e-01 2.000000000e-01 2.869030606e-09 
d 1.000000000e+01 1.000000000e+01 0.000000000e+00 0.000000000e+00 0.000000000e+00 -5.496204931e-09 4.000000000e-01 4.000000000e-01 5.496204931e-09 
d 1.000000000e+01 1.000000000e+01 0.000000000e+00 0.000000000e+00 0.000000000e+00 -7.900028350e-09 6.000000000e-01 6.000000000e-01 7.900028350e-09 
d 1.000000000e+01 1.000000000e+01 0.000000000e+00 0.000000000e+00 0.000000000e+00 -1.009705425e-08 8.000000000e-01 8.000000000e-01 1.009705425e-08 
d 1.000000000e+01 1.000000000e+01 0.000000000e+00 0.000000000e+00 0.000000000e+00 -1.210211716e-08 1.000000000e+00 1.000000000e+00 1.210211716e-08 
d 1.000000000e+01 1.000000000e+01 0.000000000e+00 0.000000000e+00 0.000000000e+00 -1.392854484e-08 1.200000000e+00 1.200000000e+00 1.392854484e-08 
d 1.000000000e+01 1.000000000e+01 0.000000000e+00 0.000000000e+00 0.000000000e+00 -1.558834829e-08 1.400000000e+00 1.400000000e+00 1.558834829e-08 
d 1.000000000e+01 1.000000000e+01 0.000000000e+00 0.000000000e+00 0.000000000e+00 -1.709239109e-08 1.600000000e+00 1.600000000e+00 1.709239109e-08 
d 1.000000000e+01 1.000000000e+01 0.000000000e+00 0.000000000e+00 0.000000000e+00 -1.845053999e-08 1.800000000e+00 1.800000000e+00 1.845053999e-08 
d 1.000000000e+01 1.000000000e+01 0.000000000e+00 0.000000000e+00 0.000000000e+00 -1.967179962e-08 2.000000000e+00 2.000000000e+00 1.967179962e-08 
d 1.000000000e+01 1.000000000e+01 0.000000000e+00 0.000000000e+00 0.000000000e+00 -2.076443434e-08 2.200000000e+00 2.200000000e+00 2.076443433e-08 
d 1.000000000e+01 1.000000000e+01 0.000000000e+00 0.000000000e+00 0.000000000e+00 -2.173608003e-08 2.400000000e+00 2.400000000e+00 2.173608001e-08 
d 1.000000000e+01 1.000000000e+01 0.000000000e+00 0.000000000e+00 0.000000000e+00 -2.259384909e-08 2.600000000e+00 2.600000000e+00 2.259384904e-08 
d 1.000000000e+01 1.000000000e+01 0.000000000e+00 0.000000000e+00 0.000000000e+00 -2.334443111e-08 2.800000000e+00 2.800000000e+00 2.334443097e-08 
d 1.000000000e+01 1.000000000e+01 0.000000000e+00 0.000000000e+00 0.000000000e+00 -2.399419240e-08 3.000000000e+00 3.000000000e+00 2.399419200e-08 
d 1.000000000e+01 1.000000000e+01 0.000000000e+00 0.000000000e+00 0.000000000e+00 -2.454928276e-08 3.200000000e+00 3.200000000e+00 2.454928167e-08 
d 1.000000000e+01 1.000000000e+01 0.000000000e+00 0.000000000e+00 0.000000000e+00 -2.501578945e-08 3.400000000e+00 3.400000000e+00 2.501578655e-08 
d 1.000000000e+01 1.000000000e+01 0.000000000e+00 0.000000000e+00 0.000000000e+00 -2.540009362e-08 3.600000000e+00 3.600000000e+00 2.540008739e-08 
d 1.000000000e+01 1.000000000e+01 0.000000000e+00 0.000000000e+00 0.000000000e+00 -2.570976095e-08 3.800000000e+00 3.800000000e+00 2.570975270e-08 
d 1.000000000e+01 1.000000000e+01 0.000000000e+00 0.000000000e+00 0.000000000e+00 -2.595474614e-08 4.000000000e+00 4.000000000e+00 2.595474056e-08 
d 1.000000000e+01 1.000000000e+01 0.000000000e+00 0.000000000e+00 0.000000000e+00 -2.614700930e-08 4.200000000e+00 4.200000000e+00 2.614700623e-08 
d 1.000000000e+01 1.000000000e+01 0.000000000e+00 0.000000000e+00 0.000000000e+00 -2.629823182e-08 4.400000000e+00 4.400000000e+00 2.629822946e-08 
d 1.000000000e+01 1.000000000e+01 0.000000000e+00 0.000000000e+00 0.000000000e+00 -2.641834936e-08 4.600000000e+00 4.600000000e+00 2.641834740e-08 
d 1.000000000e+01 1.000000000e+01 0.000000000e+00 0.000000000e+00 0.000000000e+00 -2.651528931e-08 4.800000000e+00 4.800000000e+00 2.651528815e-08 
d 1.000000000e+01 1.000000000e+01 0.000000000e+00 0.000000000e+00 0.000000000e+00 -2.659505280e-08 5.000000000e+00 5.000000000e+00 2.659505249e-08 
d 1.000000000e+01 1.000000000e+01 0.000000000e+00 0.000000000e+00 0.000000000e+00 -2.666199509e-08 5.200000000e+00 5.200000000e+00 2.666199472e-08 
d 1.000000000e+01 1.000000000e+01 0.000000000e+00 0.000000000e+00 0.000000000e+00 -2.671921399e-08 5.400000000e+00 5.400000000e+00 2.671921343e-08 
d 1.000000000e+01 1.000000000e+01 0.000000000e+00 0.000000000e+00 0.000000000e+00 -2.676890937e-08 5.600000000e+00 5.600000000e+00 2.676890894e-08 
d 1.000000000e+01 1.000000000e+01 0.000000000e+00 0.000000000e+00 0.000000000e+00 -2.681265788e-08 5.800000000e+00 5.800000000e+00 2.681265738e-08 
d 1.000000000e+01 1.000000000e+01 0.000000000e+00 0.000000000e+00 0.000000000e+00 -2.685160779e-08 6.000000000e+00 6.000000000e+00 2.685160711e-08 
d 1.000000000e+01 1.000000000e+01 0.000000000e+00 0.000000000e+00 0.000000000e+00 -2.688661257e-08 6.200000000e+00 6.200000000e+00 2.688661197e-08 
d 1.000000000e+01 1.000000000e+01 0.000000000e+00 0.000000000e+00 0.000000000e+00 -2.691832068e-08 6.400000000e+00 6.400000000e+00 2.691832034e-08 
d 1.000000000e+01 1.000000000e+01 0.000000000e+00 0.000000000e+00 0.000000000e+00 -2.694723508e-08 6.600000000e+00 6.600000000e+00 2.694723494e-08 
d 1.000000000e+01 1.000000000e+01 0.000000000e+00 0.000000000e+00 0.000000000e+00 -2.697375313e-08 6.800000000e+00 6.800000000e+00 2.697375308e-08 
d 1.000000000e+01 1.000000000e+01 0.000000000e+00 0.000000000e+00 0.000000000e+00 -2.699819372e-08 7.000000000e+00 7.000000000e+00 2.699819370e-08 
d 1.000000000e+01 1.000000000e+01 0.000000000e+00 0.000000000e+00 0.000000000e+00 -2.702081624e-08 7.200000000e+00 7.200000000e+00 2.702081624e-08 
d 1.000000000e+01 1.000000000e+01 0.000000000e+00 0.000000000e+00 0.000000000e+00 -2.704183413e-08 7.400000000e+00 7.400000000e+00 2.704183413e-08 
d 1.000000000e+01 1.000000000e+01 0.000000000e+00 0.000000000e+00 0.000000000e+00 -2.706142470e-08 7.600000000e+00 7.600000000e+00 2.706142455e-08 
d 1.000000000e+01 1.000000000e+01 0.000000000e+00 0.000000000e+00 0.000000000e+00 -2.707973640e-08 7.800000000e+00 7.800000000e+00 2.707973530e-08 
d 1.000000000e+01 1.000000000e+01 0.000000000e+00 0.000000000e+00 0.000000000e+00 -2.709689426e-08 8.000000000e+00 8.000000000e+00 2.709688871e-08 
d 1.000000000e+01 1.000000000e+01 0.000000000e+00 0.000000000e+00 0.000000000e+00 -2.711300402e-08 8.200000000e+00 8.200000000e+00 2.711298206e-08 
d 1.000000000e+01 1.000000000e+01 0.000000000e+00 0.000000000e+00 0.000000000e+00 -2.712815561e-08 8.400000000e+00 8.400000000e+00 2.712808648e-08 
d 1.000000000e+01 1.000000000e+01 0.000000000e+00 0.000000000e+00 0.000000000e+00 -2.714242662e-08 8.600000000e+00 8.600000000e+00 2.714226515e-08 
d 1.000000000e+01 1.000000000e+01 0.000000000e+00 0.000000000e+00 0.000000000e+00 -2.715588698e-08 8.800000000e+00 8.800000000e+00 2.715563848e-08 
d 1.000000000e+01 1.000000000e+01 0.000000000e+00 0.000000000e+00 0.000000000e+00 -2.716860438e-08 9.000000000e+00 9.000000000e+00 2.716837255e-08 
d 1.000000000e+01 1.000000000e+01 0.000000000e+00 0.000000000e+00 0.000000000e+00 -2.718064633e-08 9.200000000e+00 9.200000000e+00 2.718057137e-08 
d 1.000000000e+01 1.000000000e+01 0.000000000e+00 0.000000000e+00 0.000000000e+00 -2.719207434e-08 9.400000000e+00 9.400000000e+00 2.719200217e-08 
d 1.000000000e+01 1.000000000e+01 0.000000000e+00 0.000000000e+00 0.000000000e+00 -2.720293754e-08 9.600000000e+00 9.600000000e+00 2.720203335e-08 
d 1.000000000e+01 1.000000000e+01 0.000000000e+00 0.000000000e+00 0.000000000e+00 -2.721327401e-08 9.800000000e+00 9.800000000e+00 2.721144267e-08 
d 1.000000000e+01 1.000000000e+01 0.000000000e+00 0.000000000e+00 0.000000000e+00 -2.722311711e-08 1.000000000e+01 1.000000000e+01 2.722118412e-08 
d 1.000000000e+01 1.000000000e+01 0.000000000e+00 0.000000000e+00 0.000000000e+00 -2.723250030e-08 1.020000000e+01 1.020000000e+01 2.723120693e-08 
d 1.000000000e+01 1.000000000e+01 0.000000000e+00 0.000000000e+00 0.000000000e+00 -2.724145798e-08 1.040000000e+01 1.040000000e+01 2.724091549e-08 
d 1.000000000e+01 1.000000000e+01 0.000000000e+00 0.000000000e+00 0.000000000e+00 -2.725002325e-08 1.060000000e+01 1.060000000e+01 2.724987577e-08 
d 1.000000000e+01 1.000000000e+01 0.000000000e+00 0.000000000e+00 0.000000000e+00 -2.725822571e-08 1.080000000e+01 1.080000000e+01 2.725819539e-08 
d 1.000000000e+01 1.000000000e+01 0.000000000e+00 0.000000000e+00 0.000000000e+00 -2.726609078e-08 1.100000000e+01 1.100000000e+01 2.726608432e-08 
d 1.000000000e+01 1.000000000e+01 0.000000000e+00 0.000000000e+00 0.000000000e+00 -2.727364039e-08 1.120000000e+01 1.120000000e+01 2.727362977e-08 
d 1.000000000e+01 1.000000000e+01 0.000000000e+00 0.000000000e+00 0.000000000e+00 -2.728089378e-08 1.140000000e+01 1.140000000e+01 2.728084929e-08 
d 1.000000000e+01 1.000000000e+01 0.000000000e+00 0.000000000e+00 0.000000000e+00 -2.728786830e-08 1.160000000e+01 1.160000000e+01 2.728780852e-08 
d 1.000000000e+01 1.000000000e+01 0.000000000e+00 0.000000000e+00 0.000000000e+00 -2.729457994e-08 1.180000000e+01 1.180000000e+01 2.729457432e-08 
d 1.000000000e+01 1.000000000e+01 0.000000000e+00 0.000000000e+00 0.000000000e+00 -2.730104375e-08 1.200000000e+01 1.200000000e+01 2.730104359e-08 
d 1.000000000e+01 1.000000000e+01 0.000000000e+00 0.000000000e+00 0.000000000e+00 -2.730727376e-08 1.220000000e+01 1.220000000e+01 2.730726930e-08 
d 1.000000000e+01 1.000000000e+01 0.000000000e+00 0.000000000e+00 0.000000000e+00 -2.731328294e-08 1.240000000e+01 1.240000000e+01 2.731325128e-08 
d 1.000000000e+01 1.000000000e+01 0.000000000e+00 0.000000000e+00 0.000000000e+00 -2.731908323e-08 1.260000000e+01 1.260000000e+01 2.731906552e-08 
d 1.000000000e+01 1.000000000e+01 0.000000000e+00 0.000000000e+00 0.000000000e+00 -2.732468580e-08 1.280000000e+01 1.280000000e+01 2.732468438e-08 
d 1.000000000e+01 1.000000000e+01 0.000000000e+00 0.000000000e+00 0.000000000e+00 -2.733010114e-08 1.300000000e+01 1.300000000e+01 2.733009250e-08 
d 1.000000000e+01 1.000000000e+01 0.000000000e+00 0.000000000e+00 0.000000000e+00 -2.733533914e-08 1.320000000e+01 1.320000000e+01 2.733530160e-08 
d 1.000000000e+01 1.000000000e+01 0.000000000e+00 0.000000000e+00 0.000000000e+00 -2.734040924e-08 1.340000000e+01 1.340000000e+01 2.734040752e-08 
d 1.000000000e+01 1.000000000e+01 0.000000000e+00 0.000000000e+00 0.000000000e+00 -2.734532047e-08 1.360000000e+01 1.360000000e+01 2.734526594e-08 
d 1.000000000e+01 1.000000000e+01 0.000000000e+00 0.000000000e+00 0.000000000e+00 -2.735008146e-08 1.380000000e+01 1.380000000e+01 2.734989859e-08 
d 1.000000000e+01 1.000000000e+01 0.000000000e+00 0.000000000e+00 0.000000000e+00 -2.735470034e-08 1.400000000e+01 1.400000000e+01 2.735459498e-08 
d 1.000000000e+01 1.000000000e+01 0.000000000e+00 0.000000000e+00 0.000000000e+00 -2.735918476e-08 1.420000000e+01 1.420000000e+01 2.735915948e-08 
d 1.000000000e+01 1.000000000e+01 0.000000000e+00 0.000000000e+00 0.000000000e+00 -2.736354190e-08 1.440000000e+01 1.440000000e+01 2.736353736e-08 
d 1.000000000e+01 1.000000000e+01 0.000000000e+00 0.000000000e+00 0.000000000e+00 -2.736777849e-08 1.460000000e+01 1.460000000e+01 2.736777755e-08 
d 1.000000000e+01 1.000000000e+01 0.000000000e+00 0.000000000e+00 0.000000000e+00 -2.737190087e-08 1.480000000e+01 1.480000000e+01 2.737190060e-08 
d 1.000000000e+01 1.000000000e+01 0.000000000e+00 0.000000000e+00 0.000000000e+00 -2.737591502e-08 1.500000000e+01 1.500000000e+01 2.737591491e-08 
