v ATLAS
# This file was created by ATLAS version 5.24.1.R on Mon May 11 01:59:38 2020.
#SSF 2.0 generic
##############################################################################
#                    Copyright (c) 1984 - 2017                               #
#                    Silvaco Inc. All rights reserved                        #
#                                                                            #
# This file format and the following Key are copyright Silvaco Inc.          #
# You may not use, this format or key without reproducing this message in    #
# full and obtaining express written permission from Silvaco Inc.            #
#                                                                            #
# To obtain such permission please contact: Silvaco Inc.                     #
#                                           support@silvaco.com              #
#                                                                            #
# KEY=SVC86hn7562asdx                       PROD=345                         #
##############################################################################
y 3 700 711 15
z 51 1e+41 300
f 3 "gate" "source" "drain" 
p 9 2 601 20 3 602 21 4 603 22 
d 1.000000000e+01 1.000000000e+01 0.000000000e+00 0.000000000e+00 0.000000000e+00 -1.879228313e-09 2.000000000e-01 2.000000000e-01 1.879228279e-09 
d 1.000000000e+01 1.000000000e+01 0.000000000e+00 0.000000000e+00 0.000000000e+00 -3.569918764e-09 4.000000000e-01 4.000000000e-01 3.569918763e-09 
d 1.000000000e+01 1.000000000e+01 0.000000000e+00 0.000000000e+00 0.000000000e+00 -5.090914367e-09 6.000000000e-01 6.000000000e-01 5.090914366e-09 
d 1.000000000e+01 1.000000000e+01 0.000000000e+00 0.000000000e+00 0.000000000e+00 -6.458716592e-09 8.000000000e-01 8.000000000e-01 6.458716592e-09 
d 1.000000000e+01 1.000000000e+01 0.000000000e+00 0.000000000e+00 0.000000000e+00 -7.687800141e-09 1.000000000e+00 1.000000000e+00 7.687800141e-09 
d 1.000000000e+01 1.000000000e+01 0.000000000e+00 0.000000000e+00 0.000000000e+00 -8.790892759e-09 1.200000000e+00 1.200000000e+00 8.790892760e-09 
d 1.000000000e+01 1.000000000e+01 0.000000000e+00 0.000000000e+00 0.000000000e+00 -9.779220060e-09 1.400000000e+00 1.400000000e+00 9.779220059e-09 
d 1.000000000e+01 1.000000000e+01 0.000000000e+00 0.000000000e+00 0.000000000e+00 -1.066271777e-08 1.600000000e+00 1.600000000e+00 1.066271777e-08 
d 1.000000000e+01 1.000000000e+01 0.000000000e+00 0.000000000e+00 0.000000000e+00 -1.145021489e-08 1.800000000e+00 1.800000000e+00 1.145021489e-08 
d 1.000000000e+01 1.000000000e+01 0.000000000e+00 0.000000000e+00 0.000000000e+00 -1.214959160e-08 2.000000000e+00 2.000000000e+00 1.214959160e-08 
d 1.000000000e+01 1.000000000e+01 0.000000000e+00 0.000000000e+00 0.000000000e+00 -1.276791566e-08 2.200000000e+00 2.200000000e+00 1.276791565e-08 
d 1.000000000e+01 1.000000000e+01 0.000000000e+00 0.000000000e+00 0.000000000e+00 -1.331156039e-08 2.400000000e+00 2.400000000e+00 1.331156037e-08 
d 1.000000000e+01 1.000000000e+01 0.000000000e+00 0.000000000e+00 0.000000000e+00 -1.378630679e-08 2.600000000e+00 2.600000000e+00 1.378630673e-08 
d 1.000000000e+01 1.000000000e+01 0.000000000e+00 0.000000000e+00 0.000000000e+00 -1.419743082e-08 2.800000000e+00 2.800000000e+00 1.419743068e-08 
d 1.000000000e+01 1.000000000e+01 0.000000000e+00 0.000000000e+00 0.000000000e+00 -1.454977627e-08 3.000000000e+00 3.000000000e+00 1.454977587e-08 
d 1.000000000e+01 1.000000000e+01 0.000000000e+00 0.000000000e+00 0.000000000e+00 -1.484781773e-08 3.200000000e+00 3.200000000e+00 1.484781667e-08 
d 1.000000000e+01 1.000000000e+01 0.000000000e+00 0.000000000e+00 0.000000000e+00 -1.509575094e-08 3.400000000e+00 3.400000000e+00 1.509574851e-08 
d 1.000000000e+01 1.000000000e+01 0.000000000e+00 0.000000000e+00 0.000000000e+00 -1.529776623e-08 3.600000000e+00 3.600000000e+00 1.529776256e-08 
d 1.000000000e+01 1.000000000e+01 0.000000000e+00 0.000000000e+00 0.000000000e+00 -1.545877486e-08 3.800000000e+00 3.800000000e+00 1.545877230e-08 
d 1.000000000e+01 1.000000000e+01 0.000000000e+00 0.000000000e+00 0.000000000e+00 -1.558511041e-08 4.000000000e+00 4.000000000e+00 1.558510974e-08 
d 1.000000000e+01 1.000000000e+01 0.000000000e+00 0.000000000e+00 0.000000000e+00 -1.568376026e-08 4.200000000e+00 4.200000000e+00 1.568376018e-08 
d 1.000000000e+01 1.000000000e+01 0.000000000e+00 0.000000000e+00 0.000000000e+00 -1.576100013e-08 4.400000000e+00 4.400000000e+00 1.576100013e-08 
d 1.000000000e+01 1.000000000e+01 0.000000000e+00 0.000000000e+00 0.000000000e+00 -1.582202197e-08 4.600000000e+00 4.600000000e+00 1.582202196e-08 
d 1.000000000e+01 1.000000000e+01 0.000000000e+00 0.000000000e+00 0.000000000e+00 -1.587096654e-08 4.800000000e+00 4.800000000e+00 1.587096651e-08 
d 1.000000000e+01 1.000000000e+01 0.000000000e+00 0.000000000e+00 0.000000000e+00 -1.591097003e-08 5.000000000e+00 5.000000000e+00 1.591096995e-08 
d 1.000000000e+01 1.000000000e+01 0.000000000e+00 0.000000000e+00 0.000000000e+00 -1.594430625e-08 5.200000000e+00 5.200000000e+00 1.594430603e-08 
d 1.000000000e+01 1.000000000e+01 0.000000000e+00 0.000000000e+00 0.000000000e+00 -1.597259066e-08 5.400000000e+00 5.400000000e+00 1.597259027e-08 
d 1.000000000e+01 1.000000000e+01 0.000000000e+00 0.000000000e+00 0.000000000e+00 -1.599697110e-08 5.600000000e+00 5.600000000e+00 1.599697070e-08 
d 1.000000000e+01 1.000000000e+01 0.000000000e+00 0.000000000e+00 0.000000000e+00 -1.601827346e-08 5.800000000e+00 5.800000000e+00 1.601827331e-08 
d 1.000000000e+01 1.000000000e+01 0.000000000e+00 0.000000000e+00 0.000000000e+00 -1.603710330e-08 6.000000000e+00 6.000000000e+00 1.603710338e-08 
d 1.000000000e+01 1.000000000e+01 0.000000000e+00 0.000000000e+00 0.000000000e+00 -1.605391385e-08 6.200000000e+00 6.200000000e+00 1.605391390e-08 
d 1.000000000e+01 1.000000000e+01 0.000000000e+00 0.000000000e+00 0.000000000e+00 -1.606905103e-08 6.400000000e+00 6.400000000e+00 1.606905100e-08 
d 1.000000000e+01 1.000000000e+01 0.000000000e+00 0.000000000e+00 0.000000000e+00 -1.608278334e-08 6.600000000e+00 6.600000000e+00 1.608278332e-08 
d 1.000000000e+01 1.000000000e+01 0.000000000e+00 0.000000000e+00 0.000000000e+00 -1.609532213e-08 6.800000000e+00 6.800000000e+00 1.609532212e-08 
d 1.000000000e+01 1.000000000e+01 0.000000000e+00 0.000000000e+00 0.000000000e+00 -1.610683577e-08 7.000000000e+00 7.000000000e+00 1.610683572e-08 
d 1.000000000e+01 1.000000000e+01 0.000000000e+00 0.000000000e+00 0.000000000e+00 -1.611746000e-08 7.200000000e+00 7.200000000e+00 1.611745987e-08 
d 1.000000000e+01 1.000000000e+01 0.000000000e+00 0.000000000e+00 0.000000000e+00 -1.612730563e-08 7.400000000e+00 7.400000000e+00 1.612730547e-08 
d 1.000000000e+01 1.000000000e+01 0.000000000e+00 0.000000000e+00 0.000000000e+00 -1.613646426e-08 7.600000000e+00 7.600000000e+00 1.613646414e-08 
d 1.000000000e+01 1.000000000e+01 0.000000000e+00 0.000000000e+00 0.000000000e+00 -1.614501249e-08 7.800000000e+00 7.800000000e+00 1.614501243e-08 
d 1.000000000e+01 1.000000000e+01 0.000000000e+00 0.000000000e+00 0.000000000e+00 -1.615301511e-08 8.000000000e+00 8.000000000e+00 1.615301508e-08 
d 1.000000000e+01 1.000000000e+01 0.000000000e+00 0.000000000e+00 0.000000000e+00 -1.616052736e-08 8.200000000e+00 8.200000000e+00 1.616052736e-08 
d 1.000000000e+01 1.000000000e+01 0.000000000e+00 0.000000000e+00 0.000000000e+00 -1.616759679e-08 8.400000000e+00 8.400000000e+00 1.616759679e-08 
d 1.000000000e+01 1.000000000e+01 0.000000000e+00 0.000000000e+00 0.000000000e+00 -1.617426455e-08 8.600000000e+00 8.600000000e+00 1.617426455e-08 
d 1.000000000e+01 1.000000000e+01 0.000000000e+00 0.000000000e+00 0.000000000e+00 -1.618056651e-08 8.800000000e+00 8.800000000e+00 1.618056651e-08 
d 1.000000000e+01 1.000000000e+01 0.000000000e+00 0.000000000e+00 0.000000000e+00 -1.618653406e-08 9.000000000e+00 9.000000000e+00 1.618653406e-08 
d 1.000000000e+01 1.000000000e+01 0.000000000e+00 0.000000000e+00 0.000000000e+00 -1.619219483e-08 9.200000000e+00 9.200000000e+00 1.619219481e-08 
d 1.000000000e+01 1.000000000e+01 0.000000000e+00 0.000000000e+00 0.000000000e+00 -1.619757319e-08 9.400000000e+00 9.400000000e+00 1.619757308e-08 
d 1.000000000e+01 1.000000000e+01 0.000000000e+00 0.000000000e+00 0.000000000e+00 -1.620269077e-08 9.600000000e+00 9.600000000e+00 1.620269033e-08 
d 1.000000000e+01 1.000000000e+01 0.000000000e+00 0.000000000e+00 0.000000000e+00 -1.620756681e-08 9.800000000e+00 9.800000000e+00 1.620756553e-08 
d 1.000000000e+01 1.000000000e+01 0.000000000e+00 0.000000000e+00 0.000000000e+00 -1.621221853e-08 1.000000000e+01 1.000000000e+01 1.621221567e-08 
d 1.000000000e+01 1.000000000e+01 0.000000000e+00 0.000000000e+00 0.000000000e+00 -1.621666151e-08 1.020000000e+01 1.020000000e+01 1.621665678e-08 
d 1.000000000e+01 1.000000000e+01 0.000000000e+00 0.000000000e+00 0.000000000e+00 -1.622091007e-08 1.040000000e+01 1.040000000e+01 1.622090464e-08 
d 1.000000000e+01 1.000000000e+01 0.000000000e+00 0.000000000e+00 0.000000000e+00 -1.622497772e-08 1.060000000e+01 1.060000000e+01 1.622497364e-08 
d 1.000000000e+01 1.000000000e+01 0.000000000e+00 0.000000000e+00 0.000000000e+00 -1.622887746e-08 1.080000000e+01 1.080000000e+01 1.622887536e-08 
d 1.000000000e+01 1.000000000e+01 0.000000000e+00 0.000000000e+00 0.000000000e+00 -1.623262183e-08 1.100000000e+01 1.100000000e+01 1.623262113e-08 
d 1.000000000e+01 1.000000000e+01 0.000000000e+00 0.000000000e+00 0.000000000e+00 -1.623622257e-08 1.120000000e+01 1.120000000e+01 1.623622263e-08 
d 1.000000000e+01 1.000000000e+01 0.000000000e+00 0.000000000e+00 0.000000000e+00 -1.623969005e-08 1.140000000e+01 1.140000000e+01 1.623968815e-08 
d 1.000000000e+01 1.000000000e+01 0.000000000e+00 0.000000000e+00 0.000000000e+00 -1.624303303e-08 1.160000000e+01 1.160000000e+01 1.624302395e-08 
d 1.000000000e+01 1.000000000e+01 0.000000000e+00 0.000000000e+00 0.000000000e+00 -1.624625877e-08 1.180000000e+01 1.180000000e+01 1.624624220e-08 
d 1.000000000e+01 1.000000000e+01 0.000000000e+00 0.000000000e+00 0.000000000e+00 -1.624937344e-08 1.200000000e+01 1.200000000e+01 1.624935410e-08 
d 1.000000000e+01 1.000000000e+01 0.000000000e+00 0.000000000e+00 0.000000000e+00 -1.625238243e-08 1.220000000e+01 1.220000000e+01 1.625236413e-08 
d 1.000000000e+01 1.000000000e+01 0.000000000e+00 0.000000000e+00 0.000000000e+00 -1.625529060e-08 1.240000000e+01 1.240000000e+01 1.625527426e-08 
d 1.000000000e+01 1.000000000e+01 0.000000000e+00 0.000000000e+00 0.000000000e+00 -1.625810253e-08 1.260000000e+01 1.260000000e+01 1.625808705e-08 
d 1.000000000e+01 1.000000000e+01 0.000000000e+00 0.000000000e+00 0.000000000e+00 -1.626082264e-08 1.280000000e+01 1.280000000e+01 1.626080639e-08 
d 1.000000000e+01 1.000000000e+01 0.000000000e+00 0.000000000e+00 0.000000000e+00 -1.626345532e-08 1.300000000e+01 1.300000000e+01 1.626343775e-08 
d 1.000000000e+01 1.000000000e+01 0.000000000e+00 0.000000000e+00 0.000000000e+00 -1.626600502e-08 1.320000000e+01 1.320000000e+01 1.626598807e-08 
d 1.000000000e+01 1.000000000e+01 0.000000000e+00 0.000000000e+00 0.000000000e+00 -1.626847624e-08 1.340000000e+01 1.340000000e+01 1.626846334e-08 
d 1.000000000e+01 1.000000000e+01 0.000000000e+00 0.000000000e+00 0.000000000e+00 -1.627087340e-08 1.360000000e+01 1.360000000e+01 1.627086604e-08 
d 1.000000000e+01 1.000000000e+01 0.000000000e+00 0.000000000e+00 0.000000000e+00 -1.627320075e-08 1.380000000e+01 1.380000000e+01 1.627319739e-08 
d 1.000000000e+01 1.000000000e+01 0.000000000e+00 0.000000000e+00 0.000000000e+00 -1.627546223e-08 1.400000000e+01 1.400000000e+01 1.627546071e-08 
d 1.000000000e+01 1.000000000e+01 0.000000000e+00 0.000000000e+00 0.000000000e+00 -1.627766143e-08 1.420000000e+01 1.420000000e+01 1.627766078e-08 
d 1.000000000e+01 1.000000000e+01 0.000000000e+00 0.000000000e+00 0.000000000e+00 -1.627980160e-08 1.440000000e+01 1.440000000e+01 1.627980151e-08 
d 1.000000000e+01 1.000000000e+01 0.000000000e+00 0.000000000e+00 0.000000000e+00 -1.628188571e-08 1.460000000e+01 1.460000000e+01 1.628188571e-08 
d 1.000000000e+01 1.000000000e+01 0.000000000e+00 0.000000000e+00 0.000000000e+00 -1.628391646e-08 1.480000000e+01 1.480000000e+01 1.628391645e-08 
d 1.000000000e+01 1.000000000e+01 0.000000000e+00 0.000000000e+00 0.000000000e+00 -1.628589634e-08 1.500000000e+01 1.500000000e+01 1.628589634e-08 
