v ATLAS
# This file was created by ATLAS version 5.24.1.R on Mon May 11 10:27:41 2020.
#SSF 2.0 generic
##############################################################################
#                    Copyright (c) 1984 - 2017                               #
#                    Silvaco Inc. All rights reserved                        #
#                                                                            #
# This file format and the following Key are copyright Silvaco Inc.          #
# You may not use, this format or key without reproducing this message in    #
# full and obtaining express written permission from Silvaco Inc.            #
#                                                                            #
# To obtain such permission please contact: Silvaco Inc.                     #
#                                           support@silvaco.com              #
#                                                                            #
# KEY=SVC86hn7562asdx                       PROD=345                         #
##############################################################################
y 3 700 711 15
z 51 1e+41 300
f 3 "gate" "source" "drain" 
p 9 2 601 20 3 602 21 4 603 22 
d 1.000000000e+01 1.000000000e+01 0.000000000e+00 0.000000000e+00 0.000000000e+00 -1.063578011e-09 2.000000000e-01 2.000000000e-01 1.063578020e-09 
d 1.000000000e+01 1.000000000e+01 0.000000000e+00 0.000000000e+00 0.000000000e+00 -2.009269078e-09 4.000000000e-01 4.000000000e-01 2.009269078e-09 
d 1.000000000e+01 1.000000000e+01 0.000000000e+00 0.000000000e+00 0.000000000e+00 -2.851053065e-09 6.000000000e-01 6.000000000e-01 2.851053064e-09 
d 1.000000000e+01 1.000000000e+01 0.000000000e+00 0.000000000e+00 0.000000000e+00 -3.600814760e-09 8.000000000e-01 8.000000000e-01 3.600814759e-09 
d 1.000000000e+01 1.000000000e+01 0.000000000e+00 0.000000000e+00 0.000000000e+00 -4.268697383e-09 1.000000000e+00 1.000000000e+00 4.268697382e-09 
d 1.000000000e+01 1.000000000e+01 0.000000000e+00 0.000000000e+00 0.000000000e+00 -4.863397235e-09 1.200000000e+00 1.200000000e+00 4.863397234e-09 
d 1.000000000e+01 1.000000000e+01 0.000000000e+00 0.000000000e+00 0.000000000e+00 -5.392407298e-09 1.400000000e+00 1.400000000e+00 5.392407298e-09 
d 1.000000000e+01 1.000000000e+01 0.000000000e+00 0.000000000e+00 0.000000000e+00 -5.862217917e-09 1.600000000e+00 1.600000000e+00 5.862217915e-09 
d 1.000000000e+01 1.000000000e+01 0.000000000e+00 0.000000000e+00 0.000000000e+00 -6.278482097e-09 1.800000000e+00 1.800000000e+00 6.278482097e-09 
d 1.000000000e+01 1.000000000e+01 0.000000000e+00 0.000000000e+00 0.000000000e+00 -6.646151952e-09 2.000000000e+00 2.000000000e+00 6.646151949e-09 
d 1.000000000e+01 1.000000000e+01 0.000000000e+00 0.000000000e+00 0.000000000e+00 -6.969591703e-09 2.200000000e+00 2.200000000e+00 6.969591696e-09 
d 1.000000000e+01 1.000000000e+01 0.000000000e+00 0.000000000e+00 0.000000000e+00 -7.252671542e-09 2.400000000e+00 2.400000000e+00 7.252671520e-09 
d 1.000000000e+01 1.000000000e+01 0.000000000e+00 0.000000000e+00 0.000000000e+00 -7.498845355e-09 2.600000000e+00 2.600000000e+00 7.498845355e-09 
d 1.000000000e+01 1.000000000e+01 0.000000000e+00 0.000000000e+00 0.000000000e+00 -7.711213933e-09 2.800000000e+00 2.800000000e+00 7.711213932e-09 
d 1.000000000e+01 1.000000000e+01 0.000000000e+00 0.000000000e+00 0.000000000e+00 -7.892573755e-09 3.000000000e+00 3.000000000e+00 7.892573756e-09 
d 1.000000000e+01 1.000000000e+01 0.000000000e+00 0.000000000e+00 0.000000000e+00 -8.045452641e-09 3.200000000e+00 3.200000000e+00 8.045452640e-09 
d 1.000000000e+01 1.000000000e+01 0.000000000e+00 0.000000000e+00 0.000000000e+00 -8.172152149e-09 3.400000000e+00 3.400000000e+00 8.172152149e-09 
d 1.000000000e+01 1.000000000e+01 0.000000000e+00 0.000000000e+00 0.000000000e+00 -8.274899784e-09 3.600000000e+00 3.600000000e+00 8.274899784e-09 
d 1.000000000e+01 1.000000000e+01 0.000000000e+00 0.000000000e+00 0.000000000e+00 -8.356317727e-09 3.800000000e+00 3.800000000e+00 8.356317727e-09 
d 1.000000000e+01 1.000000000e+01 0.000000000e+00 0.000000000e+00 0.000000000e+00 -8.419881888e-09 4.000000000e+00 4.000000000e+00 8.419881888e-09 
d 1.000000000e+01 1.000000000e+01 0.000000000e+00 0.000000000e+00 0.000000000e+00 -8.469363717e-09 4.200000000e+00 4.200000000e+00 8.469363718e-09 
d 1.000000000e+01 1.000000000e+01 0.000000000e+00 0.000000000e+00 0.000000000e+00 -8.508016505e-09 4.400000000e+00 4.400000000e+00 8.508016504e-09 
d 1.000000000e+01 1.000000000e+01 0.000000000e+00 0.000000000e+00 0.000000000e+00 -8.538478260e-09 4.600000000e+00 4.600000000e+00 8.538478260e-09 
d 1.000000000e+01 1.000000000e+01 0.000000000e+00 0.000000000e+00 0.000000000e+00 -8.562844636e-09 4.800000000e+00 4.800000000e+00 8.562844635e-09 
d 1.000000000e+01 1.000000000e+01 0.000000000e+00 0.000000000e+00 0.000000000e+00 -8.582701856e-09 5.000000000e+00 5.000000000e+00 8.582701856e-09 
d 1.000000000e+01 1.000000000e+01 0.000000000e+00 0.000000000e+00 0.000000000e+00 -8.599199870e-09 5.200000000e+00 5.200000000e+00 8.599199872e-09 
d 1.000000000e+01 1.000000000e+01 0.000000000e+00 0.000000000e+00 0.000000000e+00 -8.613155589e-09 5.400000000e+00 5.400000000e+00 8.613155588e-09 
d 1.000000000e+01 1.000000000e+01 0.000000000e+00 0.000000000e+00 0.000000000e+00 -8.625149059e-09 5.600000000e+00 5.600000000e+00 8.625149059e-09 
d 1.000000000e+01 1.000000000e+01 0.000000000e+00 0.000000000e+00 0.000000000e+00 -8.635597055e-09 5.800000000e+00 5.800000000e+00 8.635597055e-09 
d 1.000000000e+01 1.000000000e+01 0.000000000e+00 0.000000000e+00 0.000000000e+00 -8.644804447e-09 6.000000000e+00 6.000000000e+00 8.644804456e-09 
d 1.000000000e+01 1.000000000e+01 0.000000000e+00 0.000000000e+00 0.000000000e+00 -8.652998743e-09 6.200000000e+00 6.200000000e+00 8.652998760e-09 
d 1.000000000e+01 1.000000000e+01 0.000000000e+00 0.000000000e+00 0.000000000e+00 -8.660353114e-09 6.400000000e+00 6.400000000e+00 8.660353134e-09 
d 1.000000000e+01 1.000000000e+01 0.000000000e+00 0.000000000e+00 0.000000000e+00 -8.667001838e-09 6.600000000e+00 6.600000000e+00 8.667001857e-09 
d 1.000000000e+01 1.000000000e+01 0.000000000e+00 0.000000000e+00 0.000000000e+00 -8.673050814e-09 6.800000000e+00 6.800000000e+00 8.673050833e-09 
d 1.000000000e+01 1.000000000e+01 0.000000000e+00 0.000000000e+00 0.000000000e+00 -8.678584843e-09 7.000000000e+00 7.000000000e+00 8.678584863e-09 
d 1.000000000e+01 1.000000000e+01 0.000000000e+00 0.000000000e+00 0.000000000e+00 -8.683672770e-09 7.200000000e+00 7.200000000e+00 8.683672796e-09 
d 1.000000000e+01 1.000000000e+01 0.000000000e+00 0.000000000e+00 0.000000000e+00 -8.688371185e-09 7.400000000e+00 7.400000000e+00 8.688371215e-09 
d 1.000000000e+01 1.000000000e+01 0.000000000e+00 0.000000000e+00 0.000000000e+00 -8.692727122e-09 7.600000000e+00 7.600000000e+00 8.692727161e-09 
d 1.000000000e+01 1.000000000e+01 0.000000000e+00 0.000000000e+00 0.000000000e+00 -8.696780075e-09 7.800000000e+00 7.800000000e+00 8.696780106e-09 
d 1.000000000e+01 1.000000000e+01 0.000000000e+00 0.000000000e+00 0.000000000e+00 -8.700563503e-09 8.000000000e+00 8.000000000e+00 8.700563524e-09 
d 1.000000000e+01 1.000000000e+01 0.000000000e+00 0.000000000e+00 0.000000000e+00 -8.704105983e-09 8.200000000e+00 8.200000000e+00 8.704105990e-09 
d 1.000000000e+01 1.000000000e+01 0.000000000e+00 0.000000000e+00 0.000000000e+00 -8.707432092e-09 8.400000000e+00 8.400000000e+00 8.707432093e-09 
d 1.000000000e+01 1.000000000e+01 0.000000000e+00 0.000000000e+00 0.000000000e+00 -8.710563092e-09 8.600000000e+00 8.600000000e+00 8.710563092e-09 
d 1.000000000e+01 1.000000000e+01 0.000000000e+00 0.000000000e+00 0.000000000e+00 -8.713517464e-09 8.800000000e+00 8.800000000e+00 8.713517465e-09 
d 1.000000000e+01 1.000000000e+01 0.000000000e+00 0.000000000e+00 0.000000000e+00 -8.716311343e-09 9.000000000e+00 9.000000000e+00 8.716311344e-09 
d 1.000000000e+01 1.000000000e+01 0.000000000e+00 0.000000000e+00 0.000000000e+00 -8.718958868e-09 9.200000000e+00 9.200000000e+00 8.718958867e-09 
d 1.000000000e+01 1.000000000e+01 0.000000000e+00 0.000000000e+00 0.000000000e+00 -8.721472476e-09 9.400000000e+00 9.400000000e+00 8.721472472e-09 
d 1.000000000e+01 1.000000000e+01 0.000000000e+00 0.000000000e+00 0.000000000e+00 -8.723863151e-09 9.600000000e+00 9.600000000e+00 8.723863146e-09 
d 1.000000000e+01 1.000000000e+01 0.000000000e+00 0.000000000e+00 0.000000000e+00 -8.726140636e-09 9.800000000e+00 9.800000000e+00 8.726140630e-09 
d 1.000000000e+01 1.000000000e+01 0.000000000e+00 0.000000000e+00 0.000000000e+00 -8.728313610e-09 1.000000000e+01 1.000000000e+01 8.728313603e-09 
d 1.000000000e+01 1.000000000e+01 0.000000000e+00 0.000000000e+00 0.000000000e+00 -8.730389837e-09 1.020000000e+01 1.020000000e+01 8.730389831e-09 
d 1.000000000e+01 1.000000000e+01 0.000000000e+00 0.000000000e+00 0.000000000e+00 -8.732376289e-09 1.040000000e+01 1.040000000e+01 8.732376287e-09 
d 1.000000000e+01 1.000000000e+01 0.000000000e+00 0.000000000e+00 0.000000000e+00 -8.734279257e-09 1.060000000e+01 1.060000000e+01 8.734279256e-09 
d 1.000000000e+01 1.000000000e+01 0.000000000e+00 0.000000000e+00 0.000000000e+00 -8.736104431e-09 1.080000000e+01 1.080000000e+01 8.736104430e-09 
d 1.000000000e+01 1.000000000e+01 0.000000000e+00 0.000000000e+00 0.000000000e+00 -8.737856973e-09 1.100000000e+01 1.100000000e+01 8.737856973e-09 
d 1.000000000e+01 1.000000000e+01 0.000000000e+00 0.000000000e+00 0.000000000e+00 -8.739541586e-09 1.120000000e+01 1.120000000e+01 8.739541586e-09 
d 1.000000000e+01 1.000000000e+01 0.000000000e+00 0.000000000e+00 0.000000000e+00 -8.741162559e-09 1.140000000e+01 1.140000000e+01 8.741162560e-09 
d 1.000000000e+01 1.000000000e+01 0.000000000e+00 0.000000000e+00 0.000000000e+00 -8.742723817e-09 1.160000000e+01 1.160000000e+01 8.742723816e-09 
d 1.000000000e+01 1.000000000e+01 0.000000000e+00 0.000000000e+00 0.000000000e+00 -8.744228954e-09 1.180000000e+01 1.180000000e+01 8.744228954e-09 
d 1.000000000e+01 1.000000000e+01 0.000000000e+00 0.000000000e+00 0.000000000e+00 -8.745681274e-09 1.200000000e+01 1.200000000e+01 8.745681275e-09 
d 1.000000000e+01 1.000000000e+01 0.000000000e+00 0.000000000e+00 0.000000000e+00 -8.747083816e-09 1.220000000e+01 1.220000000e+01 8.747083816e-09 
d 1.000000000e+01 1.000000000e+01 0.000000000e+00 0.000000000e+00 0.000000000e+00 -8.748439382e-09 1.240000000e+01 1.240000000e+01 8.748439382e-09 
d 1.000000000e+01 1.000000000e+01 0.000000000e+00 0.000000000e+00 0.000000000e+00 -8.749750558e-09 1.260000000e+01 1.260000000e+01 8.749750557e-09 
d 1.000000000e+01 1.000000000e+01 0.000000000e+00 0.000000000e+00 0.000000000e+00 -8.751019739e-09 1.280000000e+01 1.280000000e+01 8.751019739e-09 
d 1.000000000e+01 1.000000000e+01 0.000000000e+00 0.000000000e+00 0.000000000e+00 -8.752249150e-09 1.300000000e+01 1.300000000e+01 8.752249147e-09 
d 1.000000000e+01 1.000000000e+01 0.000000000e+00 0.000000000e+00 0.000000000e+00 -8.753440859e-09 1.320000000e+01 1.320000000e+01 8.753440854e-09 
d 1.000000000e+01 1.000000000e+01 0.000000000e+00 0.000000000e+00 0.000000000e+00 -8.754596802e-09 1.340000000e+01 1.340000000e+01 8.754596795e-09 
d 1.000000000e+01 1.000000000e+01 0.000000000e+00 0.000000000e+00 0.000000000e+00 -8.755718795e-09 1.360000000e+01 1.360000000e+01 8.755718789e-09 
d 1.000000000e+01 1.000000000e+01 0.000000000e+00 0.000000000e+00 0.000000000e+00 -8.756808554e-09 1.380000000e+01 1.380000000e+01 8.756808550e-09 
d 1.000000000e+01 1.000000000e+01 0.000000000e+00 0.000000000e+00 0.000000000e+00 -8.757867708e-09 1.400000000e+01 1.400000000e+01 8.757867707e-09 
d 1.000000000e+01 1.000000000e+01 0.000000000e+00 0.000000000e+00 0.000000000e+00 -8.758897809e-09 1.420000000e+01 1.420000000e+01 8.758897810e-09 
d 1.000000000e+01 1.000000000e+01 0.000000000e+00 0.000000000e+00 0.000000000e+00 -8.759900337e-09 1.440000000e+01 1.440000000e+01 8.759900339e-09 
d 1.000000000e+01 1.000000000e+01 0.000000000e+00 0.000000000e+00 0.000000000e+00 -8.760876702e-09 1.460000000e+01 1.460000000e+01 8.760876702e-09 
d 1.000000000e+01 1.000000000e+01 0.000000000e+00 0.000000000e+00 0.000000000e+00 -8.761828234e-09 1.480000000e+01 1.480000000e+01 8.761828234e-09 
d 1.000000000e+01 1.000000000e+01 0.000000000e+00 0.000000000e+00 0.000000000e+00 -8.762756180e-09 1.500000000e+01 1.500000000e+01 8.762756181e-09 
