v ATLAS
# This file was created by ATLAS version 5.24.1.R on Mon May 11 11:10:18 2020.
#SSF 2.0 generic
##############################################################################
#                    Copyright (c) 1984 - 2017                               #
#                    Silvaco Inc. All rights reserved                        #
#                                                                            #
# This file format and the following Key are copyright Silvaco Inc.          #
# You may not use, this format or key without reproducing this message in    #
# full and obtaining express written permission from Silvaco Inc.            #
#                                                                            #
# To obtain such permission please contact: Silvaco Inc.                     #
#                                           support@silvaco.com              #
#                                                                            #
# KEY=SVC86hn7562asdx                       PROD=345                         #
##############################################################################
y 3 700 711 15
z 51 1e+41 300
f 3 "gate" "source" "drain" 
p 9 2 601 20 3 602 21 4 603 22 
d 1.000000000e+01 1.000000000e+01 0.000000000e+00 0.000000000e+00 0.000000000e+00 -4.048918574e-09 2.000000000e-01 2.000000000e-01 4.048918532e-09 
d 1.000000000e+01 1.000000000e+01 0.000000000e+00 0.000000000e+00 0.000000000e+00 -7.849156211e-09 4.000000000e-01 4.000000000e-01 7.849156211e-09 
d 1.000000000e+01 1.000000000e+01 0.000000000e+00 0.000000000e+00 0.000000000e+00 -1.141543302e-08 6.000000000e-01 6.000000000e-01 1.141543302e-08 
d 1.000000000e+01 1.000000000e+01 0.000000000e+00 0.000000000e+00 0.000000000e+00 -1.476065659e-08 8.000000000e-01 8.000000000e-01 1.476065659e-08 
d 1.000000000e+01 1.000000000e+01 0.000000000e+00 0.000000000e+00 0.000000000e+00 -1.789612640e-08 1.000000000e+00 1.000000000e+00 1.789612640e-08 
d 1.000000000e+01 1.000000000e+01 0.000000000e+00 0.000000000e+00 0.000000000e+00 -2.083171329e-08 1.200000000e+00 1.200000000e+00 2.083171330e-08 
d 1.000000000e+01 1.000000000e+01 0.000000000e+00 0.000000000e+00 0.000000000e+00 -2.357601496e-08 1.400000000e+00 1.400000000e+00 2.357601496e-08 
d 1.000000000e+01 1.000000000e+01 0.000000000e+00 0.000000000e+00 0.000000000e+00 -2.613648962e-08 1.600000000e+00 1.600000000e+00 2.613648962e-08 
d 1.000000000e+01 1.000000000e+01 0.000000000e+00 0.000000000e+00 0.000000000e+00 -2.851957075e-08 1.800000000e+00 1.800000000e+00 2.851957075e-08 
d 1.000000000e+01 1.000000000e+01 0.000000000e+00 0.000000000e+00 0.000000000e+00 -3.073076628e-08 2.000000000e+00 2.000000000e+00 3.073076628e-08 
d 1.000000000e+01 1.000000000e+01 0.000000000e+00 0.000000000e+00 0.000000000e+00 -3.277474655e-08 2.200000000e+00 2.200000000e+00 3.277474654e-08 
d 1.000000000e+01 1.000000000e+01 0.000000000e+00 0.000000000e+00 0.000000000e+00 -3.465542692e-08 2.400000000e+00 2.400000000e+00 3.465542692e-08 
d 1.000000000e+01 1.000000000e+01 0.000000000e+00 0.000000000e+00 0.000000000e+00 -3.637605374e-08 2.600000000e+00 2.600000000e+00 3.637605372e-08 
d 1.000000000e+01 1.000000000e+01 0.000000000e+00 0.000000000e+00 0.000000000e+00 -3.793930767e-08 2.800000000e+00 2.800000000e+00 3.793930762e-08 
d 1.000000000e+01 1.000000000e+01 0.000000000e+00 0.000000000e+00 0.000000000e+00 -3.934744873e-08 3.000000000e+00 3.000000000e+00 3.934744861e-08 
d 1.000000000e+01 1.000000000e+01 0.000000000e+00 0.000000000e+00 0.000000000e+00 -4.060254563e-08 3.200000000e+00 3.200000000e+00 4.060254529e-08 
d 1.000000000e+01 1.000000000e+01 0.000000000e+00 0.000000000e+00 0.000000000e+00 -4.170686507e-08 3.400000000e+00 3.400000000e+00 4.170686413e-08 
d 1.000000000e+01 1.000000000e+01 0.000000000e+00 0.000000000e+00 0.000000000e+00 -4.266355037e-08 3.600000000e+00 3.600000000e+00 4.266354797e-08 
d 1.000000000e+01 1.000000000e+01 0.000000000e+00 0.000000000e+00 0.000000000e+00 -4.347777225e-08 3.800000000e+00 3.800000000e+00 4.347776719e-08 
d 1.000000000e+01 1.000000000e+01 0.000000000e+00 0.000000000e+00 0.000000000e+00 -4.415841821e-08 4.000000000e+00 4.000000000e+00 4.415841114e-08 
d 1.000000000e+01 1.000000000e+01 0.000000000e+00 0.000000000e+00 0.000000000e+00 -4.471962431e-08 4.200000000e+00 4.200000000e+00 4.471961923e-08 
d 1.000000000e+01 1.000000000e+01 0.000000000e+00 0.000000000e+00 0.000000000e+00 -4.518027816e-08 4.400000000e+00 4.400000000e+00 4.518027664e-08 
d 1.000000000e+01 1.000000000e+01 0.000000000e+00 0.000000000e+00 0.000000000e+00 -4.556073935e-08 4.600000000e+00 4.600000000e+00 4.556073926e-08 
d 1.000000000e+01 1.000000000e+01 0.000000000e+00 0.000000000e+00 0.000000000e+00 -4.587924827e-08 4.800000000e+00 4.800000000e+00 4.587924820e-08 
d 1.000000000e+01 1.000000000e+01 0.000000000e+00 0.000000000e+00 0.000000000e+00 -4.615029594e-08 5.000000000e+00 5.000000000e+00 4.615029546e-08 
d 1.000000000e+01 1.000000000e+01 0.000000000e+00 0.000000000e+00 0.000000000e+00 -4.638470367e-08 5.200000000e+00 5.200000000e+00 4.638470296e-08 
d 1.000000000e+01 1.000000000e+01 0.000000000e+00 0.000000000e+00 0.000000000e+00 -4.659036703e-08 5.400000000e+00 5.400000000e+00 4.659036648e-08 
d 1.000000000e+01 1.000000000e+01 0.000000000e+00 0.000000000e+00 0.000000000e+00 -4.677304062e-08 5.600000000e+00 5.600000000e+00 4.677304034e-08 
d 1.000000000e+01 1.000000000e+01 0.000000000e+00 0.000000000e+00 0.000000000e+00 -4.693696036e-08 5.800000000e+00 5.800000000e+00 4.693696028e-08 
d 1.000000000e+01 1.000000000e+01 0.000000000e+00 0.000000000e+00 0.000000000e+00 -4.708528882e-08 6.000000000e+00 6.000000000e+00 4.708528882e-08 
d 1.000000000e+01 1.000000000e+01 0.000000000e+00 0.000000000e+00 0.000000000e+00 -4.722042166e-08 6.200000000e+00 6.200000000e+00 4.722042145e-08 
d 1.000000000e+01 1.000000000e+01 0.000000000e+00 0.000000000e+00 0.000000000e+00 -4.734419554e-08 6.400000000e+00 6.400000000e+00 4.734419417e-08 
d 1.000000000e+01 1.000000000e+01 0.000000000e+00 0.000000000e+00 0.000000000e+00 -4.745802867e-08 6.600000000e+00 6.600000000e+00 4.745802271e-08 
d 1.000000000e+01 1.000000000e+01 0.000000000e+00 0.000000000e+00 0.000000000e+00 -4.756301585e-08 6.800000000e+00 6.800000000e+00 4.756299410e-08 
d 1.000000000e+01 1.000000000e+01 0.000000000e+00 0.000000000e+00 0.000000000e+00 -4.765999569e-08 7.000000000e+00 7.000000000e+00 4.765993037e-08 
d 1.000000000e+01 1.000000000e+01 0.000000000e+00 0.000000000e+00 0.000000000e+00 -4.774961183e-08 7.200000000e+00 7.200000000e+00 4.774947512e-08 
d 1.000000000e+01 1.000000000e+01 0.000000000e+00 0.000000000e+00 0.000000000e+00 -4.783239810e-08 7.400000000e+00 7.400000000e+00 4.783224879e-08 
d 1.000000000e+01 1.000000000e+01 0.000000000e+00 0.000000000e+00 0.000000000e+00 -4.790889569e-08 7.600000000e+00 7.600000000e+00 4.790882452e-08 
d 1.000000000e+01 1.000000000e+01 0.000000000e+00 0.000000000e+00 0.000000000e+00 -4.797973286e-08 7.800000000e+00 7.800000000e+00 4.797971723e-08 
d 1.000000000e+01 1.000000000e+01 0.000000000e+00 0.000000000e+00 0.000000000e+00 -4.804559576e-08 8.000000000e+00 8.000000000e+00 4.804559662e-08 
d 1.000000000e+01 1.000000000e+01 0.000000000e+00 0.000000000e+00 0.000000000e+00 -4.810712082e-08 8.200000000e+00 8.200000000e+00 4.810711611e-08 
d 1.000000000e+01 1.000000000e+01 0.000000000e+00 0.000000000e+00 0.000000000e+00 -4.816480368e-08 8.400000000e+00 8.400000000e+00 4.816478201e-08 
d 1.000000000e+01 1.000000000e+01 0.000000000e+00 0.000000000e+00 0.000000000e+00 -4.821899675e-08 8.600000000e+00 8.600000000e+00 4.821898214e-08 
d 1.000000000e+01 1.000000000e+01 0.000000000e+00 0.000000000e+00 0.000000000e+00 -4.826995114e-08 8.800000000e+00 8.800000000e+00 4.826994593e-08 
d 1.000000000e+01 1.000000000e+01 0.000000000e+00 0.000000000e+00 0.000000000e+00 -4.831785850e-08 9.000000000e+00 9.000000000e+00 4.831785058e-08 
d 1.000000000e+01 1.000000000e+01 0.000000000e+00 0.000000000e+00 0.000000000e+00 -4.836288177e-08 9.200000000e+00 9.200000000e+00 4.836276251e-08 
d 1.000000000e+01 1.000000000e+01 0.000000000e+00 0.000000000e+00 0.000000000e+00 -4.840517535e-08 9.400000000e+00 9.400000000e+00 4.840517534e-08 
d 1.000000000e+01 1.000000000e+01 0.000000000e+00 0.000000000e+00 0.000000000e+00 -4.844490772e-08 9.600000000e+00 9.600000000e+00 4.844490771e-08 
d 1.000000000e+01 1.000000000e+01 0.000000000e+00 0.000000000e+00 0.000000000e+00 -4.848229106e-08 9.800000000e+00 9.800000000e+00 4.848228325e-08 
d 1.000000000e+01 1.000000000e+01 0.000000000e+00 0.000000000e+00 0.000000000e+00 -4.851757042e-08 1.000000000e+01 1.000000000e+01 4.851749712e-08 
d 1.000000000e+01 1.000000000e+01 0.000000000e+00 0.000000000e+00 0.000000000e+00 -4.855098099e-08 1.020000000e+01 1.020000000e+01 4.855095235e-08 
d 1.000000000e+01 1.000000000e+01 0.000000000e+00 0.000000000e+00 0.000000000e+00 -4.858273118e-08 1.040000000e+01 1.040000000e+01 4.858271333e-08 
d 1.000000000e+01 1.000000000e+01 0.000000000e+00 0.000000000e+00 0.000000000e+00 -4.861300270e-08 1.060000000e+01 1.060000000e+01 4.861299045e-08 
d 1.000000000e+01 1.000000000e+01 0.000000000e+00 0.000000000e+00 0.000000000e+00 -4.864195356e-08 1.080000000e+01 1.080000000e+01 4.864194702e-08 
d 1.000000000e+01 1.000000000e+01 0.000000000e+00 0.000000000e+00 0.000000000e+00 -4.866972116e-08 1.100000000e+01 1.100000000e+01 4.866971808e-08 
d 1.000000000e+01 1.000000000e+01 0.000000000e+00 0.000000000e+00 0.000000000e+00 -4.869642450e-08 1.120000000e+01 1.120000000e+01 4.869642293e-08 
d 1.000000000e+01 1.000000000e+01 0.000000000e+00 0.000000000e+00 0.000000000e+00 -4.872216563e-08 1.140000000e+01 1.140000000e+01 4.872216472e-08 
d 1.000000000e+01 1.000000000e+01 0.000000000e+00 0.000000000e+00 0.000000000e+00 -4.874703079e-08 1.160000000e+01 1.160000000e+01 4.874703023e-08 
d 1.000000000e+01 1.000000000e+01 0.000000000e+00 0.000000000e+00 0.000000000e+00 -4.877109166e-08 1.180000000e+01 1.180000000e+01 4.877109128e-08 
d 1.000000000e+01 1.000000000e+01 0.000000000e+00 0.000000000e+00 0.000000000e+00 -4.879440685e-08 1.200000000e+01 1.200000000e+01 4.879440655e-08 
d 1.000000000e+01 1.000000000e+01 0.000000000e+00 0.000000000e+00 0.000000000e+00 -4.881702355e-08 1.220000000e+01 1.220000000e+01 4.881702328e-08 
d 1.000000000e+01 1.000000000e+01 0.000000000e+00 0.000000000e+00 0.000000000e+00 -4.883897925e-08 1.240000000e+01 1.240000000e+01 4.883897900e-08 
d 1.000000000e+01 1.000000000e+01 0.000000000e+00 0.000000000e+00 0.000000000e+00 -4.886030336e-08 1.260000000e+01 1.260000000e+01 4.886030314e-08 
d 1.000000000e+01 1.000000000e+01 0.000000000e+00 0.000000000e+00 0.000000000e+00 -4.888101877e-08 1.280000000e+01 1.280000000e+01 4.888101858e-08 
d 1.000000000e+01 1.000000000e+01 0.000000000e+00 0.000000000e+00 0.000000000e+00 -4.890114338e-08 1.300000000e+01 1.300000000e+01 4.890114321e-08 
d 1.000000000e+01 1.000000000e+01 0.000000000e+00 0.000000000e+00 0.000000000e+00 -4.892069149e-08 1.320000000e+01 1.320000000e+01 4.892069134e-08 
d 1.000000000e+01 1.000000000e+01 0.000000000e+00 0.000000000e+00 0.000000000e+00 -4.893967506e-08 1.340000000e+01 1.340000000e+01 4.893967492e-08 
d 1.000000000e+01 1.000000000e+01 0.000000000e+00 0.000000000e+00 0.000000000e+00 -4.895810477e-08 1.360000000e+01 1.360000000e+01 4.895810464e-08 
d 1.000000000e+01 1.000000000e+01 0.000000000e+00 0.000000000e+00 0.000000000e+00 -4.897599086e-08 1.380000000e+01 1.380000000e+01 4.897599075e-08 
d 1.000000000e+01 1.000000000e+01 0.000000000e+00 0.000000000e+00 0.000000000e+00 -4.899334381e-08 1.400000000e+01 1.400000000e+01 4.899334372e-08 
d 1.000000000e+01 1.000000000e+01 0.000000000e+00 0.000000000e+00 0.000000000e+00 -4.901017482e-08 1.420000000e+01 1.420000000e+01 4.901017475e-08 
d 1.000000000e+01 1.000000000e+01 0.000000000e+00 0.000000000e+00 0.000000000e+00 -4.902649612e-08 1.440000000e+01 1.440000000e+01 4.902649606e-08 
d 1.000000000e+01 1.000000000e+01 0.000000000e+00 0.000000000e+00 0.000000000e+00 -4.904232115e-08 1.460000000e+01 1.460000000e+01 4.904232110e-08 
d 1.000000000e+01 1.000000000e+01 0.000000000e+00 0.000000000e+00 0.000000000e+00 -4.905766464e-08 1.480000000e+01 1.480000000e+01 4.905766461e-08 
d 1.000000000e+01 1.000000000e+01 0.000000000e+00 0.000000000e+00 0.000000000e+00 -4.907254260e-08 1.500000000e+01 1.500000000e+01 4.907254258e-08 
