v ATLAS
# This file was created by ATLAS version 5.24.1.R on Sun May 10 20:15:28 2020.
#SSF 2.0 generic
##############################################################################
#                    Copyright (c) 1984 - 2017                               #
#                    Silvaco Inc. All rights reserved                        #
#                                                                            #
# This file format and the following Key are copyright Silvaco Inc.          #
# You may not use, this format or key without reproducing this message in    #
# full and obtaining express written permission from Silvaco Inc.            #
#                                                                            #
# To obtain such permission please contact: Silvaco Inc.                     #
#                                           support@silvaco.com              #
#                                                                            #
# KEY=SVC86hn7562asdx                       PROD=345                         #
##############################################################################
y 3 700 711 15
z 51 1e+41 300
f 3 "gate" "source" "drain" 
p 9 2 601 20 3 602 21 4 603 22 
d 2.000000000e-01 2.000000000e-01 0.000000000e+00 0.000000000e+00 0.000000000e+00 -1.125944949e-15 1.000000000e+01 1.000000000e+01 1.125629899e-15 
d 4.000000000e-01 4.000000000e-01 0.000000000e+00 0.000000000e+00 0.000000000e+00 -1.698578673e-15 1.000000000e+01 1.000000000e+01 1.698081248e-15 
d 6.000000000e-01 6.000000000e-01 0.000000000e+00 0.000000000e+00 0.000000000e+00 -3.010202260e-15 1.000000000e+01 1.000000000e+01 2.970354596e-15 
d 8.000000000e-01 8.000000000e-01 0.000000000e+00 0.000000000e+00 0.000000000e+00 -6.292728993e-15 1.000000000e+01 1.000000000e+01 6.290344667e-15 
d 1.000000000e+00 1.000000000e+00 0.000000000e+00 0.000000000e+00 0.000000000e+00 -1.641694268e-14 1.000000000e+01 1.000000000e+01 1.641499957e-14 
d 1.200000000e+00 1.200000000e+00 0.000000000e+00 0.000000000e+00 0.000000000e+00 -4.441447222e-14 1.000000000e+01 1.000000000e+01 4.441143097e-14 
d 1.400000000e+00 1.400000000e+00 0.000000000e+00 0.000000000e+00 0.000000000e+00 -1.021503669e-13 1.000000000e+01 1.000000000e+01 1.021490706e-13 
d 1.600000000e+00 1.600000000e+00 0.000000000e+00 0.000000000e+00 0.000000000e+00 -2.030738704e-13 1.000000000e+01 1.000000000e+01 2.030748067e-13 
d 1.800000000e+00 1.800000000e+00 0.000000000e+00 0.000000000e+00 0.000000000e+00 -3.675752638e-13 1.000000000e+01 1.000000000e+01 3.675490347e-13 
d 2.000000000e+00 2.000000000e+00 0.000000000e+00 0.000000000e+00 0.000000000e+00 -6.314948638e-13 1.000000000e+01 1.000000000e+01 6.314956150e-13 
d 2.200000000e+00 2.200000000e+00 0.000000000e+00 0.000000000e+00 0.000000000e+00 -1.065943841e-12 1.000000000e+01 1.000000000e+01 1.066061491e-12 
d 2.400000000e+00 2.400000000e+00 0.000000000e+00 0.000000000e+00 0.000000000e+00 -1.827225621e-12 1.000000000e+01 1.000000000e+01 1.827224207e-12 
d 2.600000000e+00 2.600000000e+00 0.000000000e+00 0.000000000e+00 0.000000000e+00 -3.254400328e-12 1.000000000e+01 1.000000000e+01 3.254401174e-12 
d 2.800000000e+00 2.800000000e+00 0.000000000e+00 0.000000000e+00 0.000000000e+00 -5.902136361e-12 1.000000000e+01 1.000000000e+01 5.902117831e-12 
d 3.000000000e+00 3.000000000e+00 0.000000000e+00 0.000000000e+00 0.000000000e+00 -1.036211742e-11 1.000000000e+01 1.000000000e+01 1.036209904e-11 
d 3.200000000e+00 3.200000000e+00 0.000000000e+00 0.000000000e+00 0.000000000e+00 -1.715215326e-11 1.000000000e+01 1.000000000e+01 1.715190634e-11 
d 3.400000000e+00 3.400000000e+00 0.000000000e+00 0.000000000e+00 0.000000000e+00 -2.677386213e-11 1.000000000e+01 1.000000000e+01 2.677386177e-11 
d 3.600000000e+00 3.600000000e+00 0.000000000e+00 0.000000000e+00 0.000000000e+00 -3.978588691e-11 1.000000000e+01 1.000000000e+01 3.978588732e-11 
d 3.800000000e+00 3.800000000e+00 0.000000000e+00 0.000000000e+00 0.000000000e+00 -5.686347431e-11 1.000000000e+01 1.000000000e+01 5.686347032e-11 
d 4.000000000e+00 4.000000000e+00 0.000000000e+00 0.000000000e+00 0.000000000e+00 -7.886243594e-11 1.000000000e+01 1.000000000e+01 7.886243606e-11 
d 4.200000000e+00 4.200000000e+00 0.000000000e+00 0.000000000e+00 0.000000000e+00 -1.069041661e-10 1.000000000e+01 1.000000000e+01 1.069041667e-10 
d 4.400000000e+00 4.400000000e+00 0.000000000e+00 0.000000000e+00 0.000000000e+00 -1.425007330e-10 1.000000000e+01 1.000000000e+01 1.425006515e-10 
d 4.600000000e+00 4.600000000e+00 0.000000000e+00 0.000000000e+00 0.000000000e+00 -1.877488719e-10 1.000000000e+01 1.000000000e+01 1.877488639e-10 
d 4.800000000e+00 4.800000000e+00 0.000000000e+00 0.000000000e+00 0.000000000e+00 -2.456396287e-10 1.000000000e+01 1.000000000e+01 2.456396257e-10 
d 5.000000000e+00 5.000000000e+00 0.000000000e+00 0.000000000e+00 0.000000000e+00 -3.205559877e-10 1.000000000e+01 1.000000000e+01 3.205559871e-10 
d 5.200000000e+00 5.200000000e+00 0.000000000e+00 0.000000000e+00 0.000000000e+00 -4.190474744e-10 1.000000000e+01 1.000000000e+01 4.190474731e-10 
d 5.400000000e+00 5.400000000e+00 0.000000000e+00 0.000000000e+00 0.000000000e+00 -5.508970331e-10 1.000000000e+01 1.000000000e+01 5.508970325e-10 
d 5.600000000e+00 5.600000000e+00 0.000000000e+00 0.000000000e+00 0.000000000e+00 -7.301190205e-10 1.000000000e+01 1.000000000e+01 7.301190201e-10 
d 5.800000000e+00 5.800000000e+00 0.000000000e+00 0.000000000e+00 0.000000000e+00 -9.747736200e-10 1.000000000e+01 1.000000000e+01 9.747736193e-10 
d 6.000000000e+00 6.000000000e+00 0.000000000e+00 0.000000000e+00 0.000000000e+00 -1.304500963e-09 1.000000000e+01 1.000000000e+01 1.304500962e-09 
d 6.200000000e+00 6.200000000e+00 0.000000000e+00 0.000000000e+00 0.000000000e+00 -1.736926740e-09 1.000000000e+01 1.000000000e+01 1.736926738e-09 
d 6.400000000e+00 6.400000000e+00 0.000000000e+00 0.000000000e+00 0.000000000e+00 -2.285647637e-09 1.000000000e+01 1.000000000e+01 2.285647635e-09 
d 6.600000000e+00 6.600000000e+00 0.000000000e+00 0.000000000e+00 0.000000000e+00 -2.960441082e-09 1.000000000e+01 1.000000000e+01 2.960441081e-09 
d 6.800000000e+00 6.800000000e+00 0.000000000e+00 0.000000000e+00 0.000000000e+00 -3.768414019e-09 1.000000000e+01 1.000000000e+01 3.768414019e-09 
d 7.000000000e+00 7.000000000e+00 0.000000000e+00 0.000000000e+00 0.000000000e+00 -4.715098156e-09 1.000000000e+01 1.000000000e+01 4.715098155e-09 
d 7.200000000e+00 7.200000000e+00 0.000000000e+00 0.000000000e+00 0.000000000e+00 -5.805231808e-09 1.000000000e+01 1.000000000e+01 5.805231809e-09 
d 7.400000000e+00 7.400000000e+00 0.000000000e+00 0.000000000e+00 0.000000000e+00 -7.043267647e-09 1.000000000e+01 1.000000000e+01 7.043267649e-09 
d 7.600000000e+00 7.600000000e+00 0.000000000e+00 0.000000000e+00 0.000000000e+00 -8.433693909e-09 1.000000000e+01 1.000000000e+01 8.433693909e-09 
d 7.800000000e+00 7.800000000e+00 0.000000000e+00 0.000000000e+00 0.000000000e+00 -9.981241645e-09 1.000000000e+01 1.000000000e+01 9.981240814e-09 
d 8.000000000e+00 8.000000000e+00 0.000000000e+00 0.000000000e+00 0.000000000e+00 -1.169102839e-08 1.000000000e+01 1.000000000e+01 1.169102797e-08 
d 8.200000000e+00 8.200000000e+00 0.000000000e+00 0.000000000e+00 0.000000000e+00 -1.356867018e-08 1.000000000e+01 1.000000000e+01 1.356866914e-08 
d 8.400000000e+00 8.400000000e+00 0.000000000e+00 0.000000000e+00 0.000000000e+00 -1.562038165e-08 1.000000000e+01 1.000000000e+01 1.562037790e-08 
d 8.600000000e+00 8.600000000e+00 0.000000000e+00 0.000000000e+00 0.000000000e+00 -1.785307636e-08 1.000000000e+01 1.000000000e+01 1.785308118e-08 
d 8.800000000e+00 8.800000000e+00 0.000000000e+00 0.000000000e+00 0.000000000e+00 -2.027447577e-08 1.000000000e+01 1.000000000e+01 2.027446969e-08 
d 9.000000000e+00 9.000000000e+00 0.000000000e+00 0.000000000e+00 0.000000000e+00 -2.289323219e-08 1.000000000e+01 1.000000000e+01 2.289323452e-08 
d 9.200000000e+00 9.200000000e+00 0.000000000e+00 0.000000000e+00 0.000000000e+00 -2.571906899e-08 1.000000000e+01 1.000000000e+01 2.571891185e-08 
d 9.400000000e+00 9.400000000e+00 0.000000000e+00 0.000000000e+00 0.000000000e+00 -2.876294012e-08 1.000000000e+01 1.000000000e+01 2.876235653e-08 
d 9.600000000e+00 9.600000000e+00 0.000000000e+00 0.000000000e+00 0.000000000e+00 -3.203720907e-08 1.000000000e+01 1.000000000e+01 3.203697110e-08 
d 9.800000000e+00 9.800000000e+00 0.000000000e+00 0.000000000e+00 0.000000000e+00 -3.555584730e-08 1.000000000e+01 1.000000000e+01 3.555576090e-08 
d 1.000000000e+01 1.000000000e+01 0.000000000e+00 0.000000000e+00 0.000000000e+00 -3.933465779e-08 1.000000000e+01 1.000000000e+01 3.933465778e-08 
d 1.020000000e+01 1.020000000e+01 0.000000000e+00 0.000000000e+00 0.000000000e+00 -4.339151839e-08 1.000000000e+01 1.000000000e+01 4.339066337e-08 
d 1.040000000e+01 1.040000000e+01 0.000000000e+00 0.000000000e+00 0.000000000e+00 -4.774663060e-08 1.000000000e+01 1.000000000e+01 4.774654701e-08 
d 1.060000000e+01 1.060000000e+01 0.000000000e+00 0.000000000e+00 0.000000000e+00 -5.242276691e-08 1.000000000e+01 1.000000000e+01 5.242276348e-08 
d 1.080000000e+01 1.080000000e+01 0.000000000e+00 0.000000000e+00 0.000000000e+00 -5.744549723e-08 1.000000000e+01 1.000000000e+01 5.744549717e-08 
d 1.100000000e+01 1.100000000e+01 0.000000000e+00 0.000000000e+00 0.000000000e+00 -6.284335867e-08 1.000000000e+01 1.000000000e+01 6.284335846e-08 
d 1.120000000e+01 1.120000000e+01 0.000000000e+00 0.000000000e+00 0.000000000e+00 -6.864791720e-08 1.000000000e+01 1.000000000e+01 6.864791581e-08 
d 1.140000000e+01 1.140000000e+01 0.000000000e+00 0.000000000e+00 0.000000000e+00 -7.489365374e-08 1.000000000e+01 1.000000000e+01 7.489364969e-08 
d 1.160000000e+01 1.160000000e+01 0.000000000e+00 0.000000000e+00 0.000000000e+00 -8.161759890e-08 1.000000000e+01 1.000000000e+01 8.161759179e-08 
d 1.180000000e+01 1.180000000e+01 0.000000000e+00 0.000000000e+00 0.000000000e+00 -8.885865562e-08 1.000000000e+01 1.000000000e+01 8.885863843e-08 
d 1.200000000e+01 1.200000000e+01 0.000000000e+00 0.000000000e+00 0.000000000e+00 -9.665660279e-08 1.000000000e+01 1.000000000e+01 9.665658330e-08 
d 1.220000000e+01 1.220000000e+01 0.000000000e+00 0.000000000e+00 0.000000000e+00 -1.050508423e-07 1.000000000e+01 1.000000000e+01 1.050507498e-07 
d 1.240000000e+01 1.240000000e+01 0.000000000e+00 0.000000000e+00 0.000000000e+00 -1.140789947e-07 1.000000000e+01 1.000000000e+01 1.140786460e-07 
d 1.260000000e+01 1.260000000e+01 0.000000000e+00 0.000000000e+00 0.000000000e+00 -1.237754835e-07 1.000000000e+01 1.000000000e+01 1.237750208e-07 
d 1.280000000e+01 1.280000000e+01 0.000000000e+00 0.000000000e+00 0.000000000e+00 -1.341703128e-07 1.000000000e+01 1.000000000e+01 1.341700384e-07 
d 1.300000000e+01 1.300000000e+01 0.000000000e+00 0.000000000e+00 0.000000000e+00 -1.452882559e-07 1.000000000e+01 1.000000000e+01 1.452881547e-07 
d 1.320000000e+01 1.320000000e+01 0.000000000e+00 0.000000000e+00 0.000000000e+00 -1.571485610e-07 1.000000000e+01 1.000000000e+01 1.571485325e-07 
d 1.340000000e+01 1.340000000e+01 0.000000000e+00 0.000000000e+00 0.000000000e+00 -1.697651280e-07 1.000000000e+01 1.000000000e+01 1.697651213e-07 
d 1.360000000e+01 1.360000000e+01 0.000000000e+00 0.000000000e+00 0.000000000e+00 -1.831470109e-07 1.000000000e+01 1.000000000e+01 1.831470095e-07 
d 1.380000000e+01 1.380000000e+01 0.000000000e+00 0.000000000e+00 0.000000000e+00 -1.972990669e-07 1.000000000e+01 1.000000000e+01 1.972990668e-07 
d 1.400000000e+01 1.400000000e+01 0.000000000e+00 0.000000000e+00 0.000000000e+00 -2.122226015e-07 1.000000000e+01 1.000000000e+01 2.122226015e-07 
d 1.420000000e+01 1.420000000e+01 0.000000000e+00 0.000000000e+00 0.000000000e+00 -2.279159201e-07 1.000000000e+01 1.000000000e+01 2.279159201e-07 
d 1.440000000e+01 1.440000000e+01 0.000000000e+00 0.000000000e+00 0.000000000e+00 -2.443747869e-07 1.000000000e+01 1.000000000e+01 2.443747869e-07 
d 1.460000000e+01 1.460000000e+01 0.000000000e+00 0.000000000e+00 0.000000000e+00 -2.615928500e-07 1.000000000e+01 1.000000000e+01 2.615928499e-07 
d 1.480000000e+01 1.480000000e+01 0.000000000e+00 0.000000000e+00 0.000000000e+00 -2.795621096e-07 1.000000000e+01 1.000000000e+01 2.795621094e-07 
d 1.500000000e+01 1.500000000e+01 0.000000000e+00 0.000000000e+00 0.000000000e+00 -2.982734514e-07 1.000000000e+01 1.000000000e+01 2.982734513e-07 
d 1.520000000e+01 1.520000000e+01 0.000000000e+00 0.000000000e+00 0.000000000e+00 -3.177171956e-07 1.000000000e+01 1.000000000e+01 3.177171956e-07 
d 1.540000000e+01 1.540000000e+01 0.000000000e+00 0.000000000e+00 0.000000000e+00 -3.378835906e-07 1.000000000e+01 1.000000000e+01 3.378835905e-07 
d 1.560000000e+01 1.560000000e+01 0.000000000e+00 0.000000000e+00 0.000000000e+00 -3.587632521e-07 1.000000000e+01 1.000000000e+01 3.587632510e-07 
d 1.580000000e+01 1.580000000e+01 0.000000000e+00 0.000000000e+00 0.000000000e+00 -3.803475785e-07 1.000000000e+01 1.000000000e+01 3.803475712e-07 
d 1.600000000e+01 1.600000000e+01 0.000000000e+00 0.000000000e+00 0.000000000e+00 -4.026290534e-07 1.000000000e+01 1.000000000e+01 4.026290430e-07 
d 1.620000000e+01 1.620000000e+01 0.000000000e+00 0.000000000e+00 0.000000000e+00 -4.256013815e-07 1.000000000e+01 1.000000000e+01 4.256013718e-07 
d 1.640000000e+01 1.640000000e+01 0.000000000e+00 0.000000000e+00 0.000000000e+00 -4.492594172e-07 1.000000000e+01 1.000000000e+01 4.492594104e-07 
d 1.660000000e+01 1.660000000e+01 0.000000000e+00 0.000000000e+00 0.000000000e+00 -4.735990286e-07 1.000000000e+01 1.000000000e+01 4.735990244e-07 
d 1.680000000e+01 1.680000000e+01 0.000000000e+00 0.000000000e+00 0.000000000e+00 -4.986169420e-07 1.000000000e+01 1.000000000e+01 4.986169392e-07 
d 1.700000000e+01 1.700000000e+01 0.000000000e+00 0.000000000e+00 0.000000000e+00 -5.243105958e-07 1.000000000e+01 1.000000000e+01 5.243105938e-07 
d 1.720000000e+01 1.720000000e+01 0.000000000e+00 0.000000000e+00 0.000000000e+00 -5.506780084e-07 1.000000000e+01 1.000000000e+01 5.506780069e-07 
d 1.740000000e+01 1.740000000e+01 0.000000000e+00 0.000000000e+00 0.000000000e+00 -5.777176583e-07 1.000000000e+01 1.000000000e+01 5.777176570e-07 
d 1.760000000e+01 1.760000000e+01 0.000000000e+00 0.000000000e+00 0.000000000e+00 -6.054283730e-07 1.000000000e+01 1.000000000e+01 6.054283718e-07 
d 1.780000000e+01 1.780000000e+01 0.000000000e+00 0.000000000e+00 0.000000000e+00 -6.338092254e-07 1.000000000e+01 1.000000000e+01 6.338092242e-07 
d 1.800000000e+01 1.800000000e+01 0.000000000e+00 0.000000000e+00 0.000000000e+00 -6.628594332e-07 1.000000000e+01 1.000000000e+01 6.628594321e-07 
d 1.820000000e+01 1.820000000e+01 0.000000000e+00 0.000000000e+00 0.000000000e+00 -6.925782587e-07 1.000000000e+01 1.000000000e+01 6.925782577e-07 
d 1.840000000e+01 1.840000000e+01 0.000000000e+00 0.000000000e+00 0.000000000e+00 -7.229649071e-07 1.000000000e+01 1.000000000e+01 7.229649061e-07 
d 1.860000000e+01 1.860000000e+01 0.000000000e+00 0.000000000e+00 0.000000000e+00 -7.540184189e-07 1.000000000e+01 1.000000000e+01 7.540184180e-07 
d 1.880000000e+01 1.880000000e+01 0.000000000e+00 0.000000000e+00 0.000000000e+00 -7.857375562e-07 1.000000000e+01 1.000000000e+01 7.857375553e-07 
d 1.900000000e+01 1.900000000e+01 0.000000000e+00 0.000000000e+00 0.000000000e+00 -8.181206776e-07 1.000000000e+01 1.000000000e+01 8.181206767e-07 
d 1.920000000e+01 1.920000000e+01 0.000000000e+00 0.000000000e+00 0.000000000e+00 -8.511656023e-07 1.000000000e+01 1.000000000e+01 8.511656015e-07 
d 1.940000000e+01 1.940000000e+01 0.000000000e+00 0.000000000e+00 0.000000000e+00 -8.848694591e-07 1.000000000e+01 1.000000000e+01 8.848694582e-07 
d 1.960000000e+01 1.960000000e+01 0.000000000e+00 0.000000000e+00 0.000000000e+00 -9.192285203e-07 1.000000000e+01 1.000000000e+01 9.192285194e-07 
d 1.980000000e+01 1.980000000e+01 0.000000000e+00 0.000000000e+00 0.000000000e+00 -9.542380202e-07 1.000000000e+01 1.000000000e+01 9.542380193e-07 
d 2.000000000e+01 2.000000000e+01 0.000000000e+00 0.000000000e+00 0.000000000e+00 -9.898919597e-07 1.000000000e+01 1.000000000e+01 9.898919589e-07 
