v ATLAS
# This file was created by ATLAS version 5.24.1.R on Sun May 10 20:00:52 2020.
#SSF 2.0 generic
##############################################################################
#                    Copyright (c) 1984 - 2017                               #
#                    Silvaco Inc. All rights reserved                        #
#                                                                            #
# This file format and the following Key are copyright Silvaco Inc.          #
# You may not use, this format or key without reproducing this message in    #
# full and obtaining express written permission from Silvaco Inc.            #
#                                                                            #
# To obtain such permission please contact: Silvaco Inc.                     #
#                                           support@silvaco.com              #
#                                                                            #
# KEY=SVC86hn7562asdx                       PROD=345                         #
##############################################################################
y 3 700 711 15
z 51 1e+41 300
f 3 "gate" "source" "drain" 
p 9 2 601 20 3 602 21 4 603 22 
d 0.000000000e+00 0.000000000e+00 0.000000000e+00 0.000000000e+00 0.000000000e+00 -8.208794766e-18 1.000000000e+01 1.000000000e+01 8.204161161e-18 
d -2.000000000e-01 -2.000000000e-01 0.000000000e+00 0.000000000e+00 0.000000000e+00 -4.235734308e-18 1.000000000e+01 1.000000000e+01 4.164765740e-18 
d -4.000000000e-01 -4.000000000e-01 0.000000000e+00 0.000000000e+00 0.000000000e+00 -2.861754888e-18 1.000000000e+01 1.000000000e+01 7.016672579e-19 
d -6.000000000e-01 -6.000000000e-01 0.000000000e+00 0.000000000e+00 0.000000000e+00 -2.282215921e-18 1.000000000e+01 1.000000000e+01 2.064168979e-18 
d -8.000000000e-01 -8.000000000e-01 0.000000000e+00 0.000000000e+00 0.000000000e+00 -1.781581156e-18 1.000000000e+01 1.000000000e+01 1.752873694e-18 
d -1.000000000e+00 -1.000000000e+00 0.000000000e+00 0.000000000e+00 0.000000000e+00 -1.603522138e-18 1.000000000e+01 1.000000000e+01 1.567184015e-18 
d -1.200000000e+00 -1.200000000e+00 0.000000000e+00 0.000000000e+00 0.000000000e+00 -1.364876263e-18 1.000000000e+01 1.000000000e+01 1.367156567e-18 
d -1.400000000e+00 -1.400000000e+00 0.000000000e+00 0.000000000e+00 0.000000000e+00 -1.228308242e-18 1.000000000e+01 1.000000000e+01 1.238644064e-18 
d -1.600000000e+00 -1.600000000e+00 0.000000000e+00 0.000000000e+00 0.000000000e+00 -1.129557082e-18 1.000000000e+01 1.000000000e+01 1.135969733e-18 
d -1.800000000e+00 -1.800000000e+00 0.000000000e+00 0.000000000e+00 0.000000000e+00 -1.057286221e-18 1.000000000e+01 1.000000000e+01 1.042624791e-18 
d -2.000000000e+00 -2.000000000e+00 0.000000000e+00 0.000000000e+00 0.000000000e+00 -9.987197506e-19 1.000000000e+01 1.000000000e+01 9.745942884e-19 
d -2.200000000e+00 -2.200000000e+00 0.000000000e+00 0.000000000e+00 0.000000000e+00 -9.366941904e-19 1.000000000e+01 1.000000000e+01 9.200509952e-19 
d -2.400000000e+00 -2.400000000e+00 0.000000000e+00 0.000000000e+00 0.000000000e+00 -8.692919941e-19 1.000000000e+01 1.000000000e+01 8.678865269e-19 
d -2.600000000e+00 -2.600000000e+00 0.000000000e+00 0.000000000e+00 0.000000000e+00 -8.593943862e-19 1.000000000e+01 1.000000000e+01 8.221244577e-19 
d -2.800000000e+00 -2.800000000e+00 0.000000000e+00 0.000000000e+00 0.000000000e+00 -7.787336414e-19 1.000000000e+01 1.000000000e+01 7.839131209e-19 
d -3.000000000e+00 -3.000000000e+00 0.000000000e+00 0.000000000e+00 0.000000000e+00 -7.053198301e-19 1.000000000e+01 1.000000000e+01 7.405447582e-19 
d -3.200000000e+00 -3.200000000e+00 0.000000000e+00 0.000000000e+00 0.000000000e+00 -7.383398459e-19 1.000000000e+01 1.000000000e+01 7.174966160e-19 
d -3.400000000e+00 -3.400000000e+00 0.000000000e+00 0.000000000e+00 0.000000000e+00 -6.776775168e-19 1.000000000e+01 1.000000000e+01 6.914936667e-19 
d -3.600000000e+00 -3.600000000e+00 0.000000000e+00 0.000000000e+00 0.000000000e+00 -6.561300694e-19 1.000000000e+01 1.000000000e+01 6.659690733e-19 
d -3.800000000e+00 -3.800000000e+00 0.000000000e+00 0.000000000e+00 0.000000000e+00 -6.425599320e-19 1.000000000e+01 1.000000000e+01 6.390135440e-19 
d -4.000000000e+00 -4.000000000e+00 0.000000000e+00 0.000000000e+00 0.000000000e+00 -6.195090285e-19 1.000000000e+01 1.000000000e+01 6.176370902e-19 
d -4.200000000e+00 -4.200000000e+00 0.000000000e+00 0.000000000e+00 0.000000000e+00 -5.894049928e-19 1.000000000e+01 1.000000000e+01 5.942086059e-19 
d -4.400000000e+00 -4.400000000e+00 0.000000000e+00 0.000000000e+00 0.000000000e+00 -5.758001417e-19 1.000000000e+01 1.000000000e+01 5.744887362e-19 
d -4.600000000e+00 -4.600000000e+00 0.000000000e+00 0.000000000e+00 0.000000000e+00 -5.488432368e-19 1.000000000e+01 1.000000000e+01 5.612836705e-19 
d -4.800000000e+00 -4.800000000e+00 0.000000000e+00 0.000000000e+00 0.000000000e+00 -5.420352493e-19 1.000000000e+01 1.000000000e+01 5.456643339e-19 
d -5.000000000e+00 -5.000000000e+00 0.000000000e+00 0.000000000e+00 0.000000000e+00 -5.416814752e-19 1.000000000e+01 1.000000000e+01 5.303694252e-19 
d -5.200000000e+00 -5.200000000e+00 0.000000000e+00 0.000000000e+00 0.000000000e+00 -5.222907943e-19 1.000000000e+01 1.000000000e+01 5.139179644e-19 
d -5.400000000e+00 -5.400000000e+00 0.000000000e+00 0.000000000e+00 0.000000000e+00 -4.906699528e-19 1.000000000e+01 1.000000000e+01 5.019417139e-19 
d -5.600000000e+00 -5.600000000e+00 0.000000000e+00 0.000000000e+00 0.000000000e+00 -4.927550374e-19 1.000000000e+01 1.000000000e+01 4.911528886e-19 
d -5.800000000e+00 -5.800000000e+00 0.000000000e+00 0.000000000e+00 0.000000000e+00 -4.785331114e-19 1.000000000e+01 1.000000000e+01 4.774383852e-19 
d -6.000000000e+00 -6.000000000e+00 0.000000000e+00 0.000000000e+00 0.000000000e+00 -4.672413290e-19 1.000000000e+01 1.000000000e+01 4.677847591e-19 
d -6.200000000e+00 -6.200000000e+00 0.000000000e+00 0.000000000e+00 0.000000000e+00 -4.604197274e-19 1.000000000e+01 1.000000000e+01 4.574245199e-19 
d -6.400000000e+00 -6.400000000e+00 0.000000000e+00 0.000000000e+00 0.000000000e+00 -4.400477278e-19 1.000000000e+01 1.000000000e+01 4.472415905e-19 
d -6.600000000e+00 -6.600000000e+00 0.000000000e+00 0.000000000e+00 0.000000000e+00 -4.390328773e-19 1.000000000e+01 1.000000000e+01 4.375672806e-19 
d -6.800000000e+00 -6.800000000e+00 0.000000000e+00 0.000000000e+00 0.000000000e+00 -4.306635862e-19 1.000000000e+01 1.000000000e+01 4.283069629e-19 
d -7.000000000e+00 -7.000000000e+00 0.000000000e+00 0.000000000e+00 0.000000000e+00 -4.220767500e-19 1.000000000e+01 1.000000000e+01 4.201816174e-19 
d -7.200000000e+00 -7.200000000e+00 0.000000000e+00 0.000000000e+00 0.000000000e+00 -4.123365878e-19 1.000000000e+01 1.000000000e+01 4.114062559e-19 
d -7.400000000e+00 -7.400000000e+00 0.000000000e+00 0.000000000e+00 0.000000000e+00 -3.981791129e-19 1.000000000e+01 1.000000000e+01 4.046061052e-19 
d -7.600000000e+00 -7.600000000e+00 0.000000000e+00 0.000000000e+00 0.000000000e+00 -3.932644909e-19 1.000000000e+01 1.000000000e+01 3.968299382e-19 
d -7.800000000e+00 -7.800000000e+00 0.000000000e+00 0.000000000e+00 0.000000000e+00 -3.907586511e-19 1.000000000e+01 1.000000000e+01 3.894152689e-19 
d -8.000000000e+00 -8.000000000e+00 0.000000000e+00 0.000000000e+00 0.000000000e+00 -3.802567768e-19 1.000000000e+01 1.000000000e+01 3.828089314e-19 
d -8.200000000e+00 -8.200000000e+00 0.000000000e+00 0.000000000e+00 0.000000000e+00 -3.772830667e-19 1.000000000e+01 1.000000000e+01 3.759297230e-19 
d -8.400000000e+00 -8.400000000e+00 0.000000000e+00 0.000000000e+00 0.000000000e+00 -3.720540282e-19 1.000000000e+01 1.000000000e+01 3.699238838e-19 
d -8.600000000e+00 -8.600000000e+00 0.000000000e+00 0.000000000e+00 0.000000000e+00 -3.651887283e-19 1.000000000e+01 1.000000000e+01 3.634235773e-19 
d -8.800000000e+00 -8.800000000e+00 0.000000000e+00 0.000000000e+00 0.000000000e+00 -3.583929250e-19 1.000000000e+01 1.000000000e+01 3.577724623e-19 
d -9.000000000e+00 -9.000000000e+00 0.000000000e+00 0.000000000e+00 0.000000000e+00 -3.524405238e-19 1.000000000e+01 1.000000000e+01 3.521919270e-19 
d -9.200000000e+00 -9.200000000e+00 0.000000000e+00 0.000000000e+00 0.000000000e+00 -3.436800454e-19 1.000000000e+01 1.000000000e+01 3.466582567e-19 
d -9.400000000e+00 -9.400000000e+00 0.000000000e+00 0.000000000e+00 0.000000000e+00 -3.407252352e-19 1.000000000e+01 1.000000000e+01 3.413527838e-19 
d -9.600000000e+00 -9.600000000e+00 0.000000000e+00 0.000000000e+00 0.000000000e+00 -3.348775196e-19 1.000000000e+01 1.000000000e+01 3.363618900e-19 
d -9.800000000e+00 -9.800000000e+00 0.000000000e+00 0.000000000e+00 0.000000000e+00 -3.328864121e-19 1.000000000e+01 1.000000000e+01 3.314579594e-19 
d -1.000000000e+01 -1.000000000e+01 0.000000000e+00 0.000000000e+00 0.000000000e+00 -3.249655759e-19 1.000000000e+01 1.000000000e+01 3.264928781e-19 
