v ATLAS
# This file was created by ATLAS version 5.24.1.R on Mon May 11 02:27:44 2020.
#SSF 2.0 generic
##############################################################################
#                    Copyright (c) 1984 - 2017                               #
#                    Silvaco Inc. All rights reserved                        #
#                                                                            #
# This file format and the following Key are copyright Silvaco Inc.          #
# You may not use, this format or key without reproducing this message in    #
# full and obtaining express written permission from Silvaco Inc.            #
#                                                                            #
# To obtain such permission please contact: Silvaco Inc.                     #
#                                           support@silvaco.com              #
#                                                                            #
# KEY=SVC86hn7562asdx                       PROD=345                         #
##############################################################################
y 3 700 711 15
z 51 1e+41 300
f 3 "gate" "source" "drain" 
p 9 2 601 20 3 602 21 4 603 22 
d 0.000000000e+00 0.000000000e+00 0.000000000e+00 0.000000000e+00 0.000000000e+00 -5.436377437e-15 1.000000000e+01 1.000000000e+01 5.435530820e-15 
d -2.000000000e-01 -2.000000000e-01 0.000000000e+00 0.000000000e+00 0.000000000e+00 -5.152493344e-15 1.000000000e+01 1.000000000e+01 5.151670208e-15 
d -4.000000000e-01 -4.000000000e-01 0.000000000e+00 0.000000000e+00 0.000000000e+00 -4.998368571e-15 1.000000000e+01 1.000000000e+01 4.998799866e-15 
d -6.000000000e-01 -6.000000000e-01 0.000000000e+00 0.000000000e+00 0.000000000e+00 -4.898760435e-15 1.000000000e+01 1.000000000e+01 4.894033614e-15 
d -8.000000000e-01 -8.000000000e-01 0.000000000e+00 0.000000000e+00 0.000000000e+00 -4.827034092e-15 1.000000000e+01 1.000000000e+01 4.829572340e-15 
d -1.000000000e+00 -1.000000000e+00 0.000000000e+00 0.000000000e+00 0.000000000e+00 -4.771309616e-15 1.000000000e+01 1.000000000e+01 4.768649151e-15 
d -1.200000000e+00 -1.200000000e+00 0.000000000e+00 0.000000000e+00 0.000000000e+00 -4.726874074e-15 1.000000000e+01 1.000000000e+01 4.725093103e-15 
d -1.400000000e+00 -1.400000000e+00 0.000000000e+00 0.000000000e+00 0.000000000e+00 -4.690697117e-15 1.000000000e+01 1.000000000e+01 4.694133293e-15 
d -1.600000000e+00 -1.600000000e+00 0.000000000e+00 0.000000000e+00 0.000000000e+00 -4.659822808e-15 1.000000000e+01 1.000000000e+01 4.663550229e-15 
d -1.800000000e+00 -1.800000000e+00 0.000000000e+00 0.000000000e+00 0.000000000e+00 -4.697657497e-15 1.000000000e+01 1.000000000e+01 4.632113154e-15 
d -2.000000000e+00 -2.000000000e+00 0.000000000e+00 0.000000000e+00 0.000000000e+00 -4.625006164e-15 1.000000000e+01 1.000000000e+01 4.604199430e-15 
d -2.200000000e+00 -2.200000000e+00 0.000000000e+00 0.000000000e+00 0.000000000e+00 -4.592731836e-15 1.000000000e+01 1.000000000e+01 4.588136783e-15 
d -2.400000000e+00 -2.400000000e+00 0.000000000e+00 0.000000000e+00 0.000000000e+00 -4.572041234e-15 1.000000000e+01 1.000000000e+01 4.566348221e-15 
d -2.600000000e+00 -2.600000000e+00 0.000000000e+00 0.000000000e+00 0.000000000e+00 -4.554987621e-15 1.000000000e+01 1.000000000e+01 4.556778118e-15 
d -2.800000000e+00 -2.800000000e+00 0.000000000e+00 0.000000000e+00 0.000000000e+00 -4.539946166e-15 1.000000000e+01 1.000000000e+01 4.536674850e-15 
d -3.000000000e+00 -3.000000000e+00 0.000000000e+00 0.000000000e+00 0.000000000e+00 -4.526371875e-15 1.000000000e+01 1.000000000e+01 4.526873252e-15 
d -3.200000000e+00 -3.200000000e+00 0.000000000e+00 0.000000000e+00 0.000000000e+00 -4.513273298e-15 1.000000000e+01 1.000000000e+01 4.510550374e-15 
d -3.400000000e+00 -3.400000000e+00 0.000000000e+00 0.000000000e+00 0.000000000e+00 -4.501103423e-15 1.000000000e+01 1.000000000e+01 4.497853721e-15 
d -3.600000000e+00 -3.600000000e+00 0.000000000e+00 0.000000000e+00 0.000000000e+00 -4.490171775e-15 1.000000000e+01 1.000000000e+01 4.484583561e-15 
d -3.800000000e+00 -3.800000000e+00 0.000000000e+00 0.000000000e+00 0.000000000e+00 -4.479632192e-15 1.000000000e+01 1.000000000e+01 4.481247774e-15 
d -4.000000000e+00 -4.000000000e+00 0.000000000e+00 0.000000000e+00 0.000000000e+00 -4.469490945e-15 1.000000000e+01 1.000000000e+01 4.471466164e-15 
d -4.200000000e+00 -4.200000000e+00 0.000000000e+00 0.000000000e+00 0.000000000e+00 -4.460527841e-15 1.000000000e+01 1.000000000e+01 4.462727430e-15 
d -4.400000000e+00 -4.400000000e+00 0.000000000e+00 0.000000000e+00 0.000000000e+00 -4.452031043e-15 1.000000000e+01 1.000000000e+01 4.451530740e-15 
d -4.600000000e+00 -4.600000000e+00 0.000000000e+00 0.000000000e+00 0.000000000e+00 -4.443228260e-15 1.000000000e+01 1.000000000e+01 4.445743410e-15 
d -4.800000000e+00 -4.800000000e+00 0.000000000e+00 0.000000000e+00 0.000000000e+00 -4.435115316e-15 1.000000000e+01 1.000000000e+01 4.432942192e-15 
d -5.000000000e+00 -5.000000000e+00 0.000000000e+00 0.000000000e+00 0.000000000e+00 -4.427773372e-15 1.000000000e+01 1.000000000e+01 4.422724083e-15 
d -5.200000000e+00 -5.200000000e+00 0.000000000e+00 0.000000000e+00 0.000000000e+00 -4.421760184e-15 1.000000000e+01 1.000000000e+01 4.421586049e-15 
d -5.400000000e+00 -5.400000000e+00 0.000000000e+00 0.000000000e+00 0.000000000e+00 -4.414632307e-15 1.000000000e+01 1.000000000e+01 4.414482294e-15 
d -5.600000000e+00 -5.600000000e+00 0.000000000e+00 0.000000000e+00 0.000000000e+00 -4.407344459e-15 1.000000000e+01 1.000000000e+01 4.407214595e-15 
d -5.800000000e+00 -5.800000000e+00 0.000000000e+00 0.000000000e+00 0.000000000e+00 -4.400572954e-15 1.000000000e+01 1.000000000e+01 4.398728491e-15 
d -6.000000000e+00 -6.000000000e+00 0.000000000e+00 0.000000000e+00 0.000000000e+00 -4.394159279e-15 1.000000000e+01 1.000000000e+01 4.396475540e-15 
d -6.200000000e+00 -6.200000000e+00 0.000000000e+00 0.000000000e+00 0.000000000e+00 -4.388521152e-15 1.000000000e+01 1.000000000e+01 4.390398779e-15 
d -6.400000000e+00 -6.400000000e+00 0.000000000e+00 0.000000000e+00 0.000000000e+00 -4.382466445e-15 1.000000000e+01 1.000000000e+01 4.381113455e-15 
d -6.600000000e+00 -6.600000000e+00 0.000000000e+00 0.000000000e+00 0.000000000e+00 -4.376730705e-15 1.000000000e+01 1.000000000e+01 4.380761578e-15 
d -6.800000000e+00 -6.800000000e+00 0.000000000e+00 0.000000000e+00 0.000000000e+00 -4.371314107e-15 1.000000000e+01 1.000000000e+01 4.373642330e-15 
d -7.000000000e+00 -7.000000000e+00 0.000000000e+00 0.000000000e+00 0.000000000e+00 -4.366117415e-15 1.000000000e+01 1.000000000e+01 4.368578965e-15 
d -7.200000000e+00 -7.200000000e+00 0.000000000e+00 0.000000000e+00 0.000000000e+00 -4.360783010e-15 1.000000000e+01 1.000000000e+01 4.364557366e-15 
d -7.400000000e+00 -7.400000000e+00 0.000000000e+00 0.000000000e+00 0.000000000e+00 -4.355986671e-15 1.000000000e+01 1.000000000e+01 4.355714306e-15 
d -7.600000000e+00 -7.600000000e+00 0.000000000e+00 0.000000000e+00 0.000000000e+00 -4.351092502e-15 1.000000000e+01 1.000000000e+01 4.347772909e-15 
d -7.800000000e+00 -7.800000000e+00 0.000000000e+00 0.000000000e+00 0.000000000e+00 -4.346418523e-15 1.000000000e+01 1.000000000e+01 4.344965817e-15 
d -8.000000000e+00 -8.000000000e+00 0.000000000e+00 0.000000000e+00 0.000000000e+00 -4.342024385e-15 1.000000000e+01 1.000000000e+01 4.344768684e-15 
d -8.200000000e+00 -8.200000000e+00 0.000000000e+00 0.000000000e+00 0.000000000e+00 -4.337612002e-15 1.000000000e+01 1.000000000e+01 4.335853197e-15 
d -8.400000000e+00 -8.400000000e+00 0.000000000e+00 0.000000000e+00 0.000000000e+00 -4.333280752e-15 1.000000000e+01 1.000000000e+01 4.329348230e-15 
d -8.600000000e+00 -8.600000000e+00 0.000000000e+00 0.000000000e+00 0.000000000e+00 -4.329130005e-15 1.000000000e+01 1.000000000e+01 4.328532613e-15 
d -8.800000000e+00 -8.800000000e+00 0.000000000e+00 0.000000000e+00 0.000000000e+00 -4.325000765e-15 1.000000000e+01 1.000000000e+01 4.322574948e-15 
d -9.000000000e+00 -9.000000000e+00 0.000000000e+00 0.000000000e+00 0.000000000e+00 -4.320992392e-15 1.000000000e+01 1.000000000e+01 4.319344912e-15 
d -9.200000000e+00 -9.200000000e+00 0.000000000e+00 0.000000000e+00 0.000000000e+00 -4.317045247e-15 1.000000000e+01 1.000000000e+01 4.317133125e-15 
d -9.400000000e+00 -9.400000000e+00 0.000000000e+00 0.000000000e+00 0.000000000e+00 -4.313159311e-15 1.000000000e+01 1.000000000e+01 4.314210354e-15 
d -9.600000000e+00 -9.600000000e+00 0.000000000e+00 0.000000000e+00 0.000000000e+00 -4.309612790e-15 1.000000000e+01 1.000000000e+01 4.315425539e-15 
d -9.800000000e+00 -9.800000000e+00 0.000000000e+00 0.000000000e+00 0.000000000e+00 -4.306028058e-15 1.000000000e+01 1.000000000e+01 4.300745900e-15 
d -1.000000000e+01 -1.000000000e+01 0.000000000e+00 0.000000000e+00 0.000000000e+00 -4.302285845e-15 1.000000000e+01 1.000000000e+01 4.300697085e-15 
