v ATLAS
# This file was created by ATLAS version 5.24.1.R on Sun May 10 20:03:27 2020.
#SSF 2.0 generic
##############################################################################
#                    Copyright (c) 1984 - 2017                               #
#                    Silvaco Inc. All rights reserved                        #
#                                                                            #
# This file format and the following Key are copyright Silvaco Inc.          #
# You may not use, this format or key without reproducing this message in    #
# full and obtaining express written permission from Silvaco Inc.            #
#                                                                            #
# To obtain such permission please contact: Silvaco Inc.                     #
#                                           support@silvaco.com              #
#                                                                            #
# KEY=SVC86hn7562asdx                       PROD=345                         #
##############################################################################
y 3 700 711 15
z 51 1e+41 300
f 3 "gate" "source" "drain" 
p 9 2 601 20 3 602 21 4 603 22 
d 0.000000000e+00 0.000000000e+00 0.000000000e+00 0.000000000e+00 0.000000000e+00 -2.988515662e-17 1.000000000e+01 1.000000000e+01 2.988221675e-17 
d -2.000000000e-01 -2.000000000e-01 0.000000000e+00 0.000000000e+00 0.000000000e+00 -1.943190939e-17 1.000000000e+01 1.000000000e+01 -1.958673611e-16 
d -4.000000000e-01 -4.000000000e-01 0.000000000e+00 0.000000000e+00 0.000000000e+00 -1.526236811e-17 1.000000000e+01 1.000000000e+01 1.514337821e-17 
d -6.000000000e-01 -6.000000000e-01 0.000000000e+00 0.000000000e+00 0.000000000e+00 -1.295434280e-17 1.000000000e+01 1.000000000e+01 1.302051442e-17 
d -8.000000000e-01 -8.000000000e-01 0.000000000e+00 0.000000000e+00 0.000000000e+00 -1.141811059e-17 1.000000000e+01 1.000000000e+01 1.149682457e-17 
d -1.000000000e+00 -1.000000000e+00 0.000000000e+00 0.000000000e+00 0.000000000e+00 -1.031208094e-17 1.000000000e+01 1.000000000e+01 1.050381587e-17 
d -1.200000000e+00 -1.200000000e+00 0.000000000e+00 0.000000000e+00 0.000000000e+00 -9.775899100e-18 1.000000000e+01 1.000000000e+01 9.758406146e-18 
d -1.400000000e+00 -1.400000000e+00 0.000000000e+00 0.000000000e+00 0.000000000e+00 -9.162965885e-18 1.000000000e+01 1.000000000e+01 9.198721037e-18 
d -1.600000000e+00 -1.600000000e+00 0.000000000e+00 0.000000000e+00 0.000000000e+00 -8.658138001e-18 1.000000000e+01 1.000000000e+01 8.699085864e-18 
d -1.800000000e+00 -1.800000000e+00 0.000000000e+00 0.000000000e+00 0.000000000e+00 -8.350588722e-18 1.000000000e+01 1.000000000e+01 8.275474060e-18 
d -2.000000000e+00 -2.000000000e+00 0.000000000e+00 0.000000000e+00 0.000000000e+00 -7.944099237e-18 1.000000000e+01 1.000000000e+01 7.964355451e-18 
d -2.200000000e+00 -2.200000000e+00 0.000000000e+00 0.000000000e+00 0.000000000e+00 -7.501442999e-18 1.000000000e+01 1.000000000e+01 7.697593301e-18 
d -2.400000000e+00 -2.400000000e+00 0.000000000e+00 0.000000000e+00 0.000000000e+00 -7.394180888e-18 1.000000000e+01 1.000000000e+01 7.425404504e-18 
d -2.600000000e+00 -2.600000000e+00 0.000000000e+00 0.000000000e+00 0.000000000e+00 -7.229178058e-18 1.000000000e+01 1.000000000e+01 7.176047839e-18 
d -2.800000000e+00 -2.800000000e+00 0.000000000e+00 0.000000000e+00 0.000000000e+00 -7.073134684e-18 1.000000000e+01 1.000000000e+01 7.032661476e-18 
d -3.000000000e+00 -3.000000000e+00 0.000000000e+00 0.000000000e+00 0.000000000e+00 -6.925833752e-18 1.000000000e+01 1.000000000e+01 6.827414440e-18 
d -3.200000000e+00 -3.200000000e+00 0.000000000e+00 0.000000000e+00 0.000000000e+00 -6.610778525e-18 1.000000000e+01 1.000000000e+01 6.732295780e-18 
d -3.400000000e+00 -3.400000000e+00 0.000000000e+00 0.000000000e+00 0.000000000e+00 -6.560165767e-18 1.000000000e+01 1.000000000e+01 6.529442941e-18 
d -3.600000000e+00 -3.600000000e+00 0.000000000e+00 0.000000000e+00 0.000000000e+00 -6.403838591e-18 1.000000000e+01 1.000000000e+01 6.406875370e-18 
d -3.800000000e+00 -3.800000000e+00 0.000000000e+00 0.000000000e+00 0.000000000e+00 -6.343029017e-18 1.000000000e+01 1.000000000e+01 6.293926414e-18 
d -4.000000000e+00 -4.000000000e+00 0.000000000e+00 0.000000000e+00 0.000000000e+00 -6.198885282e-18 1.000000000e+01 1.000000000e+01 6.205117535e-18 
d -4.200000000e+00 -4.200000000e+00 0.000000000e+00 0.000000000e+00 0.000000000e+00 -6.040939601e-18 1.000000000e+01 1.000000000e+01 6.082698837e-18 
d -4.400000000e+00 -4.400000000e+00 0.000000000e+00 0.000000000e+00 0.000000000e+00 -5.958521096e-18 1.000000000e+01 1.000000000e+01 5.995911089e-18 
d -4.600000000e+00 -4.600000000e+00 0.000000000e+00 0.000000000e+00 0.000000000e+00 -5.896773819e-18 1.000000000e+01 1.000000000e+01 5.896977780e-18 
d -4.800000000e+00 -4.800000000e+00 0.000000000e+00 0.000000000e+00 0.000000000e+00 -5.798280079e-18 1.000000000e+01 1.000000000e+01 5.840092790e-18 
d -5.000000000e+00 -5.000000000e+00 0.000000000e+00 0.000000000e+00 0.000000000e+00 -5.743496128e-18 1.000000000e+01 1.000000000e+01 5.753099225e-18 
d -5.200000000e+00 -5.200000000e+00 0.000000000e+00 0.000000000e+00 0.000000000e+00 -5.671365993e-18 1.000000000e+01 1.000000000e+01 5.680779583e-18 
d -5.400000000e+00 -5.400000000e+00 0.000000000e+00 0.000000000e+00 0.000000000e+00 -5.585548556e-18 1.000000000e+01 1.000000000e+01 5.599001876e-18 
d -5.600000000e+00 -5.600000000e+00 0.000000000e+00 0.000000000e+00 0.000000000e+00 -5.520864875e-18 1.000000000e+01 1.000000000e+01 5.518897003e-18 
d -5.800000000e+00 -5.800000000e+00 0.000000000e+00 0.000000000e+00 0.000000000e+00 -5.411596642e-18 1.000000000e+01 1.000000000e+01 5.448816498e-18 
d -6.000000000e+00 -6.000000000e+00 0.000000000e+00 0.000000000e+00 0.000000000e+00 -5.382102525e-18 1.000000000e+01 1.000000000e+01 5.398599859e-18 
d -6.200000000e+00 -6.200000000e+00 0.000000000e+00 0.000000000e+00 0.000000000e+00 -5.293427447e-18 1.000000000e+01 1.000000000e+01 5.305434794e-18 
d -6.400000000e+00 -6.400000000e+00 0.000000000e+00 0.000000000e+00 0.000000000e+00 -5.250058900e-18 1.000000000e+01 1.000000000e+01 5.256191444e-18 
d -6.600000000e+00 -6.600000000e+00 0.000000000e+00 0.000000000e+00 0.000000000e+00 -5.203671754e-18 1.000000000e+01 1.000000000e+01 5.182951436e-18 
d -6.800000000e+00 -6.800000000e+00 0.000000000e+00 0.000000000e+00 0.000000000e+00 -5.136303275e-18 1.000000000e+01 1.000000000e+01 5.160644908e-18 
d -7.000000000e+00 -7.000000000e+00 0.000000000e+00 0.000000000e+00 0.000000000e+00 -5.110624142e-18 1.000000000e+01 1.000000000e+01 5.110498365e-18 
d -7.200000000e+00 -7.200000000e+00 0.000000000e+00 0.000000000e+00 0.000000000e+00 -5.043868055e-18 1.000000000e+01 1.000000000e+01 5.076866838e-18 
d -7.400000000e+00 -7.400000000e+00 0.000000000e+00 0.000000000e+00 0.000000000e+00 -5.008458484e-18 1.000000000e+01 1.000000000e+01 4.996823742e-18 
d -7.600000000e+00 -7.600000000e+00 0.000000000e+00 0.000000000e+00 0.000000000e+00 -4.955718050e-18 1.000000000e+01 1.000000000e+01 4.958672220e-18 
d -7.800000000e+00 -7.800000000e+00 0.000000000e+00 0.000000000e+00 0.000000000e+00 -4.931448155e-18 1.000000000e+01 1.000000000e+01 4.929924823e-18 
d -8.000000000e+00 -8.000000000e+00 0.000000000e+00 0.000000000e+00 0.000000000e+00 -4.879712390e-18 1.000000000e+01 1.000000000e+01 4.884230124e-18 
d -8.200000000e+00 -8.200000000e+00 0.000000000e+00 0.000000000e+00 0.000000000e+00 -4.832241131e-18 1.000000000e+01 1.000000000e+01 4.850590575e-18 
d -8.400000000e+00 -8.400000000e+00 0.000000000e+00 0.000000000e+00 0.000000000e+00 -4.791315752e-18 1.000000000e+01 1.000000000e+01 4.785037836e-18 
d -8.600000000e+00 -8.600000000e+00 0.000000000e+00 0.000000000e+00 0.000000000e+00 -4.748343306e-18 1.000000000e+01 1.000000000e+01 4.782488145e-18 
d -8.800000000e+00 -8.800000000e+00 0.000000000e+00 0.000000000e+00 0.000000000e+00 -4.727899812e-18 1.000000000e+01 1.000000000e+01 4.727712164e-18 
d -9.000000000e+00 -9.000000000e+00 0.000000000e+00 0.000000000e+00 0.000000000e+00 -4.694539787e-18 1.000000000e+01 1.000000000e+01 4.707634195e-18 
d -9.200000000e+00 -9.200000000e+00 0.000000000e+00 0.000000000e+00 0.000000000e+00 -4.653097152e-18 1.000000000e+01 1.000000000e+01 4.672937508e-18 
d -9.400000000e+00 -9.400000000e+00 0.000000000e+00 0.000000000e+00 0.000000000e+00 -4.612705125e-18 1.000000000e+01 1.000000000e+01 4.618090952e-18 
d -9.600000000e+00 -9.600000000e+00 0.000000000e+00 0.000000000e+00 0.000000000e+00 -4.589339153e-18 1.000000000e+01 1.000000000e+01 4.569626447e-18 
d -9.800000000e+00 -9.800000000e+00 0.000000000e+00 0.000000000e+00 0.000000000e+00 -4.543134171e-18 1.000000000e+01 1.000000000e+01 4.536221956e-18 
d -1.000000000e+01 -1.000000000e+01 0.000000000e+00 0.000000000e+00 0.000000000e+00 -4.517977464e-18 1.000000000e+01 1.000000000e+01 4.529972324e-18 
