v ATLAS
# This file was created by ATLAS version 5.24.1.R on Sun May 10 20:07:07 2020.
#SSF 2.0 generic
##############################################################################
#                    Copyright (c) 1984 - 2017                               #
#                    Silvaco Inc. All rights reserved                        #
#                                                                            #
# This file format and the following Key are copyright Silvaco Inc.          #
# You may not use, this format or key without reproducing this message in    #
# full and obtaining express written permission from Silvaco Inc.            #
#                                                                            #
# To obtain such permission please contact: Silvaco Inc.                     #
#                                           support@silvaco.com              #
#                                                                            #
# KEY=SVC86hn7562asdx                       PROD=345                         #
##############################################################################
y 3 700 711 15
z 51 1e+41 300
f 3 "gate" "source" "drain" 
p 9 2 601 20 3 602 21 4 603 22 
d 0.000000000e+00 0.000000000e+00 0.000000000e+00 0.000000000e+00 0.000000000e+00 -1.431182312e-16 1.000000000e+01 1.000000000e+01 1.434353659e-16 
d -2.000000000e-01 -2.000000000e-01 0.000000000e+00 0.000000000e+00 0.000000000e+00 -1.123137834e-16 1.000000000e+01 1.000000000e+01 1.134520711e-16 
d -4.000000000e-01 -4.000000000e-01 0.000000000e+00 0.000000000e+00 0.000000000e+00 -9.919352844e-17 1.000000000e+01 1.000000000e+01 9.973804286e-17 
d -6.000000000e-01 -6.000000000e-01 0.000000000e+00 0.000000000e+00 0.000000000e+00 -9.106392253e-17 1.000000000e+01 1.000000000e+01 9.164870139e-17 
d -8.000000000e-01 -8.000000000e-01 0.000000000e+00 0.000000000e+00 0.000000000e+00 -8.561774704e-17 1.000000000e+01 1.000000000e+01 8.529123401e-17 
d -1.000000000e+00 -1.000000000e+00 0.000000000e+00 0.000000000e+00 0.000000000e+00 -8.154283103e-17 1.000000000e+01 1.000000000e+01 8.130528257e-17 
d -1.200000000e+00 -1.200000000e+00 0.000000000e+00 0.000000000e+00 0.000000000e+00 -7.842725140e-17 1.000000000e+01 1.000000000e+01 7.911341912e-17 
d -1.400000000e+00 -1.400000000e+00 0.000000000e+00 0.000000000e+00 0.000000000e+00 -7.601025958e-17 1.000000000e+01 1.000000000e+01 7.654552517e-17 
d -1.600000000e+00 -1.600000000e+00 0.000000000e+00 0.000000000e+00 0.000000000e+00 -7.424042603e-17 1.000000000e+01 1.000000000e+01 7.439571319e-17 
d -1.800000000e+00 -1.800000000e+00 0.000000000e+00 0.000000000e+00 0.000000000e+00 -7.242371963e-17 1.000000000e+01 1.000000000e+01 7.257644077e-17 
d -2.000000000e+00 -2.000000000e+00 0.000000000e+00 0.000000000e+00 0.000000000e+00 -7.103722195e-17 1.000000000e+01 1.000000000e+01 7.074438732e-17 
d -2.200000000e+00 -2.200000000e+00 0.000000000e+00 0.000000000e+00 0.000000000e+00 -6.959517420e-17 1.000000000e+01 1.000000000e+01 7.093336684e-17 
d -2.400000000e+00 -2.400000000e+00 0.000000000e+00 0.000000000e+00 0.000000000e+00 -6.862151376e-17 1.000000000e+01 1.000000000e+01 6.790900341e-17 
d -2.600000000e+00 -2.600000000e+00 0.000000000e+00 0.000000000e+00 0.000000000e+00 -6.763192650e-17 1.000000000e+01 1.000000000e+01 6.792093550e-17 
d -2.800000000e+00 -2.800000000e+00 0.000000000e+00 0.000000000e+00 0.000000000e+00 -6.651692646e-17 1.000000000e+01 1.000000000e+01 6.756412669e-17 
d -3.000000000e+00 -3.000000000e+00 0.000000000e+00 0.000000000e+00 0.000000000e+00 -6.597261498e-17 1.000000000e+01 1.000000000e+01 6.651990437e-17 
d -3.200000000e+00 -3.200000000e+00 0.000000000e+00 0.000000000e+00 0.000000000e+00 -6.503574001e-17 1.000000000e+01 1.000000000e+01 6.512116559e-17 
d -3.400000000e+00 -3.400000000e+00 0.000000000e+00 0.000000000e+00 0.000000000e+00 -6.489258622e-17 1.000000000e+01 1.000000000e+01 6.458818805e-17 
d -3.600000000e+00 -3.600000000e+00 0.000000000e+00 0.000000000e+00 0.000000000e+00 -6.391119765e-17 1.000000000e+01 1.000000000e+01 6.367483447e-17 
d -3.800000000e+00 -3.800000000e+00 0.000000000e+00 0.000000000e+00 0.000000000e+00 -6.319478393e-17 1.000000000e+01 1.000000000e+01 6.315740713e-17 
d -4.000000000e+00 -4.000000000e+00 0.000000000e+00 0.000000000e+00 0.000000000e+00 -6.267504850e-17 1.000000000e+01 1.000000000e+01 6.227968059e-17 
d -4.200000000e+00 -4.200000000e+00 0.000000000e+00 0.000000000e+00 0.000000000e+00 -6.219188449e-17 1.000000000e+01 1.000000000e+01 6.244933342e-17 
d -4.400000000e+00 -4.400000000e+00 0.000000000e+00 0.000000000e+00 0.000000000e+00 -6.171363123e-17 1.000000000e+01 1.000000000e+01 6.193415147e-17 
d -4.600000000e+00 -4.600000000e+00 0.000000000e+00 0.000000000e+00 0.000000000e+00 -6.110825839e-17 1.000000000e+01 1.000000000e+01 6.211721934e-17 
d -4.800000000e+00 -4.800000000e+00 0.000000000e+00 0.000000000e+00 0.000000000e+00 -6.079171093e-17 1.000000000e+01 1.000000000e+01 6.157705520e-17 
d -5.000000000e+00 -5.000000000e+00 0.000000000e+00 0.000000000e+00 0.000000000e+00 -6.050691066e-17 1.000000000e+01 1.000000000e+01 6.027098348e-17 
d -5.200000000e+00 -5.200000000e+00 0.000000000e+00 0.000000000e+00 0.000000000e+00 -6.176660256e-17 1.000000000e+01 1.000000000e+01 6.034248286e-17 
d -5.400000000e+00 -5.400000000e+00 0.000000000e+00 0.000000000e+00 0.000000000e+00 -6.234729865e-17 1.000000000e+01 1.000000000e+01 5.926975364e-17 
d -5.600000000e+00 -5.600000000e+00 0.000000000e+00 0.000000000e+00 0.000000000e+00 -6.045433627e-17 1.000000000e+01 1.000000000e+01 5.985219069e-17 
d -5.800000000e+00 -5.800000000e+00 0.000000000e+00 0.000000000e+00 0.000000000e+00 -5.920718386e-17 1.000000000e+01 1.000000000e+01 5.772727802e-17 
d -6.000000000e+00 -6.000000000e+00 0.000000000e+00 0.000000000e+00 0.000000000e+00 -5.854536858e-17 1.000000000e+01 1.000000000e+01 5.850658870e-17 
d -6.200000000e+00 -6.200000000e+00 0.000000000e+00 0.000000000e+00 0.000000000e+00 -5.828389844e-17 1.000000000e+01 1.000000000e+01 5.864247977e-17 
d -6.400000000e+00 -6.400000000e+00 0.000000000e+00 0.000000000e+00 0.000000000e+00 -5.791454133e-17 1.000000000e+01 1.000000000e+01 5.733485450e-17 
d -6.600000000e+00 -6.600000000e+00 0.000000000e+00 0.000000000e+00 0.000000000e+00 -5.765918001e-17 1.000000000e+01 1.000000000e+01 5.681187380e-17 
d -6.800000000e+00 -6.800000000e+00 0.000000000e+00 0.000000000e+00 0.000000000e+00 -5.723521992e-17 1.000000000e+01 1.000000000e+01 5.763730177e-17 
d -7.000000000e+00 -7.000000000e+00 0.000000000e+00 0.000000000e+00 0.000000000e+00 -5.713251246e-17 1.000000000e+01 1.000000000e+01 5.759261399e-17 
d -7.200000000e+00 -7.200000000e+00 0.000000000e+00 0.000000000e+00 0.000000000e+00 -5.675272450e-17 1.000000000e+01 1.000000000e+01 5.667520418e-17 
d -7.400000000e+00 -7.400000000e+00 0.000000000e+00 0.000000000e+00 0.000000000e+00 -5.658055435e-17 1.000000000e+01 1.000000000e+01 5.591838816e-17 
d -7.600000000e+00 -7.600000000e+00 0.000000000e+00 0.000000000e+00 0.000000000e+00 -5.634544388e-17 1.000000000e+01 1.000000000e+01 5.644740690e-17 
d -7.800000000e+00 -7.800000000e+00 0.000000000e+00 0.000000000e+00 0.000000000e+00 -5.606247229e-17 1.000000000e+01 1.000000000e+01 5.668718575e-17 
d -8.000000000e+00 -8.000000000e+00 0.000000000e+00 0.000000000e+00 0.000000000e+00 -5.582369410e-17 1.000000000e+01 1.000000000e+01 5.546509806e-17 
d -8.200000000e+00 -8.200000000e+00 0.000000000e+00 0.000000000e+00 0.000000000e+00 -5.562176900e-17 1.000000000e+01 1.000000000e+01 5.586644120e-17 
d -8.400000000e+00 -8.400000000e+00 0.000000000e+00 0.000000000e+00 0.000000000e+00 -5.541952533e-17 1.000000000e+01 1.000000000e+01 5.594104730e-17 
d -8.600000000e+00 -8.600000000e+00 0.000000000e+00 0.000000000e+00 0.000000000e+00 -5.522449054e-17 1.000000000e+01 1.000000000e+01 5.462064474e-17 
d -8.800000000e+00 -8.800000000e+00 0.000000000e+00 0.000000000e+00 0.000000000e+00 -5.490009538e-17 1.000000000e+01 1.000000000e+01 5.529361989e-17 
d -9.000000000e+00 -9.000000000e+00 0.000000000e+00 0.000000000e+00 0.000000000e+00 -5.482647342e-17 1.000000000e+01 1.000000000e+01 5.509315052e-17 
d -9.200000000e+00 -9.200000000e+00 0.000000000e+00 0.000000000e+00 0.000000000e+00 -5.465339509e-17 1.000000000e+01 1.000000000e+01 5.407383651e-17 
d -9.400000000e+00 -9.400000000e+00 0.000000000e+00 0.000000000e+00 0.000000000e+00 -5.441567455e-17 1.000000000e+01 1.000000000e+01 5.519679425e-17 
d -9.600000000e+00 -9.600000000e+00 0.000000000e+00 0.000000000e+00 0.000000000e+00 -5.423009870e-17 1.000000000e+01 1.000000000e+01 5.416928238e-17 
d -9.800000000e+00 -9.800000000e+00 0.000000000e+00 0.000000000e+00 0.000000000e+00 -5.398241895e-17 1.000000000e+01 1.000000000e+01 5.355246764e-17 
d -1.000000000e+01 -1.000000000e+01 0.000000000e+00 0.000000000e+00 0.000000000e+00 -5.387884433e-17 1.000000000e+01 1.000000000e+01 5.324942661e-17 
