v ATLAS
# This file was created by ATLAS version 5.24.1.R on Mon May 11 10:26:42 2020.
#SSF 2.0 generic
##############################################################################
#                    Copyright (c) 1984 - 2017                               #
#                    Silvaco Inc. All rights reserved                        #
#                                                                            #
# This file format and the following Key are copyright Silvaco Inc.          #
# You may not use, this format or key without reproducing this message in    #
# full and obtaining express written permission from Silvaco Inc.            #
#                                                                            #
# To obtain such permission please contact: Silvaco Inc.                     #
#                                           support@silvaco.com              #
#                                                                            #
# KEY=SVC86hn7562asdx                       PROD=345                         #
##############################################################################
y 3 700 711 15
z 51 1e+41 300
f 3 "gate" "source" "drain" 
p 9 2 601 20 3 602 21 4 603 22 
d 2.000000000e-01 2.000000000e-01 0.000000000e+00 0.000000000e+00 0.000000000e+00 -2.664682525e-17 1.000000000e+01 1.000000000e+01 2.670594874e-17 
d 4.000000000e-01 4.000000000e-01 0.000000000e+00 0.000000000e+00 0.000000000e+00 -8.771494316e-17 1.000000000e+01 1.000000000e+01 8.763465913e-17 
d 6.000000000e-01 6.000000000e-01 0.000000000e+00 0.000000000e+00 0.000000000e+00 -2.412600731e-16 1.000000000e+01 1.000000000e+01 2.412530927e-16 
d 8.000000000e-01 8.000000000e-01 0.000000000e+00 0.000000000e+00 0.000000000e+00 -6.395163080e-16 1.000000000e+01 1.000000000e+01 6.395065434e-16 
d 1.000000000e+00 1.000000000e+00 0.000000000e+00 0.000000000e+00 0.000000000e+00 -1.879357492e-15 1.000000000e+01 1.000000000e+01 1.879325084e-15 
d 1.200000000e+00 1.200000000e+00 0.000000000e+00 0.000000000e+00 0.000000000e+00 -5.309543502e-15 1.000000000e+01 1.000000000e+01 5.309453369e-15 
d 1.400000000e+00 1.400000000e+00 0.000000000e+00 0.000000000e+00 0.000000000e+00 -1.238757888e-14 1.000000000e+01 1.000000000e+01 1.238757755e-14 
d 1.600000000e+00 1.600000000e+00 0.000000000e+00 0.000000000e+00 0.000000000e+00 -2.476014287e-14 1.000000000e+01 1.000000000e+01 2.476011250e-14 
d 1.800000000e+00 1.800000000e+00 0.000000000e+00 0.000000000e+00 0.000000000e+00 -4.492749855e-14 1.000000000e+01 1.000000000e+01 4.492760139e-14 
d 2.000000000e+00 2.000000000e+00 0.000000000e+00 0.000000000e+00 0.000000000e+00 -7.729724066e-14 1.000000000e+01 1.000000000e+01 7.729710418e-14 
d 2.200000000e+00 2.200000000e+00 0.000000000e+00 0.000000000e+00 0.000000000e+00 -1.306083456e-13 1.000000000e+01 1.000000000e+01 1.306084438e-13 
d 2.400000000e+00 2.400000000e+00 0.000000000e+00 0.000000000e+00 0.000000000e+00 -2.240762135e-13 1.000000000e+01 1.000000000e+01 2.240763285e-13 
d 2.600000000e+00 2.600000000e+00 0.000000000e+00 0.000000000e+00 0.000000000e+00 -3.994245352e-13 1.000000000e+01 1.000000000e+01 3.994247091e-13 
d 2.800000000e+00 2.800000000e+00 0.000000000e+00 0.000000000e+00 0.000000000e+00 -7.249695017e-13 1.000000000e+01 1.000000000e+01 7.249694366e-13 
d 3.000000000e+00 3.000000000e+00 0.000000000e+00 0.000000000e+00 0.000000000e+00 -1.273608779e-12 1.000000000e+01 1.000000000e+01 1.273608637e-12 
d 3.200000000e+00 3.200000000e+00 0.000000000e+00 0.000000000e+00 0.000000000e+00 -2.109252515e-12 1.000000000e+01 1.000000000e+01 2.109252551e-12 
d 3.400000000e+00 3.400000000e+00 0.000000000e+00 0.000000000e+00 0.000000000e+00 -3.294172219e-12 1.000000000e+01 1.000000000e+01 3.294172052e-12 
d 3.600000000e+00 3.600000000e+00 0.000000000e+00 0.000000000e+00 0.000000000e+00 -4.898238667e-12 1.000000000e+01 1.000000000e+01 4.898238776e-12 
d 3.800000000e+00 3.800000000e+00 0.000000000e+00 0.000000000e+00 0.000000000e+00 -7.006420161e-12 1.000000000e+01 1.000000000e+01 7.006420139e-12 
d 4.000000000e+00 4.000000000e+00 0.000000000e+00 0.000000000e+00 0.000000000e+00 -9.726904095e-12 1.000000000e+01 1.000000000e+01 9.726904172e-12 
d 4.200000000e+00 4.200000000e+00 0.000000000e+00 0.000000000e+00 0.000000000e+00 -1.320212000e-11 1.000000000e+01 1.000000000e+01 1.320211996e-11 
d 4.400000000e+00 4.400000000e+00 0.000000000e+00 0.000000000e+00 0.000000000e+00 -1.762528981e-11 1.000000000e+01 1.000000000e+01 1.762528986e-11 
d 4.600000000e+00 4.600000000e+00 0.000000000e+00 0.000000000e+00 0.000000000e+00 -2.326661099e-11 1.000000000e+01 1.000000000e+01 2.326661096e-11 
d 4.800000000e+00 4.800000000e+00 0.000000000e+00 0.000000000e+00 0.000000000e+00 -3.051602443e-11 1.000000000e+01 1.000000000e+01 3.051602437e-11 
d 5.000000000e+00 5.000000000e+00 0.000000000e+00 0.000000000e+00 0.000000000e+00 -3.995418336e-11 1.000000000e+01 1.000000000e+01 3.995418304e-11 
d 5.200000000e+00 5.200000000e+00 0.000000000e+00 0.000000000e+00 0.000000000e+00 -5.246856702e-11 1.000000000e+01 1.000000000e+01 5.246856715e-11 
d 5.400000000e+00 5.400000000e+00 0.000000000e+00 0.000000000e+00 0.000000000e+00 -6.942778453e-11 1.000000000e+01 1.000000000e+01 6.942778477e-11 
d 5.600000000e+00 5.600000000e+00 0.000000000e+00 0.000000000e+00 0.000000000e+00 -9.288152043e-11 1.000000000e+01 1.000000000e+01 9.288152050e-11 
d 5.800000000e+00 5.800000000e+00 0.000000000e+00 0.000000000e+00 0.000000000e+00 -1.256364424e-10 1.000000000e+01 1.000000000e+01 1.256364426e-10 
d 6.000000000e+00 6.000000000e+00 0.000000000e+00 0.000000000e+00 0.000000000e+00 -1.710099331e-10 1.000000000e+01 1.000000000e+01 1.710099331e-10 
d 6.200000000e+00 6.200000000e+00 0.000000000e+00 0.000000000e+00 0.000000000e+00 -2.323533237e-10 1.000000000e+01 1.000000000e+01 2.323533239e-10 
d 6.400000000e+00 6.400000000e+00 0.000000000e+00 0.000000000e+00 0.000000000e+00 -3.127250095e-10 1.000000000e+01 1.000000000e+01 3.127250095e-10 
d 6.600000000e+00 6.600000000e+00 0.000000000e+00 0.000000000e+00 0.000000000e+00 -4.148608059e-10 1.000000000e+01 1.000000000e+01 4.148608058e-10 
d 6.800000000e+00 6.800000000e+00 0.000000000e+00 0.000000000e+00 0.000000000e+00 -5.412958026e-10 1.000000000e+01 1.000000000e+01 5.412958028e-10 
d 7.000000000e+00 7.000000000e+00 0.000000000e+00 0.000000000e+00 0.000000000e+00 -6.945019884e-10 1.000000000e+01 1.000000000e+01 6.945019881e-10 
d 7.200000000e+00 7.200000000e+00 0.000000000e+00 0.000000000e+00 0.000000000e+00 -8.769999875e-10 1.000000000e+01 1.000000000e+01 8.769999879e-10 
d 7.400000000e+00 7.400000000e+00 0.000000000e+00 0.000000000e+00 0.000000000e+00 -1.091446454e-09 1.000000000e+01 1.000000000e+01 1.091446454e-09 
d 7.600000000e+00 7.600000000e+00 0.000000000e+00 0.000000000e+00 0.000000000e+00 -1.340707108e-09 1.000000000e+01 1.000000000e+01 1.340707108e-09 
d 7.800000000e+00 7.800000000e+00 0.000000000e+00 0.000000000e+00 0.000000000e+00 -1.627924101e-09 1.000000000e+01 1.000000000e+01 1.627924101e-09 
d 8.000000000e+00 8.000000000e+00 0.000000000e+00 0.000000000e+00 0.000000000e+00 -1.956584106e-09 1.000000000e+01 1.000000000e+01 1.956584105e-09 
d 8.200000000e+00 8.200000000e+00 0.000000000e+00 0.000000000e+00 0.000000000e+00 -2.330592037e-09 1.000000000e+01 1.000000000e+01 2.330592036e-09 
d 8.400000000e+00 8.400000000e+00 0.000000000e+00 0.000000000e+00 0.000000000e+00 -2.754354571e-09 1.000000000e+01 1.000000000e+01 2.754354571e-09 
d 8.600000000e+00 8.600000000e+00 0.000000000e+00 0.000000000e+00 0.000000000e+00 -3.232877529e-09 1.000000000e+01 1.000000000e+01 3.232877529e-09 
d 8.800000000e+00 8.800000000e+00 0.000000000e+00 0.000000000e+00 0.000000000e+00 -3.771881457e-09 1.000000000e+01 1.000000000e+01 3.771881457e-09 
d 9.000000000e+00 9.000000000e+00 0.000000000e+00 0.000000000e+00 0.000000000e+00 -4.377940397e-09 1.000000000e+01 1.000000000e+01 4.377940397e-09 
d 9.200000000e+00 9.200000000e+00 0.000000000e+00 0.000000000e+00 0.000000000e+00 -5.058649626e-09 1.000000000e+01 1.000000000e+01 5.058649626e-09 
d 9.400000000e+00 9.400000000e+00 0.000000000e+00 0.000000000e+00 0.000000000e+00 -5.822829119e-09 1.000000000e+01 1.000000000e+01 5.822829119e-09 
d 9.600000000e+00 9.600000000e+00 0.000000000e+00 0.000000000e+00 0.000000000e+00 -6.680770416e-09 1.000000000e+01 1.000000000e+01 6.680770417e-09 
d 9.800000000e+00 9.800000000e+00 0.000000000e+00 0.000000000e+00 0.000000000e+00 -7.644535195e-09 1.000000000e+01 1.000000000e+01 7.644535192e-09 
d 1.000000000e+01 1.000000000e+01 0.000000000e+00 0.000000000e+00 0.000000000e+00 -8.728313610e-09 1.000000000e+01 1.000000000e+01 8.728313607e-09 
d 1.020000000e+01 1.020000000e+01 0.000000000e+00 0.000000000e+00 0.000000000e+00 -9.948847895e-09 1.000000000e+01 1.000000000e+01 9.948847889e-09 
d 1.040000000e+01 1.040000000e+01 0.000000000e+00 0.000000000e+00 0.000000000e+00 -1.132592006e-08 1.000000000e+01 1.000000000e+01 1.132592006e-08 
d 1.060000000e+01 1.060000000e+01 0.000000000e+00 0.000000000e+00 0.000000000e+00 -1.288288998e-08 1.000000000e+01 1.000000000e+01 1.288288998e-08 
d 1.080000000e+01 1.080000000e+01 0.000000000e+00 0.000000000e+00 0.000000000e+00 -1.464724872e-08 1.000000000e+01 1.000000000e+01 1.464724872e-08 
d 1.100000000e+01 1.100000000e+01 0.000000000e+00 0.000000000e+00 0.000000000e+00 -1.665111938e-08 1.000000000e+01 1.000000000e+01 1.665111937e-08 
d 1.120000000e+01 1.120000000e+01 0.000000000e+00 0.000000000e+00 0.000000000e+00 -1.893159353e-08 1.000000000e+01 1.000000000e+01 1.893159353e-08 
d 1.140000000e+01 1.140000000e+01 0.000000000e+00 0.000000000e+00 0.000000000e+00 -2.153074713e-08 1.000000000e+01 1.000000000e+01 2.153074714e-08 
d 1.160000000e+01 1.160000000e+01 0.000000000e+00 0.000000000e+00 0.000000000e+00 -2.449516031e-08 1.000000000e+01 1.000000000e+01 2.449516031e-08 
d 1.180000000e+01 1.180000000e+01 0.000000000e+00 0.000000000e+00 0.000000000e+00 -2.787481006e-08 1.000000000e+01 1.000000000e+01 2.787481007e-08 
d 1.200000000e+01 1.200000000e+01 0.000000000e+00 0.000000000e+00 0.000000000e+00 -3.172134002e-08 1.000000000e+01 1.000000000e+01 3.172134004e-08 
d 1.220000000e+01 1.220000000e+01 0.000000000e+00 0.000000000e+00 0.000000000e+00 -3.608591057e-08 1.000000000e+01 1.000000000e+01 3.608591060e-08 
d 1.240000000e+01 1.240000000e+01 0.000000000e+00 0.000000000e+00 0.000000000e+00 -4.101700509e-08 1.000000000e+01 1.000000000e+01 4.101700512e-08 
d 1.260000000e+01 1.260000000e+01 0.000000000e+00 0.000000000e+00 0.000000000e+00 -4.655860497e-08 1.000000000e+01 1.000000000e+01 4.655860500e-08 
d 1.280000000e+01 1.280000000e+01 0.000000000e+00 0.000000000e+00 0.000000000e+00 -5.274901825e-08 1.000000000e+01 1.000000000e+01 5.274901829e-08 
d 1.300000000e+01 1.300000000e+01 0.000000000e+00 0.000000000e+00 0.000000000e+00 -5.962043206e-08 1.000000000e+01 1.000000000e+01 5.962043209e-08 
d 1.320000000e+01 1.320000000e+01 0.000000000e+00 0.000000000e+00 0.000000000e+00 -6.719907353e-08 1.000000000e+01 1.000000000e+01 6.719907356e-08 
d 1.340000000e+01 1.340000000e+01 0.000000000e+00 0.000000000e+00 0.000000000e+00 -7.550577558e-08 1.000000000e+01 1.000000000e+01 7.550577559e-08 
d 1.360000000e+01 1.360000000e+01 0.000000000e+00 0.000000000e+00 0.000000000e+00 -8.455674496e-08 1.000000000e+01 1.000000000e+01 8.455674498e-08 
d 1.380000000e+01 1.380000000e+01 0.000000000e+00 0.000000000e+00 0.000000000e+00 -9.436437999e-08 1.000000000e+01 1.000000000e+01 9.436438000e-08 
d 1.400000000e+01 1.400000000e+01 0.000000000e+00 0.000000000e+00 0.000000000e+00 -1.049380433e-07 1.000000000e+01 1.000000000e+01 1.049380433e-07 
d 1.420000000e+01 1.420000000e+01 0.000000000e+00 0.000000000e+00 0.000000000e+00 -1.162847428e-07 1.000000000e+01 1.000000000e+01 1.162847428e-07 
d 1.440000000e+01 1.440000000e+01 0.000000000e+00 0.000000000e+00 0.000000000e+00 -1.284097048e-07 1.000000000e+01 1.000000000e+01 1.284097048e-07 
d 1.460000000e+01 1.460000000e+01 0.000000000e+00 0.000000000e+00 0.000000000e+00 -1.413168414e-07 1.000000000e+01 1.000000000e+01 1.413168414e-07 
d 1.480000000e+01 1.480000000e+01 0.000000000e+00 0.000000000e+00 0.000000000e+00 -1.550091230e-07 1.000000000e+01 1.000000000e+01 1.550091230e-07 
d 1.500000000e+01 1.500000000e+01 0.000000000e+00 0.000000000e+00 0.000000000e+00 -1.694920927e-07 1.000000000e+01 1.000000000e+01 1.694888685e-07 
d 1.520000000e+01 1.520000000e+01 0.000000000e+00 0.000000000e+00 0.000000000e+00 -1.847712192e-07 1.000000000e+01 1.000000000e+01 1.847579699e-07 
d 1.540000000e+01 1.540000000e+01 0.000000000e+00 0.000000000e+00 0.000000000e+00 -2.008306020e-07 1.000000000e+01 1.000000000e+01 2.008180608e-07 
d 1.560000000e+01 1.560000000e+01 0.000000000e+00 0.000000000e+00 0.000000000e+00 -2.176825992e-07 1.000000000e+01 1.000000000e+01 2.176706434e-07 
d 1.580000000e+01 1.580000000e+01 0.000000000e+00 0.000000000e+00 0.000000000e+00 -2.353286398e-07 1.000000000e+01 1.000000000e+01 2.353171807e-07 
d 1.600000000e+01 1.600000000e+01 0.000000000e+00 0.000000000e+00 0.000000000e+00 -2.537701969e-07 1.000000000e+01 1.000000000e+01 2.537591624e-07 
d 1.620000000e+01 1.620000000e+01 0.000000000e+00 0.000000000e+00 0.000000000e+00 -2.730088189e-07 1.000000000e+01 1.000000000e+01 2.729981501e-07 
d 1.640000000e+01 1.640000000e+01 0.000000000e+00 0.000000000e+00 0.000000000e+00 -2.930461577e-07 1.000000000e+01 1.000000000e+01 2.930358056e-07 
d 1.660000000e+01 1.660000000e+01 0.000000000e+00 0.000000000e+00 0.000000000e+00 -3.138839824e-07 1.000000000e+01 1.000000000e+01 3.138739066e-07 
d 1.680000000e+01 1.680000000e+01 0.000000000e+00 0.000000000e+00 0.000000000e+00 -3.355241833e-07 1.000000000e+01 1.000000000e+01 3.355143498e-07 
d 1.700000000e+01 1.700000000e+01 0.000000000e+00 0.000000000e+00 0.000000000e+00 -3.579687656e-07 1.000000000e+01 1.000000000e+01 3.579591456e-07 
d 1.720000000e+01 1.720000000e+01 0.000000000e+00 0.000000000e+00 0.000000000e+00 -3.812198339e-07 1.000000000e+01 1.000000000e+01 3.812104030e-07 
d 1.740000000e+01 1.740000000e+01 0.000000000e+00 0.000000000e+00 0.000000000e+00 -4.052795687e-07 1.000000000e+01 1.000000000e+01 4.052703060e-07 
d 1.760000000e+01 1.760000000e+01 0.000000000e+00 0.000000000e+00 0.000000000e+00 -4.301501932e-07 1.000000000e+01 1.000000000e+01 4.301410808e-07 
d 1.780000000e+01 1.780000000e+01 0.000000000e+00 0.000000000e+00 0.000000000e+00 -4.558339318e-07 1.000000000e+01 1.000000000e+01 4.558249541e-07 
d 1.800000000e+01 1.800000000e+01 0.000000000e+00 0.000000000e+00 0.000000000e+00 -4.823329562e-07 1.000000000e+01 1.000000000e+01 4.823240997e-07 
d 1.820000000e+01 1.820000000e+01 0.000000000e+00 0.000000000e+00 0.000000000e+00 -5.096493212e-07 1.000000000e+01 1.000000000e+01 5.096405741e-07 
d 1.840000000e+01 1.840000000e+01 0.000000000e+00 0.000000000e+00 0.000000000e+00 -5.377848857e-07 1.000000000e+01 1.000000000e+01 5.377762368e-07 
d 1.860000000e+01 1.860000000e+01 0.000000000e+00 0.000000000e+00 0.000000000e+00 -5.667412143e-07 1.000000000e+01 1.000000000e+01 5.667326545e-07 
d 1.880000000e+01 1.880000000e+01 0.000000000e+00 0.000000000e+00 0.000000000e+00 -5.965194642e-07 1.000000000e+01 1.000000000e+01 5.965109860e-07 
d 1.900000000e+01 1.900000000e+01 0.000000000e+00 0.000000000e+00 0.000000000e+00 -6.271202457e-07 1.000000000e+01 1.000000000e+01 6.271118425e-07 
d 1.920000000e+01 1.920000000e+01 0.000000000e+00 0.000000000e+00 0.000000000e+00 -6.585434552e-07 1.000000000e+01 1.000000000e+01 6.585351214e-07 
d 1.940000000e+01 1.940000000e+01 0.000000000e+00 0.000000000e+00 0.000000000e+00 -6.907880777e-07 1.000000000e+01 1.000000000e+01 6.907798083e-07 
d 1.960000000e+01 1.960000000e+01 0.000000000e+00 0.000000000e+00 0.000000000e+00 -7.238519518e-07 1.000000000e+01 1.000000000e+01 7.238437428e-07 
d 1.980000000e+01 1.980000000e+01 0.000000000e+00 0.000000000e+00 0.000000000e+00 -7.577314970e-07 1.000000000e+01 1.000000000e+01 7.577233449e-07 
d 2.000000000e+01 2.000000000e+01 0.000000000e+00 0.000000000e+00 0.000000000e+00 -7.924214006e-07 1.000000000e+01 1.000000000e+01 7.924133028e-07 
