v ATLAS
# This file was created by ATLAS version 5.24.1.R on Mon May 11 10:34:26 2020.
#SSF 2.0 generic
##############################################################################
#                    Copyright (c) 1984 - 2017                               #
#                    Silvaco Inc. All rights reserved                        #
#                                                                            #
# This file format and the following Key are copyright Silvaco Inc.          #
# You may not use, this format or key without reproducing this message in    #
# full and obtaining express written permission from Silvaco Inc.            #
#                                                                            #
# To obtain such permission please contact: Silvaco Inc.                     #
#                                           support@silvaco.com              #
#                                                                            #
# KEY=SVC86hn7562asdx                       PROD=345                         #
##############################################################################
y 3 700 711 15
z 51 1e+41 300
f 3 "gate" "source" "drain" 
p 9 2 601 20 3 602 21 4 603 22 
d 2.000000000e-01 2.000000000e-01 0.000000000e+00 0.000000000e+00 0.000000000e+00 -2.358423109e-16 1.000000000e+01 1.000000000e+01 2.351460579e-16 
d 4.000000000e-01 4.000000000e-01 0.000000000e+00 0.000000000e+00 0.000000000e+00 -4.939529889e-16 1.000000000e+01 1.000000000e+01 4.948424283e-16 
d 6.000000000e-01 6.000000000e-01 0.000000000e+00 0.000000000e+00 0.000000000e+00 -1.121136743e-15 1.000000000e+01 1.000000000e+01 1.120650803e-15 
d 8.000000000e-01 8.000000000e-01 0.000000000e+00 0.000000000e+00 0.000000000e+00 -2.734016435e-15 1.000000000e+01 1.000000000e+01 2.734270934e-15 
d 1.000000000e+00 1.000000000e+00 0.000000000e+00 0.000000000e+00 0.000000000e+00 -7.739816131e-15 1.000000000e+01 1.000000000e+01 7.740228037e-15 
d 1.200000000e+00 1.200000000e+00 0.000000000e+00 0.000000000e+00 0.000000000e+00 -2.157243172e-14 1.000000000e+01 1.000000000e+01 2.148516410e-14 
d 1.400000000e+00 1.400000000e+00 0.000000000e+00 0.000000000e+00 0.000000000e+00 -5.011124521e-14 1.000000000e+01 1.000000000e+01 5.011101532e-14 
d 1.600000000e+00 1.600000000e+00 0.000000000e+00 0.000000000e+00 0.000000000e+00 -9.999521951e-14 1.000000000e+01 1.000000000e+01 9.999579488e-14 
d 1.800000000e+00 1.800000000e+00 0.000000000e+00 0.000000000e+00 0.000000000e+00 -1.812980646e-13 1.000000000e+01 1.000000000e+01 1.812979613e-13 
d 2.000000000e+00 2.000000000e+00 0.000000000e+00 0.000000000e+00 0.000000000e+00 -3.117731027e-13 1.000000000e+01 1.000000000e+01 3.117729574e-13 
d 2.200000000e+00 2.200000000e+00 0.000000000e+00 0.000000000e+00 0.000000000e+00 -5.266304928e-13 1.000000000e+01 1.000000000e+01 5.266309139e-13 
d 2.400000000e+00 2.400000000e+00 0.000000000e+00 0.000000000e+00 0.000000000e+00 -9.032728831e-13 1.000000000e+01 1.000000000e+01 9.032340258e-13 
d 2.600000000e+00 2.600000000e+00 0.000000000e+00 0.000000000e+00 0.000000000e+00 -1.609670641e-12 1.000000000e+01 1.000000000e+01 1.609670769e-12 
d 2.800000000e+00 2.800000000e+00 0.000000000e+00 0.000000000e+00 0.000000000e+00 -2.920621412e-12 1.000000000e+01 1.000000000e+01 2.920621003e-12 
d 3.000000000e+00 3.000000000e+00 0.000000000e+00 0.000000000e+00 0.000000000e+00 -5.129393279e-12 1.000000000e+01 1.000000000e+01 5.129393264e-12 
d 3.200000000e+00 3.200000000e+00 0.000000000e+00 0.000000000e+00 0.000000000e+00 -8.493054647e-12 1.000000000e+01 1.000000000e+01 8.493054489e-12 
d 3.400000000e+00 3.400000000e+00 0.000000000e+00 0.000000000e+00 0.000000000e+00 -1.326147032e-11 1.000000000e+01 1.000000000e+01 1.326147056e-11 
d 3.600000000e+00 3.600000000e+00 0.000000000e+00 0.000000000e+00 0.000000000e+00 -1.971448934e-11 1.000000000e+01 1.000000000e+01 1.971448932e-11 
d 3.800000000e+00 3.800000000e+00 0.000000000e+00 0.000000000e+00 0.000000000e+00 -2.819219288e-11 1.000000000e+01 1.000000000e+01 2.819219241e-11 
d 4.000000000e+00 4.000000000e+00 0.000000000e+00 0.000000000e+00 0.000000000e+00 -3.912722893e-11 1.000000000e+01 1.000000000e+01 3.912722893e-11 
d 4.200000000e+00 4.200000000e+00 0.000000000e+00 0.000000000e+00 0.000000000e+00 -5.308832220e-11 1.000000000e+01 1.000000000e+01 5.308832272e-11 
d 4.400000000e+00 4.400000000e+00 0.000000000e+00 0.000000000e+00 0.000000000e+00 -7.084536148e-11 1.000000000e+01 1.000000000e+01 7.084536159e-11 
d 4.600000000e+00 4.600000000e+00 0.000000000e+00 0.000000000e+00 0.000000000e+00 -9.347182531e-11 1.000000000e+01 1.000000000e+01 9.347182596e-11 
d 4.800000000e+00 4.800000000e+00 0.000000000e+00 0.000000000e+00 0.000000000e+00 -1.225109420e-10 1.000000000e+01 1.000000000e+01 1.225109411e-10 
d 5.000000000e+00 5.000000000e+00 0.000000000e+00 0.000000000e+00 0.000000000e+00 -1.602487481e-10 1.000000000e+01 1.000000000e+01 1.602487475e-10 
d 5.200000000e+00 5.200000000e+00 0.000000000e+00 0.000000000e+00 0.000000000e+00 -2.101536411e-10 1.000000000e+01 1.000000000e+01 2.101536418e-10 
d 5.400000000e+00 5.400000000e+00 0.000000000e+00 0.000000000e+00 0.000000000e+00 -2.775181883e-10 1.000000000e+01 1.000000000e+01 2.775181876e-10 
d 5.600000000e+00 5.600000000e+00 0.000000000e+00 0.000000000e+00 0.000000000e+00 -3.701543155e-10 1.000000000e+01 1.000000000e+01 3.701543154e-10 
d 5.800000000e+00 5.800000000e+00 0.000000000e+00 0.000000000e+00 0.000000000e+00 -4.985549577e-10 1.000000000e+01 1.000000000e+01 4.985549574e-10 
d 6.000000000e+00 6.000000000e+00 0.000000000e+00 0.000000000e+00 0.000000000e+00 -6.748059458e-10 1.000000000e+01 1.000000000e+01 6.748059450e-10 
d 6.200000000e+00 6.200000000e+00 0.000000000e+00 0.000000000e+00 0.000000000e+00 -9.106735411e-10 1.000000000e+01 1.000000000e+01 9.106735409e-10 
d 6.400000000e+00 6.400000000e+00 0.000000000e+00 0.000000000e+00 0.000000000e+00 -1.216336504e-09 1.000000000e+01 1.000000000e+01 1.216336505e-09 
d 6.600000000e+00 6.600000000e+00 0.000000000e+00 0.000000000e+00 0.000000000e+00 -1.600291068e-09 1.000000000e+01 1.000000000e+01 1.600291067e-09 
d 6.800000000e+00 6.800000000e+00 0.000000000e+00 0.000000000e+00 0.000000000e+00 -2.069834809e-09 1.000000000e+01 1.000000000e+01 2.069834809e-09 
d 7.000000000e+00 7.000000000e+00 0.000000000e+00 0.000000000e+00 0.000000000e+00 -2.631583504e-09 1.000000000e+01 1.000000000e+01 2.631583503e-09 
d 7.200000000e+00 7.200000000e+00 0.000000000e+00 0.000000000e+00 0.000000000e+00 -3.291854550e-09 1.000000000e+01 1.000000000e+01 3.291854550e-09 
d 7.400000000e+00 7.400000000e+00 0.000000000e+00 0.000000000e+00 0.000000000e+00 -4.056929198e-09 1.000000000e+01 1.000000000e+01 4.056929198e-09 
d 7.600000000e+00 7.600000000e+00 0.000000000e+00 0.000000000e+00 0.000000000e+00 -4.933237857e-09 1.000000000e+01 1.000000000e+01 4.933237858e-09 
d 7.800000000e+00 7.800000000e+00 0.000000000e+00 0.000000000e+00 0.000000000e+00 -5.927502567e-09 1.000000000e+01 1.000000000e+01 5.927502567e-09 
d 8.000000000e+00 8.000000000e+00 0.000000000e+00 0.000000000e+00 0.000000000e+00 -7.046857825e-09 1.000000000e+01 1.000000000e+01 7.046857825e-09 
d 8.200000000e+00 8.200000000e+00 0.000000000e+00 0.000000000e+00 0.000000000e+00 -8.298962589e-09 1.000000000e+01 1.000000000e+01 8.298962588e-09 
d 8.400000000e+00 8.400000000e+00 0.000000000e+00 0.000000000e+00 0.000000000e+00 -9.692111623e-09 1.000000000e+01 1.000000000e+01 9.692110499e-09 
d 8.600000000e+00 8.600000000e+00 0.000000000e+00 0.000000000e+00 0.000000000e+00 -1.123535185e-08 1.000000000e+01 1.000000000e+01 1.123527207e-08 
d 8.800000000e+00 8.800000000e+00 0.000000000e+00 0.000000000e+00 0.000000000e+00 -1.293860774e-08 1.000000000e+01 1.000000000e+01 1.293850827e-08 
d 9.000000000e+00 9.000000000e+00 0.000000000e+00 0.000000000e+00 0.000000000e+00 -1.481281923e-08 1.000000000e+01 1.000000000e+01 1.481279494e-08 
d 9.200000000e+00 9.200000000e+00 0.000000000e+00 0.000000000e+00 0.000000000e+00 -1.687009503e-08 1.000000000e+01 1.000000000e+01 1.687009334e-08 
d 9.400000000e+00 9.400000000e+00 0.000000000e+00 0.000000000e+00 0.000000000e+00 -1.912388430e-08 1.000000000e+01 1.000000000e+01 1.912388433e-08 
d 9.600000000e+00 9.600000000e+00 0.000000000e+00 0.000000000e+00 0.000000000e+00 -2.158916880e-08 1.000000000e+01 1.000000000e+01 2.158916873e-08 
d 9.800000000e+00 9.800000000e+00 0.000000000e+00 0.000000000e+00 0.000000000e+00 -2.428267666e-08 1.000000000e+01 1.000000000e+01 2.428267529e-08 
d 1.000000000e+01 1.000000000e+01 0.000000000e+00 0.000000000e+00 0.000000000e+00 -2.722311711e-08 1.000000000e+01 1.000000000e+01 2.722310869e-08 
d 1.020000000e+01 1.020000000e+01 0.000000000e+00 0.000000000e+00 0.000000000e+00 -3.043143210e-08 1.000000000e+01 1.000000000e+01 3.043140147e-08 
d 1.040000000e+01 1.040000000e+01 0.000000000e+00 0.000000000e+00 0.000000000e+00 -3.393105533e-08 1.000000000e+01 1.000000000e+01 3.393098568e-08 
d 1.060000000e+01 1.060000000e+01 0.000000000e+00 0.000000000e+00 0.000000000e+00 -3.774816142e-08 1.000000000e+01 1.000000000e+01 3.774806629e-08 
d 1.080000000e+01 1.080000000e+01 0.000000000e+00 0.000000000e+00 0.000000000e+00 -4.191187673e-08 1.000000000e+01 1.000000000e+01 4.191181857e-08 
d 1.100000000e+01 1.100000000e+01 0.000000000e+00 0.000000000e+00 0.000000000e+00 -4.645441117e-08 1.000000000e+01 1.000000000e+01 4.645440662e-08 
d 1.120000000e+01 1.120000000e+01 0.000000000e+00 0.000000000e+00 0.000000000e+00 -5.141105789e-08 1.000000000e+01 1.000000000e+01 5.141097510e-08 
d 1.140000000e+01 1.140000000e+01 0.000000000e+00 0.000000000e+00 0.000000000e+00 -5.681999309e-08 1.000000000e+01 1.000000000e+01 5.681971927e-08 
d 1.160000000e+01 1.160000000e+01 0.000000000e+00 0.000000000e+00 0.000000000e+00 -6.272179431e-08 1.000000000e+01 1.000000000e+01 6.272147279e-08 
d 1.180000000e+01 1.180000000e+01 0.000000000e+00 0.000000000e+00 0.000000000e+00 -6.915861373e-08 1.000000000e+01 1.000000000e+01 6.915842263e-08 
d 1.200000000e+01 1.200000000e+01 0.000000000e+00 0.000000000e+00 0.000000000e+00 -7.617300653e-08 1.000000000e+01 1.000000000e+01 7.617293331e-08 
d 1.220000000e+01 1.220000000e+01 0.000000000e+00 0.000000000e+00 0.000000000e+00 -8.380649876e-08 1.000000000e+01 1.000000000e+01 8.380647750e-08 
d 1.240000000e+01 1.240000000e+01 0.000000000e+00 0.000000000e+00 0.000000000e+00 -9.209806369e-08 1.000000000e+01 1.000000000e+01 9.209805865e-08 
d 1.260000000e+01 1.260000000e+01 0.000000000e+00 0.000000000e+00 0.000000000e+00 -1.010827288e-07 1.000000000e+01 1.000000000e+01 1.010827278e-07 
d 1.280000000e+01 1.280000000e+01 0.000000000e+00 0.000000000e+00 0.000000000e+00 -1.107905243e-07 1.000000000e+01 1.000000000e+01 1.107905241e-07 
d 1.300000000e+01 1.300000000e+01 0.000000000e+00 0.000000000e+00 0.000000000e+00 -1.212459038e-07 1.000000000e+01 1.000000000e+01 1.212459038e-07 
d 1.320000000e+01 1.320000000e+01 0.000000000e+00 0.000000000e+00 0.000000000e+00 -1.324676504e-07 1.000000000e+01 1.000000000e+01 1.324676504e-07 
d 1.340000000e+01 1.340000000e+01 0.000000000e+00 0.000000000e+00 0.000000000e+00 -1.444691813e-07 1.000000000e+01 1.000000000e+01 1.444691813e-07 
d 1.360000000e+01 1.360000000e+01 0.000000000e+00 0.000000000e+00 0.000000000e+00 -1.572591160e-07 1.000000000e+01 1.000000000e+01 1.572591160e-07 
d 1.380000000e+01 1.380000000e+01 0.000000000e+00 0.000000000e+00 0.000000000e+00 -1.708419715e-07 1.000000000e+01 1.000000000e+01 1.708419715e-07 
d 1.400000000e+01 1.400000000e+01 0.000000000e+00 0.000000000e+00 0.000000000e+00 -1.852188834e-07 1.000000000e+01 1.000000000e+01 1.852188833e-07 
d 1.420000000e+01 1.420000000e+01 0.000000000e+00 0.000000000e+00 0.000000000e+00 -2.003882911e-07 1.000000000e+01 1.000000000e+01 2.003882910e-07 
d 1.440000000e+01 1.440000000e+01 0.000000000e+00 0.000000000e+00 0.000000000e+00 -2.163465557e-07 1.000000000e+01 1.000000000e+01 2.163465556e-07 
d 1.460000000e+01 1.460000000e+01 0.000000000e+00 0.000000000e+00 0.000000000e+00 -2.330884973e-07 1.000000000e+01 1.000000000e+01 2.330884972e-07 
d 1.480000000e+01 1.480000000e+01 0.000000000e+00 0.000000000e+00 0.000000000e+00 -2.506078545e-07 1.000000000e+01 1.000000000e+01 2.506078545e-07 
d 1.500000000e+01 1.500000000e+01 0.000000000e+00 0.000000000e+00 0.000000000e+00 -2.688976787e-07 1.000000000e+01 1.000000000e+01 2.688976787e-07 
d 1.520000000e+01 1.520000000e+01 0.000000000e+00 0.000000000e+00 0.000000000e+00 -2.879506836e-07 1.000000000e+01 1.000000000e+01 2.879506828e-07 
d 1.540000000e+01 1.540000000e+01 0.000000000e+00 0.000000000e+00 0.000000000e+00 -3.077595496e-07 1.000000000e+01 1.000000000e+01 3.077595457e-07 
d 1.560000000e+01 1.560000000e+01 0.000000000e+00 0.000000000e+00 0.000000000e+00 -3.283171797e-07 1.000000000e+01 1.000000000e+01 3.283171562e-07 
d 1.580000000e+01 1.580000000e+01 0.000000000e+00 0.000000000e+00 0.000000000e+00 -3.496168519e-07 1.000000000e+01 1.000000000e+01 3.496167707e-07 
d 1.600000000e+01 1.600000000e+01 0.000000000e+00 0.000000000e+00 0.000000000e+00 -3.716521718e-07 1.000000000e+01 1.000000000e+01 3.716521007e-07 
d 1.620000000e+01 1.620000000e+01 0.000000000e+00 0.000000000e+00 0.000000000e+00 -3.944174172e-07 1.000000000e+01 1.000000000e+01 3.944173549e-07 
d 1.640000000e+01 1.640000000e+01 0.000000000e+00 0.000000000e+00 0.000000000e+00 -4.179073009e-07 1.000000000e+01 1.000000000e+01 4.179072456e-07 
d 1.660000000e+01 1.660000000e+01 0.000000000e+00 0.000000000e+00 0.000000000e+00 -4.421170175e-07 1.000000000e+01 1.000000000e+01 4.421169677e-07 
d 1.680000000e+01 1.680000000e+01 0.000000000e+00 0.000000000e+00 0.000000000e+00 -4.670422058e-07 1.000000000e+01 1.000000000e+01 4.670421603e-07 
d 1.700000000e+01 1.700000000e+01 0.000000000e+00 0.000000000e+00 0.000000000e+00 -4.926788987e-07 1.000000000e+01 1.000000000e+01 4.926788568e-07 
d 1.720000000e+01 1.720000000e+01 0.000000000e+00 0.000000000e+00 0.000000000e+00 -5.190234650e-07 1.000000000e+01 1.000000000e+01 5.190234261e-07 
d 1.740000000e+01 1.740000000e+01 0.000000000e+00 0.000000000e+00 0.000000000e+00 -5.460725442e-07 1.000000000e+01 1.000000000e+01 5.460725079e-07 
d 1.760000000e+01 1.760000000e+01 0.000000000e+00 0.000000000e+00 0.000000000e+00 -5.738229761e-07 1.000000000e+01 1.000000000e+01 5.738229420e-07 
d 1.780000000e+01 1.780000000e+01 0.000000000e+00 0.000000000e+00 0.000000000e+00 -6.022717244e-07 1.000000000e+01 1.000000000e+01 6.022716923e-07 
d 1.800000000e+01 1.800000000e+01 0.000000000e+00 0.000000000e+00 0.000000000e+00 -6.314157954e-07 1.000000000e+01 1.000000000e+01 6.314157650e-07 
d 1.820000000e+01 1.820000000e+01 0.000000000e+00 0.000000000e+00 0.000000000e+00 -6.612521482e-07 1.000000000e+01 1.000000000e+01 6.612521194e-07 
d 1.840000000e+01 1.840000000e+01 0.000000000e+00 0.000000000e+00 0.000000000e+00 -6.917775981e-07 1.000000000e+01 1.000000000e+01 6.917775708e-07 
d 1.860000000e+01 1.860000000e+01 0.000000000e+00 0.000000000e+00 0.000000000e+00 -7.229887100e-07 1.000000000e+01 1.000000000e+01 7.229886839e-07 
d 1.880000000e+01 1.880000000e+01 0.000000000e+00 0.000000000e+00 0.000000000e+00 -7.548816796e-07 1.000000000e+01 1.000000000e+01 7.548816547e-07 
d 1.900000000e+01 1.900000000e+01 0.000000000e+00 0.000000000e+00 0.000000000e+00 -7.874522022e-07 1.000000000e+01 1.000000000e+01 7.874521785e-07 
d 1.920000000e+01 1.920000000e+01 0.000000000e+00 0.000000000e+00 0.000000000e+00 -8.206953268e-07 1.000000000e+01 1.000000000e+01 8.206953040e-07 
d 1.940000000e+01 1.940000000e+01 0.000000000e+00 0.000000000e+00 0.000000000e+00 -8.546052931e-07 1.000000000e+01 1.000000000e+01 8.546052713e-07 
d 1.960000000e+01 1.960000000e+01 0.000000000e+00 0.000000000e+00 0.000000000e+00 -8.891753528e-07 1.000000000e+01 1.000000000e+01 8.891753318e-07 
d 1.980000000e+01 1.980000000e+01 0.000000000e+00 0.000000000e+00 0.000000000e+00 -9.243975747e-07 1.000000000e+01 1.000000000e+01 9.243975545e-07 
d 2.000000000e+01 2.000000000e+01 0.000000000e+00 0.000000000e+00 0.000000000e+00 -9.602626371e-07 1.000000000e+01 1.000000000e+01 9.602626176e-07 
