v ATLAS
# This file was created by ATLAS version 5.24.1.R on Sun May 10 20:13:11 2020.
#SSF 2.0 generic
##############################################################################
#                    Copyright (c) 1984 - 2017                               #
#                    Silvaco Inc. All rights reserved                        #
#                                                                            #
# This file format and the following Key are copyright Silvaco Inc.          #
# You may not use, this format or key without reproducing this message in    #
# full and obtaining express written permission from Silvaco Inc.            #
#                                                                            #
# To obtain such permission please contact: Silvaco Inc.                     #
#                                           support@silvaco.com              #
#                                                                            #
# KEY=SVC86hn7562asdx                       PROD=345                         #
##############################################################################
y 3 700 711 15
z 51 1e+41 300
f 3 "gate" "source" "drain" 
p 9 2 601 20 3 602 21 4 603 22 
d 0.000000000e+00 0.000000000e+00 0.000000000e+00 0.000000000e+00 0.000000000e+00 -8.919190811e-16 1.000000000e+01 1.000000000e+01 8.922257309e-16 
d -2.000000000e-01 -2.000000000e-01 0.000000000e+00 0.000000000e+00 0.000000000e+00 -7.974450857e-16 1.000000000e+01 1.000000000e+01 7.947063967e-16 
d -4.000000000e-01 -4.000000000e-01 0.000000000e+00 0.000000000e+00 0.000000000e+00 -7.499709848e-16 1.000000000e+01 1.000000000e+01 7.485710880e-16 
d -6.000000000e-01 -6.000000000e-01 0.000000000e+00 0.000000000e+00 0.000000000e+00 -7.209741624e-16 1.000000000e+01 1.000000000e+01 7.208735580e-16 
d -8.000000000e-01 -8.000000000e-01 0.000000000e+00 0.000000000e+00 0.000000000e+00 -6.998284355e-16 1.000000000e+01 1.000000000e+01 7.009378639e-16 
d -1.000000000e+00 -1.000000000e+00 0.000000000e+00 0.000000000e+00 0.000000000e+00 -6.841632196e-16 1.000000000e+01 1.000000000e+01 6.812189240e-16 
d -1.200000000e+00 -1.200000000e+00 0.000000000e+00 0.000000000e+00 0.000000000e+00 -6.718490355e-16 1.000000000e+01 1.000000000e+01 6.723011644e-16 
d -1.400000000e+00 -1.400000000e+00 0.000000000e+00 0.000000000e+00 0.000000000e+00 -6.618487328e-16 1.000000000e+01 1.000000000e+01 6.590394240e-16 
d -1.600000000e+00 -1.600000000e+00 0.000000000e+00 0.000000000e+00 0.000000000e+00 -7.295548231e-16 1.000000000e+01 1.000000000e+01 6.494193452e-16 
d -1.800000000e+00 -1.800000000e+00 0.000000000e+00 0.000000000e+00 0.000000000e+00 -1.172691592e-15 1.000000000e+01 1.000000000e+01 6.458436822e-16 
d -2.000000000e+00 -2.000000000e+00 0.000000000e+00 0.000000000e+00 0.000000000e+00 -6.403089005e-16 1.000000000e+01 1.000000000e+01 6.363103355e-16 
d -2.200000000e+00 -2.200000000e+00 0.000000000e+00 0.000000000e+00 0.000000000e+00 -6.348018386e-16 1.000000000e+01 1.000000000e+01 6.353565223e-16 
d -2.400000000e+00 -2.400000000e+00 0.000000000e+00 0.000000000e+00 0.000000000e+00 -7.462709356e-16 1.000000000e+01 1.000000000e+01 6.339745267e-16 
d -2.600000000e+00 -2.600000000e+00 0.000000000e+00 0.000000000e+00 0.000000000e+00 -6.430164719e-16 1.000000000e+01 1.000000000e+01 6.260918799e-16 
d -2.800000000e+00 -2.800000000e+00 0.000000000e+00 0.000000000e+00 0.000000000e+00 -6.526649450e-16 1.000000000e+01 1.000000000e+01 6.163706030e-16 
d -3.000000000e+00 -3.000000000e+00 0.000000000e+00 0.000000000e+00 0.000000000e+00 -6.646524957e-16 1.000000000e+01 1.000000000e+01 6.215875712e-16 
d -3.200000000e+00 -3.200000000e+00 0.000000000e+00 0.000000000e+00 0.000000000e+00 -6.343483757e-16 1.000000000e+01 1.000000000e+01 6.137855603e-16 
d -3.400000000e+00 -3.400000000e+00 0.000000000e+00 0.000000000e+00 0.000000000e+00 -6.148835872e-16 1.000000000e+01 1.000000000e+01 6.153680431e-16 
d -3.600000000e+00 -3.600000000e+00 0.000000000e+00 0.000000000e+00 0.000000000e+00 -6.088577209e-16 1.000000000e+01 1.000000000e+01 6.046000174e-16 
d -3.800000000e+00 -3.800000000e+00 0.000000000e+00 0.000000000e+00 0.000000000e+00 -6.057100148e-16 1.000000000e+01 1.000000000e+01 6.072151498e-16 
d -4.000000000e+00 -4.000000000e+00 0.000000000e+00 0.000000000e+00 0.000000000e+00 -6.029350927e-16 1.000000000e+01 1.000000000e+01 6.076999266e-16 
d -4.200000000e+00 -4.200000000e+00 0.000000000e+00 0.000000000e+00 0.000000000e+00 -6.008273223e-16 1.000000000e+01 1.000000000e+01 6.005276758e-16 
d -4.400000000e+00 -4.400000000e+00 0.000000000e+00 0.000000000e+00 0.000000000e+00 -5.982882200e-16 1.000000000e+01 1.000000000e+01 5.992804708e-16 
d -4.600000000e+00 -4.600000000e+00 0.000000000e+00 0.000000000e+00 0.000000000e+00 -5.962849683e-16 1.000000000e+01 1.000000000e+01 5.960274516e-16 
d -4.800000000e+00 -4.800000000e+00 0.000000000e+00 0.000000000e+00 0.000000000e+00 -5.940847183e-16 1.000000000e+01 1.000000000e+01 5.964513553e-16 
d -5.000000000e+00 -5.000000000e+00 0.000000000e+00 0.000000000e+00 0.000000000e+00 -5.924445365e-16 1.000000000e+01 1.000000000e+01 5.905945546e-16 
d -5.200000000e+00 -5.200000000e+00 0.000000000e+00 0.000000000e+00 0.000000000e+00 -5.905510347e-16 1.000000000e+01 1.000000000e+01 5.901120793e-16 
d -5.400000000e+00 -5.400000000e+00 0.000000000e+00 0.000000000e+00 0.000000000e+00 -5.885046828e-16 1.000000000e+01 1.000000000e+01 5.904024653e-16 
d -5.600000000e+00 -5.600000000e+00 0.000000000e+00 0.000000000e+00 0.000000000e+00 -5.868329876e-16 1.000000000e+01 1.000000000e+01 5.829591752e-16 
d -5.800000000e+00 -5.800000000e+00 0.000000000e+00 0.000000000e+00 0.000000000e+00 -5.852881997e-16 1.000000000e+01 1.000000000e+01 5.885495468e-16 
d -6.000000000e+00 -6.000000000e+00 0.000000000e+00 0.000000000e+00 0.000000000e+00 -5.836323647e-16 1.000000000e+01 1.000000000e+01 5.841793306e-16 
d -6.200000000e+00 -6.200000000e+00 0.000000000e+00 0.000000000e+00 0.000000000e+00 -5.821540694e-16 1.000000000e+01 1.000000000e+01 5.795066431e-16 
d -6.400000000e+00 -6.400000000e+00 0.000000000e+00 0.000000000e+00 0.000000000e+00 -5.809132695e-16 1.000000000e+01 1.000000000e+01 5.786051672e-16 
d -6.600000000e+00 -6.600000000e+00 0.000000000e+00 0.000000000e+00 0.000000000e+00 -5.792742796e-16 1.000000000e+01 1.000000000e+01 5.785133747e-16 
d -6.800000000e+00 -6.800000000e+00 0.000000000e+00 0.000000000e+00 0.000000000e+00 -5.781713765e-16 1.000000000e+01 1.000000000e+01 5.742128556e-16 
d -7.000000000e+00 -7.000000000e+00 0.000000000e+00 0.000000000e+00 0.000000000e+00 -5.766607420e-16 1.000000000e+01 1.000000000e+01 5.754513096e-16 
d -7.200000000e+00 -7.200000000e+00 0.000000000e+00 0.000000000e+00 0.000000000e+00 -5.754082863e-16 1.000000000e+01 1.000000000e+01 5.750342261e-16 
d -7.400000000e+00 -7.400000000e+00 0.000000000e+00 0.000000000e+00 0.000000000e+00 -5.739967832e-16 1.000000000e+01 1.000000000e+01 5.768963301e-16 
d -7.600000000e+00 -7.600000000e+00 0.000000000e+00 0.000000000e+00 0.000000000e+00 -5.730026647e-16 1.000000000e+01 1.000000000e+01 5.702460362e-16 
d -7.800000000e+00 -7.800000000e+00 0.000000000e+00 0.000000000e+00 0.000000000e+00 -5.719788556e-16 1.000000000e+01 1.000000000e+01 5.719558182e-16 
d -8.000000000e+00 -8.000000000e+00 0.000000000e+00 0.000000000e+00 0.000000000e+00 -5.708558645e-16 1.000000000e+01 1.000000000e+01 5.718800183e-16 
d -8.200000000e+00 -8.200000000e+00 0.000000000e+00 0.000000000e+00 0.000000000e+00 -5.695244407e-16 1.000000000e+01 1.000000000e+01 5.700780835e-16 
d -8.400000000e+00 -8.400000000e+00 0.000000000e+00 0.000000000e+00 0.000000000e+00 -5.683820998e-16 1.000000000e+01 1.000000000e+01 5.711207798e-16 
d -8.600000000e+00 -8.600000000e+00 0.000000000e+00 0.000000000e+00 0.000000000e+00 -5.674586875e-16 1.000000000e+01 1.000000000e+01 5.663033259e-16 
d -8.800000000e+00 -8.800000000e+00 0.000000000e+00 0.000000000e+00 0.000000000e+00 -5.665356219e-16 1.000000000e+01 1.000000000e+01 5.672317625e-16 
d -9.000000000e+00 -9.000000000e+00 0.000000000e+00 0.000000000e+00 0.000000000e+00 -5.654539355e-16 1.000000000e+01 1.000000000e+01 5.678544539e-16 
d -9.200000000e+00 -9.200000000e+00 0.000000000e+00 0.000000000e+00 0.000000000e+00 -5.647005472e-16 1.000000000e+01 1.000000000e+01 5.670881712e-16 
d -9.400000000e+00 -9.400000000e+00 0.000000000e+00 0.000000000e+00 0.000000000e+00 -5.635202720e-16 1.000000000e+01 1.000000000e+01 5.598948487e-16 
d -9.600000000e+00 -9.600000000e+00 0.000000000e+00 0.000000000e+00 0.000000000e+00 -5.625093248e-16 1.000000000e+01 1.000000000e+01 5.625011716e-16 
d -9.800000000e+00 -9.800000000e+00 0.000000000e+00 0.000000000e+00 0.000000000e+00 -5.618068251e-16 1.000000000e+01 1.000000000e+01 5.626649113e-16 
d -1.000000000e+01 -1.000000000e+01 0.000000000e+00 0.000000000e+00 0.000000000e+00 -5.607569457e-16 1.000000000e+01 1.000000000e+01 5.615287091e-16 
