v ATLAS
# This file was created by ATLAS version 5.24.1.R on Mon May 11 02:19:04 2020.
#SSF 2.0 generic
##############################################################################
#                    Copyright (c) 1984 - 2017                               #
#                    Silvaco Inc. All rights reserved                        #
#                                                                            #
# This file format and the following Key are copyright Silvaco Inc.          #
# You may not use, this format or key without reproducing this message in    #
# full and obtaining express written permission from Silvaco Inc.            #
#                                                                            #
# To obtain such permission please contact: Silvaco Inc.                     #
#                                           support@silvaco.com              #
#                                                                            #
# KEY=SVC86hn7562asdx                       PROD=345                         #
##############################################################################
y 3 700 711 15
z 51 1e+41 300
f 3 "gate" "source" "drain" 
p 9 2 601 20 3 602 21 4 603 22 
d 2.000000000e-01 2.000000000e-01 0.000000000e+00 0.000000000e+00 0.000000000e+00 -1.998905025e-15 1.000000000e+01 1.000000000e+01 1.994690871e-15 
d 4.000000000e-01 4.000000000e-01 0.000000000e+00 0.000000000e+00 0.000000000e+00 -2.751642612e-15 1.000000000e+01 1.000000000e+01 2.756700276e-15 
d 6.000000000e-01 6.000000000e-01 0.000000000e+00 0.000000000e+00 0.000000000e+00 -4.437244955e-15 1.000000000e+01 1.000000000e+01 4.440947937e-15 
d 8.000000000e-01 8.000000000e-01 0.000000000e+00 0.000000000e+00 0.000000000e+00 -8.590702393e-15 1.000000000e+01 1.000000000e+01 8.588215844e-15 
d 1.000000000e+00 1.000000000e+00 0.000000000e+00 0.000000000e+00 0.000000000e+00 -2.131231307e-14 1.000000000e+01 1.000000000e+01 2.129924080e-14 
d 1.200000000e+00 1.200000000e+00 0.000000000e+00 0.000000000e+00 0.000000000e+00 -5.654387891e-14 1.000000000e+01 1.000000000e+01 5.519236548e-14 
d 1.400000000e+00 1.400000000e+00 0.000000000e+00 0.000000000e+00 0.000000000e+00 -1.292407523e-13 1.000000000e+01 1.000000000e+01 1.292393208e-13 
d 1.600000000e+00 1.600000000e+00 0.000000000e+00 0.000000000e+00 0.000000000e+00 -2.562003236e-13 1.000000000e+01 1.000000000e+01 2.561693873e-13 
d 1.800000000e+00 1.800000000e+00 0.000000000e+00 0.000000000e+00 0.000000000e+00 -4.630566826e-13 1.000000000e+01 1.000000000e+01 4.630595100e-13 
d 2.000000000e+00 2.000000000e+00 0.000000000e+00 0.000000000e+00 0.000000000e+00 -7.949364638e-13 1.000000000e+01 1.000000000e+01 7.949364861e-13 
d 2.200000000e+00 2.200000000e+00 0.000000000e+00 0.000000000e+00 0.000000000e+00 -1.341202056e-12 1.000000000e+01 1.000000000e+01 1.341201002e-12 
d 2.400000000e+00 2.400000000e+00 0.000000000e+00 0.000000000e+00 0.000000000e+00 -2.298228107e-12 1.000000000e+01 1.000000000e+01 2.298146142e-12 
d 2.600000000e+00 2.600000000e+00 0.000000000e+00 0.000000000e+00 0.000000000e+00 -4.091855894e-12 1.000000000e+01 1.000000000e+01 4.091634820e-12 
d 2.800000000e+00 2.800000000e+00 0.000000000e+00 0.000000000e+00 0.000000000e+00 -7.418533317e-12 1.000000000e+01 1.000000000e+01 7.418533923e-12 
d 3.000000000e+00 3.000000000e+00 0.000000000e+00 0.000000000e+00 0.000000000e+00 -1.302096404e-11 1.000000000e+01 1.000000000e+01 1.302089030e-11 
d 3.200000000e+00 3.200000000e+00 0.000000000e+00 0.000000000e+00 0.000000000e+00 -2.154809298e-11 1.000000000e+01 1.000000000e+01 2.154673451e-11 
d 3.400000000e+00 3.400000000e+00 0.000000000e+00 0.000000000e+00 0.000000000e+00 -3.362704544e-11 1.000000000e+01 1.000000000e+01 3.362704485e-11 
d 3.600000000e+00 3.600000000e+00 0.000000000e+00 0.000000000e+00 0.000000000e+00 -4.995457018e-11 1.000000000e+01 1.000000000e+01 4.995457144e-11 
d 3.800000000e+00 3.800000000e+00 0.000000000e+00 0.000000000e+00 0.000000000e+00 -7.137032593e-11 1.000000000e+01 1.000000000e+01 7.137032642e-11 
d 4.000000000e+00 4.000000000e+00 0.000000000e+00 0.000000000e+00 0.000000000e+00 -9.893499242e-11 1.000000000e+01 1.000000000e+01 9.893496521e-11 
d 4.200000000e+00 4.200000000e+00 0.000000000e+00 0.000000000e+00 0.000000000e+00 -1.340340574e-10 1.000000000e+01 1.000000000e+01 1.340340565e-10 
d 4.400000000e+00 4.400000000e+00 0.000000000e+00 0.000000000e+00 0.000000000e+00 -1.785298883e-10 1.000000000e+01 1.000000000e+01 1.785298362e-10 
d 4.600000000e+00 4.600000000e+00 0.000000000e+00 0.000000000e+00 0.000000000e+00 -2.349955003e-10 1.000000000e+01 1.000000000e+01 2.349954957e-10 
d 4.800000000e+00 4.800000000e+00 0.000000000e+00 0.000000000e+00 0.000000000e+00 -3.070835973e-10 1.000000000e+01 1.000000000e+01 3.070835971e-10 
d 5.000000000e+00 5.000000000e+00 0.000000000e+00 0.000000000e+00 0.000000000e+00 -4.001114960e-10 1.000000000e+01 1.000000000e+01 4.001114966e-10 
d 5.200000000e+00 5.200000000e+00 0.000000000e+00 0.000000000e+00 0.000000000e+00 -5.219530436e-10 1.000000000e+01 1.000000000e+01 5.219530424e-10 
d 5.400000000e+00 5.400000000e+00 0.000000000e+00 0.000000000e+00 0.000000000e+00 -6.842228200e-10 1.000000000e+01 1.000000000e+01 6.842228200e-10 
d 5.600000000e+00 5.600000000e+00 0.000000000e+00 0.000000000e+00 0.000000000e+00 -9.032777396e-10 1.000000000e+01 1.000000000e+01 9.032777390e-10 
d 5.800000000e+00 5.800000000e+00 0.000000000e+00 0.000000000e+00 0.000000000e+00 -1.199721075e-09 1.000000000e+01 1.000000000e+01 1.199721075e-09 
d 6.000000000e+00 6.000000000e+00 0.000000000e+00 0.000000000e+00 0.000000000e+00 -1.595275166e-09 1.000000000e+01 1.000000000e+01 1.595275165e-09 
d 6.200000000e+00 6.200000000e+00 0.000000000e+00 0.000000000e+00 0.000000000e+00 -2.108599120e-09 1.000000000e+01 1.000000000e+01 2.108599121e-09 
d 6.400000000e+00 6.400000000e+00 0.000000000e+00 0.000000000e+00 0.000000000e+00 -2.753215304e-09 1.000000000e+01 1.000000000e+01 2.753215305e-09 
d 6.600000000e+00 6.600000000e+00 0.000000000e+00 0.000000000e+00 0.000000000e+00 -3.538074394e-09 1.000000000e+01 1.000000000e+01 3.538074393e-09 
d 6.800000000e+00 6.800000000e+00 0.000000000e+00 0.000000000e+00 0.000000000e+00 -4.469092591e-09 1.000000000e+01 1.000000000e+01 4.469092591e-09 
d 7.000000000e+00 7.000000000e+00 0.000000000e+00 0.000000000e+00 0.000000000e+00 -5.550487998e-09 1.000000000e+01 1.000000000e+01 5.550488000e-09 
d 7.200000000e+00 7.200000000e+00 0.000000000e+00 0.000000000e+00 0.000000000e+00 -6.785678201e-09 1.000000000e+01 1.000000000e+01 6.785678201e-09 
d 7.400000000e+00 7.400000000e+00 0.000000000e+00 0.000000000e+00 0.000000000e+00 -8.177845103e-09 1.000000000e+01 1.000000000e+01 8.177845103e-09 
d 7.600000000e+00 7.600000000e+00 0.000000000e+00 0.000000000e+00 0.000000000e+00 -9.730290443e-09 1.000000000e+01 1.000000000e+01 9.730287610e-09 
d 7.800000000e+00 7.800000000e+00 0.000000000e+00 0.000000000e+00 0.000000000e+00 -1.144666249e-08 1.000000000e+01 1.000000000e+01 1.144666163e-08 
d 8.000000000e+00 8.000000000e+00 0.000000000e+00 0.000000000e+00 0.000000000e+00 -1.333110465e-08 1.000000000e+01 1.000000000e+01 1.333110448e-08 
d 8.200000000e+00 8.200000000e+00 0.000000000e+00 0.000000000e+00 0.000000000e+00 -1.538836079e-08 1.000000000e+01 1.000000000e+01 1.538836103e-08 
d 8.400000000e+00 8.400000000e+00 0.000000000e+00 0.000000000e+00 0.000000000e+00 -1.762386061e-08 1.000000000e+01 1.000000000e+01 1.762386139e-08 
d 8.600000000e+00 8.600000000e+00 0.000000000e+00 0.000000000e+00 0.000000000e+00 -2.004380069e-08 1.000000000e+01 1.000000000e+01 2.004380194e-08 
d 8.800000000e+00 8.800000000e+00 0.000000000e+00 0.000000000e+00 0.000000000e+00 -2.265523169e-08 1.000000000e+01 1.000000000e+01 2.265523325e-08 
d 9.000000000e+00 9.000000000e+00 0.000000000e+00 0.000000000e+00 0.000000000e+00 -2.546615933e-08 1.000000000e+01 1.000000000e+01 2.546616012e-08 
d 9.200000000e+00 9.200000000e+00 0.000000000e+00 0.000000000e+00 0.000000000e+00 -2.848566527e-08 1.000000000e+01 1.000000000e+01 2.848565596e-08 
d 9.400000000e+00 9.400000000e+00 0.000000000e+00 0.000000000e+00 0.000000000e+00 -3.172405274e-08 1.000000000e+01 1.000000000e+01 3.172395264e-08 
d 9.600000000e+00 9.600000000e+00 0.000000000e+00 0.000000000e+00 0.000000000e+00 -3.519302007e-08 1.000000000e+01 1.000000000e+01 3.519302007e-08 
d 9.800000000e+00 9.800000000e+00 0.000000000e+00 0.000000000e+00 0.000000000e+00 -3.890586136e-08 1.000000000e+01 1.000000000e+01 3.890586136e-08 
d 1.000000000e+01 1.000000000e+01 0.000000000e+00 0.000000000e+00 0.000000000e+00 -4.287768912e-08 1.000000000e+01 1.000000000e+01 4.287765901e-08 
d 1.020000000e+01 1.020000000e+01 0.000000000e+00 0.000000000e+00 0.000000000e+00 -4.712567982e-08 1.000000000e+01 1.000000000e+01 4.712567981e-08 
d 1.040000000e+01 1.040000000e+01 0.000000000e+00 0.000000000e+00 0.000000000e+00 -5.166934371e-08 1.000000000e+01 1.000000000e+01 5.166934370e-08 
d 1.060000000e+01 1.060000000e+01 0.000000000e+00 0.000000000e+00 0.000000000e+00 -5.653078322e-08 1.000000000e+01 1.000000000e+01 5.653078321e-08 
d 1.080000000e+01 1.080000000e+01 0.000000000e+00 0.000000000e+00 0.000000000e+00 -6.173492075e-08 1.000000000e+01 1.000000000e+01 6.173488868e-08 
d 1.100000000e+01 1.100000000e+01 0.000000000e+00 0.000000000e+00 0.000000000e+00 -6.730967460e-08 1.000000000e+01 1.000000000e+01 6.730967354e-08 
d 1.120000000e+01 1.120000000e+01 0.000000000e+00 0.000000000e+00 0.000000000e+00 -7.328603161e-08 1.000000000e+01 1.000000000e+01 7.328603141e-08 
d 1.140000000e+01 1.140000000e+01 0.000000000e+00 0.000000000e+00 0.000000000e+00 -7.969794865e-08 1.000000000e+01 1.000000000e+01 7.969794727e-08 
d 1.160000000e+01 1.160000000e+01 0.000000000e+00 0.000000000e+00 0.000000000e+00 -8.658200744e-08 1.000000000e+01 1.000000000e+01 8.658200364e-08 
d 1.180000000e+01 1.180000000e+01 0.000000000e+00 0.000000000e+00 0.000000000e+00 -9.397675717e-08 1.000000000e+01 1.000000000e+01 9.397675508e-08 
d 1.200000000e+01 1.200000000e+01 0.000000000e+00 0.000000000e+00 0.000000000e+00 -1.019217241e-07 1.000000000e+01 1.000000000e+01 1.019217249e-07 
d 1.220000000e+01 1.220000000e+01 0.000000000e+00 0.000000000e+00 0.000000000e+00 -1.104561519e-07 1.000000000e+01 1.000000000e+01 1.104561363e-07 
d 1.240000000e+01 1.240000000e+01 0.000000000e+00 0.000000000e+00 0.000000000e+00 -1.196175964e-07 1.000000000e+01 1.000000000e+01 1.196174983e-07 
d 1.260000000e+01 1.260000000e+01 0.000000000e+00 0.000000000e+00 0.000000000e+00 -1.294405228e-07 1.000000000e+01 1.000000000e+01 1.294403877e-07 
d 1.280000000e+01 1.280000000e+01 0.000000000e+00 0.000000000e+00 0.000000000e+00 -1.399550989e-07 1.000000000e+01 1.000000000e+01 1.399549688e-07 
d 1.300000000e+01 1.300000000e+01 0.000000000e+00 0.000000000e+00 0.000000000e+00 -1.511863664e-07 1.000000000e+01 1.000000000e+01 1.511862841e-07 
d 1.320000000e+01 1.320000000e+01 0.000000000e+00 0.000000000e+00 0.000000000e+00 -1.631538901e-07 1.000000000e+01 1.000000000e+01 1.631538540e-07 
d 1.340000000e+01 1.340000000e+01 0.000000000e+00 0.000000000e+00 0.000000000e+00 -1.758718682e-07 1.000000000e+01 1.000000000e+01 1.758718560e-07 
d 1.360000000e+01 1.360000000e+01 0.000000000e+00 0.000000000e+00 0.000000000e+00 -1.893495909e-07 1.000000000e+01 1.000000000e+01 1.893495876e-07 
d 1.380000000e+01 1.380000000e+01 0.000000000e+00 0.000000000e+00 0.000000000e+00 -2.035920917e-07 1.000000000e+01 1.000000000e+01 2.035920910e-07 
d 1.400000000e+01 1.400000000e+01 0.000000000e+00 0.000000000e+00 0.000000000e+00 -2.186008292e-07 1.000000000e+01 1.000000000e+01 2.186008291e-07 
d 1.420000000e+01 1.420000000e+01 0.000000000e+00 0.000000000e+00 0.000000000e+00 -2.343742741e-07 1.000000000e+01 1.000000000e+01 2.343742741e-07 
d 1.440000000e+01 1.440000000e+01 0.000000000e+00 0.000000000e+00 0.000000000e+00 -2.509083490e-07 1.000000000e+01 1.000000000e+01 2.509083490e-07 
d 1.460000000e+01 1.460000000e+01 0.000000000e+00 0.000000000e+00 0.000000000e+00 -2.681967755e-07 1.000000000e+01 1.000000000e+01 2.681967755e-07 
d 1.480000000e+01 1.480000000e+01 0.000000000e+00 0.000000000e+00 0.000000000e+00 -2.862314603e-07 1.000000000e+01 1.000000000e+01 2.862314602e-07 
d 1.500000000e+01 1.500000000e+01 0.000000000e+00 0.000000000e+00 0.000000000e+00 -3.050030253e-07 1.000000000e+01 1.000000000e+01 3.050030252e-07 
d 1.520000000e+01 1.520000000e+01 0.000000000e+00 0.000000000e+00 0.000000000e+00 -3.245014573e-07 1.000000000e+01 1.000000000e+01 3.245014573e-07 
d 1.540000000e+01 1.540000000e+01 0.000000000e+00 0.000000000e+00 0.000000000e+00 -3.447167406e-07 1.000000000e+01 1.000000000e+01 3.447167405e-07 
d 1.560000000e+01 1.560000000e+01 0.000000000e+00 0.000000000e+00 0.000000000e+00 -3.656393824e-07 1.000000000e+01 1.000000000e+01 3.656393815e-07 
d 1.580000000e+01 1.580000000e+01 0.000000000e+00 0.000000000e+00 0.000000000e+00 -3.872608753e-07 1.000000000e+01 1.000000000e+01 3.872608707e-07 
d 1.600000000e+01 1.600000000e+01 0.000000000e+00 0.000000000e+00 0.000000000e+00 -4.095740741e-07 1.000000000e+01 1.000000000e+01 4.095740650e-07 
d 1.620000000e+01 1.620000000e+01 0.000000000e+00 0.000000000e+00 0.000000000e+00 -4.325733559e-07 1.000000000e+01 1.000000000e+01 4.325733464e-07 
d 1.640000000e+01 1.640000000e+01 0.000000000e+00 0.000000000e+00 0.000000000e+00 -4.562545199e-07 1.000000000e+01 1.000000000e+01 4.562545133e-07 
d 1.660000000e+01 1.660000000e+01 0.000000000e+00 0.000000000e+00 0.000000000e+00 -4.806145585e-07 1.000000000e+01 1.000000000e+01 4.806145547e-07 
d 1.680000000e+01 1.680000000e+01 0.000000000e+00 0.000000000e+00 0.000000000e+00 -5.056514211e-07 1.000000000e+01 1.000000000e+01 5.056514191e-07 
d 1.700000000e+01 1.700000000e+01 0.000000000e+00 0.000000000e+00 0.000000000e+00 -5.313638110e-07 1.000000000e+01 1.000000000e+01 5.313638098e-07 
d 1.720000000e+01 1.720000000e+01 0.000000000e+00 0.000000000e+00 0.000000000e+00 -5.577510181e-07 1.000000000e+01 1.000000000e+01 5.577510173e-07 
d 1.740000000e+01 1.740000000e+01 0.000000000e+00 0.000000000e+00 0.000000000e+00 -5.848127795e-07 1.000000000e+01 1.000000000e+01 5.848127789e-07 
d 1.760000000e+01 1.760000000e+01 0.000000000e+00 0.000000000e+00 0.000000000e+00 -6.125491592e-07 1.000000000e+01 1.000000000e+01 6.125491586e-07 
d 1.780000000e+01 1.780000000e+01 0.000000000e+00 0.000000000e+00 0.000000000e+00 -6.409604399e-07 1.000000000e+01 1.000000000e+01 6.409604394e-07 
d 1.800000000e+01 1.800000000e+01 0.000000000e+00 0.000000000e+00 0.000000000e+00 -6.700470228e-07 1.000000000e+01 1.000000000e+01 6.700470223e-07 
d 1.820000000e+01 1.820000000e+01 0.000000000e+00 0.000000000e+00 0.000000000e+00 -6.998093290e-07 1.000000000e+01 1.000000000e+01 6.998093285e-07 
d 1.840000000e+01 1.840000000e+01 0.000000000e+00 0.000000000e+00 0.000000000e+00 -7.302477007e-07 1.000000000e+01 1.000000000e+01 7.302477003e-07 
d 1.860000000e+01 1.860000000e+01 0.000000000e+00 0.000000000e+00 0.000000000e+00 -7.613622979e-07 1.000000000e+01 1.000000000e+01 7.613622974e-07 
d 1.880000000e+01 1.880000000e+01 0.000000000e+00 0.000000000e+00 0.000000000e+00 -7.931529879e-07 1.000000000e+01 1.000000000e+01 7.931529874e-07 
d 1.900000000e+01 1.900000000e+01 0.000000000e+00 0.000000000e+00 0.000000000e+00 -8.256192250e-07 1.000000000e+01 1.000000000e+01 8.256192246e-07 
d 1.920000000e+01 1.920000000e+01 0.000000000e+00 0.000000000e+00 0.000000000e+00 -8.587599181e-07 1.000000000e+01 1.000000000e+01 8.587599176e-07 
d 1.940000000e+01 1.940000000e+01 0.000000000e+00 0.000000000e+00 0.000000000e+00 -8.925732831e-07 1.000000000e+01 1.000000000e+01 8.925732827e-07 
d 1.960000000e+01 1.960000000e+01 0.000000000e+00 0.000000000e+00 0.000000000e+00 -9.270566810e-07 1.000000000e+01 1.000000000e+01 9.270566805e-07 
d 1.980000000e+01 1.980000000e+01 0.000000000e+00 0.000000000e+00 0.000000000e+00 -9.622064384e-07 1.000000000e+01 1.000000000e+01 9.622064379e-07 
d 2.000000000e+01 2.000000000e+01 0.000000000e+00 0.000000000e+00 0.000000000e+00 -9.980176548e-07 1.000000000e+01 1.000000000e+01 9.980176543e-07 
