v ATLAS
# This file was created by ATLAS version 5.24.1.R on Mon May 11 11:03:47 2020.
#SSF 2.0 generic
##############################################################################
#                    Copyright (c) 1984 - 2017                               #
#                    Silvaco Inc. All rights reserved                        #
#                                                                            #
# This file format and the following Key are copyright Silvaco Inc.          #
# You may not use, this format or key without reproducing this message in    #
# full and obtaining express written permission from Silvaco Inc.            #
#                                                                            #
# To obtain such permission please contact: Silvaco Inc.                     #
#                                           support@silvaco.com              #
#                                                                            #
# KEY=SVC86hn7562asdx                       PROD=345                         #
##############################################################################
y 3 700 711 15
z 51 1e+41 300
f 3 "gate" "source" "drain" 
p 9 2 601 20 3 602 21 4 603 22 
d 2.000000000e-01 2.000000000e-01 0.000000000e+00 0.000000000e+00 0.000000000e+00 -6.038309312e-15 1.000000000e+01 1.000000000e+01 6.034686766e-15 
d 4.000000000e-01 4.000000000e-01 0.000000000e+00 0.000000000e+00 0.000000000e+00 -7.318478713e-15 1.000000000e+01 1.000000000e+01 7.319059192e-15 
d 6.000000000e-01 6.000000000e-01 0.000000000e+00 0.000000000e+00 0.000000000e+00 -1.003156202e-14 1.000000000e+01 1.000000000e+01 1.003666171e-14 
d 8.000000000e-01 8.000000000e-01 0.000000000e+00 0.000000000e+00 0.000000000e+00 -1.651872214e-14 1.000000000e+01 1.000000000e+01 1.651700434e-14 
d 1.000000000e+00 1.000000000e+00 0.000000000e+00 0.000000000e+00 0.000000000e+00 -3.588930604e-14 1.000000000e+01 1.000000000e+01 3.326284885e-14 
d 1.200000000e+00 1.200000000e+00 0.000000000e+00 0.000000000e+00 0.000000000e+00 -8.955959713e-14 1.000000000e+01 1.000000000e+01 8.955250053e-14 
d 1.400000000e+00 1.400000000e+00 0.000000000e+00 0.000000000e+00 0.000000000e+00 -2.007887709e-13 1.000000000e+01 1.000000000e+01 2.007899228e-13 
d 1.600000000e+00 1.600000000e+00 0.000000000e+00 0.000000000e+00 0.000000000e+00 -3.950160145e-13 1.000000000e+01 1.000000000e+01 3.950072242e-13 
d 1.800000000e+00 1.800000000e+00 0.000000000e+00 0.000000000e+00 0.000000000e+00 -7.109535978e-13 1.000000000e+01 1.000000000e+01 7.109508352e-13 
d 2.000000000e+00 2.000000000e+00 0.000000000e+00 0.000000000e+00 0.000000000e+00 -1.217115129e-12 1.000000000e+01 1.000000000e+01 1.217113719e-12 
d 2.200000000e+00 2.200000000e+00 0.000000000e+00 0.000000000e+00 0.000000000e+00 -2.049235739e-12 1.000000000e+01 1.000000000e+01 2.049231063e-12 
d 2.400000000e+00 2.400000000e+00 0.000000000e+00 0.000000000e+00 0.000000000e+00 -3.506470648e-12 1.000000000e+01 1.000000000e+01 3.506438984e-12 
d 2.600000000e+00 2.600000000e+00 0.000000000e+00 0.000000000e+00 0.000000000e+00 -6.236406915e-12 1.000000000e+01 1.000000000e+01 6.236410674e-12 
d 2.800000000e+00 2.800000000e+00 0.000000000e+00 0.000000000e+00 0.000000000e+00 -1.129557945e-11 1.000000000e+01 1.000000000e+01 1.129557690e-11 
d 3.000000000e+00 3.000000000e+00 0.000000000e+00 0.000000000e+00 0.000000000e+00 -1.980691711e-11 1.000000000e+01 1.000000000e+01 1.980691560e-11 
d 3.200000000e+00 3.200000000e+00 0.000000000e+00 0.000000000e+00 0.000000000e+00 -3.274643488e-11 1.000000000e+01 1.000000000e+01 3.274560302e-11 
d 3.400000000e+00 3.400000000e+00 0.000000000e+00 0.000000000e+00 0.000000000e+00 -5.104903195e-11 1.000000000e+01 1.000000000e+01 5.104902541e-11 
d 3.600000000e+00 3.600000000e+00 0.000000000e+00 0.000000000e+00 0.000000000e+00 -7.574404346e-11 1.000000000e+01 1.000000000e+01 7.574404377e-11 
d 3.800000000e+00 3.800000000e+00 0.000000000e+00 0.000000000e+00 0.000000000e+00 -1.080639257e-10 1.000000000e+01 1.000000000e+01 1.080620743e-10 
d 4.000000000e+00 4.000000000e+00 0.000000000e+00 0.000000000e+00 0.000000000e+00 -1.495547611e-10 1.000000000e+01 1.000000000e+01 1.495547596e-10 
d 4.200000000e+00 4.200000000e+00 0.000000000e+00 0.000000000e+00 0.000000000e+00 -2.022182101e-10 1.000000000e+01 1.000000000e+01 2.022182236e-10 
d 4.400000000e+00 4.400000000e+00 0.000000000e+00 0.000000000e+00 0.000000000e+00 -2.687159809e-10 1.000000000e+01 1.000000000e+01 2.687159769e-10 
d 4.600000000e+00 4.600000000e+00 0.000000000e+00 0.000000000e+00 0.000000000e+00 -3.526789239e-10 1.000000000e+01 1.000000000e+01 3.526789250e-10 
d 4.800000000e+00 4.800000000e+00 0.000000000e+00 0.000000000e+00 0.000000000e+00 -4.591832330e-10 1.000000000e+01 1.000000000e+01 4.591832330e-10 
d 5.000000000e+00 5.000000000e+00 0.000000000e+00 0.000000000e+00 0.000000000e+00 -5.954783643e-10 1.000000000e+01 1.000000000e+01 5.954783625e-10 
d 5.200000000e+00 5.200000000e+00 0.000000000e+00 0.000000000e+00 0.000000000e+00 -7.720370966e-10 1.000000000e+01 1.000000000e+01 7.720370978e-10 
d 5.400000000e+00 5.400000000e+00 0.000000000e+00 0.000000000e+00 0.000000000e+00 -1.003816764e-09 1.000000000e+01 1.000000000e+01 1.003816763e-09 
d 5.600000000e+00 5.600000000e+00 0.000000000e+00 0.000000000e+00 0.000000000e+00 -1.311019734e-09 1.000000000e+01 1.000000000e+01 1.311019733e-09 
d 5.800000000e+00 5.800000000e+00 0.000000000e+00 0.000000000e+00 0.000000000e+00 -1.717773433e-09 1.000000000e+01 1.000000000e+01 1.717773434e-09 
d 6.000000000e+00 6.000000000e+00 0.000000000e+00 0.000000000e+00 0.000000000e+00 -2.247828502e-09 1.000000000e+01 1.000000000e+01 2.247828503e-09 
d 6.200000000e+00 6.200000000e+00 0.000000000e+00 0.000000000e+00 0.000000000e+00 -2.919752812e-09 1.000000000e+01 1.000000000e+01 2.919752811e-09 
d 6.400000000e+00 6.400000000e+00 0.000000000e+00 0.000000000e+00 0.000000000e+00 -3.745241057e-09 1.000000000e+01 1.000000000e+01 3.745241058e-09 
d 6.600000000e+00 6.600000000e+00 0.000000000e+00 0.000000000e+00 0.000000000e+00 -4.730516447e-09 1.000000000e+01 1.000000000e+01 4.730516447e-09 
d 6.800000000e+00 6.800000000e+00 0.000000000e+00 0.000000000e+00 0.000000000e+00 -5.878553806e-09 1.000000000e+01 1.000000000e+01 5.878553807e-09 
d 7.000000000e+00 7.000000000e+00 0.000000000e+00 0.000000000e+00 0.000000000e+00 -7.190804881e-09 1.000000000e+01 1.000000000e+01 7.190804882e-09 
d 7.200000000e+00 7.200000000e+00 0.000000000e+00 0.000000000e+00 0.000000000e+00 -8.668251461e-09 1.000000000e+01 1.000000000e+01 8.668251463e-09 
d 7.400000000e+00 7.400000000e+00 0.000000000e+00 0.000000000e+00 0.000000000e+00 -1.031197846e-08 1.000000000e+01 1.000000000e+01 1.031197643e-08 
d 7.600000000e+00 7.600000000e+00 0.000000000e+00 0.000000000e+00 0.000000000e+00 -1.212346871e-08 1.000000000e+01 1.000000000e+01 1.212346733e-08 
d 7.800000000e+00 7.800000000e+00 0.000000000e+00 0.000000000e+00 0.000000000e+00 -1.410476004e-08 1.000000000e+01 1.000000000e+01 1.410475913e-08 
d 8.000000000e+00 8.000000000e+00 0.000000000e+00 0.000000000e+00 0.000000000e+00 -1.625854769e-08 1.000000000e+01 1.000000000e+01 1.625854723e-08 
d 8.200000000e+00 8.200000000e+00 0.000000000e+00 0.000000000e+00 0.000000000e+00 -1.858827136e-08 1.000000000e+01 1.000000000e+01 1.858827127e-08 
d 8.400000000e+00 8.400000000e+00 0.000000000e+00 0.000000000e+00 0.000000000e+00 -2.109819921e-08 1.000000000e+01 1.000000000e+01 2.109819932e-08 
d 8.600000000e+00 8.600000000e+00 0.000000000e+00 0.000000000e+00 0.000000000e+00 -2.379350938e-08 1.000000000e+01 1.000000000e+01 2.379350929e-08 
d 8.800000000e+00 8.800000000e+00 0.000000000e+00 0.000000000e+00 0.000000000e+00 -2.668036963e-08 1.000000000e+01 1.000000000e+01 2.668036927e-08 
d 9.000000000e+00 9.000000000e+00 0.000000000e+00 0.000000000e+00 0.000000000e+00 -2.976601946e-08 1.000000000e+01 1.000000000e+01 2.976601928e-08 
d 9.200000000e+00 9.200000000e+00 0.000000000e+00 0.000000000e+00 0.000000000e+00 -3.305886150e-08 1.000000000e+01 1.000000000e+01 3.305886176e-08 
d 9.400000000e+00 9.400000000e+00 0.000000000e+00 0.000000000e+00 0.000000000e+00 -3.656856915e-08 1.000000000e+01 1.000000000e+01 3.656856966e-08 
d 9.600000000e+00 9.600000000e+00 0.000000000e+00 0.000000000e+00 0.000000000e+00 -4.030621537e-08 1.000000000e+01 1.000000000e+01 4.030621492e-08 
d 9.800000000e+00 9.800000000e+00 0.000000000e+00 0.000000000e+00 0.000000000e+00 -4.428442676e-08 1.000000000e+01 1.000000000e+01 4.428442496e-08 
d 1.000000000e+01 1.000000000e+01 0.000000000e+00 0.000000000e+00 0.000000000e+00 -4.851757042e-08 1.000000000e+01 1.000000000e+01 4.851756934e-08 
d 1.020000000e+01 1.020000000e+01 0.000000000e+00 0.000000000e+00 0.000000000e+00 -5.302198266e-08 1.000000000e+01 1.000000000e+01 5.302198192e-08 
d 1.040000000e+01 1.040000000e+01 0.000000000e+00 0.000000000e+00 0.000000000e+00 -5.781624667e-08 1.000000000e+01 1.000000000e+01 5.781624810e-08 
d 1.060000000e+01 1.060000000e+01 0.000000000e+00 0.000000000e+00 0.000000000e+00 -6.292151240e-08 1.000000000e+01 1.000000000e+01 6.292130524e-08 
d 1.080000000e+01 1.080000000e+01 0.000000000e+00 0.000000000e+00 0.000000000e+00 -6.836181512e-08 1.000000000e+01 1.000000000e+01 6.836181512e-08 
d 1.100000000e+01 1.100000000e+01 0.000000000e+00 0.000000000e+00 0.000000000e+00 -7.416430331e-08 1.000000000e+01 1.000000000e+01 7.416430331e-08 
d 1.120000000e+01 1.120000000e+01 0.000000000e+00 0.000000000e+00 0.000000000e+00 -8.035931668e-08 1.000000000e+01 1.000000000e+01 8.035925298e-08 
d 1.140000000e+01 1.140000000e+01 0.000000000e+00 0.000000000e+00 0.000000000e+00 -8.698027856e-08 1.000000000e+01 1.000000000e+01 8.698027479e-08 
d 1.160000000e+01 1.160000000e+01 0.000000000e+00 0.000000000e+00 0.000000000e+00 -9.406333569e-08 1.000000000e+01 1.000000000e+01 9.406333527e-08 
d 1.180000000e+01 1.180000000e+01 0.000000000e+00 0.000000000e+00 0.000000000e+00 -1.016466847e-07 1.000000000e+01 1.000000000e+01 1.016466799e-07 
d 1.200000000e+01 1.200000000e+01 0.000000000e+00 0.000000000e+00 0.000000000e+00 -1.097695840e-07 1.000000000e+01 1.000000000e+01 1.097695786e-07 
d 1.220000000e+01 1.220000000e+01 0.000000000e+00 0.000000000e+00 0.000000000e+00 -1.184711177e-07 1.000000000e+01 1.000000000e+01 1.184711121e-07 
d 1.240000000e+01 1.240000000e+01 0.000000000e+00 0.000000000e+00 0.000000000e+00 -1.277888330e-07 1.000000000e+01 1.000000000e+01 1.277887797e-07 
d 1.260000000e+01 1.260000000e+01 0.000000000e+00 0.000000000e+00 0.000000000e+00 -1.377574099e-07 1.000000000e+01 1.000000000e+01 1.377572602e-07 
d 1.280000000e+01 1.280000000e+01 0.000000000e+00 0.000000000e+00 0.000000000e+00 -1.484074484e-07 1.000000000e+01 1.000000000e+01 1.484073437e-07 
d 1.300000000e+01 1.300000000e+01 0.000000000e+00 0.000000000e+00 0.000000000e+00 -1.597645516e-07 1.000000000e+01 1.000000000e+01 1.597645123e-07 
d 1.320000000e+01 1.320000000e+01 0.000000000e+00 0.000000000e+00 0.000000000e+00 -1.718489072e-07 1.000000000e+01 1.000000000e+01 1.718488949e-07 
d 1.340000000e+01 1.340000000e+01 0.000000000e+00 0.000000000e+00 0.000000000e+00 -1.846753648e-07 1.000000000e+01 1.000000000e+01 1.846753613e-07 
d 1.360000000e+01 1.360000000e+01 0.000000000e+00 0.000000000e+00 0.000000000e+00 -1.982538634e-07 1.000000000e+01 1.000000000e+01 1.982538625e-07 
d 1.380000000e+01 1.380000000e+01 0.000000000e+00 0.000000000e+00 0.000000000e+00 -2.125900400e-07 1.000000000e+01 1.000000000e+01 2.125900398e-07 
d 1.400000000e+01 1.400000000e+01 0.000000000e+00 0.000000000e+00 0.000000000e+00 -2.276858915e-07 1.000000000e+01 1.000000000e+01 2.276858914e-07 
d 1.420000000e+01 1.420000000e+01 0.000000000e+00 0.000000000e+00 0.000000000e+00 -2.435404108e-07 1.000000000e+01 1.000000000e+01 2.435404108e-07 
d 1.440000000e+01 1.440000000e+01 0.000000000e+00 0.000000000e+00 0.000000000e+00 -2.601501215e-07 1.000000000e+01 1.000000000e+01 2.601501215e-07 
d 1.460000000e+01 1.460000000e+01 0.000000000e+00 0.000000000e+00 0.000000000e+00 -2.775094526e-07 1.000000000e+01 1.000000000e+01 2.775094526e-07 
d 1.480000000e+01 1.480000000e+01 0.000000000e+00 0.000000000e+00 0.000000000e+00 -2.956110169e-07 1.000000000e+01 1.000000000e+01 2.956110169e-07 
d 1.500000000e+01 1.500000000e+01 0.000000000e+00 0.000000000e+00 0.000000000e+00 -3.144460027e-07 1.000000000e+01 1.000000000e+01 3.144460027e-07 
d 1.520000000e+01 1.520000000e+01 0.000000000e+00 0.000000000e+00 0.000000000e+00 -3.340048307e-07 1.000000000e+01 1.000000000e+01 3.340048306e-07 
d 1.540000000e+01 1.540000000e+01 0.000000000e+00 0.000000000e+00 0.000000000e+00 -3.542779490e-07 1.000000000e+01 1.000000000e+01 3.542779488e-07 
d 1.560000000e+01 1.560000000e+01 0.000000000e+00 0.000000000e+00 0.000000000e+00 -3.752565219e-07 1.000000000e+01 1.000000000e+01 3.752565208e-07 
d 1.580000000e+01 1.580000000e+01 0.000000000e+00 0.000000000e+00 0.000000000e+00 -3.969329986e-07 1.000000000e+01 1.000000000e+01 3.969329944e-07 
d 1.600000000e+01 1.600000000e+01 0.000000000e+00 0.000000000e+00 0.000000000e+00 -4.193016225e-07 1.000000000e+01 1.000000000e+01 4.193016125e-07 
d 1.620000000e+01 1.620000000e+01 0.000000000e+00 0.000000000e+00 0.000000000e+00 -4.423586664e-07 1.000000000e+01 1.000000000e+01 4.423586547e-07 
d 1.640000000e+01 1.640000000e+01 0.000000000e+00 0.000000000e+00 0.000000000e+00 -4.661022455e-07 1.000000000e+01 1.000000000e+01 4.661022370e-07 
d 1.660000000e+01 1.660000000e+01 0.000000000e+00 0.000000000e+00 0.000000000e+00 -4.905318871e-07 1.000000000e+01 1.000000000e+01 4.905318824e-07 
d 1.680000000e+01 1.680000000e+01 0.000000000e+00 0.000000000e+00 0.000000000e+00 -5.156481174e-07 1.000000000e+01 1.000000000e+01 5.156481151e-07 
d 1.700000000e+01 1.700000000e+01 0.000000000e+00 0.000000000e+00 0.000000000e+00 -5.414521532e-07 1.000000000e+01 1.000000000e+01 5.414521521e-07 
d 1.720000000e+01 1.720000000e+01 0.000000000e+00 0.000000000e+00 0.000000000e+00 -5.679456875e-07 1.000000000e+01 1.000000000e+01 5.679456869e-07 
d 1.740000000e+01 1.740000000e+01 0.000000000e+00 0.000000000e+00 0.000000000e+00 -5.951307365e-07 1.000000000e+01 1.000000000e+01 5.951307361e-07 
d 1.760000000e+01 1.760000000e+01 0.000000000e+00 0.000000000e+00 0.000000000e+00 -6.230095225e-07 1.000000000e+01 1.000000000e+01 6.230095222e-07 
d 1.780000000e+01 1.780000000e+01 0.000000000e+00 0.000000000e+00 0.000000000e+00 -6.515843768e-07 1.000000000e+01 1.000000000e+01 6.515843765e-07 
d 1.800000000e+01 1.800000000e+01 0.000000000e+00 0.000000000e+00 0.000000000e+00 -6.808576508e-07 1.000000000e+01 1.000000000e+01 6.808576506e-07 
d 1.820000000e+01 1.820000000e+01 0.000000000e+00 0.000000000e+00 0.000000000e+00 -7.108316315e-07 1.000000000e+01 1.000000000e+01 7.108316313e-07 
d 1.840000000e+01 1.840000000e+01 0.000000000e+00 0.000000000e+00 0.000000000e+00 -7.415084533e-07 1.000000000e+01 1.000000000e+01 7.415084530e-07 
d 1.860000000e+01 1.860000000e+01 0.000000000e+00 0.000000000e+00 0.000000000e+00 -7.728900050e-07 1.000000000e+01 1.000000000e+01 7.728900048e-07 
d 1.880000000e+01 1.880000000e+01 0.000000000e+00 0.000000000e+00 0.000000000e+00 -8.049778283e-07 1.000000000e+01 1.000000000e+01 8.049778280e-07 
d 1.900000000e+01 1.900000000e+01 0.000000000e+00 0.000000000e+00 0.000000000e+00 -8.377730037e-07 1.000000000e+01 1.000000000e+01 8.377730034e-07 
d 1.920000000e+01 1.920000000e+01 0.000000000e+00 0.000000000e+00 0.000000000e+00 -8.712760240e-07 1.000000000e+01 1.000000000e+01 8.712760237e-07 
d 1.940000000e+01 1.940000000e+01 0.000000000e+00 0.000000000e+00 0.000000000e+00 -9.054866515e-07 1.000000000e+01 1.000000000e+01 9.054866512e-07 
d 1.960000000e+01 1.960000000e+01 0.000000000e+00 0.000000000e+00 0.000000000e+00 -9.404037582e-07 1.000000000e+01 1.000000000e+01 9.404037579e-07 
d 1.980000000e+01 1.980000000e+01 0.000000000e+00 0.000000000e+00 0.000000000e+00 -9.760251495e-07 1.000000000e+01 1.000000000e+01 9.760251491e-07 
d 2.000000000e+01 2.000000000e+01 0.000000000e+00 0.000000000e+00 0.000000000e+00 -1.012347372e-06 1.000000000e+01 1.000000000e+01 1.012347372e-06 
