v ATLAS
# This file was created by ATLAS version 5.24.1.R on Sun May 10 20:04:17 2020.
#SSF 2.0 generic
##############################################################################
#                    Copyright (c) 1984 - 2017                               #
#                    Silvaco Inc. All rights reserved                        #
#                                                                            #
# This file format and the following Key are copyright Silvaco Inc.          #
# You may not use, this format or key without reproducing this message in    #
# full and obtaining express written permission from Silvaco Inc.            #
#                                                                            #
# To obtain such permission please contact: Silvaco Inc.                     #
#                                           support@silvaco.com              #
#                                                                            #
# KEY=SVC86hn7562asdx                       PROD=345                         #
##############################################################################
y 3 700 711 15
z 51 1e+41 300
f 3 "gate" "source" "drain" 
p 9 2 601 20 3 602 21 4 603 22 
d 2.000000000e-01 2.000000000e-01 0.000000000e+00 0.000000000e+00 0.000000000e+00 -7.000812005e-17 1.000000000e+01 1.000000000e+01 6.992556541e-17 
d 4.000000000e-01 4.000000000e-01 0.000000000e+00 0.000000000e+00 0.000000000e+00 -1.938649219e-16 1.000000000e+01 1.000000000e+01 1.938676458e-16 
d 6.000000000e-01 6.000000000e-01 0.000000000e+00 0.000000000e+00 0.000000000e+00 -5.031755428e-16 1.000000000e+01 1.000000000e+01 4.728138195e-16 
d 8.000000000e-01 8.000000000e-01 0.000000000e+00 0.000000000e+00 0.000000000e+00 -1.303369439e-15 1.000000000e+01 1.000000000e+01 1.303426267e-15 
d 1.000000000e+00 1.000000000e+00 0.000000000e+00 0.000000000e+00 0.000000000e+00 -3.791161973e-15 1.000000000e+01 1.000000000e+01 3.791344538e-15 
d 1.200000000e+00 1.200000000e+00 0.000000000e+00 0.000000000e+00 0.000000000e+00 -1.067032032e-14 1.000000000e+01 1.000000000e+01 1.067022432e-14 
d 1.400000000e+00 1.400000000e+00 0.000000000e+00 0.000000000e+00 0.000000000e+00 -2.486199059e-14 1.000000000e+01 1.000000000e+01 2.486207733e-14 
d 1.600000000e+00 1.600000000e+00 0.000000000e+00 0.000000000e+00 0.000000000e+00 -4.967002905e-14 1.000000000e+01 1.000000000e+01 4.967012763e-14 
d 1.800000000e+00 1.800000000e+00 0.000000000e+00 0.000000000e+00 0.000000000e+00 -9.010624031e-14 1.000000000e+01 1.000000000e+01 9.010644295e-14 
d 2.000000000e+00 2.000000000e+00 0.000000000e+00 0.000000000e+00 0.000000000e+00 -1.550049855e-13 1.000000000e+01 1.000000000e+01 1.550050374e-13 
d 2.200000000e+00 2.200000000e+00 0.000000000e+00 0.000000000e+00 0.000000000e+00 -2.618854952e-13 1.000000000e+01 1.000000000e+01 2.618858099e-13 
d 2.400000000e+00 2.400000000e+00 0.000000000e+00 0.000000000e+00 0.000000000e+00 -4.492655704e-13 1.000000000e+01 1.000000000e+01 4.492653770e-13 
d 2.600000000e+00 2.600000000e+00 0.000000000e+00 0.000000000e+00 0.000000000e+00 -8.007532866e-13 1.000000000e+01 1.000000000e+01 8.007531600e-13 
d 2.800000000e+00 2.800000000e+00 0.000000000e+00 0.000000000e+00 0.000000000e+00 -1.453206018e-12 1.000000000e+01 1.000000000e+01 1.453206185e-12 
d 3.000000000e+00 3.000000000e+00 0.000000000e+00 0.000000000e+00 0.000000000e+00 -2.552712590e-12 1.000000000e+01 1.000000000e+01 2.552712283e-12 
d 3.200000000e+00 3.200000000e+00 0.000000000e+00 0.000000000e+00 0.000000000e+00 -4.227339411e-12 1.000000000e+01 1.000000000e+01 4.227339015e-12 
d 3.400000000e+00 3.400000000e+00 0.000000000e+00 0.000000000e+00 0.000000000e+00 -6.601752552e-12 1.000000000e+01 1.000000000e+01 6.601752688e-12 
d 3.600000000e+00 3.600000000e+00 0.000000000e+00 0.000000000e+00 0.000000000e+00 -9.815790244e-12 1.000000000e+01 1.000000000e+01 9.815790289e-12 
d 3.800000000e+00 3.800000000e+00 0.000000000e+00 0.000000000e+00 0.000000000e+00 -1.403949910e-11 1.000000000e+01 1.000000000e+01 1.403949874e-11 
d 4.000000000e+00 4.000000000e+00 0.000000000e+00 0.000000000e+00 0.000000000e+00 -1.948934492e-11 1.000000000e+01 1.000000000e+01 1.948934523e-11 
d 4.200000000e+00 4.200000000e+00 0.000000000e+00 0.000000000e+00 0.000000000e+00 -2.645017941e-11 1.000000000e+01 1.000000000e+01 2.645017933e-11 
d 4.400000000e+00 4.400000000e+00 0.000000000e+00 0.000000000e+00 0.000000000e+00 -3.530820237e-11 1.000000000e+01 1.000000000e+01 3.530820251e-11 
d 4.600000000e+00 4.600000000e+00 0.000000000e+00 0.000000000e+00 0.000000000e+00 -4.660304400e-11 1.000000000e+01 1.000000000e+01 4.660304418e-11 
d 4.800000000e+00 4.800000000e+00 0.000000000e+00 0.000000000e+00 0.000000000e+00 -6.111269462e-11 1.000000000e+01 1.000000000e+01 6.111269449e-11 
d 5.000000000e+00 5.000000000e+00 0.000000000e+00 0.000000000e+00 0.000000000e+00 -7.999405101e-11 1.000000000e+01 1.000000000e+01 7.999405082e-11 
d 5.200000000e+00 5.200000000e+00 0.000000000e+00 0.000000000e+00 0.000000000e+00 -1.050117609e-10 1.000000000e+01 1.000000000e+01 1.050117614e-10 
d 5.400000000e+00 5.400000000e+00 0.000000000e+00 0.000000000e+00 0.000000000e+00 -1.388793257e-10 1.000000000e+01 1.000000000e+01 1.388793256e-10 
d 5.600000000e+00 5.600000000e+00 0.000000000e+00 0.000000000e+00 0.000000000e+00 -1.856452950e-10 1.000000000e+01 1.000000000e+01 1.856452955e-10 
d 5.800000000e+00 5.800000000e+00 0.000000000e+00 0.000000000e+00 0.000000000e+00 -2.508269678e-10 1.000000000e+01 1.000000000e+01 2.508269672e-10 
d 6.000000000e+00 6.000000000e+00 0.000000000e+00 0.000000000e+00 0.000000000e+00 -3.409050733e-10 1.000000000e+01 1.000000000e+01 3.409050734e-10 
d 6.200000000e+00 6.200000000e+00 0.000000000e+00 0.000000000e+00 0.000000000e+00 -4.623692076e-10 1.000000000e+01 1.000000000e+01 4.623692077e-10 
d 6.400000000e+00 6.400000000e+00 0.000000000e+00 0.000000000e+00 0.000000000e+00 -6.210672256e-10 1.000000000e+01 1.000000000e+01 6.210672257e-10 
d 6.600000000e+00 6.600000000e+00 0.000000000e+00 0.000000000e+00 0.000000000e+00 -8.221459675e-10 1.000000000e+01 1.000000000e+01 8.221459663e-10 
d 6.800000000e+00 6.800000000e+00 0.000000000e+00 0.000000000e+00 0.000000000e+00 -1.070289884e-09 1.000000000e+01 1.000000000e+01 1.070289884e-09 
d 7.000000000e+00 7.000000000e+00 0.000000000e+00 0.000000000e+00 0.000000000e+00 -1.369985490e-09 1.000000000e+01 1.000000000e+01 1.369985489e-09 
d 7.200000000e+00 7.200000000e+00 0.000000000e+00 0.000000000e+00 0.000000000e+00 -1.725729090e-09 1.000000000e+01 1.000000000e+01 1.725729090e-09 
d 7.400000000e+00 7.400000000e+00 0.000000000e+00 0.000000000e+00 0.000000000e+00 -2.142181842e-09 1.000000000e+01 1.000000000e+01 2.142181843e-09 
d 7.600000000e+00 7.600000000e+00 0.000000000e+00 0.000000000e+00 0.000000000e+00 -2.624291946e-09 1.000000000e+01 1.000000000e+01 2.624291947e-09 
d 7.800000000e+00 7.800000000e+00 0.000000000e+00 0.000000000e+00 0.000000000e+00 -3.177400271e-09 1.000000000e+01 1.000000000e+01 3.177400270e-09 
d 8.000000000e+00 8.000000000e+00 0.000000000e+00 0.000000000e+00 0.000000000e+00 -3.807340570e-09 1.000000000e+01 1.000000000e+01 3.807340571e-09 
d 8.200000000e+00 8.200000000e+00 0.000000000e+00 0.000000000e+00 0.000000000e+00 -4.520541952e-09 1.000000000e+01 1.000000000e+01 4.520541954e-09 
d 8.400000000e+00 8.400000000e+00 0.000000000e+00 0.000000000e+00 0.000000000e+00 -5.324139241e-09 1.000000000e+01 1.000000000e+01 5.324139240e-09 
d 8.600000000e+00 8.600000000e+00 0.000000000e+00 0.000000000e+00 0.000000000e+00 -6.226095810e-09 1.000000000e+01 1.000000000e+01 6.226095808e-09 
d 8.800000000e+00 8.800000000e+00 0.000000000e+00 0.000000000e+00 0.000000000e+00 -7.235343096e-09 1.000000000e+01 1.000000000e+01 7.235343097e-09 
d 9.000000000e+00 9.000000000e+00 0.000000000e+00 0.000000000e+00 0.000000000e+00 -8.361940911e-09 1.000000000e+01 1.000000000e+01 8.361940910e-09 
d 9.200000000e+00 9.200000000e+00 0.000000000e+00 0.000000000e+00 0.000000000e+00 -9.617262876e-09 1.000000000e+01 1.000000000e+01 9.617262637e-09 
d 9.400000000e+00 9.400000000e+00 0.000000000e+00 0.000000000e+00 0.000000000e+00 -1.101421124e-08 1.000000000e+01 1.000000000e+01 1.101421009e-08 
d 9.600000000e+00 9.600000000e+00 0.000000000e+00 0.000000000e+00 0.000000000e+00 -1.256746478e-08 1.000000000e+01 1.000000000e+01 1.256746185e-08 
d 9.800000000e+00 9.800000000e+00 0.000000000e+00 0.000000000e+00 0.000000000e+00 -1.429376183e-08 1.000000000e+01 1.000000000e+01 1.429375696e-08 
d 1.000000000e+01 1.000000000e+01 0.000000000e+00 0.000000000e+00 0.000000000e+00 -1.621221853e-08 1.000000000e+01 1.000000000e+01 1.621221363e-08 
d 1.020000000e+01 1.020000000e+01 0.000000000e+00 0.000000000e+00 0.000000000e+00 -1.834467745e-08 1.000000000e+01 1.000000000e+01 1.834467428e-08 
d 1.040000000e+01 1.040000000e+01 0.000000000e+00 0.000000000e+00 0.000000000e+00 -2.071607466e-08 1.000000000e+01 1.000000000e+01 2.071607323e-08 
d 1.060000000e+01 1.060000000e+01 0.000000000e+00 0.000000000e+00 0.000000000e+00 -2.335479997e-08 1.000000000e+01 1.000000000e+01 2.335479949e-08 
d 1.080000000e+01 1.080000000e+01 0.000000000e+00 0.000000000e+00 0.000000000e+00 -2.629300767e-08 1.000000000e+01 1.000000000e+01 2.629300757e-08 
d 1.100000000e+01 1.100000000e+01 0.000000000e+00 0.000000000e+00 0.000000000e+00 -2.956681400e-08 1.000000000e+01 1.000000000e+01 2.956681399e-08 
d 1.120000000e+01 1.120000000e+01 0.000000000e+00 0.000000000e+00 0.000000000e+00 -3.321629520e-08 1.000000000e+01 1.000000000e+01 3.321629521e-08 
d 1.140000000e+01 1.140000000e+01 0.000000000e+00 0.000000000e+00 0.000000000e+00 -3.728518563e-08 1.000000000e+01 1.000000000e+01 3.728518563e-08 
d 1.160000000e+01 1.160000000e+01 0.000000000e+00 0.000000000e+00 0.000000000e+00 -4.182018095e-08 1.000000000e+01 1.000000000e+01 4.182018095e-08 
d 1.180000000e+01 1.180000000e+01 0.000000000e+00 0.000000000e+00 0.000000000e+00 -4.686979422e-08 1.000000000e+01 1.000000000e+01 4.686979422e-08 
d 1.200000000e+01 1.200000000e+01 0.000000000e+00 0.000000000e+00 0.000000000e+00 -5.248280094e-08 1.000000000e+01 1.000000000e+01 5.248280094e-08 
d 1.220000000e+01 1.220000000e+01 0.000000000e+00 0.000000000e+00 0.000000000e+00 -5.870642734e-08 1.000000000e+01 1.000000000e+01 5.870642733e-08 
d 1.240000000e+01 1.240000000e+01 0.000000000e+00 0.000000000e+00 0.000000000e+00 -6.558453907e-08 1.000000000e+01 1.000000000e+01 6.558453904e-08 
d 1.260000000e+01 1.260000000e+01 0.000000000e+00 0.000000000e+00 0.000000000e+00 -7.315611930e-08 1.000000000e+01 1.000000000e+01 7.315611923e-08 
d 1.280000000e+01 1.280000000e+01 0.000000000e+00 0.000000000e+00 0.000000000e+00 -8.145425941e-08 1.000000000e+01 1.000000000e+01 8.145425929e-08 
d 1.300000000e+01 1.300000000e+01 0.000000000e+00 0.000000000e+00 0.000000000e+00 -9.050574991e-08 1.000000000e+01 1.000000000e+01 9.050574977e-08 
d 1.320000000e+01 1.320000000e+01 0.000000000e+00 0.000000000e+00 0.000000000e+00 -1.003312177e-07 1.000000000e+01 1.000000000e+01 1.003312176e-07 
d 1.340000000e+01 1.340000000e+01 0.000000000e+00 0.000000000e+00 0.000000000e+00 -1.109456637e-07 1.000000000e+01 1.000000000e+01 1.109456637e-07 
d 1.360000000e+01 1.360000000e+01 0.000000000e+00 0.000000000e+00 0.000000000e+00 -1.223592291e-07 1.000000000e+01 1.000000000e+01 1.223592291e-07 
d 1.380000000e+01 1.380000000e+01 0.000000000e+00 0.000000000e+00 0.000000000e+00 -1.345780431e-07 1.000000000e+01 1.000000000e+01 1.345780431e-07 
d 1.400000000e+01 1.400000000e+01 0.000000000e+00 0.000000000e+00 0.000000000e+00 -1.476050507e-07 1.000000000e+01 1.000000000e+01 1.476050506e-07 
d 1.420000000e+01 1.420000000e+01 0.000000000e+00 0.000000000e+00 0.000000000e+00 -1.614407614e-07 1.000000000e+01 1.000000000e+01 1.614407613e-07 
d 1.440000000e+01 1.440000000e+01 0.000000000e+00 0.000000000e+00 0.000000000e+00 -1.760838954e-07 1.000000000e+01 1.000000000e+01 1.760838948e-07 
d 1.460000000e+01 1.460000000e+01 0.000000000e+00 0.000000000e+00 0.000000000e+00 -1.915319185e-07 1.000000000e+01 1.000000000e+01 1.915319172e-07 
d 1.480000000e+01 1.480000000e+01 0.000000000e+00 0.000000000e+00 0.000000000e+00 -2.077814741e-07 1.000000000e+01 1.000000000e+01 2.077814723e-07 
d 1.500000000e+01 1.500000000e+01 0.000000000e+00 0.000000000e+00 0.000000000e+00 -2.248287213e-07 1.000000000e+01 1.000000000e+01 2.248287194e-07 
d 1.520000000e+01 1.520000000e+01 0.000000000e+00 0.000000000e+00 0.000000000e+00 -2.426695926e-07 1.000000000e+01 1.000000000e+01 2.426695912e-07 
d 1.540000000e+01 1.540000000e+01 0.000000000e+00 0.000000000e+00 0.000000000e+00 -2.613011952e-07 1.000000000e+01 1.000000000e+01 2.612999848e-07 
d 1.560000000e+01 1.560000000e+01 0.000000000e+00 0.000000000e+00 0.000000000e+00 -2.807172956e-07 1.000000000e+01 1.000000000e+01 2.807158983e-07 
d 1.580000000e+01 1.580000000e+01 0.000000000e+00 0.000000000e+00 0.000000000e+00 -3.009147986e-07 1.000000000e+01 1.000000000e+01 3.009135226e-07 
d 1.600000000e+01 1.600000000e+01 0.000000000e+00 0.000000000e+00 0.000000000e+00 -3.218904733e-07 1.000000000e+01 1.000000000e+01 3.218892985e-07 
d 1.620000000e+01 1.620000000e+01 0.000000000e+00 0.000000000e+00 0.000000000e+00 -3.436410350e-07 1.000000000e+01 1.000000000e+01 3.436399453e-07 
d 1.640000000e+01 1.640000000e+01 0.000000000e+00 0.000000000e+00 0.000000000e+00 -3.661634873e-07 1.000000000e+01 1.000000000e+01 3.661624703e-07 
d 1.660000000e+01 1.660000000e+01 0.000000000e+00 0.000000000e+00 0.000000000e+00 -3.894551140e-07 1.000000000e+01 1.000000000e+01 3.894541595e-07 
d 1.680000000e+01 1.680000000e+01 0.000000000e+00 0.000000000e+00 0.000000000e+00 -4.135134574e-07 1.000000000e+01 1.000000000e+01 4.135125572e-07 
d 1.700000000e+01 1.700000000e+01 0.000000000e+00 0.000000000e+00 0.000000000e+00 -4.383362861e-07 1.000000000e+01 1.000000000e+01 4.383354335e-07 
d 1.720000000e+01 1.720000000e+01 0.000000000e+00 0.000000000e+00 0.000000000e+00 -4.639215539e-07 1.000000000e+01 1.000000000e+01 4.639207433e-07 
d 1.740000000e+01 1.740000000e+01 0.000000000e+00 0.000000000e+00 0.000000000e+00 -4.902673494e-07 1.000000000e+01 1.000000000e+01 4.902665762e-07 
d 1.760000000e+01 1.760000000e+01 0.000000000e+00 0.000000000e+00 0.000000000e+00 -5.173718380e-07 1.000000000e+01 1.000000000e+01 5.173710983e-07 
d 1.780000000e+01 1.780000000e+01 0.000000000e+00 0.000000000e+00 0.000000000e+00 -5.452331939e-07 1.000000000e+01 1.000000000e+01 5.452324845e-07 
d 1.800000000e+01 1.800000000e+01 0.000000000e+00 0.000000000e+00 0.000000000e+00 -5.738495232e-07 1.000000000e+01 1.000000000e+01 5.738488411e-07 
d 1.820000000e+01 1.820000000e+01 0.000000000e+00 0.000000000e+00 0.000000000e+00 -6.032187746e-07 1.000000000e+01 1.000000000e+01 6.032181173e-07 
d 1.840000000e+01 1.840000000e+01 0.000000000e+00 0.000000000e+00 0.000000000e+00 -6.333386382e-07 1.000000000e+01 1.000000000e+01 6.333380036e-07 
d 1.860000000e+01 1.860000000e+01 0.000000000e+00 0.000000000e+00 0.000000000e+00 -6.642064286e-07 1.000000000e+01 1.000000000e+01 6.642058150e-07 
d 1.880000000e+01 1.880000000e+01 0.000000000e+00 0.000000000e+00 0.000000000e+00 -6.958189514e-07 1.000000000e+01 1.000000000e+01 6.958183571e-07 
d 1.900000000e+01 1.900000000e+01 0.000000000e+00 0.000000000e+00 0.000000000e+00 -7.281723494e-07 1.000000000e+01 1.000000000e+01 7.281717730e-07 
d 1.920000000e+01 1.920000000e+01 0.000000000e+00 0.000000000e+00 0.000000000e+00 -7.612619271e-07 1.000000000e+01 1.000000000e+01 7.612613673e-07 
d 1.940000000e+01 1.940000000e+01 0.000000000e+00 0.000000000e+00 0.000000000e+00 -7.950819507e-07 1.000000000e+01 1.000000000e+01 7.950814064e-07 
d 1.960000000e+01 1.960000000e+01 0.000000000e+00 0.000000000e+00 0.000000000e+00 -8.296254232e-07 1.000000000e+01 1.000000000e+01 8.296248935e-07 
d 1.980000000e+01 1.980000000e+01 0.000000000e+00 0.000000000e+00 0.000000000e+00 -8.648838347e-07 1.000000000e+01 1.000000000e+01 8.648833187e-07 
d 2.000000000e+01 2.000000000e+01 0.000000000e+00 0.000000000e+00 0.000000000e+00 -9.008468922e-07 1.000000000e+01 1.000000000e+01 9.008463892e-07 
